[2.054s] DEBUG:colcon:Command line arguments: ['/usr/bin/colcon', 'build']
[2.054s] DEBUG:colcon:Parsed command line arguments: Namespace(log_base=None, log_level=None, verb_name='build', build_base='build', install_base='install', merge_install=False, symlink_install=False, test_result_base=None, continue_on_error=False, executor='parallel', parallel_workers=8, event_handlers=None, ignore_user_meta=False, metas=['./colcon.meta'], base_paths=['.'], packages_ignore=None, packages_ignore_regex=None, paths=None, packages_up_to=None, packages_up_to_regex=None, packages_above=None, packages_above_and_dependencies=None, packages_above_depth=None, packages_select_by_dep=None, packages_skip_by_dep=None, packages_skip_up_to=None, packages_select_build_failed=False, packages_skip_build_finished=False, packages_select_test_failures=False, packages_skip_test_passed=False, packages_select=None, packages_skip=None, packages_select_regex=None, packages_skip_regex=None, packages_start=None, packages_end=None, allow_overriding=[], cmake_args=None, cmake_target=None, cmake_target_skip_unavailable=False, cmake_clean_cache=False, cmake_clean_first=False, cmake_force_configure=False, ament_cmake_args=None, catkin_cmake_args=None, catkin_skip_building_tests=False, verb_parser=<colcon_defaults.argument_parser.defaults.DefaultArgumentsDecorator object at 0x7d9aae14cbb0>, verb_extension=<colcon_core.verb.build.BuildVerb object at 0x7d9aae251750>, main=<bound method BuildVerb.main of <colcon_core.verb.build.BuildVerb object at 0x7d9aae251750>>)
[2.724s] Level 1:colcon.colcon_core.package_discovery:discover_packages(colcon_meta) check parameters
[2.724s] Level 1:colcon.colcon_core.package_discovery:discover_packages(recursive) check parameters
[2.724s] Level 1:colcon.colcon_core.package_discovery:discover_packages(ignore) check parameters
[2.724s] Level 1:colcon.colcon_core.package_discovery:discover_packages(path) check parameters
[2.724s] Level 1:colcon.colcon_core.package_discovery:discover_packages(colcon_meta) discover
[2.724s] Level 1:colcon.colcon_core.package_discovery:discover_packages(recursive) discover
[2.724s] INFO:colcon.colcon_core.package_discovery:Crawling recursively for packages in '/home/einstein/Desktop/ros2_control_Slambot'
[2.725s] Level 1:colcon.colcon_core.package_identification:_identify(.) by extensions ['ignore', 'ignore_ament_install']
[2.725s] Level 1:colcon.colcon_core.package_identification:_identify(.) by extension 'ignore'
[2.725s] Level 1:colcon.colcon_core.package_identification:_identify(.) by extension 'ignore_ament_install'
[2.725s] Level 1:colcon.colcon_core.package_identification:_identify(.) by extensions ['colcon_pkg']
[2.725s] Level 1:colcon.colcon_core.package_identification:_identify(.) by extension 'colcon_pkg'
[2.725s] Level 1:colcon.colcon_core.package_identification:_identify(.) by extensions ['colcon_meta']
[2.725s] Level 1:colcon.colcon_core.package_identification:_identify(.) by extension 'colcon_meta'
[2.725s] Level 1:colcon.colcon_core.package_identification:_identify(.) by extensions ['ros']
[2.725s] Level 1:colcon.colcon_core.package_identification:_identify(.) by extension 'ros'
[2.765s] Level 1:colcon.colcon_core.package_identification:_identify(.) by extensions ['cmake', 'python']
[2.765s] Level 1:colcon.colcon_core.package_identification:_identify(.) by extension 'cmake'
[2.765s] Level 1:colcon.colcon_core.package_identification:_identify(.) by extension 'python'
[2.765s] Level 1:colcon.colcon_core.package_identification:_identify(.) by extensions ['python_setup_py']
[2.765s] Level 1:colcon.colcon_core.package_identification:_identify(.) by extension 'python_setup_py'
[2.765s] Level 1:colcon.colcon_core.package_identification:_identify(build) by extensions ['ignore', 'ignore_ament_install']
[2.765s] Level 1:colcon.colcon_core.package_identification:_identify(build) by extension 'ignore'
[2.765s] Level 1:colcon.colcon_core.package_identification:_identify(build) ignored
[2.765s] Level 1:colcon.colcon_core.package_identification:_identify(install) by extensions ['ignore', 'ignore_ament_install']
[2.765s] Level 1:colcon.colcon_core.package_identification:_identify(install) by extension 'ignore'
[2.765s] Level 1:colcon.colcon_core.package_identification:_identify(install) ignored
[2.765s] Level 1:colcon.colcon_core.package_identification:_identify(log) by extensions ['ignore', 'ignore_ament_install']
[2.765s] Level 1:colcon.colcon_core.package_identification:_identify(log) by extension 'ignore'
[2.765s] Level 1:colcon.colcon_core.package_identification:_identify(log) ignored
[2.765s] Level 1:colcon.colcon_core.package_identification:_identify(src) by extensions ['ignore', 'ignore_ament_install']
[2.765s] Level 1:colcon.colcon_core.package_identification:_identify(src) by extension 'ignore'
[2.765s] Level 1:colcon.colcon_core.package_identification:_identify(src) by extension 'ignore_ament_install'
[2.765s] Level 1:colcon.colcon_core.package_identification:_identify(src) by extensions ['colcon_pkg']
[2.765s] Level 1:colcon.colcon_core.package_identification:_identify(src) by extension 'colcon_pkg'
[2.765s] Level 1:colcon.colcon_core.package_identification:_identify(src) by extensions ['colcon_meta']
[2.765s] Level 1:colcon.colcon_core.package_identification:_identify(src) by extension 'colcon_meta'
[2.765s] Level 1:colcon.colcon_core.package_identification:_identify(src) by extensions ['ros']
[2.765s] Level 1:colcon.colcon_core.package_identification:_identify(src) by extension 'ros'
[2.766s] Level 1:colcon.colcon_core.package_identification:_identify(src) by extensions ['cmake', 'python']
[2.766s] Level 1:colcon.colcon_core.package_identification:_identify(src) by extension 'cmake'
[2.766s] Level 1:colcon.colcon_core.package_identification:_identify(src) by extension 'python'
[2.766s] Level 1:colcon.colcon_core.package_identification:_identify(src) by extensions ['python_setup_py']
[2.766s] Level 1:colcon.colcon_core.package_identification:_identify(src) by extension 'python_setup_py'
[2.766s] Level 1:colcon.colcon_core.package_identification:_identify(src/ros2_ctrl_pkg) by extensions ['ignore', 'ignore_ament_install']
[2.766s] Level 1:colcon.colcon_core.package_identification:_identify(src/ros2_ctrl_pkg) by extension 'ignore'
[2.766s] Level 1:colcon.colcon_core.package_identification:_identify(src/ros2_ctrl_pkg) by extension 'ignore_ament_install'
[2.766s] Level 1:colcon.colcon_core.package_identification:_identify(src/ros2_ctrl_pkg) by extensions ['colcon_pkg']
[2.766s] Level 1:colcon.colcon_core.package_identification:_identify(src/ros2_ctrl_pkg) by extension 'colcon_pkg'
[2.766s] Level 1:colcon.colcon_core.package_identification:_identify(src/ros2_ctrl_pkg) by extensions ['colcon_meta']
[2.766s] Level 1:colcon.colcon_core.package_identification:_identify(src/ros2_ctrl_pkg) by extension 'colcon_meta'
[2.766s] Level 1:colcon.colcon_core.package_identification:_identify(src/ros2_ctrl_pkg) by extensions ['ros']
[2.766s] Level 1:colcon.colcon_core.package_identification:_identify(src/ros2_ctrl_pkg) by extension 'ros'
[2.785s] DEBUG:colcon.colcon_core.package_identification:Package 'src/ros2_ctrl_pkg' with type 'ros.ament_cmake' and name 'ros2_ctrl_pkg'
[2.785s] Level 1:colcon.colcon_core.package_identification:_identify(src/slambot_bringup) by extensions ['ignore', 'ignore_ament_install']
[2.785s] Level 1:colcon.colcon_core.package_identification:_identify(src/slambot_bringup) by extension 'ignore'
[2.785s] Level 1:colcon.colcon_core.package_identification:_identify(src/slambot_bringup) by extension 'ignore_ament_install'
[2.785s] Level 1:colcon.colcon_core.package_identification:_identify(src/slambot_bringup) by extensions ['colcon_pkg']
[2.785s] Level 1:colcon.colcon_core.package_identification:_identify(src/slambot_bringup) by extension 'colcon_pkg'
[2.785s] Level 1:colcon.colcon_core.package_identification:_identify(src/slambot_bringup) by extensions ['colcon_meta']
[2.785s] Level 1:colcon.colcon_core.package_identification:_identify(src/slambot_bringup) by extension 'colcon_meta'
[2.785s] Level 1:colcon.colcon_core.package_identification:_identify(src/slambot_bringup) by extensions ['ros']
[2.785s] Level 1:colcon.colcon_core.package_identification:_identify(src/slambot_bringup) by extension 'ros'
[2.796s] DEBUG:colcon.colcon_core.package_identification:Package 'src/slambot_bringup' with type 'ros.ament_cmake' and name 'slambot_bringup'
[2.796s] Level 1:colcon.colcon_core.package_identification:_identify(src/slambot_controller) by extensions ['ignore', 'ignore_ament_install']
[2.796s] Level 1:colcon.colcon_core.package_identification:_identify(src/slambot_controller) by extension 'ignore'
[2.796s] Level 1:colcon.colcon_core.package_identification:_identify(src/slambot_controller) by extension 'ignore_ament_install'
[2.797s] Level 1:colcon.colcon_core.package_identification:_identify(src/slambot_controller) by extensions ['colcon_pkg']
[2.797s] Level 1:colcon.colcon_core.package_identification:_identify(src/slambot_controller) by extension 'colcon_pkg'
[2.797s] Level 1:colcon.colcon_core.package_identification:_identify(src/slambot_controller) by extensions ['colcon_meta']
[2.797s] Level 1:colcon.colcon_core.package_identification:_identify(src/slambot_controller) by extension 'colcon_meta'
[2.797s] Level 1:colcon.colcon_core.package_identification:_identify(src/slambot_controller) by extensions ['ros']
[2.797s] Level 1:colcon.colcon_core.package_identification:_identify(src/slambot_controller) by extension 'ros'
[2.809s] DEBUG:colcon.colcon_core.package_identification:Package 'src/slambot_controller' with type 'ros.ament_cmake' and name 'slambot_controller'
[2.809s] Level 1:colcon.colcon_core.package_identification:_identify(src/slambot_description) by extensions ['ignore', 'ignore_ament_install']
[2.809s] Level 1:colcon.colcon_core.package_identification:_identify(src/slambot_description) by extension 'ignore'
[2.809s] Level 1:colcon.colcon_core.package_identification:_identify(src/slambot_description) by extension 'ignore_ament_install'
[2.809s] Level 1:colcon.colcon_core.package_identification:_identify(src/slambot_description) by extensions ['colcon_pkg']
[2.809s] Level 1:colcon.colcon_core.package_identification:_identify(src/slambot_description) by extension 'colcon_pkg'
[2.809s] Level 1:colcon.colcon_core.package_identification:_identify(src/slambot_description) by extensions ['colcon_meta']
[2.809s] Level 1:colcon.colcon_core.package_identification:_identify(src/slambot_description) by extension 'colcon_meta'
[2.809s] Level 1:colcon.colcon_core.package_identification:_identify(src/slambot_description) by extensions ['ros']
[2.809s] Level 1:colcon.colcon_core.package_identification:_identify(src/slambot_description) by extension 'ros'
[2.820s] DEBUG:colcon.colcon_core.package_identification:Package 'src/slambot_description' with type 'ros.ament_cmake' and name 'slambot_description'
[2.820s] Level 1:colcon.colcon_core.package_identification:_identify(src/slambot_firmware) by extensions ['ignore', 'ignore_ament_install']
[2.820s] Level 1:colcon.colcon_core.package_identification:_identify(src/slambot_firmware) by extension 'ignore'
[2.820s] Level 1:colcon.colcon_core.package_identification:_identify(src/slambot_firmware) by extension 'ignore_ament_install'
[2.820s] Level 1:colcon.colcon_core.package_identification:_identify(src/slambot_firmware) by extensions ['colcon_pkg']
[2.820s] Level 1:colcon.colcon_core.package_identification:_identify(src/slambot_firmware) by extension 'colcon_pkg'
[2.821s] Level 1:colcon.colcon_core.package_identification:_identify(src/slambot_firmware) by extensions ['colcon_meta']
[2.821s] Level 1:colcon.colcon_core.package_identification:_identify(src/slambot_firmware) by extension 'colcon_meta'
[2.821s] Level 1:colcon.colcon_core.package_identification:_identify(src/slambot_firmware) by extensions ['ros']
[2.821s] Level 1:colcon.colcon_core.package_identification:_identify(src/slambot_firmware) by extension 'ros'
[2.832s] DEBUG:colcon.colcon_core.package_identification:Package 'src/slambot_firmware' with type 'ros.ament_cmake' and name 'slambot_firmware'
[2.832s] Level 1:colcon.colcon_core.package_discovery:discover_packages(recursive) using defaults
[2.832s] Level 1:colcon.colcon_core.package_discovery:discover_packages(ignore) discover
[2.832s] Level 1:colcon.colcon_core.package_discovery:discover_packages(ignore) using defaults
[2.832s] Level 1:colcon.colcon_core.package_discovery:discover_packages(path) discover
[2.832s] Level 1:colcon.colcon_core.package_discovery:discover_packages(path) using defaults
[3.000s] Level 1:colcon.colcon_core.package_discovery:discover_packages(prefix_path) check parameters
[3.000s] Level 1:colcon.colcon_core.package_discovery:discover_packages(prefix_path) discover
[3.015s] DEBUG:colcon.colcon_installed_package_information.package_discovery:Found 425 installed packages in /opt/ros/humble
[3.025s] Level 1:colcon.colcon_core.package_discovery:discover_packages(prefix_path) using defaults
[3.065s] Level 5:colcon.colcon_core.verb:set package 'ros2_ctrl_pkg' build argument 'cmake_args' from command line to 'None'
[3.065s] Level 5:colcon.colcon_core.verb:set package 'ros2_ctrl_pkg' build argument 'cmake_target' from command line to 'None'
[3.065s] Level 5:colcon.colcon_core.verb:set package 'ros2_ctrl_pkg' build argument 'cmake_target_skip_unavailable' from command line to 'False'
[3.065s] Level 5:colcon.colcon_core.verb:set package 'ros2_ctrl_pkg' build argument 'cmake_clean_cache' from command line to 'False'
[3.066s] Level 5:colcon.colcon_core.verb:set package 'ros2_ctrl_pkg' build argument 'cmake_clean_first' from command line to 'False'
[3.066s] Level 5:colcon.colcon_core.verb:set package 'ros2_ctrl_pkg' build argument 'cmake_force_configure' from command line to 'False'
[3.066s] Level 5:colcon.colcon_core.verb:set package 'ros2_ctrl_pkg' build argument 'ament_cmake_args' from command line to 'None'
[3.066s] Level 5:colcon.colcon_core.verb:set package 'ros2_ctrl_pkg' build argument 'catkin_cmake_args' from command line to 'None'
[3.066s] Level 5:colcon.colcon_core.verb:set package 'ros2_ctrl_pkg' build argument 'catkin_skip_building_tests' from command line to 'False'
[3.066s] DEBUG:colcon.colcon_core.verb:Building package 'ros2_ctrl_pkg' with the following arguments: {'ament_cmake_args': None, 'build_base': '/home/einstein/Desktop/ros2_control_Slambot/build/ros2_ctrl_pkg', 'catkin_cmake_args': None, 'catkin_skip_building_tests': False, 'cmake_args': None, 'cmake_clean_cache': False, 'cmake_clean_first': False, 'cmake_force_configure': False, 'cmake_target': None, 'cmake_target_skip_unavailable': False, 'install_base': '/home/einstein/Desktop/ros2_control_Slambot/install/ros2_ctrl_pkg', 'merge_install': False, 'path': '/home/einstein/Desktop/ros2_control_Slambot/src/ros2_ctrl_pkg', 'symlink_install': False, 'test_result_base': None}
[3.066s] Level 5:colcon.colcon_core.verb:set package 'slambot_bringup' build argument 'cmake_args' from command line to 'None'
[3.066s] Level 5:colcon.colcon_core.verb:set package 'slambot_bringup' build argument 'cmake_target' from command line to 'None'
[3.066s] Level 5:colcon.colcon_core.verb:set package 'slambot_bringup' build argument 'cmake_target_skip_unavailable' from command line to 'False'
[3.066s] Level 5:colcon.colcon_core.verb:set package 'slambot_bringup' build argument 'cmake_clean_cache' from command line to 'False'
[3.066s] Level 5:colcon.colcon_core.verb:set package 'slambot_bringup' build argument 'cmake_clean_first' from command line to 'False'
[3.066s] Level 5:colcon.colcon_core.verb:set package 'slambot_bringup' build argument 'cmake_force_configure' from command line to 'False'
[3.066s] Level 5:colcon.colcon_core.verb:set package 'slambot_bringup' build argument 'ament_cmake_args' from command line to 'None'
[3.066s] Level 5:colcon.colcon_core.verb:set package 'slambot_bringup' build argument 'catkin_cmake_args' from command line to 'None'
[3.066s] Level 5:colcon.colcon_core.verb:set package 'slambot_bringup' build argument 'catkin_skip_building_tests' from command line to 'False'
[3.066s] DEBUG:colcon.colcon_core.verb:Building package 'slambot_bringup' with the following arguments: {'ament_cmake_args': None, 'build_base': '/home/einstein/Desktop/ros2_control_Slambot/build/slambot_bringup', 'catkin_cmake_args': None, 'catkin_skip_building_tests': False, 'cmake_args': None, 'cmake_clean_cache': False, 'cmake_clean_first': False, 'cmake_force_configure': False, 'cmake_target': None, 'cmake_target_skip_unavailable': False, 'install_base': '/home/einstein/Desktop/ros2_control_Slambot/install/slambot_bringup', 'merge_install': False, 'path': '/home/einstein/Desktop/ros2_control_Slambot/src/slambot_bringup', 'symlink_install': False, 'test_result_base': None}
[3.066s] Level 5:colcon.colcon_core.verb:set package 'slambot_controller' build argument 'cmake_args' from command line to 'None'
[3.066s] Level 5:colcon.colcon_core.verb:set package 'slambot_controller' build argument 'cmake_target' from command line to 'None'
[3.066s] Level 5:colcon.colcon_core.verb:set package 'slambot_controller' build argument 'cmake_target_skip_unavailable' from command line to 'False'
[3.066s] Level 5:colcon.colcon_core.verb:set package 'slambot_controller' build argument 'cmake_clean_cache' from command line to 'False'
[3.066s] Level 5:colcon.colcon_core.verb:set package 'slambot_controller' build argument 'cmake_clean_first' from command line to 'False'
[3.066s] Level 5:colcon.colcon_core.verb:set package 'slambot_controller' build argument 'cmake_force_configure' from command line to 'False'
[3.066s] Level 5:colcon.colcon_core.verb:set package 'slambot_controller' build argument 'ament_cmake_args' from command line to 'None'
[3.066s] Level 5:colcon.colcon_core.verb:set package 'slambot_controller' build argument 'catkin_cmake_args' from command line to 'None'
[3.066s] Level 5:colcon.colcon_core.verb:set package 'slambot_controller' build argument 'catkin_skip_building_tests' from command line to 'False'
[3.066s] DEBUG:colcon.colcon_core.verb:Building package 'slambot_controller' with the following arguments: {'ament_cmake_args': None, 'build_base': '/home/einstein/Desktop/ros2_control_Slambot/build/slambot_controller', 'catkin_cmake_args': None, 'catkin_skip_building_tests': False, 'cmake_args': None, 'cmake_clean_cache': False, 'cmake_clean_first': False, 'cmake_force_configure': False, 'cmake_target': None, 'cmake_target_skip_unavailable': False, 'install_base': '/home/einstein/Desktop/ros2_control_Slambot/install/slambot_controller', 'merge_install': False, 'path': '/home/einstein/Desktop/ros2_control_Slambot/src/slambot_controller', 'symlink_install': False, 'test_result_base': None}
[3.067s] Level 5:colcon.colcon_core.verb:set package 'slambot_description' build argument 'cmake_args' from command line to 'None'
[3.067s] Level 5:colcon.colcon_core.verb:set package 'slambot_description' build argument 'cmake_target' from command line to 'None'
[3.067s] Level 5:colcon.colcon_core.verb:set package 'slambot_description' build argument 'cmake_target_skip_unavailable' from command line to 'False'
[3.067s] Level 5:colcon.colcon_core.verb:set package 'slambot_description' build argument 'cmake_clean_cache' from command line to 'False'
[3.067s] Level 5:colcon.colcon_core.verb:set package 'slambot_description' build argument 'cmake_clean_first' from command line to 'False'
[3.067s] Level 5:colcon.colcon_core.verb:set package 'slambot_description' build argument 'cmake_force_configure' from command line to 'False'
[3.067s] Level 5:colcon.colcon_core.verb:set package 'slambot_description' build argument 'ament_cmake_args' from command line to 'None'
[3.067s] Level 5:colcon.colcon_core.verb:set package 'slambot_description' build argument 'catkin_cmake_args' from command line to 'None'
[3.067s] Level 5:colcon.colcon_core.verb:set package 'slambot_description' build argument 'catkin_skip_building_tests' from command line to 'False'
[3.067s] DEBUG:colcon.colcon_core.verb:Building package 'slambot_description' with the following arguments: {'ament_cmake_args': None, 'build_base': '/home/einstein/Desktop/ros2_control_Slambot/build/slambot_description', 'catkin_cmake_args': None, 'catkin_skip_building_tests': False, 'cmake_args': None, 'cmake_clean_cache': False, 'cmake_clean_first': False, 'cmake_force_configure': False, 'cmake_target': None, 'cmake_target_skip_unavailable': False, 'install_base': '/home/einstein/Desktop/ros2_control_Slambot/install/slambot_description', 'merge_install': False, 'path': '/home/einstein/Desktop/ros2_control_Slambot/src/slambot_description', 'symlink_install': False, 'test_result_base': None}
[3.067s] Level 5:colcon.colcon_core.verb:set package 'slambot_firmware' build argument 'cmake_args' from command line to 'None'
[3.067s] Level 5:colcon.colcon_core.verb:set package 'slambot_firmware' build argument 'cmake_target' from command line to 'None'
[3.067s] Level 5:colcon.colcon_core.verb:set package 'slambot_firmware' build argument 'cmake_target_skip_unavailable' from command line to 'False'
[3.067s] Level 5:colcon.colcon_core.verb:set package 'slambot_firmware' build argument 'cmake_clean_cache' from command line to 'False'
[3.067s] Level 5:colcon.colcon_core.verb:set package 'slambot_firmware' build argument 'cmake_clean_first' from command line to 'False'
[3.067s] Level 5:colcon.colcon_core.verb:set package 'slambot_firmware' build argument 'cmake_force_configure' from command line to 'False'
[3.067s] Level 5:colcon.colcon_core.verb:set package 'slambot_firmware' build argument 'ament_cmake_args' from command line to 'None'
[3.067s] Level 5:colcon.colcon_core.verb:set package 'slambot_firmware' build argument 'catkin_cmake_args' from command line to 'None'
[3.067s] Level 5:colcon.colcon_core.verb:set package 'slambot_firmware' build argument 'catkin_skip_building_tests' from command line to 'False'
[3.067s] DEBUG:colcon.colcon_core.verb:Building package 'slambot_firmware' with the following arguments: {'ament_cmake_args': None, 'build_base': '/home/einstein/Desktop/ros2_control_Slambot/build/slambot_firmware', 'catkin_cmake_args': None, 'catkin_skip_building_tests': False, 'cmake_args': None, 'cmake_clean_cache': False, 'cmake_clean_first': False, 'cmake_force_configure': False, 'cmake_target': None, 'cmake_target_skip_unavailable': False, 'install_base': '/home/einstein/Desktop/ros2_control_Slambot/install/slambot_firmware', 'merge_install': False, 'path': '/home/einstein/Desktop/ros2_control_Slambot/src/slambot_firmware', 'symlink_install': False, 'test_result_base': None}
[3.067s] INFO:colcon.colcon_core.executor:Executing jobs using 'parallel' executor
[3.068s] DEBUG:colcon.colcon_parallel_executor.executor.parallel:run_until_complete
[3.068s] INFO:colcon.colcon_ros.task.ament_cmake.build:Building ROS package in '/home/einstein/Desktop/ros2_control_Slambot/src/ros2_ctrl_pkg' with build type 'ament_cmake'
[3.068s] INFO:colcon.colcon_cmake.task.cmake.build:Building CMake package in '/home/einstein/Desktop/ros2_control_Slambot/src/ros2_ctrl_pkg'
[3.081s] INFO:colcon.colcon_core.plugin_system:Skipping extension 'colcon_core.shell.bat': Not used on non-Windows systems
[3.081s] INFO:colcon.colcon_core.shell:Skip shell extension 'powershell' for command environment: Not usable outside of PowerShell
[3.081s] DEBUG:colcon.colcon_core.shell:Skip shell extension 'dsv' for command environment
[3.084s] INFO:colcon.colcon_ros.task.ament_cmake.build:Building ROS package in '/home/einstein/Desktop/ros2_control_Slambot/src/slambot_bringup' with build type 'ament_cmake'
[3.084s] INFO:colcon.colcon_cmake.task.cmake.build:Building CMake package in '/home/einstein/Desktop/ros2_control_Slambot/src/slambot_bringup'
[3.084s] INFO:colcon.colcon_core.shell:Skip shell extension 'powershell' for command environment: Not usable outside of PowerShell
[3.085s] DEBUG:colcon.colcon_core.shell:Skip shell extension 'dsv' for command environment
[3.087s] INFO:colcon.colcon_ros.task.ament_cmake.build:Building ROS package in '/home/einstein/Desktop/ros2_control_Slambot/src/slambot_controller' with build type 'ament_cmake'
[3.087s] INFO:colcon.colcon_cmake.task.cmake.build:Building CMake package in '/home/einstein/Desktop/ros2_control_Slambot/src/slambot_controller'
[3.087s] INFO:colcon.colcon_core.shell:Skip shell extension 'powershell' for command environment: Not usable outside of PowerShell
[3.087s] DEBUG:colcon.colcon_core.shell:Skip shell extension 'dsv' for command environment
[3.089s] INFO:colcon.colcon_ros.task.ament_cmake.build:Building ROS package in '/home/einstein/Desktop/ros2_control_Slambot/src/slambot_description' with build type 'ament_cmake'
[3.089s] INFO:colcon.colcon_cmake.task.cmake.build:Building CMake package in '/home/einstein/Desktop/ros2_control_Slambot/src/slambot_description'
[3.089s] INFO:colcon.colcon_core.shell:Skip shell extension 'powershell' for command environment: Not usable outside of PowerShell
[3.089s] DEBUG:colcon.colcon_core.shell:Skip shell extension 'dsv' for command environment
[3.092s] INFO:colcon.colcon_ros.task.ament_cmake.build:Building ROS package in '/home/einstein/Desktop/ros2_control_Slambot/src/slambot_firmware' with build type 'ament_cmake'
[3.092s] INFO:colcon.colcon_cmake.task.cmake.build:Building CMake package in '/home/einstein/Desktop/ros2_control_Slambot/src/slambot_firmware'
[3.093s] INFO:colcon.colcon_core.shell:Skip shell extension 'powershell' for command environment: Not usable outside of PowerShell
[3.093s] DEBUG:colcon.colcon_core.shell:Skip shell extension 'dsv' for command environment
[3.097s] DEBUG:colcon.colcon_core.event_handler.log_command:Invoking command in '/home/einstein/Desktop/ros2_control_Slambot/build/ros2_ctrl_pkg': CMAKE_PREFIX_PATH=/opt/ros/humble /usr/bin/cmake /home/einstein/Desktop/ros2_control_Slambot/src/ros2_ctrl_pkg -DCMAKE_INSTALL_PREFIX=/home/einstein/Desktop/ros2_control_Slambot/install/ros2_ctrl_pkg
[3.103s] DEBUG:colcon.colcon_core.event_handler.log_command:Invoking command in '/home/einstein/Desktop/ros2_control_Slambot/build/slambot_bringup': CMAKE_PREFIX_PATH=/opt/ros/humble /usr/bin/cmake /home/einstein/Desktop/ros2_control_Slambot/src/slambot_bringup -DCMAKE_INSTALL_PREFIX=/home/einstein/Desktop/ros2_control_Slambot/install/slambot_bringup
[3.105s] DEBUG:colcon.colcon_core.event_handler.log_command:Invoking command in '/home/einstein/Desktop/ros2_control_Slambot/build/slambot_controller': CMAKE_PREFIX_PATH=/opt/ros/humble /usr/bin/cmake /home/einstein/Desktop/ros2_control_Slambot/src/slambot_controller -DCMAKE_INSTALL_PREFIX=/home/einstein/Desktop/ros2_control_Slambot/install/slambot_controller
[3.107s] DEBUG:colcon.colcon_core.event_handler.log_command:Invoking command in '/home/einstein/Desktop/ros2_control_Slambot/build/slambot_description': CMAKE_PREFIX_PATH=/opt/ros/humble /usr/bin/cmake /home/einstein/Desktop/ros2_control_Slambot/src/slambot_description -DCMAKE_INSTALL_PREFIX=/home/einstein/Desktop/ros2_control_Slambot/install/slambot_description
[3.111s] DEBUG:colcon.colcon_core.event_handler.log_command:Invoking command in '/home/einstein/Desktop/ros2_control_Slambot/build/slambot_firmware': CMAKE_PREFIX_PATH=/opt/ros/humble /usr/bin/cmake /home/einstein/Desktop/ros2_control_Slambot/src/slambot_firmware -DCMAKE_INSTALL_PREFIX=/home/einstein/Desktop/ros2_control_Slambot/install/slambot_firmware
[8.978s] DEBUG:colcon.colcon_core.event_handler.log_command:Invoked command in '/home/einstein/Desktop/ros2_control_Slambot/build/slambot_bringup' returned '0': CMAKE_PREFIX_PATH=/opt/ros/humble /usr/bin/cmake /home/einstein/Desktop/ros2_control_Slambot/src/slambot_bringup -DCMAKE_INSTALL_PREFIX=/home/einstein/Desktop/ros2_control_Slambot/install/slambot_bringup
[8.979s] DEBUG:colcon.colcon_core.event_handler.log_command:Invoking command in '/home/einstein/Desktop/ros2_control_Slambot/build/slambot_bringup': CMAKE_PREFIX_PATH=/opt/ros/humble /usr/bin/cmake --build /home/einstein/Desktop/ros2_control_Slambot/build/slambot_bringup -- -j8 -l8
[8.979s] DEBUG:colcon.colcon_core.event_handler.log_command:Invoked command in '/home/einstein/Desktop/ros2_control_Slambot/build/ros2_ctrl_pkg' returned '0': CMAKE_PREFIX_PATH=/opt/ros/humble /usr/bin/cmake /home/einstein/Desktop/ros2_control_Slambot/src/ros2_ctrl_pkg -DCMAKE_INSTALL_PREFIX=/home/einstein/Desktop/ros2_control_Slambot/install/ros2_ctrl_pkg
[8.980s] DEBUG:colcon.colcon_core.event_handler.log_command:Invoking command in '/home/einstein/Desktop/ros2_control_Slambot/build/ros2_ctrl_pkg': CMAKE_PREFIX_PATH=/opt/ros/humble /usr/bin/cmake --build /home/einstein/Desktop/ros2_control_Slambot/build/ros2_ctrl_pkg -- -j8 -l8
[9.003s] DEBUG:colcon.colcon_core.event_handler.log_command:Invoked command in '/home/einstein/Desktop/ros2_control_Slambot/build/slambot_bringup' returned '0': CMAKE_PREFIX_PATH=/opt/ros/humble /usr/bin/cmake --build /home/einstein/Desktop/ros2_control_Slambot/build/slambot_bringup -- -j8 -l8
[9.005s] DEBUG:colcon.colcon_core.event_handler.log_command:Invoked command in '/home/einstein/Desktop/ros2_control_Slambot/build/ros2_ctrl_pkg' returned '0': CMAKE_PREFIX_PATH=/opt/ros/humble /usr/bin/cmake --build /home/einstein/Desktop/ros2_control_Slambot/build/ros2_ctrl_pkg -- -j8 -l8
[9.024s] DEBUG:colcon.colcon_core.event_handler.log_command:Invoking command in '/home/einstein/Desktop/ros2_control_Slambot/build/slambot_bringup': CMAKE_PREFIX_PATH=/opt/ros/humble /usr/bin/cmake --install /home/einstein/Desktop/ros2_control_Slambot/build/slambot_bringup
[9.026s] DEBUG:colcon.colcon_core.event_handler.log_command:Invoking command in '/home/einstein/Desktop/ros2_control_Slambot/build/ros2_ctrl_pkg': CMAKE_PREFIX_PATH=/opt/ros/humble /usr/bin/cmake --install /home/einstein/Desktop/ros2_control_Slambot/build/ros2_ctrl_pkg
[9.032s] Level 1:colcon.colcon_core.environment:create_environment_scripts_only(ros2_ctrl_pkg)
[9.033s] DEBUG:colcon.colcon_core.event_handler.log_command:Invoked command in '/home/einstein/Desktop/ros2_control_Slambot/build/ros2_ctrl_pkg' returned '0': CMAKE_PREFIX_PATH=/opt/ros/humble /usr/bin/cmake --install /home/einstein/Desktop/ros2_control_Slambot/build/ros2_ctrl_pkg
[9.160s] Level 1:colcon.colcon_core.environment:checking '/home/einstein/Desktop/ros2_control_Slambot/install/ros2_ctrl_pkg' for CMake module files
[9.160s] Level 1:colcon.colcon_core.environment:checking '/home/einstein/Desktop/ros2_control_Slambot/install/ros2_ctrl_pkg' for CMake config files
[9.160s] Level 1:colcon.colcon_core.shell:create_environment_hook('ros2_ctrl_pkg', 'cmake_prefix_path')
[9.161s] INFO:colcon.colcon_core.shell:Creating environment hook '/home/einstein/Desktop/ros2_control_Slambot/install/ros2_ctrl_pkg/share/ros2_ctrl_pkg/hook/cmake_prefix_path.ps1'
[9.174s] INFO:colcon.colcon_core.shell:Creating environment descriptor '/home/einstein/Desktop/ros2_control_Slambot/install/ros2_ctrl_pkg/share/ros2_ctrl_pkg/hook/cmake_prefix_path.dsv'
[9.189s] INFO:colcon.colcon_core.shell:Creating environment hook '/home/einstein/Desktop/ros2_control_Slambot/install/ros2_ctrl_pkg/share/ros2_ctrl_pkg/hook/cmake_prefix_path.sh'
[9.206s] Level 1:colcon.colcon_core.environment:checking '/home/einstein/Desktop/ros2_control_Slambot/install/ros2_ctrl_pkg/bin'
[9.206s] Level 1:colcon.colcon_core.environment:checking '/home/einstein/Desktop/ros2_control_Slambot/install/ros2_ctrl_pkg/lib/pkgconfig/ros2_ctrl_pkg.pc'
[9.206s] Level 1:colcon.colcon_core.environment:checking '/home/einstein/Desktop/ros2_control_Slambot/install/ros2_ctrl_pkg/lib/python3.10/site-packages'
[9.207s] Level 1:colcon.colcon_core.environment:checking '/home/einstein/Desktop/ros2_control_Slambot/install/ros2_ctrl_pkg/bin'
[9.207s] INFO:colcon.colcon_core.shell:Creating package script '/home/einstein/Desktop/ros2_control_Slambot/install/ros2_ctrl_pkg/share/ros2_ctrl_pkg/package.ps1'
[9.220s] INFO:colcon.colcon_core.shell:Creating package descriptor '/home/einstein/Desktop/ros2_control_Slambot/install/ros2_ctrl_pkg/share/ros2_ctrl_pkg/package.dsv'
[9.259s] INFO:colcon.colcon_core.shell:Creating package script '/home/einstein/Desktop/ros2_control_Slambot/install/ros2_ctrl_pkg/share/ros2_ctrl_pkg/package.sh'
[9.265s] INFO:colcon.colcon_core.shell:Creating package script '/home/einstein/Desktop/ros2_control_Slambot/install/ros2_ctrl_pkg/share/ros2_ctrl_pkg/package.bash'
[9.270s] INFO:colcon.colcon_core.shell:Creating package script '/home/einstein/Desktop/ros2_control_Slambot/install/ros2_ctrl_pkg/share/ros2_ctrl_pkg/package.zsh'
[9.273s] Level 1:colcon.colcon_core.environment:create_file_with_runtime_dependencies(/home/einstein/Desktop/ros2_control_Slambot/install/ros2_ctrl_pkg/share/colcon-core/packages/ros2_ctrl_pkg)
[9.275s] Level 1:colcon.colcon_core.environment:create_environment_scripts_only(slambot_bringup)
[9.275s] Level 1:colcon.colcon_core.environment:checking '/home/einstein/Desktop/ros2_control_Slambot/install/slambot_bringup' for CMake module files
[9.275s] DEBUG:colcon.colcon_core.event_handler.log_command:Invoked command in '/home/einstein/Desktop/ros2_control_Slambot/build/slambot_bringup' returned '0': CMAKE_PREFIX_PATH=/opt/ros/humble /usr/bin/cmake --install /home/einstein/Desktop/ros2_control_Slambot/build/slambot_bringup
[9.276s] Level 1:colcon.colcon_core.environment:checking '/home/einstein/Desktop/ros2_control_Slambot/install/slambot_bringup' for CMake config files
[9.276s] Level 1:colcon.colcon_core.shell:create_environment_hook('slambot_bringup', 'cmake_prefix_path')
[9.276s] INFO:colcon.colcon_core.shell:Creating environment hook '/home/einstein/Desktop/ros2_control_Slambot/install/slambot_bringup/share/slambot_bringup/hook/cmake_prefix_path.ps1'
[9.276s] INFO:colcon.colcon_core.shell:Creating environment descriptor '/home/einstein/Desktop/ros2_control_Slambot/install/slambot_bringup/share/slambot_bringup/hook/cmake_prefix_path.dsv'
[9.277s] INFO:colcon.colcon_core.shell:Creating environment hook '/home/einstein/Desktop/ros2_control_Slambot/install/slambot_bringup/share/slambot_bringup/hook/cmake_prefix_path.sh'
[9.277s] Level 1:colcon.colcon_core.environment:checking '/home/einstein/Desktop/ros2_control_Slambot/install/slambot_bringup/bin'
[9.277s] Level 1:colcon.colcon_core.environment:checking '/home/einstein/Desktop/ros2_control_Slambot/install/slambot_bringup/lib/pkgconfig/slambot_bringup.pc'
[9.277s] Level 1:colcon.colcon_core.environment:checking '/home/einstein/Desktop/ros2_control_Slambot/install/slambot_bringup/lib/python3.10/site-packages'
[9.277s] Level 1:colcon.colcon_core.environment:checking '/home/einstein/Desktop/ros2_control_Slambot/install/slambot_bringup/bin'
[9.277s] INFO:colcon.colcon_core.shell:Creating package script '/home/einstein/Desktop/ros2_control_Slambot/install/slambot_bringup/share/slambot_bringup/package.ps1'
[9.278s] INFO:colcon.colcon_core.shell:Creating package descriptor '/home/einstein/Desktop/ros2_control_Slambot/install/slambot_bringup/share/slambot_bringup/package.dsv'
[9.283s] INFO:colcon.colcon_core.shell:Creating package script '/home/einstein/Desktop/ros2_control_Slambot/install/slambot_bringup/share/slambot_bringup/package.sh'
[9.302s] INFO:colcon.colcon_core.shell:Creating package script '/home/einstein/Desktop/ros2_control_Slambot/install/slambot_bringup/share/slambot_bringup/package.bash'
[9.303s] INFO:colcon.colcon_core.shell:Creating package script '/home/einstein/Desktop/ros2_control_Slambot/install/slambot_bringup/share/slambot_bringup/package.zsh'
[9.303s] Level 1:colcon.colcon_core.environment:create_file_with_runtime_dependencies(/home/einstein/Desktop/ros2_control_Slambot/install/slambot_bringup/share/colcon-core/packages/slambot_bringup)
[9.304s] DEBUG:colcon.colcon_core.event_handler.log_command:Invoked command in '/home/einstein/Desktop/ros2_control_Slambot/build/slambot_description' returned '0': CMAKE_PREFIX_PATH=/opt/ros/humble /usr/bin/cmake /home/einstein/Desktop/ros2_control_Slambot/src/slambot_description -DCMAKE_INSTALL_PREFIX=/home/einstein/Desktop/ros2_control_Slambot/install/slambot_description
[9.305s] DEBUG:colcon.colcon_core.event_handler.log_command:Invoking command in '/home/einstein/Desktop/ros2_control_Slambot/build/slambot_description': CMAKE_PREFIX_PATH=/opt/ros/humble /usr/bin/cmake --build /home/einstein/Desktop/ros2_control_Slambot/build/slambot_description -- -j8 -l8
[9.306s] Level 1:colcon.colcon_core.environment:create_environment_scripts_only(ros2_ctrl_pkg)
[9.307s] Level 1:colcon.colcon_core.environment:checking '/home/einstein/Desktop/ros2_control_Slambot/install/ros2_ctrl_pkg' for CMake module files
[9.307s] Level 1:colcon.colcon_core.environment:checking '/home/einstein/Desktop/ros2_control_Slambot/install/ros2_ctrl_pkg' for CMake config files
[9.307s] Level 1:colcon.colcon_core.shell:create_environment_hook('ros2_ctrl_pkg', 'cmake_prefix_path')
[9.307s] INFO:colcon.colcon_core.shell:Creating environment hook '/home/einstein/Desktop/ros2_control_Slambot/install/ros2_ctrl_pkg/share/ros2_ctrl_pkg/hook/cmake_prefix_path.ps1'
[9.310s] INFO:colcon.colcon_core.shell:Creating environment descriptor '/home/einstein/Desktop/ros2_control_Slambot/install/ros2_ctrl_pkg/share/ros2_ctrl_pkg/hook/cmake_prefix_path.dsv'
[9.311s] INFO:colcon.colcon_core.shell:Creating environment hook '/home/einstein/Desktop/ros2_control_Slambot/install/ros2_ctrl_pkg/share/ros2_ctrl_pkg/hook/cmake_prefix_path.sh'
[9.315s] Level 1:colcon.colcon_core.environment:checking '/home/einstein/Desktop/ros2_control_Slambot/install/ros2_ctrl_pkg/bin'
[9.315s] Level 1:colcon.colcon_core.environment:checking '/home/einstein/Desktop/ros2_control_Slambot/install/ros2_ctrl_pkg/lib/pkgconfig/ros2_ctrl_pkg.pc'
[9.315s] Level 1:colcon.colcon_core.environment:checking '/home/einstein/Desktop/ros2_control_Slambot/install/ros2_ctrl_pkg/lib/python3.10/site-packages'
[9.315s] Level 1:colcon.colcon_core.environment:checking '/home/einstein/Desktop/ros2_control_Slambot/install/ros2_ctrl_pkg/bin'
[9.316s] INFO:colcon.colcon_core.shell:Creating package script '/home/einstein/Desktop/ros2_control_Slambot/install/ros2_ctrl_pkg/share/ros2_ctrl_pkg/package.ps1'
[9.316s] INFO:colcon.colcon_core.shell:Creating package descriptor '/home/einstein/Desktop/ros2_control_Slambot/install/ros2_ctrl_pkg/share/ros2_ctrl_pkg/package.dsv'
[9.317s] INFO:colcon.colcon_core.shell:Creating package script '/home/einstein/Desktop/ros2_control_Slambot/install/ros2_ctrl_pkg/share/ros2_ctrl_pkg/package.sh'
[9.317s] INFO:colcon.colcon_core.shell:Creating package script '/home/einstein/Desktop/ros2_control_Slambot/install/ros2_ctrl_pkg/share/ros2_ctrl_pkg/package.bash'
[9.327s] INFO:colcon.colcon_core.shell:Creating package script '/home/einstein/Desktop/ros2_control_Slambot/install/ros2_ctrl_pkg/share/ros2_ctrl_pkg/package.zsh'
[9.328s] Level 1:colcon.colcon_core.environment:create_file_with_runtime_dependencies(/home/einstein/Desktop/ros2_control_Slambot/install/ros2_ctrl_pkg/share/colcon-core/packages/ros2_ctrl_pkg)
[9.329s] Level 1:colcon.colcon_core.environment:create_environment_scripts_only(slambot_bringup)
[9.329s] Level 1:colcon.colcon_core.environment:checking '/home/einstein/Desktop/ros2_control_Slambot/install/slambot_bringup' for CMake module files
[9.330s] Level 1:colcon.colcon_core.environment:checking '/home/einstein/Desktop/ros2_control_Slambot/install/slambot_bringup' for CMake config files
[9.330s] Level 1:colcon.colcon_core.shell:create_environment_hook('slambot_bringup', 'cmake_prefix_path')
[9.330s] INFO:colcon.colcon_core.shell:Creating environment hook '/home/einstein/Desktop/ros2_control_Slambot/install/slambot_bringup/share/slambot_bringup/hook/cmake_prefix_path.ps1'
[9.331s] INFO:colcon.colcon_core.shell:Creating environment descriptor '/home/einstein/Desktop/ros2_control_Slambot/install/slambot_bringup/share/slambot_bringup/hook/cmake_prefix_path.dsv'
[9.331s] INFO:colcon.colcon_core.shell:Creating environment hook '/home/einstein/Desktop/ros2_control_Slambot/install/slambot_bringup/share/slambot_bringup/hook/cmake_prefix_path.sh'
[9.331s] Level 1:colcon.colcon_core.environment:checking '/home/einstein/Desktop/ros2_control_Slambot/install/slambot_bringup/bin'
[9.331s] Level 1:colcon.colcon_core.environment:checking '/home/einstein/Desktop/ros2_control_Slambot/install/slambot_bringup/lib/pkgconfig/slambot_bringup.pc'
[9.332s] Level 1:colcon.colcon_core.environment:checking '/home/einstein/Desktop/ros2_control_Slambot/install/slambot_bringup/lib/python3.10/site-packages'
[9.332s] Level 1:colcon.colcon_core.environment:checking '/home/einstein/Desktop/ros2_control_Slambot/install/slambot_bringup/bin'
[9.332s] INFO:colcon.colcon_core.shell:Creating package script '/home/einstein/Desktop/ros2_control_Slambot/install/slambot_bringup/share/slambot_bringup/package.ps1'
[9.339s] INFO:colcon.colcon_core.shell:Creating package descriptor '/home/einstein/Desktop/ros2_control_Slambot/install/slambot_bringup/share/slambot_bringup/package.dsv'
[9.339s] INFO:colcon.colcon_core.shell:Creating package script '/home/einstein/Desktop/ros2_control_Slambot/install/slambot_bringup/share/slambot_bringup/package.sh'
[9.340s] INFO:colcon.colcon_core.shell:Creating package script '/home/einstein/Desktop/ros2_control_Slambot/install/slambot_bringup/share/slambot_bringup/package.bash'
[9.340s] INFO:colcon.colcon_core.shell:Creating package script '/home/einstein/Desktop/ros2_control_Slambot/install/slambot_bringup/share/slambot_bringup/package.zsh'
[9.340s] Level 1:colcon.colcon_core.environment:create_file_with_runtime_dependencies(/home/einstein/Desktop/ros2_control_Slambot/install/slambot_bringup/share/colcon-core/packages/slambot_bringup)
[9.341s] DEBUG:colcon.colcon_core.event_handler.log_command:Invoked command in '/home/einstein/Desktop/ros2_control_Slambot/build/slambot_description' returned '0': CMAKE_PREFIX_PATH=/opt/ros/humble /usr/bin/cmake --build /home/einstein/Desktop/ros2_control_Slambot/build/slambot_description -- -j8 -l8
[9.357s] DEBUG:colcon.colcon_core.event_handler.log_command:Invoking command in '/home/einstein/Desktop/ros2_control_Slambot/build/slambot_description': CMAKE_PREFIX_PATH=/opt/ros/humble /usr/bin/cmake --install /home/einstein/Desktop/ros2_control_Slambot/build/slambot_description
[10.782s] Level 1:colcon.colcon_core.environment:create_environment_scripts_only(slambot_description)
[10.782s] Level 1:colcon.colcon_core.environment:checking '/home/einstein/Desktop/ros2_control_Slambot/install/slambot_description' for CMake module files
[10.783s] DEBUG:colcon.colcon_core.event_handler.log_command:Invoked command in '/home/einstein/Desktop/ros2_control_Slambot/build/slambot_description' returned '0': CMAKE_PREFIX_PATH=/opt/ros/humble /usr/bin/cmake --install /home/einstein/Desktop/ros2_control_Slambot/build/slambot_description
[10.783s] Level 1:colcon.colcon_core.environment:checking '/home/einstein/Desktop/ros2_control_Slambot/install/slambot_description' for CMake config files
[10.783s] Level 1:colcon.colcon_core.shell:create_environment_hook('slambot_description', 'cmake_prefix_path')
[10.783s] INFO:colcon.colcon_core.shell:Creating environment hook '/home/einstein/Desktop/ros2_control_Slambot/install/slambot_description/share/slambot_description/hook/cmake_prefix_path.ps1'
[10.784s] INFO:colcon.colcon_core.shell:Creating environment descriptor '/home/einstein/Desktop/ros2_control_Slambot/install/slambot_description/share/slambot_description/hook/cmake_prefix_path.dsv'
[10.784s] INFO:colcon.colcon_core.shell:Creating environment hook '/home/einstein/Desktop/ros2_control_Slambot/install/slambot_description/share/slambot_description/hook/cmake_prefix_path.sh'
[10.784s] Level 1:colcon.colcon_core.environment:checking '/home/einstein/Desktop/ros2_control_Slambot/install/slambot_description/bin'
[10.784s] Level 1:colcon.colcon_core.environment:checking '/home/einstein/Desktop/ros2_control_Slambot/install/slambot_description/lib/pkgconfig/slambot_description.pc'
[10.784s] Level 1:colcon.colcon_core.environment:checking '/home/einstein/Desktop/ros2_control_Slambot/install/slambot_description/lib/python3.10/site-packages'
[10.784s] Level 1:colcon.colcon_core.environment:checking '/home/einstein/Desktop/ros2_control_Slambot/install/slambot_description/bin'
[10.785s] INFO:colcon.colcon_core.shell:Creating package script '/home/einstein/Desktop/ros2_control_Slambot/install/slambot_description/share/slambot_description/package.ps1'
[10.785s] INFO:colcon.colcon_core.shell:Creating package descriptor '/home/einstein/Desktop/ros2_control_Slambot/install/slambot_description/share/slambot_description/package.dsv'
[10.785s] INFO:colcon.colcon_core.shell:Creating package script '/home/einstein/Desktop/ros2_control_Slambot/install/slambot_description/share/slambot_description/package.sh'
[10.785s] INFO:colcon.colcon_core.shell:Creating package script '/home/einstein/Desktop/ros2_control_Slambot/install/slambot_description/share/slambot_description/package.bash'
[10.786s] INFO:colcon.colcon_core.shell:Creating package script '/home/einstein/Desktop/ros2_control_Slambot/install/slambot_description/share/slambot_description/package.zsh'
[10.786s] Level 1:colcon.colcon_core.environment:create_file_with_runtime_dependencies(/home/einstein/Desktop/ros2_control_Slambot/install/slambot_description/share/colcon-core/packages/slambot_description)
[10.801s] Level 1:colcon.colcon_core.environment:create_environment_scripts_only(slambot_description)
[10.801s] Level 1:colcon.colcon_core.environment:checking '/home/einstein/Desktop/ros2_control_Slambot/install/slambot_description' for CMake module files
[10.801s] Level 1:colcon.colcon_core.environment:checking '/home/einstein/Desktop/ros2_control_Slambot/install/slambot_description' for CMake config files
[10.801s] Level 1:colcon.colcon_core.shell:create_environment_hook('slambot_description', 'cmake_prefix_path')
[10.802s] INFO:colcon.colcon_core.shell:Creating environment hook '/home/einstein/Desktop/ros2_control_Slambot/install/slambot_description/share/slambot_description/hook/cmake_prefix_path.ps1'
[10.802s] INFO:colcon.colcon_core.shell:Creating environment descriptor '/home/einstein/Desktop/ros2_control_Slambot/install/slambot_description/share/slambot_description/hook/cmake_prefix_path.dsv'
[10.802s] INFO:colcon.colcon_core.shell:Creating environment hook '/home/einstein/Desktop/ros2_control_Slambot/install/slambot_description/share/slambot_description/hook/cmake_prefix_path.sh'
[10.803s] Level 1:colcon.colcon_core.environment:checking '/home/einstein/Desktop/ros2_control_Slambot/install/slambot_description/bin'
[10.803s] Level 1:colcon.colcon_core.environment:checking '/home/einstein/Desktop/ros2_control_Slambot/install/slambot_description/lib/pkgconfig/slambot_description.pc'
[10.803s] Level 1:colcon.colcon_core.environment:checking '/home/einstein/Desktop/ros2_control_Slambot/install/slambot_description/lib/python3.10/site-packages'
[10.803s] Level 1:colcon.colcon_core.environment:checking '/home/einstein/Desktop/ros2_control_Slambot/install/slambot_description/bin'
[10.803s] INFO:colcon.colcon_core.shell:Creating package script '/home/einstein/Desktop/ros2_control_Slambot/install/slambot_description/share/slambot_description/package.ps1'
[10.803s] INFO:colcon.colcon_core.shell:Creating package descriptor '/home/einstein/Desktop/ros2_control_Slambot/install/slambot_description/share/slambot_description/package.dsv'
[10.804s] INFO:colcon.colcon_core.shell:Creating package script '/home/einstein/Desktop/ros2_control_Slambot/install/slambot_description/share/slambot_description/package.sh'
[10.804s] INFO:colcon.colcon_core.shell:Creating package script '/home/einstein/Desktop/ros2_control_Slambot/install/slambot_description/share/slambot_description/package.bash'
[10.813s] INFO:colcon.colcon_core.shell:Creating package script '/home/einstein/Desktop/ros2_control_Slambot/install/slambot_description/share/slambot_description/package.zsh'
[10.814s] Level 1:colcon.colcon_core.environment:create_file_with_runtime_dependencies(/home/einstein/Desktop/ros2_control_Slambot/install/slambot_description/share/colcon-core/packages/slambot_description)
[11.648s] DEBUG:colcon.colcon_core.event_handler.log_command:Invoked command in '/home/einstein/Desktop/ros2_control_Slambot/build/slambot_controller' returned '0': CMAKE_PREFIX_PATH=/opt/ros/humble /usr/bin/cmake /home/einstein/Desktop/ros2_control_Slambot/src/slambot_controller -DCMAKE_INSTALL_PREFIX=/home/einstein/Desktop/ros2_control_Slambot/install/slambot_controller
[11.650s] DEBUG:colcon.colcon_core.event_handler.log_command:Invoking command in '/home/einstein/Desktop/ros2_control_Slambot/build/slambot_controller': CMAKE_PREFIX_PATH=/opt/ros/humble /usr/bin/cmake --build /home/einstein/Desktop/ros2_control_Slambot/build/slambot_controller -- -j8 -l8
[13.246s] DEBUG:colcon.colcon_core.event_handler.log_command:Invoked command in '/home/einstein/Desktop/ros2_control_Slambot/build/slambot_firmware' returned '0': CMAKE_PREFIX_PATH=/opt/ros/humble /usr/bin/cmake /home/einstein/Desktop/ros2_control_Slambot/src/slambot_firmware -DCMAKE_INSTALL_PREFIX=/home/einstein/Desktop/ros2_control_Slambot/install/slambot_firmware
[13.247s] DEBUG:colcon.colcon_core.event_handler.log_command:Invoking command in '/home/einstein/Desktop/ros2_control_Slambot/build/slambot_firmware': CMAKE_PREFIX_PATH=/opt/ros/humble /usr/bin/cmake --build /home/einstein/Desktop/ros2_control_Slambot/build/slambot_firmware -- -j8 -l8
[27.880s] DEBUG:colcon.colcon_core.event_handler.log_command:Invoked command in '/home/einstein/Desktop/ros2_control_Slambot/build/slambot_firmware' returned '0': CMAKE_PREFIX_PATH=/opt/ros/humble /usr/bin/cmake --build /home/einstein/Desktop/ros2_control_Slambot/build/slambot_firmware -- -j8 -l8
[27.906s] DEBUG:colcon.colcon_core.event_handler.log_command:Invoking command in '/home/einstein/Desktop/ros2_control_Slambot/build/slambot_firmware': CMAKE_PREFIX_PATH=/opt/ros/humble /usr/bin/cmake --install /home/einstein/Desktop/ros2_control_Slambot/build/slambot_firmware
[27.947s] Level 1:colcon.colcon_core.environment:create_environment_scripts_only(slambot_firmware)
[27.947s] Level 1:colcon.colcon_core.environment:checking '/home/einstein/Desktop/ros2_control_Slambot/install/slambot_firmware' for CMake module files
[27.948s] DEBUG:colcon.colcon_core.event_handler.log_command:Invoked command in '/home/einstein/Desktop/ros2_control_Slambot/build/slambot_firmware' returned '0': CMAKE_PREFIX_PATH=/opt/ros/humble /usr/bin/cmake --install /home/einstein/Desktop/ros2_control_Slambot/build/slambot_firmware
[27.948s] Level 1:colcon.colcon_core.environment:checking '/home/einstein/Desktop/ros2_control_Slambot/install/slambot_firmware' for CMake config files
[27.948s] Level 1:colcon.colcon_core.shell:create_environment_hook('slambot_firmware', 'cmake_prefix_path')
[27.949s] INFO:colcon.colcon_core.shell:Creating environment hook '/home/einstein/Desktop/ros2_control_Slambot/install/slambot_firmware/share/slambot_firmware/hook/cmake_prefix_path.ps1'
[27.949s] INFO:colcon.colcon_core.shell:Creating environment descriptor '/home/einstein/Desktop/ros2_control_Slambot/install/slambot_firmware/share/slambot_firmware/hook/cmake_prefix_path.dsv'
[27.950s] INFO:colcon.colcon_core.shell:Creating environment hook '/home/einstein/Desktop/ros2_control_Slambot/install/slambot_firmware/share/slambot_firmware/hook/cmake_prefix_path.sh'
[27.950s] Level 1:colcon.colcon_core.environment:checking '/home/einstein/Desktop/ros2_control_Slambot/install/slambot_firmware/lib'
[27.950s] Level 1:colcon.colcon_core.shell:create_environment_hook('slambot_firmware', 'ld_library_path_lib')
[27.950s] INFO:colcon.colcon_core.shell:Creating environment hook '/home/einstein/Desktop/ros2_control_Slambot/install/slambot_firmware/share/slambot_firmware/hook/ld_library_path_lib.ps1'
[27.951s] INFO:colcon.colcon_core.shell:Creating environment descriptor '/home/einstein/Desktop/ros2_control_Slambot/install/slambot_firmware/share/slambot_firmware/hook/ld_library_path_lib.dsv'
[27.951s] INFO:colcon.colcon_core.shell:Creating environment hook '/home/einstein/Desktop/ros2_control_Slambot/install/slambot_firmware/share/slambot_firmware/hook/ld_library_path_lib.sh'
[27.951s] Level 1:colcon.colcon_core.environment:checking '/home/einstein/Desktop/ros2_control_Slambot/install/slambot_firmware/bin'
[27.951s] Level 1:colcon.colcon_core.environment:checking '/home/einstein/Desktop/ros2_control_Slambot/install/slambot_firmware/lib/pkgconfig/slambot_firmware.pc'
[27.951s] Level 1:colcon.colcon_core.environment:checking '/home/einstein/Desktop/ros2_control_Slambot/install/slambot_firmware/lib/python3.10/site-packages'
[27.952s] Level 1:colcon.colcon_core.environment:checking '/home/einstein/Desktop/ros2_control_Slambot/install/slambot_firmware/bin'
[27.952s] INFO:colcon.colcon_core.shell:Creating package script '/home/einstein/Desktop/ros2_control_Slambot/install/slambot_firmware/share/slambot_firmware/package.ps1'
[27.952s] INFO:colcon.colcon_core.shell:Creating package descriptor '/home/einstein/Desktop/ros2_control_Slambot/install/slambot_firmware/share/slambot_firmware/package.dsv'
[27.989s] INFO:colcon.colcon_core.shell:Creating package script '/home/einstein/Desktop/ros2_control_Slambot/install/slambot_firmware/share/slambot_firmware/package.sh'
[27.989s] INFO:colcon.colcon_core.shell:Creating package script '/home/einstein/Desktop/ros2_control_Slambot/install/slambot_firmware/share/slambot_firmware/package.bash'
[27.989s] INFO:colcon.colcon_core.shell:Creating package script '/home/einstein/Desktop/ros2_control_Slambot/install/slambot_firmware/share/slambot_firmware/package.zsh'
[27.990s] Level 1:colcon.colcon_core.environment:create_file_with_runtime_dependencies(/home/einstein/Desktop/ros2_control_Slambot/install/slambot_firmware/share/colcon-core/packages/slambot_firmware)
[28.015s] Level 1:colcon.colcon_core.environment:create_environment_scripts_only(slambot_firmware)
[28.015s] Level 1:colcon.colcon_core.environment:checking '/home/einstein/Desktop/ros2_control_Slambot/install/slambot_firmware' for CMake module files
[28.016s] Level 1:colcon.colcon_core.environment:checking '/home/einstein/Desktop/ros2_control_Slambot/install/slambot_firmware' for CMake config files
[28.016s] Level 1:colcon.colcon_core.shell:create_environment_hook('slambot_firmware', 'cmake_prefix_path')
[28.016s] INFO:colcon.colcon_core.shell:Creating environment hook '/home/einstein/Desktop/ros2_control_Slambot/install/slambot_firmware/share/slambot_firmware/hook/cmake_prefix_path.ps1'
[28.073s] INFO:colcon.colcon_core.shell:Creating environment descriptor '/home/einstein/Desktop/ros2_control_Slambot/install/slambot_firmware/share/slambot_firmware/hook/cmake_prefix_path.dsv'
[28.098s] INFO:colcon.colcon_core.shell:Creating environment hook '/home/einstein/Desktop/ros2_control_Slambot/install/slambot_firmware/share/slambot_firmware/hook/cmake_prefix_path.sh'
[28.132s] Level 1:colcon.colcon_core.environment:checking '/home/einstein/Desktop/ros2_control_Slambot/install/slambot_firmware/lib'
[28.132s] Level 1:colcon.colcon_core.shell:create_environment_hook('slambot_firmware', 'ld_library_path_lib')
[28.132s] INFO:colcon.colcon_core.shell:Creating environment hook '/home/einstein/Desktop/ros2_control_Slambot/install/slambot_firmware/share/slambot_firmware/hook/ld_library_path_lib.ps1'
[28.148s] INFO:colcon.colcon_core.shell:Creating environment descriptor '/home/einstein/Desktop/ros2_control_Slambot/install/slambot_firmware/share/slambot_firmware/hook/ld_library_path_lib.dsv'
[28.154s] INFO:colcon.colcon_core.shell:Creating environment hook '/home/einstein/Desktop/ros2_control_Slambot/install/slambot_firmware/share/slambot_firmware/hook/ld_library_path_lib.sh'
[28.170s] Level 1:colcon.colcon_core.environment:checking '/home/einstein/Desktop/ros2_control_Slambot/install/slambot_firmware/bin'
[28.170s] Level 1:colcon.colcon_core.environment:checking '/home/einstein/Desktop/ros2_control_Slambot/install/slambot_firmware/lib/pkgconfig/slambot_firmware.pc'
[28.170s] Level 1:colcon.colcon_core.environment:checking '/home/einstein/Desktop/ros2_control_Slambot/install/slambot_firmware/lib/python3.10/site-packages'
[28.170s] Level 1:colcon.colcon_core.environment:checking '/home/einstein/Desktop/ros2_control_Slambot/install/slambot_firmware/bin'
[28.170s] INFO:colcon.colcon_core.shell:Creating package script '/home/einstein/Desktop/ros2_control_Slambot/install/slambot_firmware/share/slambot_firmware/package.ps1'
[28.195s] INFO:colcon.colcon_core.shell:Creating package descriptor '/home/einstein/Desktop/ros2_control_Slambot/install/slambot_firmware/share/slambot_firmware/package.dsv'
[28.208s] INFO:colcon.colcon_core.shell:Creating package script '/home/einstein/Desktop/ros2_control_Slambot/install/slambot_firmware/share/slambot_firmware/package.sh'
[28.222s] INFO:colcon.colcon_core.shell:Creating package script '/home/einstein/Desktop/ros2_control_Slambot/install/slambot_firmware/share/slambot_firmware/package.bash'
[28.235s] INFO:colcon.colcon_core.shell:Creating package script '/home/einstein/Desktop/ros2_control_Slambot/install/slambot_firmware/share/slambot_firmware/package.zsh'
[28.253s] Level 1:colcon.colcon_core.environment:create_file_with_runtime_dependencies(/home/einstein/Desktop/ros2_control_Slambot/install/slambot_firmware/share/colcon-core/packages/slambot_firmware)
[30.563s] DEBUG:colcon.colcon_core.event_handler.log_command:Invoked command in '/home/einstein/Desktop/ros2_control_Slambot/build/slambot_controller' returned '0': CMAKE_PREFIX_PATH=/opt/ros/humble /usr/bin/cmake --build /home/einstein/Desktop/ros2_control_Slambot/build/slambot_controller -- -j8 -l8
[30.582s] DEBUG:colcon.colcon_core.event_handler.log_command:Invoking command in '/home/einstein/Desktop/ros2_control_Slambot/build/slambot_controller': CMAKE_PREFIX_PATH=/opt/ros/humble /usr/bin/cmake --install /home/einstein/Desktop/ros2_control_Slambot/build/slambot_controller
[30.662s] Level 1:colcon.colcon_core.environment:create_environment_scripts_only(slambot_controller)
[30.662s] Level 1:colcon.colcon_core.environment:checking '/home/einstein/Desktop/ros2_control_Slambot/install/slambot_controller' for CMake module files
[30.663s] DEBUG:colcon.colcon_core.event_handler.log_command:Invoked command in '/home/einstein/Desktop/ros2_control_Slambot/build/slambot_controller' returned '0': CMAKE_PREFIX_PATH=/opt/ros/humble /usr/bin/cmake --install /home/einstein/Desktop/ros2_control_Slambot/build/slambot_controller
[30.663s] Level 1:colcon.colcon_core.environment:checking '/home/einstein/Desktop/ros2_control_Slambot/install/slambot_controller' for CMake config files
[30.663s] Level 1:colcon.colcon_core.shell:create_environment_hook('slambot_controller', 'cmake_prefix_path')
[30.663s] INFO:colcon.colcon_core.shell:Creating environment hook '/home/einstein/Desktop/ros2_control_Slambot/install/slambot_controller/share/slambot_controller/hook/cmake_prefix_path.ps1'
[30.664s] INFO:colcon.colcon_core.shell:Creating environment descriptor '/home/einstein/Desktop/ros2_control_Slambot/install/slambot_controller/share/slambot_controller/hook/cmake_prefix_path.dsv'
[30.664s] INFO:colcon.colcon_core.shell:Creating environment hook '/home/einstein/Desktop/ros2_control_Slambot/install/slambot_controller/share/slambot_controller/hook/cmake_prefix_path.sh'
[30.664s] Level 1:colcon.colcon_core.environment:checking '/home/einstein/Desktop/ros2_control_Slambot/install/slambot_controller/lib'
[30.664s] Level 1:colcon.colcon_core.environment:checking '/home/einstein/Desktop/ros2_control_Slambot/install/slambot_controller/bin'
[30.664s] Level 1:colcon.colcon_core.environment:checking '/home/einstein/Desktop/ros2_control_Slambot/install/slambot_controller/lib/pkgconfig/slambot_controller.pc'
[30.664s] Level 1:colcon.colcon_core.environment:checking '/home/einstein/Desktop/ros2_control_Slambot/install/slambot_controller/lib/python3.10/site-packages'
[30.665s] Level 1:colcon.colcon_core.environment:checking '/home/einstein/Desktop/ros2_control_Slambot/install/slambot_controller/bin'
[30.665s] INFO:colcon.colcon_core.shell:Creating package script '/home/einstein/Desktop/ros2_control_Slambot/install/slambot_controller/share/slambot_controller/package.ps1'
[30.665s] INFO:colcon.colcon_core.shell:Creating package descriptor '/home/einstein/Desktop/ros2_control_Slambot/install/slambot_controller/share/slambot_controller/package.dsv'
[30.665s] INFO:colcon.colcon_core.shell:Creating package script '/home/einstein/Desktop/ros2_control_Slambot/install/slambot_controller/share/slambot_controller/package.sh'
[30.666s] INFO:colcon.colcon_core.shell:Creating package script '/home/einstein/Desktop/ros2_control_Slambot/install/slambot_controller/share/slambot_controller/package.bash'
[30.666s] INFO:colcon.colcon_core.shell:Creating package script '/home/einstein/Desktop/ros2_control_Slambot/install/slambot_controller/share/slambot_controller/package.zsh'
[30.666s] Level 1:colcon.colcon_core.environment:create_file_with_runtime_dependencies(/home/einstein/Desktop/ros2_control_Slambot/install/slambot_controller/share/colcon-core/packages/slambot_controller)
[30.692s] Level 1:colcon.colcon_core.environment:create_environment_scripts_only(slambot_controller)
[30.692s] Level 1:colcon.colcon_core.environment:checking '/home/einstein/Desktop/ros2_control_Slambot/install/slambot_controller' for CMake module files
[30.692s] Level 1:colcon.colcon_core.environment:checking '/home/einstein/Desktop/ros2_control_Slambot/install/slambot_controller' for CMake config files
[30.693s] Level 1:colcon.colcon_core.shell:create_environment_hook('slambot_controller', 'cmake_prefix_path')
[30.693s] INFO:colcon.colcon_core.shell:Creating environment hook '/home/einstein/Desktop/ros2_control_Slambot/install/slambot_controller/share/slambot_controller/hook/cmake_prefix_path.ps1'
[30.693s] INFO:colcon.colcon_core.shell:Creating environment descriptor '/home/einstein/Desktop/ros2_control_Slambot/install/slambot_controller/share/slambot_controller/hook/cmake_prefix_path.dsv'
[30.694s] INFO:colcon.colcon_core.shell:Creating environment hook '/home/einstein/Desktop/ros2_control_Slambot/install/slambot_controller/share/slambot_controller/hook/cmake_prefix_path.sh'
[30.695s] Level 1:colcon.colcon_core.environment:checking '/home/einstein/Desktop/ros2_control_Slambot/install/slambot_controller/lib'
[30.695s] Level 1:colcon.colcon_core.environment:checking '/home/einstein/Desktop/ros2_control_Slambot/install/slambot_controller/bin'
[30.695s] Level 1:colcon.colcon_core.environment:checking '/home/einstein/Desktop/ros2_control_Slambot/install/slambot_controller/lib/pkgconfig/slambot_controller.pc'
[30.695s] Level 1:colcon.colcon_core.environment:checking '/home/einstein/Desktop/ros2_control_Slambot/install/slambot_controller/lib/python3.10/site-packages'
[30.695s] Level 1:colcon.colcon_core.environment:checking '/home/einstein/Desktop/ros2_control_Slambot/install/slambot_controller/bin'
[30.696s] INFO:colcon.colcon_core.shell:Creating package script '/home/einstein/Desktop/ros2_control_Slambot/install/slambot_controller/share/slambot_controller/package.ps1'
[30.696s] INFO:colcon.colcon_core.shell:Creating package descriptor '/home/einstein/Desktop/ros2_control_Slambot/install/slambot_controller/share/slambot_controller/package.dsv'
[30.697s] INFO:colcon.colcon_core.shell:Creating package script '/home/einstein/Desktop/ros2_control_Slambot/install/slambot_controller/share/slambot_controller/package.sh'
[30.698s] INFO:colcon.colcon_core.shell:Creating package script '/home/einstein/Desktop/ros2_control_Slambot/install/slambot_controller/share/slambot_controller/package.bash'
[30.711s] INFO:colcon.colcon_core.shell:Creating package script '/home/einstein/Desktop/ros2_control_Slambot/install/slambot_controller/share/slambot_controller/package.zsh'
[30.712s] Level 1:colcon.colcon_core.environment:create_file_with_runtime_dependencies(/home/einstein/Desktop/ros2_control_Slambot/install/slambot_controller/share/colcon-core/packages/slambot_controller)
[30.712s] DEBUG:colcon.colcon_parallel_executor.executor.parallel:closing loop
[30.713s] DEBUG:colcon.colcon_parallel_executor.executor.parallel:loop closed
[30.713s] DEBUG:colcon.colcon_parallel_executor.executor.parallel:run_until_complete finished with '0'
[30.713s] DEBUG:colcon.colcon_core.event_reactor:joining thread
[30.803s] INFO:colcon.colcon_core.plugin_system:Skipping extension 'colcon_notification.desktop_notification.terminal_notifier': Not used on non-Darwin systems
[30.803s] INFO:colcon.colcon_core.plugin_system:Skipping extension 'colcon_notification.desktop_notification.win32': Not used on non-Windows systems
[30.803s] INFO:colcon.colcon_notification.desktop_notification:Sending desktop notification using 'notify2'
[30.821s] DEBUG:colcon.colcon_core.event_reactor:joined thread
[30.822s] INFO:colcon.colcon_core.shell:Creating prefix script '/home/einstein/Desktop/ros2_control_Slambot/install/local_setup.ps1'
[30.834s] INFO:colcon.colcon_core.shell:Creating prefix util module '/home/einstein/Desktop/ros2_control_Slambot/install/_local_setup_util_ps1.py'
[30.843s] INFO:colcon.colcon_core.shell:Creating prefix chain script '/home/einstein/Desktop/ros2_control_Slambot/install/setup.ps1'
[30.860s] INFO:colcon.colcon_core.shell:Creating prefix script '/home/einstein/Desktop/ros2_control_Slambot/install/local_setup.sh'
[30.873s] INFO:colcon.colcon_core.shell:Creating prefix util module '/home/einstein/Desktop/ros2_control_Slambot/install/_local_setup_util_sh.py'
[30.874s] INFO:colcon.colcon_core.shell:Creating prefix chain script '/home/einstein/Desktop/ros2_control_Slambot/install/setup.sh'
[30.886s] INFO:colcon.colcon_core.shell:Creating prefix script '/home/einstein/Desktop/ros2_control_Slambot/install/local_setup.bash'
[30.908s] INFO:colcon.colcon_core.shell:Creating prefix chain script '/home/einstein/Desktop/ros2_control_Slambot/install/setup.bash'
[30.911s] INFO:colcon.colcon_core.shell:Creating prefix script '/home/einstein/Desktop/ros2_control_Slambot/install/local_setup.zsh'
[30.925s] INFO:colcon.colcon_core.shell:Creating prefix chain script '/home/einstein/Desktop/ros2_control_Slambot/install/setup.zsh'
