[0.018s] Invoking command in '/home/einstein/Desktop/ros2_control_Slambot/build/slambot_description': CMAKE_PREFIX_PATH=/opt/ros/humble /usr/bin/cmake /home/einstein/Desktop/ros2_control_Slambot/src/slambot_description -DCMAKE_INSTALL_PREFIX=/home/einstein/Desktop/ros2_control_Slambot/install/slambot_description
[0.060s] -- The C compiler identification is GNU 11.4.0
[0.112s] -- The CXX compiler identification is GNU 11.4.0
[0.119s] -- Detecting C compiler ABI info
[0.181s] -- Detecting C compiler ABI info - done
[0.189s] -- Check for working C compiler: /usr/bin/cc - skipped
[0.189s] -- Detecting C compile features
[0.190s] -- Detecting C compile features - done
[0.193s] -- Detecting CXX compiler ABI info
[0.273s] -- Detecting CXX compiler ABI info - done
[0.284s] -- Check for working CXX compiler: /usr/bin/c++ - skipped
[0.284s] -- Detecting CXX compile features
[0.285s] -- Detecting CXX compile features - done
[0.288s] -- Found ament_cmake: 1.3.10 (/opt/ros/humble/share/ament_cmake/cmake)
[0.423s] -- Found Python3: /usr/bin/python3 (found version "3.10.12") found components: Interpreter 
[0.522s] -- Found urdf: 2.6.1 (/opt/ros/humble/share/urdf/cmake)
[0.616s] -- Configuring done
[0.618s] -- Generating done
[0.619s] -- Build files have been written to: /home/einstein/Desktop/ros2_control_Slambot/build/slambot_description
[0.629s] Invoked command in '/home/einstein/Desktop/ros2_control_Slambot/build/slambot_description' returned '0': CMAKE_PREFIX_PATH=/opt/ros/humble /usr/bin/cmake /home/einstein/Desktop/ros2_control_Slambot/src/slambot_description -DCMAKE_INSTALL_PREFIX=/home/einstein/Desktop/ros2_control_Slambot/install/slambot_description
[0.630s] Invoking command in '/home/einstein/Desktop/ros2_control_Slambot/build/slambot_description': CMAKE_PREFIX_PATH=/opt/ros/humble /usr/bin/cmake --build /home/einstein/Desktop/ros2_control_Slambot/build/slambot_description -- -j8 -l8
[0.660s] Invoked command in '/home/einstein/Desktop/ros2_control_Slambot/build/slambot_description' returned '0': CMAKE_PREFIX_PATH=/opt/ros/humble /usr/bin/cmake --build /home/einstein/Desktop/ros2_control_Slambot/build/slambot_description -- -j8 -l8
[0.678s] Invoking command in '/home/einstein/Desktop/ros2_control_Slambot/build/slambot_description': CMAKE_PREFIX_PATH=/opt/ros/humble /usr/bin/cmake --install /home/einstein/Desktop/ros2_control_Slambot/build/slambot_description
[0.684s] -- Install configuration: ""
[0.685s] -- Installing: /home/einstein/Desktop/ros2_control_Slambot/install/slambot_description/share/slambot_description/meshes
[0.685s] -- Installing: /home/einstein/Desktop/ros2_control_Slambot/install/slambot_description/share/slambot_description/meshes/Motor_GM25-370_v1_1.stl
[0.685s] -- Installing: /home/einstein/Desktop/ros2_control_Slambot/install/slambot_description/share/slambot_description/meshes/Motor_Bracket_v1_1.stl
[0.685s] -- Installing: /home/einstein/Desktop/ros2_control_Slambot/install/slambot_description/share/slambot_description/meshes/Top2BottomSupport_v1_1.stl
[0.685s] -- Installing: /home/einstein/Desktop/ros2_control_Slambot/install/slambot_description/share/slambot_description/meshes/Caster_40mm_Wheel_30mm_v1_1.stl
[0.685s] -- Installing: /home/einstein/Desktop/ros2_control_Slambot/install/slambot_description/share/slambot_description/meshes/Top2BottomSupport_v1_2.stl
[0.685s] -- Installing: /home/einstein/Desktop/ros2_control_Slambot/install/slambot_description/share/slambot_description/meshes/85mm_Wheel_v1_2.stl
[0.695s] -- Installing: /home/einstein/Desktop/ros2_control_Slambot/install/slambot_description/share/slambot_description/meshes/EYE_BALL_CASTOR_SOCKS_Circular_Aesthetic _2.stl
[0.696s] -- Installing: /home/einstein/Desktop/ros2_control_Slambot/install/slambot_description/share/slambot_description/meshes/Top_v1_1.stl
[0.696s] -- Installing: /home/einstein/Desktop/ros2_control_Slambot/install/slambot_description/share/slambot_description/meshes/Motor_Bracket_v1_2.stl
[0.696s] -- Installing: /home/einstein/Desktop/ros2_control_Slambot/install/slambot_description/share/slambot_description/meshes/Top2BottomSupport_v1_3.stl
[0.696s] -- Installing: /home/einstein/Desktop/ros2_control_Slambot/install/slambot_description/share/slambot_description/meshes/base_link.stl
[0.696s] -- Installing: /home/einstein/Desktop/ros2_control_Slambot/install/slambot_description/share/slambot_description/meshes/LidarTop_v1_1.stl
[0.696s] -- Installing: /home/einstein/Desktop/ros2_control_Slambot/install/slambot_description/share/slambot_description/meshes/RC_coupling_v1_1.stl
[0.697s] -- Installing: /home/einstein/Desktop/ros2_control_Slambot/install/slambot_description/share/slambot_description/meshes/Caster Ball Wheel v1 _2.stl
[0.697s] -- Installing: /home/einstein/Desktop/ros2_control_Slambot/install/slambot_description/share/slambot_description/meshes/Caster_40mm_Wheel_30mm_v1_2.stl
[0.698s] -- Installing: /home/einstein/Desktop/ros2_control_Slambot/install/slambot_description/share/slambot_description/meshes/Caster_40mm_Swivel_plate_v1_2.stl
[0.698s] -- Installing: /home/einstein/Desktop/ros2_control_Slambot/install/slambot_description/share/slambot_description/meshes/Caster_40mm_Wheel_support_v1_1.stl
[0.699s] -- Installing: /home/einstein/Desktop/ros2_control_Slambot/install/slambot_description/share/slambot_description/meshes/20V_Battery_Holder_v1_1.stl
[0.699s] -- Installing: /home/einstein/Desktop/ros2_control_Slambot/install/slambot_description/share/slambot_description/meshes/RC_coupling_v1_2.stl
[0.700s] -- Installing: /home/einstein/Desktop/ros2_control_Slambot/install/slambot_description/share/slambot_description/meshes/Caster_40mm_Swivel_plate_v1_1.stl
[0.700s] -- Installing: /home/einstein/Desktop/ros2_control_Slambot/install/slambot_description/share/slambot_description/meshes/Caster Ball Wheel v1_1.stl
[0.700s] -- Installing: /home/einstein/Desktop/ros2_control_Slambot/install/slambot_description/share/slambot_description/meshes/Motor_GM25-370_v1_2.stl
[0.701s] -- Installing: /home/einstein/Desktop/ros2_control_Slambot/install/slambot_description/share/slambot_description/meshes/Caster_40mm_Wheel_support_v1_2.stl
[0.701s] -- Installing: /home/einstein/Desktop/ros2_control_Slambot/install/slambot_description/share/slambot_description/meshes/CastorWheel_Socks_v3_1.stl
[0.701s] -- Installing: /home/einstein/Desktop/ros2_control_Slambot/install/slambot_description/share/slambot_description/meshes/CastorWheel_Socks_v3_2.stl
[0.702s] -- Installing: /home/einstein/Desktop/ros2_control_Slambot/install/slambot_description/share/slambot_description/meshes/Top2BottomSupport_v1_4.stl
[0.702s] -- Installing: /home/einstein/Desktop/ros2_control_Slambot/install/slambot_description/share/slambot_description/meshes/85mm_Wheel_v1_1.stl
[0.711s] -- Installing: /home/einstein/Desktop/ros2_control_Slambot/install/slambot_description/share/slambot_description/meshes/lidarBase_v2_1.stl
[0.711s] -- Installing: /home/einstein/Desktop/ros2_control_Slambot/install/slambot_description/share/slambot_description/meshes/EYE_BALL_CASTOR_SOCKS_Circular_Aesthetic _1.stl
[0.711s] -- Installing: /home/einstein/Desktop/ros2_control_Slambot/install/slambot_description/share/slambot_description/urdf
[0.711s] -- Installing: /home/einstein/Desktop/ros2_control_Slambot/install/slambot_description/share/slambot_description/urdf/slambot.urdf.xacro
[0.711s] -- Installing: /home/einstein/Desktop/ros2_control_Slambot/install/slambot_description/share/slambot_description/urdf/gazebo_control.xacro
[0.711s] -- Installing: /home/einstein/Desktop/ros2_control_Slambot/install/slambot_description/share/slambot_description/urdf/lidar.xacro
[0.711s] -- Installing: /home/einstein/Desktop/ros2_control_Slambot/install/slambot_description/share/slambot_description/urdf/bot.trans
[0.711s] -- Installing: /home/einstein/Desktop/ros2_control_Slambot/install/slambot_description/share/slambot_description/urdf/pentaslam.urdf.xacro
[0.711s] -- Installing: /home/einstein/Desktop/ros2_control_Slambot/install/slambot_description/share/slambot_description/urdf/materials.xacro
[0.711s] -- Installing: /home/einstein/Desktop/ros2_control_Slambot/install/slambot_description/share/slambot_description/urdf/pentaslam_ros2_control.xacro
[0.712s] -- Installing: /home/einstein/Desktop/ros2_control_Slambot/install/slambot_description/share/slambot_description/urdf/bot_core.xacro
[0.712s] -- Installing: /home/einstein/Desktop/ros2_control_Slambot/install/slambot_description/share/slambot_description/urdf/slambot_ros2_control.xacro
[0.712s] -- Installing: /home/einstein/Desktop/ros2_control_Slambot/install/slambot_description/share/slambot_description/urdf/pentaslam_gazebo.xacro
[0.712s] -- Installing: /home/einstein/Desktop/ros2_control_Slambot/install/slambot_description/share/slambot_description/urdf/slambot_gazebo.xacro
[0.712s] -- Installing: /home/einstein/Desktop/ros2_control_Slambot/install/slambot_description/share/slambot_description/launch
[0.712s] -- Installing: /home/einstein/Desktop/ros2_control_Slambot/install/slambot_description/share/slambot_description/launch/display.launch.py
[0.712s] -- Installing: /home/einstein/Desktop/ros2_control_Slambot/install/slambot_description/share/slambot_description/launch/gazebo.launch.py
[0.712s] -- Up-to-date: /home/einstein/Desktop/ros2_control_Slambot/install/slambot_description/share/slambot_description/urdf
[0.712s] -- Up-to-date: /home/einstein/Desktop/ros2_control_Slambot/install/slambot_description/share/slambot_description/urdf/slambot.urdf.xacro
[0.712s] -- Up-to-date: /home/einstein/Desktop/ros2_control_Slambot/install/slambot_description/share/slambot_description/urdf/gazebo_control.xacro
[0.712s] -- Up-to-date: /home/einstein/Desktop/ros2_control_Slambot/install/slambot_description/share/slambot_description/urdf/lidar.xacro
[0.712s] -- Up-to-date: /home/einstein/Desktop/ros2_control_Slambot/install/slambot_description/share/slambot_description/urdf/bot.trans
[0.712s] -- Up-to-date: /home/einstein/Desktop/ros2_control_Slambot/install/slambot_description/share/slambot_description/urdf/pentaslam.urdf.xacro
[0.712s] -- Up-to-date: /home/einstein/Desktop/ros2_control_Slambot/install/slambot_description/share/slambot_description/urdf/materials.xacro
[0.712s] -- Up-to-date: /home/einstein/Desktop/ros2_control_Slambot/install/slambot_description/share/slambot_description/urdf/pentaslam_ros2_control.xacro
[0.712s] -- Up-to-date: /home/einstein/Desktop/ros2_control_Slambot/install/slambot_description/share/slambot_description/urdf/bot_core.xacro
[0.712s] -- Up-to-date: /home/einstein/Desktop/ros2_control_Slambot/install/slambot_description/share/slambot_description/urdf/slambot_ros2_control.xacro
[0.712s] -- Up-to-date: /home/einstein/Desktop/ros2_control_Slambot/install/slambot_description/share/slambot_description/urdf/pentaslam_gazebo.xacro
[0.712s] -- Up-to-date: /home/einstein/Desktop/ros2_control_Slambot/install/slambot_description/share/slambot_description/urdf/slambot_gazebo.xacro
[0.712s] -- Installing: /home/einstein/Desktop/ros2_control_Slambot/install/slambot_description/share/slambot_description/rviz
[0.712s] -- Installing: /home/einstein/Desktop/ros2_control_Slambot/install/slambot_description/share/slambot_description/rviz/display.rviz
[0.713s] -- Installing: /home/einstein/Desktop/ros2_control_Slambot/install/slambot_description/share/ament_index/resource_index/package_run_dependencies/slambot_description
[0.713s] -- Installing: /home/einstein/Desktop/ros2_control_Slambot/install/slambot_description/share/ament_index/resource_index/parent_prefix_path/slambot_description
[0.713s] -- Installing: /home/einstein/Desktop/ros2_control_Slambot/install/slambot_description/share/slambot_description/environment/ament_prefix_path.sh
[0.713s] -- Installing: /home/einstein/Desktop/ros2_control_Slambot/install/slambot_description/share/slambot_description/environment/ament_prefix_path.dsv
[0.713s] -- Installing: /home/einstein/Desktop/ros2_control_Slambot/install/slambot_description/share/slambot_description/environment/path.sh
[0.713s] -- Installing: /home/einstein/Desktop/ros2_control_Slambot/install/slambot_description/share/slambot_description/environment/path.dsv
[0.713s] -- Installing: /home/einstein/Desktop/ros2_control_Slambot/install/slambot_description/share/slambot_description/local_setup.bash
[0.713s] -- Installing: /home/einstein/Desktop/ros2_control_Slambot/install/slambot_description/share/slambot_description/local_setup.sh
[0.713s] -- Installing: /home/einstein/Desktop/ros2_control_Slambot/install/slambot_description/share/slambot_description/local_setup.zsh
[0.713s] -- Installing: /home/einstein/Desktop/ros2_control_Slambot/install/slambot_description/share/slambot_description/local_setup.dsv
[0.713s] -- Installing: /home/einstein/Desktop/ros2_control_Slambot/install/slambot_description/share/slambot_description/package.dsv
[0.713s] -- Installing: /home/einstein/Desktop/ros2_control_Slambot/install/slambot_description/share/ament_index/resource_index/packages/slambot_description
[0.713s] -- Installing: /home/einstein/Desktop/ros2_control_Slambot/install/slambot_description/share/slambot_description/cmake/slambot_descriptionConfig.cmake
[0.713s] -- Installing: /home/einstein/Desktop/ros2_control_Slambot/install/slambot_description/share/slambot_description/cmake/slambot_descriptionConfig-version.cmake
[0.713s] -- Installing: /home/einstein/Desktop/ros2_control_Slambot/install/slambot_description/share/slambot_description/package.xml
[0.715s] Invoked command in '/home/einstein/Desktop/ros2_control_Slambot/build/slambot_description' returned '0': CMAKE_PREFIX_PATH=/opt/ros/humble /usr/bin/cmake --install /home/einstein/Desktop/ros2_control_Slambot/build/slambot_description
