[0.040s] Invoking command in '/home/wagwan/slambot_ws/build/slambot_firmware': CMAKE_PREFIX_PATH=${CMAKE_PREFIX_PATH}:/opt/ros/jazzy /usr/bin/cmake --build /home/wagwan/slambot_ws/build/slambot_firmware -- -j4 -l4
[0.231s] [ 25%] Built target simple_serial_transmitter
[0.233s] [ 50%] Built target simple_serial_receiver
[0.234s] [ 75%] Built target slambot_firmware
[0.243s] [ 75%] Built target ament_cmake_python_copy_slambot_firmware
[0.303s] [100%] Built target simple_lifecycle_node
[0.581s] running egg_info
[0.605s] writing slambot_firmware.egg-info/PKG-INFO
[0.605s] writing dependency_links to slambot_firmware.egg-info/dependency_links.txt
[0.608s] writing top-level names to slambot_firmware.egg-info/top_level.txt
[0.678s] reading manifest file 'slambot_firmware.egg-info/SOURCES.txt'
[0.679s] writing manifest file 'slambot_firmware.egg-info/SOURCES.txt'
[0.748s] [100%] Built target ament_cmake_python_build_slambot_firmware_egg
[0.771s] Invoked command in '/home/wagwan/slambot_ws/build/slambot_firmware' returned '0': CMAKE_PREFIX_PATH=${CMAKE_PREFIX_PATH}:/opt/ros/jazzy /usr/bin/cmake --build /home/wagwan/slambot_ws/build/slambot_firmware -- -j4 -l4
[0.828s] Invoking command in '/home/wagwan/slambot_ws/build/slambot_firmware': CMAKE_PREFIX_PATH=${CMAKE_PREFIX_PATH}:/opt/ros/jazzy /usr/bin/cmake --install /home/wagwan/slambot_ws/build/slambot_firmware
[0.845s] -- Install configuration: ""
[0.845s] -- Up-to-date: /home/wagwan/slambot_ws/install/slambot_firmware/share/slambot_firmware/environment/pythonpath.sh
[0.846s] -- Up-to-date: /home/wagwan/slambot_ws/install/slambot_firmware/share/slambot_firmware/environment/pythonpath.dsv
[0.846s] -- Up-to-date: /home/wagwan/slambot_ws/install/slambot_firmware/lib/python3.12/site-packages/slambot_firmware-0.0.0-py3.12.egg-info
[0.846s] -- Installing: /home/wagwan/slambot_ws/install/slambot_firmware/lib/python3.12/site-packages/slambot_firmware-0.0.0-py3.12.egg-info/dependency_links.txt
[0.846s] -- Installing: /home/wagwan/slambot_ws/install/slambot_firmware/lib/python3.12/site-packages/slambot_firmware-0.0.0-py3.12.egg-info/PKG-INFO
[0.846s] -- Installing: /home/wagwan/slambot_ws/install/slambot_firmware/lib/python3.12/site-packages/slambot_firmware-0.0.0-py3.12.egg-info/top_level.txt
[0.846s] -- Installing: /home/wagwan/slambot_ws/install/slambot_firmware/lib/python3.12/site-packages/slambot_firmware-0.0.0-py3.12.egg-info/SOURCES.txt
[0.846s] -- Up-to-date: /home/wagwan/slambot_ws/install/slambot_firmware/lib/python3.12/site-packages/slambot_firmware
[0.847s] -- Up-to-date: /home/wagwan/slambot_ws/install/slambot_firmware/lib/python3.12/site-packages/slambot_firmware/mpu6050_driver.py
[0.847s] -- Up-to-date: /home/wagwan/slambot_ws/install/slambot_firmware/lib/python3.12/site-packages/slambot_firmware/__init__.py
[0.896s] Listing '/home/wagwan/slambot_ws/install/slambot_firmware/lib/python3.12/site-packages/slambot_firmware'...
[0.907s] -- Up-to-date: /home/wagwan/slambot_ws/install/slambot_firmware/share/slambot_firmware/slambot_interface.xml
[0.907s] -- Up-to-date: /home/wagwan/slambot_ws/install/slambot_firmware/lib/libslambot_firmware.so
[0.908s] -- Up-to-date: /home/wagwan/slambot_ws/install/slambot_firmware/include/include
[0.908s] -- Up-to-date: /home/wagwan/slambot_ws/install/slambot_firmware/include/include/slambot_firmware
[0.908s] -- Up-to-date: /home/wagwan/slambot_ws/install/slambot_firmware/include/include/slambot_firmware/slambot_interface.hpp
[0.908s] -- Up-to-date: /home/wagwan/slambot_ws/install/slambot_firmware/lib/slambot_firmware/mpu6050_driver.py
[0.908s] -- Up-to-date: /home/wagwan/slambot_ws/install/slambot_firmware/share/slambot_firmware/launch
[0.908s] -- Up-to-date: /home/wagwan/slambot_ws/install/slambot_firmware/share/slambot_firmware/launch/hardware_interface.launch.py
[0.908s] -- Up-to-date: /home/wagwan/slambot_ws/install/slambot_firmware/lib/slambot_firmware/simple_serial_transmitter
[0.908s] -- Up-to-date: /home/wagwan/slambot_ws/install/slambot_firmware/lib/slambot_firmware/simple_serial_receiver
[0.909s] -- Up-to-date: /home/wagwan/slambot_ws/install/slambot_firmware/lib/slambot_firmware/simple_lifecycle_node
[0.909s] -- Up-to-date: /home/wagwan/slambot_ws/install/slambot_firmware/share/slambot_firmware/environment/library_path.sh
[0.909s] -- Up-to-date: /home/wagwan/slambot_ws/install/slambot_firmware/share/slambot_firmware/environment/library_path.dsv
[0.909s] -- Up-to-date: /home/wagwan/slambot_ws/install/slambot_firmware/share/ament_index/resource_index/package_run_dependencies/slambot_firmware
[0.910s] -- Up-to-date: /home/wagwan/slambot_ws/install/slambot_firmware/share/ament_index/resource_index/parent_prefix_path/slambot_firmware
[0.910s] -- Up-to-date: /home/wagwan/slambot_ws/install/slambot_firmware/share/slambot_firmware/environment/ament_prefix_path.sh
[0.910s] -- Up-to-date: /home/wagwan/slambot_ws/install/slambot_firmware/share/slambot_firmware/environment/ament_prefix_path.dsv
[0.910s] -- Up-to-date: /home/wagwan/slambot_ws/install/slambot_firmware/share/slambot_firmware/environment/path.sh
[0.910s] -- Up-to-date: /home/wagwan/slambot_ws/install/slambot_firmware/share/slambot_firmware/environment/path.dsv
[0.910s] -- Up-to-date: /home/wagwan/slambot_ws/install/slambot_firmware/share/slambot_firmware/local_setup.bash
[0.910s] -- Up-to-date: /home/wagwan/slambot_ws/install/slambot_firmware/share/slambot_firmware/local_setup.sh
[0.910s] -- Up-to-date: /home/wagwan/slambot_ws/install/slambot_firmware/share/slambot_firmware/local_setup.zsh
[0.910s] -- Up-to-date: /home/wagwan/slambot_ws/install/slambot_firmware/share/slambot_firmware/local_setup.dsv
[0.910s] -- Installing: /home/wagwan/slambot_ws/install/slambot_firmware/share/slambot_firmware/package.dsv
[0.911s] -- Up-to-date: /home/wagwan/slambot_ws/install/slambot_firmware/share/ament_index/resource_index/packages/slambot_firmware
[0.911s] -- Up-to-date: /home/wagwan/slambot_ws/install/slambot_firmware/share/ament_index/resource_index/hardware_interface__pluginlib__plugin/slambot_firmware
[0.911s] -- Up-to-date: /home/wagwan/slambot_ws/install/slambot_firmware/share/slambot_firmware/cmake/ament_cmake_export_include_directories-extras.cmake
[0.911s] -- Up-to-date: /home/wagwan/slambot_ws/install/slambot_firmware/share/slambot_firmware/cmake/ament_cmake_export_libraries-extras.cmake
[0.911s] -- Up-to-date: /home/wagwan/slambot_ws/install/slambot_firmware/share/slambot_firmware/cmake/ament_cmake_export_dependencies-extras.cmake
[0.911s] -- Up-to-date: /home/wagwan/slambot_ws/install/slambot_firmware/share/slambot_firmware/cmake/slambot_firmwareConfig.cmake
[0.911s] -- Up-to-date: /home/wagwan/slambot_ws/install/slambot_firmware/share/slambot_firmware/cmake/slambot_firmwareConfig-version.cmake
[0.911s] -- Up-to-date: /home/wagwan/slambot_ws/install/slambot_firmware/share/slambot_firmware/package.xml
[0.914s] Invoked command in '/home/wagwan/slambot_ws/build/slambot_firmware' returned '0': CMAKE_PREFIX_PATH=${CMAKE_PREFIX_PATH}:/opt/ros/jazzy /usr/bin/cmake --install /home/wagwan/slambot_ws/build/slambot_firmware
