[0.023s] Invoking command in '/home/wagwan/slambot_ws/build/slambot_bringup': CMAKE_PREFIX_PATH=${CMAKE_PREFIX_PATH}:/opt/ros/jazzy /usr/bin/cmake /home/wagwan/slambot_ws/src/slambot_bringup -DCMAKE_INSTALL_PREFIX=/home/wagwan/slambot_ws/install/slambot_bringup
[0.715s] -- The C compiler identification is GNU 13.2.0
[1.345s] -- The CXX compiler identification is GNU 13.2.0
[1.381s] -- Detecting C compiler ABI info
[1.632s] -- Detecting C compiler ABI info - done
[1.647s] -- Check for working C compiler: /usr/bin/cc - skipped
[1.650s] -- Detecting C compile features
[1.653s] -- Detecting C compile features - done
[1.671s] -- Detecting CXX compiler ABI info
[1.936s] -- Detecting CXX compiler ABI info - done
[1.951s] -- Check for working CXX compiler: /usr/bin/c++ - skipped
[1.952s] -- Detecting CXX compile features
[1.952s] -- Detecting CXX compile features - done
[1.964s] -- Found ament_cmake: 2.5.2 (/opt/ros/jazzy/share/ament_cmake/cmake)
[2.363s] -- Found Python3: /usr/bin/python3 (found version "3.12.3") found components: Interpreter 
[2.728s] -- Found ament_lint_auto: 0.17.1 (/opt/ros/jazzy/share/ament_lint_auto/cmake)
[3.002s] -- Added test 'flake8' to check Python code syntax and style conventions
[3.002s] -- Configured 'flake8' exclude dirs and/or files: 
[3.003s] -- Added test 'lint_cmake' to check CMake code style
[3.007s] -- Added test 'pep257' to check Python code against some of the docstring style conventions in PEP 257
[3.010s] -- Added test 'xmllint' to check XML markup files
[3.013s] -- Configuring done (3.0s)
[3.018s] -- Generating done (0.0s)
[3.022s] -- Build files have been written to: /home/wagwan/slambot_ws/build/slambot_bringup
[3.045s] Invoked command in '/home/wagwan/slambot_ws/build/slambot_bringup' returned '0': CMAKE_PREFIX_PATH=${CMAKE_PREFIX_PATH}:/opt/ros/jazzy /usr/bin/cmake /home/wagwan/slambot_ws/src/slambot_bringup -DCMAKE_INSTALL_PREFIX=/home/wagwan/slambot_ws/install/slambot_bringup
[3.045s] Invoking command in '/home/wagwan/slambot_ws/build/slambot_bringup': CMAKE_PREFIX_PATH=${CMAKE_PREFIX_PATH}:/opt/ros/jazzy /usr/bin/cmake --build /home/wagwan/slambot_ws/build/slambot_bringup -- -j4 -l4
[3.144s] Invoked command in '/home/wagwan/slambot_ws/build/slambot_bringup' returned '0': CMAKE_PREFIX_PATH=${CMAKE_PREFIX_PATH}:/opt/ros/jazzy /usr/bin/cmake --build /home/wagwan/slambot_ws/build/slambot_bringup -- -j4 -l4
[3.206s] Invoking command in '/home/wagwan/slambot_ws/build/slambot_bringup': CMAKE_PREFIX_PATH=${CMAKE_PREFIX_PATH}:/opt/ros/jazzy /usr/bin/cmake --install /home/wagwan/slambot_ws/build/slambot_bringup
[3.223s] -- Install configuration: ""
[3.225s] -- Installing: /home/wagwan/slambot_ws/install/slambot_bringup/share/slambot_bringup/launch
[3.225s] -- Installing: /home/wagwan/slambot_ws/install/slambot_bringup/share/slambot_bringup/launch/simulated_robot.launch.py
[3.225s] -- Installing: /home/wagwan/slambot_ws/install/slambot_bringup/share/slambot_bringup/launch/real_robot.launch.py
[3.228s] -- Installing: /home/wagwan/slambot_ws/install/slambot_bringup/share/ament_index/resource_index/package_run_dependencies/slambot_bringup
[3.228s] -- Installing: /home/wagwan/slambot_ws/install/slambot_bringup/share/ament_index/resource_index/parent_prefix_path/slambot_bringup
[3.229s] -- Installing: /home/wagwan/slambot_ws/install/slambot_bringup/share/slambot_bringup/environment/ament_prefix_path.sh
[3.229s] -- Installing: /home/wagwan/slambot_ws/install/slambot_bringup/share/slambot_bringup/environment/ament_prefix_path.dsv
[3.229s] -- Installing: /home/wagwan/slambot_ws/install/slambot_bringup/share/slambot_bringup/environment/path.sh
[3.229s] -- Installing: /home/wagwan/slambot_ws/install/slambot_bringup/share/slambot_bringup/environment/path.dsv
[3.229s] -- Installing: /home/wagwan/slambot_ws/install/slambot_bringup/share/slambot_bringup/local_setup.bash
[3.229s] -- Installing: /home/wagwan/slambot_ws/install/slambot_bringup/share/slambot_bringup/local_setup.sh
[3.230s] -- Installing: /home/wagwan/slambot_ws/install/slambot_bringup/share/slambot_bringup/local_setup.zsh
[3.231s] -- Installing: /home/wagwan/slambot_ws/install/slambot_bringup/share/slambot_bringup/local_setup.dsv
[3.231s] -- Installing: /home/wagwan/slambot_ws/install/slambot_bringup/share/slambot_bringup/package.dsv
[3.231s] -- Installing: /home/wagwan/slambot_ws/install/slambot_bringup/share/ament_index/resource_index/packages/slambot_bringup
[3.231s] -- Installing: /home/wagwan/slambot_ws/install/slambot_bringup/share/slambot_bringup/cmake/slambot_bringupConfig.cmake
[3.231s] -- Installing: /home/wagwan/slambot_ws/install/slambot_bringup/share/slambot_bringup/cmake/slambot_bringupConfig-version.cmake
[3.231s] -- Installing: /home/wagwan/slambot_ws/install/slambot_bringup/share/slambot_bringup/package.xml
[3.247s] Invoked command in '/home/wagwan/slambot_ws/build/slambot_bringup' returned '0': CMAKE_PREFIX_PATH=${CMAKE_PREFIX_PATH}:/opt/ros/jazzy /usr/bin/cmake --install /home/wagwan/slambot_ws/build/slambot_bringup
