[2.478s] DEBUG:colcon:Command line arguments: ['/usr/bin/colcon', 'build']
[2.478s] DEBUG:colcon:Parsed command line arguments: Namespace(log_base=None, log_level=None, verb_name='build', build_base='build', install_base='install', merge_install=False, symlink_install=False, test_result_base=None, continue_on_error=False, executor='parallel', parallel_workers=8, event_handlers=None, ignore_user_meta=False, metas=['./colcon.meta'], base_paths=['.'], packages_ignore=None, packages_ignore_regex=None, paths=None, packages_up_to=None, packages_up_to_regex=None, packages_above=None, packages_above_and_dependencies=None, packages_above_depth=None, packages_select_by_dep=None, packages_skip_by_dep=None, packages_skip_up_to=None, packages_select_build_failed=False, packages_skip_build_finished=False, packages_select_test_failures=False, packages_skip_test_passed=False, packages_select=None, packages_skip=None, packages_select_regex=None, packages_skip_regex=None, packages_start=None, packages_end=None, allow_overriding=[], cmake_args=None, cmake_target=None, cmake_target_skip_unavailable=False, cmake_clean_cache=False, cmake_clean_first=False, cmake_force_configure=False, ament_cmake_args=None, catkin_cmake_args=None, catkin_skip_building_tests=False, verb_parser=<colcon_defaults.argument_parser.defaults.DefaultArgumentsDecorator object at 0x7a5b20e3cbb0>, verb_extension=<colcon_core.verb.build.BuildVerb object at 0x7a5b20f41750>, main=<bound method BuildVerb.main of <colcon_core.verb.build.BuildVerb object at 0x7a5b20f41750>>)
[5.074s] Level 1:colcon.colcon_core.package_discovery:discover_packages(colcon_meta) check parameters
[5.074s] Level 1:colcon.colcon_core.package_discovery:discover_packages(recursive) check parameters
[5.074s] Level 1:colcon.colcon_core.package_discovery:discover_packages(ignore) check parameters
[5.074s] Level 1:colcon.colcon_core.package_discovery:discover_packages(path) check parameters
[5.074s] Level 1:colcon.colcon_core.package_discovery:discover_packages(colcon_meta) discover
[5.075s] Level 1:colcon.colcon_core.package_discovery:discover_packages(recursive) discover
[5.075s] INFO:colcon.colcon_core.package_discovery:Crawling recursively for packages in '/home/einstein/Desktop/ros2_control_Slambot'
[5.075s] Level 1:colcon.colcon_core.package_identification:_identify(.) by extensions ['ignore', 'ignore_ament_install']
[5.075s] Level 1:colcon.colcon_core.package_identification:_identify(.) by extension 'ignore'
[5.076s] Level 1:colcon.colcon_core.package_identification:_identify(.) by extension 'ignore_ament_install'
[5.076s] Level 1:colcon.colcon_core.package_identification:_identify(.) by extensions ['colcon_pkg']
[5.076s] Level 1:colcon.colcon_core.package_identification:_identify(.) by extension 'colcon_pkg'
[5.076s] Level 1:colcon.colcon_core.package_identification:_identify(.) by extensions ['colcon_meta']
[5.076s] Level 1:colcon.colcon_core.package_identification:_identify(.) by extension 'colcon_meta'
[5.076s] Level 1:colcon.colcon_core.package_identification:_identify(.) by extensions ['ros']
[5.076s] Level 1:colcon.colcon_core.package_identification:_identify(.) by extension 'ros'
[5.094s] Level 1:colcon.colcon_core.package_identification:_identify(.) by extensions ['cmake', 'python']
[5.094s] Level 1:colcon.colcon_core.package_identification:_identify(.) by extension 'cmake'
[5.094s] Level 1:colcon.colcon_core.package_identification:_identify(.) by extension 'python'
[5.094s] Level 1:colcon.colcon_core.package_identification:_identify(.) by extensions ['python_setup_py']
[5.094s] Level 1:colcon.colcon_core.package_identification:_identify(.) by extension 'python_setup_py'
[5.094s] Level 1:colcon.colcon_core.package_identification:_identify(build) by extensions ['ignore', 'ignore_ament_install']
[5.094s] Level 1:colcon.colcon_core.package_identification:_identify(build) by extension 'ignore'
[5.094s] Level 1:colcon.colcon_core.package_identification:_identify(build) ignored
[5.095s] Level 1:colcon.colcon_core.package_identification:_identify(install) by extensions ['ignore', 'ignore_ament_install']
[5.095s] Level 1:colcon.colcon_core.package_identification:_identify(install) by extension 'ignore'
[5.095s] Level 1:colcon.colcon_core.package_identification:_identify(install) ignored
[5.095s] Level 1:colcon.colcon_core.package_identification:_identify(log) by extensions ['ignore', 'ignore_ament_install']
[5.095s] Level 1:colcon.colcon_core.package_identification:_identify(log) by extension 'ignore'
[5.095s] Level 1:colcon.colcon_core.package_identification:_identify(log) ignored
[5.095s] Level 1:colcon.colcon_core.package_identification:_identify(src) by extensions ['ignore', 'ignore_ament_install']
[5.095s] Level 1:colcon.colcon_core.package_identification:_identify(src) by extension 'ignore'
[5.095s] Level 1:colcon.colcon_core.package_identification:_identify(src) by extension 'ignore_ament_install'
[5.095s] Level 1:colcon.colcon_core.package_identification:_identify(src) by extensions ['colcon_pkg']
[5.095s] Level 1:colcon.colcon_core.package_identification:_identify(src) by extension 'colcon_pkg'
[5.095s] Level 1:colcon.colcon_core.package_identification:_identify(src) by extensions ['colcon_meta']
[5.095s] Level 1:colcon.colcon_core.package_identification:_identify(src) by extension 'colcon_meta'
[5.095s] Level 1:colcon.colcon_core.package_identification:_identify(src) by extensions ['ros']
[5.095s] Level 1:colcon.colcon_core.package_identification:_identify(src) by extension 'ros'
[5.095s] Level 1:colcon.colcon_core.package_identification:_identify(src) by extensions ['cmake', 'python']
[5.095s] Level 1:colcon.colcon_core.package_identification:_identify(src) by extension 'cmake'
[5.095s] Level 1:colcon.colcon_core.package_identification:_identify(src) by extension 'python'
[5.095s] Level 1:colcon.colcon_core.package_identification:_identify(src) by extensions ['python_setup_py']
[5.096s] Level 1:colcon.colcon_core.package_identification:_identify(src) by extension 'python_setup_py'
[5.096s] Level 1:colcon.colcon_core.package_identification:_identify(src/ros2_ctrl_pkg) by extensions ['ignore', 'ignore_ament_install']
[5.096s] Level 1:colcon.colcon_core.package_identification:_identify(src/ros2_ctrl_pkg) by extension 'ignore'
[5.096s] Level 1:colcon.colcon_core.package_identification:_identify(src/ros2_ctrl_pkg) by extension 'ignore_ament_install'
[5.096s] Level 1:colcon.colcon_core.package_identification:_identify(src/ros2_ctrl_pkg) by extensions ['colcon_pkg']
[5.096s] Level 1:colcon.colcon_core.package_identification:_identify(src/ros2_ctrl_pkg) by extension 'colcon_pkg'
[5.096s] Level 1:colcon.colcon_core.package_identification:_identify(src/ros2_ctrl_pkg) by extensions ['colcon_meta']
[5.096s] Level 1:colcon.colcon_core.package_identification:_identify(src/ros2_ctrl_pkg) by extension 'colcon_meta'
[5.096s] Level 1:colcon.colcon_core.package_identification:_identify(src/ros2_ctrl_pkg) by extensions ['ros']
[5.096s] Level 1:colcon.colcon_core.package_identification:_identify(src/ros2_ctrl_pkg) by extension 'ros'
[5.097s] DEBUG:colcon.colcon_core.package_identification:Package 'src/ros2_ctrl_pkg' with type 'ros.ament_cmake' and name 'ros2_ctrl_pkg'
[5.098s] Level 1:colcon.colcon_core.package_identification:_identify(src/slambot_bringup) by extensions ['ignore', 'ignore_ament_install']
[5.098s] Level 1:colcon.colcon_core.package_identification:_identify(src/slambot_bringup) by extension 'ignore'
[5.098s] Level 1:colcon.colcon_core.package_identification:_identify(src/slambot_bringup) by extension 'ignore_ament_install'
[5.098s] Level 1:colcon.colcon_core.package_identification:_identify(src/slambot_bringup) by extensions ['colcon_pkg']
[5.098s] Level 1:colcon.colcon_core.package_identification:_identify(src/slambot_bringup) by extension 'colcon_pkg'
[5.098s] Level 1:colcon.colcon_core.package_identification:_identify(src/slambot_bringup) by extensions ['colcon_meta']
[5.098s] Level 1:colcon.colcon_core.package_identification:_identify(src/slambot_bringup) by extension 'colcon_meta'
[5.098s] Level 1:colcon.colcon_core.package_identification:_identify(src/slambot_bringup) by extensions ['ros']
[5.098s] Level 1:colcon.colcon_core.package_identification:_identify(src/slambot_bringup) by extension 'ros'
[5.109s] DEBUG:colcon.colcon_core.package_identification:Package 'src/slambot_bringup' with type 'ros.ament_cmake' and name 'slambot_bringup'
[5.109s] Level 1:colcon.colcon_core.package_identification:_identify(src/slambot_controller) by extensions ['ignore', 'ignore_ament_install']
[5.110s] Level 1:colcon.colcon_core.package_identification:_identify(src/slambot_controller) by extension 'ignore'
[5.110s] Level 1:colcon.colcon_core.package_identification:_identify(src/slambot_controller) by extension 'ignore_ament_install'
[5.110s] Level 1:colcon.colcon_core.package_identification:_identify(src/slambot_controller) by extensions ['colcon_pkg']
[5.110s] Level 1:colcon.colcon_core.package_identification:_identify(src/slambot_controller) by extension 'colcon_pkg'
[5.110s] Level 1:colcon.colcon_core.package_identification:_identify(src/slambot_controller) by extensions ['colcon_meta']
[5.110s] Level 1:colcon.colcon_core.package_identification:_identify(src/slambot_controller) by extension 'colcon_meta'
[5.110s] Level 1:colcon.colcon_core.package_identification:_identify(src/slambot_controller) by extensions ['ros']
[5.110s] Level 1:colcon.colcon_core.package_identification:_identify(src/slambot_controller) by extension 'ros'
[5.123s] DEBUG:colcon.colcon_core.package_identification:Package 'src/slambot_controller' with type 'ros.ament_cmake' and name 'slambot_controller'
[5.123s] Level 1:colcon.colcon_core.package_identification:_identify(src/slambot_description) by extensions ['ignore', 'ignore_ament_install']
[5.123s] Level 1:colcon.colcon_core.package_identification:_identify(src/slambot_description) by extension 'ignore'
[5.123s] Level 1:colcon.colcon_core.package_identification:_identify(src/slambot_description) by extension 'ignore_ament_install'
[5.123s] Level 1:colcon.colcon_core.package_identification:_identify(src/slambot_description) by extensions ['colcon_pkg']
[5.124s] Level 1:colcon.colcon_core.package_identification:_identify(src/slambot_description) by extension 'colcon_pkg'
[5.124s] Level 1:colcon.colcon_core.package_identification:_identify(src/slambot_description) by extensions ['colcon_meta']
[5.124s] Level 1:colcon.colcon_core.package_identification:_identify(src/slambot_description) by extension 'colcon_meta'
[5.124s] Level 1:colcon.colcon_core.package_identification:_identify(src/slambot_description) by extensions ['ros']
[5.124s] Level 1:colcon.colcon_core.package_identification:_identify(src/slambot_description) by extension 'ros'
[5.136s] DEBUG:colcon.colcon_core.package_identification:Package 'src/slambot_description' with type 'ros.ament_cmake' and name 'slambot_description'
[5.137s] Level 1:colcon.colcon_core.package_identification:_identify(src/slambot_firmware) by extensions ['ignore', 'ignore_ament_install']
[5.137s] Level 1:colcon.colcon_core.package_identification:_identify(src/slambot_firmware) by extension 'ignore'
[5.137s] Level 1:colcon.colcon_core.package_identification:_identify(src/slambot_firmware) by extension 'ignore_ament_install'
[5.137s] Level 1:colcon.colcon_core.package_identification:_identify(src/slambot_firmware) by extensions ['colcon_pkg']
[5.137s] Level 1:colcon.colcon_core.package_identification:_identify(src/slambot_firmware) by extension 'colcon_pkg'
[5.138s] Level 1:colcon.colcon_core.package_identification:_identify(src/slambot_firmware) by extensions ['colcon_meta']
[5.138s] Level 1:colcon.colcon_core.package_identification:_identify(src/slambot_firmware) by extension 'colcon_meta'
[5.138s] Level 1:colcon.colcon_core.package_identification:_identify(src/slambot_firmware) by extensions ['ros']
[5.138s] Level 1:colcon.colcon_core.package_identification:_identify(src/slambot_firmware) by extension 'ros'
[5.151s] DEBUG:colcon.colcon_core.package_identification:Package 'src/slambot_firmware' with type 'ros.ament_cmake' and name 'slambot_firmware'
[5.151s] Level 1:colcon.colcon_core.package_discovery:discover_packages(recursive) using defaults
[5.151s] Level 1:colcon.colcon_core.package_discovery:discover_packages(ignore) discover
[5.151s] Level 1:colcon.colcon_core.package_discovery:discover_packages(ignore) using defaults
[5.151s] Level 1:colcon.colcon_core.package_discovery:discover_packages(path) discover
[5.151s] Level 1:colcon.colcon_core.package_discovery:discover_packages(path) using defaults
[5.444s] Level 1:colcon.colcon_core.package_discovery:discover_packages(prefix_path) check parameters
[5.444s] Level 1:colcon.colcon_core.package_discovery:discover_packages(prefix_path) discover
[5.515s] DEBUG:colcon.colcon_installed_package_information.package_discovery:Found 426 installed packages in /opt/ros/humble
[5.532s] Level 1:colcon.colcon_core.package_discovery:discover_packages(prefix_path) using defaults
[5.623s] Level 5:colcon.colcon_core.verb:set package 'ros2_ctrl_pkg' build argument 'cmake_args' from command line to 'None'
[5.623s] Level 5:colcon.colcon_core.verb:set package 'ros2_ctrl_pkg' build argument 'cmake_target' from command line to 'None'
[5.623s] Level 5:colcon.colcon_core.verb:set package 'ros2_ctrl_pkg' build argument 'cmake_target_skip_unavailable' from command line to 'False'
[5.623s] Level 5:colcon.colcon_core.verb:set package 'ros2_ctrl_pkg' build argument 'cmake_clean_cache' from command line to 'False'
[5.623s] Level 5:colcon.colcon_core.verb:set package 'ros2_ctrl_pkg' build argument 'cmake_clean_first' from command line to 'False'
[5.623s] Level 5:colcon.colcon_core.verb:set package 'ros2_ctrl_pkg' build argument 'cmake_force_configure' from command line to 'False'
[5.623s] Level 5:colcon.colcon_core.verb:set package 'ros2_ctrl_pkg' build argument 'ament_cmake_args' from command line to 'None'
[5.623s] Level 5:colcon.colcon_core.verb:set package 'ros2_ctrl_pkg' build argument 'catkin_cmake_args' from command line to 'None'
[5.623s] Level 5:colcon.colcon_core.verb:set package 'ros2_ctrl_pkg' build argument 'catkin_skip_building_tests' from command line to 'False'
[5.623s] DEBUG:colcon.colcon_core.verb:Building package 'ros2_ctrl_pkg' with the following arguments: {'ament_cmake_args': None, 'build_base': '/home/einstein/Desktop/ros2_control_Slambot/build/ros2_ctrl_pkg', 'catkin_cmake_args': None, 'catkin_skip_building_tests': False, 'cmake_args': None, 'cmake_clean_cache': False, 'cmake_clean_first': False, 'cmake_force_configure': False, 'cmake_target': None, 'cmake_target_skip_unavailable': False, 'install_base': '/home/einstein/Desktop/ros2_control_Slambot/install/ros2_ctrl_pkg', 'merge_install': False, 'path': '/home/einstein/Desktop/ros2_control_Slambot/src/ros2_ctrl_pkg', 'symlink_install': False, 'test_result_base': None}
[5.623s] Level 5:colcon.colcon_core.verb:set package 'slambot_bringup' build argument 'cmake_args' from command line to 'None'
[5.624s] Level 5:colcon.colcon_core.verb:set package 'slambot_bringup' build argument 'cmake_target' from command line to 'None'
[5.624s] Level 5:colcon.colcon_core.verb:set package 'slambot_bringup' build argument 'cmake_target_skip_unavailable' from command line to 'False'
[5.624s] Level 5:colcon.colcon_core.verb:set package 'slambot_bringup' build argument 'cmake_clean_cache' from command line to 'False'
[5.624s] Level 5:colcon.colcon_core.verb:set package 'slambot_bringup' build argument 'cmake_clean_first' from command line to 'False'
[5.624s] Level 5:colcon.colcon_core.verb:set package 'slambot_bringup' build argument 'cmake_force_configure' from command line to 'False'
[5.624s] Level 5:colcon.colcon_core.verb:set package 'slambot_bringup' build argument 'ament_cmake_args' from command line to 'None'
[5.624s] Level 5:colcon.colcon_core.verb:set package 'slambot_bringup' build argument 'catkin_cmake_args' from command line to 'None'
[5.624s] Level 5:colcon.colcon_core.verb:set package 'slambot_bringup' build argument 'catkin_skip_building_tests' from command line to 'False'
[5.624s] DEBUG:colcon.colcon_core.verb:Building package 'slambot_bringup' with the following arguments: {'ament_cmake_args': None, 'build_base': '/home/einstein/Desktop/ros2_control_Slambot/build/slambot_bringup', 'catkin_cmake_args': None, 'catkin_skip_building_tests': False, 'cmake_args': None, 'cmake_clean_cache': False, 'cmake_clean_first': False, 'cmake_force_configure': False, 'cmake_target': None, 'cmake_target_skip_unavailable': False, 'install_base': '/home/einstein/Desktop/ros2_control_Slambot/install/slambot_bringup', 'merge_install': False, 'path': '/home/einstein/Desktop/ros2_control_Slambot/src/slambot_bringup', 'symlink_install': False, 'test_result_base': None}
[5.624s] Level 5:colcon.colcon_core.verb:set package 'slambot_controller' build argument 'cmake_args' from command line to 'None'
[5.624s] Level 5:colcon.colcon_core.verb:set package 'slambot_controller' build argument 'cmake_target' from command line to 'None'
[5.624s] Level 5:colcon.colcon_core.verb:set package 'slambot_controller' build argument 'cmake_target_skip_unavailable' from command line to 'False'
[5.624s] Level 5:colcon.colcon_core.verb:set package 'slambot_controller' build argument 'cmake_clean_cache' from command line to 'False'
[5.624s] Level 5:colcon.colcon_core.verb:set package 'slambot_controller' build argument 'cmake_clean_first' from command line to 'False'
[5.624s] Level 5:colcon.colcon_core.verb:set package 'slambot_controller' build argument 'cmake_force_configure' from command line to 'False'
[5.624s] Level 5:colcon.colcon_core.verb:set package 'slambot_controller' build argument 'ament_cmake_args' from command line to 'None'
[5.624s] Level 5:colcon.colcon_core.verb:set package 'slambot_controller' build argument 'catkin_cmake_args' from command line to 'None'
[5.624s] Level 5:colcon.colcon_core.verb:set package 'slambot_controller' build argument 'catkin_skip_building_tests' from command line to 'False'
[5.624s] DEBUG:colcon.colcon_core.verb:Building package 'slambot_controller' with the following arguments: {'ament_cmake_args': None, 'build_base': '/home/einstein/Desktop/ros2_control_Slambot/build/slambot_controller', 'catkin_cmake_args': None, 'catkin_skip_building_tests': False, 'cmake_args': None, 'cmake_clean_cache': False, 'cmake_clean_first': False, 'cmake_force_configure': False, 'cmake_target': None, 'cmake_target_skip_unavailable': False, 'install_base': '/home/einstein/Desktop/ros2_control_Slambot/install/slambot_controller', 'merge_install': False, 'path': '/home/einstein/Desktop/ros2_control_Slambot/src/slambot_controller', 'symlink_install': False, 'test_result_base': None}
[5.624s] Level 5:colcon.colcon_core.verb:set package 'slambot_description' build argument 'cmake_args' from command line to 'None'
[5.625s] Level 5:colcon.colcon_core.verb:set package 'slambot_description' build argument 'cmake_target' from command line to 'None'
[5.625s] Level 5:colcon.colcon_core.verb:set package 'slambot_description' build argument 'cmake_target_skip_unavailable' from command line to 'False'
[5.625s] Level 5:colcon.colcon_core.verb:set package 'slambot_description' build argument 'cmake_clean_cache' from command line to 'False'
[5.625s] Level 5:colcon.colcon_core.verb:set package 'slambot_description' build argument 'cmake_clean_first' from command line to 'False'
[5.625s] Level 5:colcon.colcon_core.verb:set package 'slambot_description' build argument 'cmake_force_configure' from command line to 'False'
[5.625s] Level 5:colcon.colcon_core.verb:set package 'slambot_description' build argument 'ament_cmake_args' from command line to 'None'
[5.625s] Level 5:colcon.colcon_core.verb:set package 'slambot_description' build argument 'catkin_cmake_args' from command line to 'None'
[5.625s] Level 5:colcon.colcon_core.verb:set package 'slambot_description' build argument 'catkin_skip_building_tests' from command line to 'False'
[5.625s] DEBUG:colcon.colcon_core.verb:Building package 'slambot_description' with the following arguments: {'ament_cmake_args': None, 'build_base': '/home/einstein/Desktop/ros2_control_Slambot/build/slambot_description', 'catkin_cmake_args': None, 'catkin_skip_building_tests': False, 'cmake_args': None, 'cmake_clean_cache': False, 'cmake_clean_first': False, 'cmake_force_configure': False, 'cmake_target': None, 'cmake_target_skip_unavailable': False, 'install_base': '/home/einstein/Desktop/ros2_control_Slambot/install/slambot_description', 'merge_install': False, 'path': '/home/einstein/Desktop/ros2_control_Slambot/src/slambot_description', 'symlink_install': False, 'test_result_base': None}
[5.625s] Level 5:colcon.colcon_core.verb:set package 'slambot_firmware' build argument 'cmake_args' from command line to 'None'
[5.625s] Level 5:colcon.colcon_core.verb:set package 'slambot_firmware' build argument 'cmake_target' from command line to 'None'
[5.625s] Level 5:colcon.colcon_core.verb:set package 'slambot_firmware' build argument 'cmake_target_skip_unavailable' from command line to 'False'
[5.625s] Level 5:colcon.colcon_core.verb:set package 'slambot_firmware' build argument 'cmake_clean_cache' from command line to 'False'
[5.625s] Level 5:colcon.colcon_core.verb:set package 'slambot_firmware' build argument 'cmake_clean_first' from command line to 'False'
[5.625s] Level 5:colcon.colcon_core.verb:set package 'slambot_firmware' build argument 'cmake_force_configure' from command line to 'False'
[5.625s] Level 5:colcon.colcon_core.verb:set package 'slambot_firmware' build argument 'ament_cmake_args' from command line to 'None'
[5.625s] Level 5:colcon.colcon_core.verb:set package 'slambot_firmware' build argument 'catkin_cmake_args' from command line to 'None'
[5.625s] Level 5:colcon.colcon_core.verb:set package 'slambot_firmware' build argument 'catkin_skip_building_tests' from command line to 'False'
[5.625s] DEBUG:colcon.colcon_core.verb:Building package 'slambot_firmware' with the following arguments: {'ament_cmake_args': None, 'build_base': '/home/einstein/Desktop/ros2_control_Slambot/build/slambot_firmware', 'catkin_cmake_args': None, 'catkin_skip_building_tests': False, 'cmake_args': None, 'cmake_clean_cache': False, 'cmake_clean_first': False, 'cmake_force_configure': False, 'cmake_target': None, 'cmake_target_skip_unavailable': False, 'install_base': '/home/einstein/Desktop/ros2_control_Slambot/install/slambot_firmware', 'merge_install': False, 'path': '/home/einstein/Desktop/ros2_control_Slambot/src/slambot_firmware', 'symlink_install': False, 'test_result_base': None}
[5.625s] INFO:colcon.colcon_core.executor:Executing jobs using 'parallel' executor
[5.626s] DEBUG:colcon.colcon_parallel_executor.executor.parallel:run_until_complete
[5.627s] INFO:colcon.colcon_ros.task.ament_cmake.build:Building ROS package in '/home/einstein/Desktop/ros2_control_Slambot/src/ros2_ctrl_pkg' with build type 'ament_cmake'
[5.627s] INFO:colcon.colcon_cmake.task.cmake.build:Building CMake package in '/home/einstein/Desktop/ros2_control_Slambot/src/ros2_ctrl_pkg'
[5.642s] INFO:colcon.colcon_core.plugin_system:Skipping extension 'colcon_core.shell.bat': Not used on non-Windows systems
[5.642s] INFO:colcon.colcon_core.shell:Skip shell extension 'powershell' for command environment: Not usable outside of PowerShell
[5.642s] DEBUG:colcon.colcon_core.shell:Skip shell extension 'dsv' for command environment
[5.656s] INFO:colcon.colcon_ros.task.ament_cmake.build:Building ROS package in '/home/einstein/Desktop/ros2_control_Slambot/src/slambot_bringup' with build type 'ament_cmake'
[5.656s] INFO:colcon.colcon_cmake.task.cmake.build:Building CMake package in '/home/einstein/Desktop/ros2_control_Slambot/src/slambot_bringup'
[5.656s] INFO:colcon.colcon_core.shell:Skip shell extension 'powershell' for command environment: Not usable outside of PowerShell
[5.656s] DEBUG:colcon.colcon_core.shell:Skip shell extension 'dsv' for command environment
[5.659s] INFO:colcon.colcon_ros.task.ament_cmake.build:Building ROS package in '/home/einstein/Desktop/ros2_control_Slambot/src/slambot_controller' with build type 'ament_cmake'
[5.660s] INFO:colcon.colcon_cmake.task.cmake.build:Building CMake package in '/home/einstein/Desktop/ros2_control_Slambot/src/slambot_controller'
[5.660s] INFO:colcon.colcon_core.shell:Skip shell extension 'powershell' for command environment: Not usable outside of PowerShell
[5.660s] DEBUG:colcon.colcon_core.shell:Skip shell extension 'dsv' for command environment
[5.662s] INFO:colcon.colcon_ros.task.ament_cmake.build:Building ROS package in '/home/einstein/Desktop/ros2_control_Slambot/src/slambot_description' with build type 'ament_cmake'
[5.663s] INFO:colcon.colcon_cmake.task.cmake.build:Building CMake package in '/home/einstein/Desktop/ros2_control_Slambot/src/slambot_description'
[5.663s] INFO:colcon.colcon_core.shell:Skip shell extension 'powershell' for command environment: Not usable outside of PowerShell
[5.663s] DEBUG:colcon.colcon_core.shell:Skip shell extension 'dsv' for command environment
[5.665s] INFO:colcon.colcon_ros.task.ament_cmake.build:Building ROS package in '/home/einstein/Desktop/ros2_control_Slambot/src/slambot_firmware' with build type 'ament_cmake'
[5.665s] INFO:colcon.colcon_cmake.task.cmake.build:Building CMake package in '/home/einstein/Desktop/ros2_control_Slambot/src/slambot_firmware'
[5.666s] INFO:colcon.colcon_core.shell:Skip shell extension 'powershell' for command environment: Not usable outside of PowerShell
[5.666s] DEBUG:colcon.colcon_core.shell:Skip shell extension 'dsv' for command environment
[5.682s] DEBUG:colcon.colcon_core.event_handler.log_command:Invoking command in '/home/einstein/Desktop/ros2_control_Slambot/build/ros2_ctrl_pkg': CMAKE_PREFIX_PATH=/opt/ros/humble /usr/bin/cmake --build /home/einstein/Desktop/ros2_control_Slambot/build/ros2_ctrl_pkg -- -j8 -l8
[5.733s] DEBUG:colcon.colcon_core.event_handler.log_command:Invoking command in '/home/einstein/Desktop/ros2_control_Slambot/build/slambot_bringup': CMAKE_PREFIX_PATH=/opt/ros/humble /usr/bin/cmake --build /home/einstein/Desktop/ros2_control_Slambot/build/slambot_bringup -- -j8 -l8
[5.748s] DEBUG:colcon.colcon_core.event_handler.log_command:Invoking command in '/home/einstein/Desktop/ros2_control_Slambot/build/slambot_controller': CMAKE_PREFIX_PATH=/opt/ros/humble /usr/bin/cmake --build /home/einstein/Desktop/ros2_control_Slambot/build/slambot_controller -- -j8 -l8
[5.764s] DEBUG:colcon.colcon_core.event_handler.log_command:Invoking command in '/home/einstein/Desktop/ros2_control_Slambot/build/slambot_description': CMAKE_PREFIX_PATH=/opt/ros/humble /usr/bin/cmake --build /home/einstein/Desktop/ros2_control_Slambot/build/slambot_description -- -j8 -l8
[5.778s] DEBUG:colcon.colcon_core.event_handler.log_command:Invoking command in '/home/einstein/Desktop/ros2_control_Slambot/build/slambot_firmware': CMAKE_PREFIX_PATH=/opt/ros/humble /usr/bin/cmake --build /home/einstein/Desktop/ros2_control_Slambot/build/slambot_firmware -- -j8 -l8
[5.799s] DEBUG:colcon.colcon_core.event_handler.log_command:Invoked command in '/home/einstein/Desktop/ros2_control_Slambot/build/ros2_ctrl_pkg' returned '0': CMAKE_PREFIX_PATH=/opt/ros/humble /usr/bin/cmake --build /home/einstein/Desktop/ros2_control_Slambot/build/ros2_ctrl_pkg -- -j8 -l8
[5.799s] DEBUG:colcon.colcon_core.event_handler.log_command:Invoked command in '/home/einstein/Desktop/ros2_control_Slambot/build/slambot_bringup' returned '0': CMAKE_PREFIX_PATH=/opt/ros/humble /usr/bin/cmake --build /home/einstein/Desktop/ros2_control_Slambot/build/slambot_bringup -- -j8 -l8
[5.821s] DEBUG:colcon.colcon_core.event_handler.log_command:Invoking command in '/home/einstein/Desktop/ros2_control_Slambot/build/slambot_bringup': CMAKE_PREFIX_PATH=/opt/ros/humble /usr/bin/cmake --install /home/einstein/Desktop/ros2_control_Slambot/build/slambot_bringup
[5.822s] DEBUG:colcon.colcon_core.event_handler.log_command:Invoking command in '/home/einstein/Desktop/ros2_control_Slambot/build/ros2_ctrl_pkg': CMAKE_PREFIX_PATH=/opt/ros/humble /usr/bin/cmake --install /home/einstein/Desktop/ros2_control_Slambot/build/ros2_ctrl_pkg
[5.823s] DEBUG:colcon.colcon_core.event_handler.log_command:Invoked command in '/home/einstein/Desktop/ros2_control_Slambot/build/slambot_description' returned '0': CMAKE_PREFIX_PATH=/opt/ros/humble /usr/bin/cmake --build /home/einstein/Desktop/ros2_control_Slambot/build/slambot_description -- -j8 -l8
[5.838s] DEBUG:colcon.colcon_core.event_handler.log_command:Invoking command in '/home/einstein/Desktop/ros2_control_Slambot/build/slambot_description': CMAKE_PREFIX_PATH=/opt/ros/humble /usr/bin/cmake --install /home/einstein/Desktop/ros2_control_Slambot/build/slambot_description
[5.845s] Level 1:colcon.colcon_core.environment:create_environment_scripts_only(slambot_bringup)
[5.845s] DEBUG:colcon.colcon_core.event_handler.log_command:Invoked command in '/home/einstein/Desktop/ros2_control_Slambot/build/slambot_bringup' returned '0': CMAKE_PREFIX_PATH=/opt/ros/humble /usr/bin/cmake --install /home/einstein/Desktop/ros2_control_Slambot/build/slambot_bringup
[5.869s] Level 1:colcon.colcon_core.environment:checking '/home/einstein/Desktop/ros2_control_Slambot/install/slambot_bringup' for CMake module files
[5.870s] Level 1:colcon.colcon_core.environment:checking '/home/einstein/Desktop/ros2_control_Slambot/install/slambot_bringup' for CMake config files
[5.870s] Level 1:colcon.colcon_core.shell:create_environment_hook('slambot_bringup', 'cmake_prefix_path')
[5.871s] INFO:colcon.colcon_core.shell:Creating environment hook '/home/einstein/Desktop/ros2_control_Slambot/install/slambot_bringup/share/slambot_bringup/hook/cmake_prefix_path.ps1'
[5.882s] INFO:colcon.colcon_core.shell:Creating environment descriptor '/home/einstein/Desktop/ros2_control_Slambot/install/slambot_bringup/share/slambot_bringup/hook/cmake_prefix_path.dsv'
[5.885s] INFO:colcon.colcon_core.shell:Creating environment hook '/home/einstein/Desktop/ros2_control_Slambot/install/slambot_bringup/share/slambot_bringup/hook/cmake_prefix_path.sh'
[5.889s] Level 1:colcon.colcon_core.environment:checking '/home/einstein/Desktop/ros2_control_Slambot/install/slambot_bringup/bin'
[5.889s] Level 1:colcon.colcon_core.environment:checking '/home/einstein/Desktop/ros2_control_Slambot/install/slambot_bringup/lib/pkgconfig/slambot_bringup.pc'
[5.890s] Level 1:colcon.colcon_core.environment:checking '/home/einstein/Desktop/ros2_control_Slambot/install/slambot_bringup/lib/python3.10/site-packages'
[5.890s] Level 1:colcon.colcon_core.environment:checking '/home/einstein/Desktop/ros2_control_Slambot/install/slambot_bringup/bin'
[5.890s] INFO:colcon.colcon_core.shell:Creating package script '/home/einstein/Desktop/ros2_control_Slambot/install/slambot_bringup/share/slambot_bringup/package.ps1'
[5.892s] INFO:colcon.colcon_core.shell:Creating package descriptor '/home/einstein/Desktop/ros2_control_Slambot/install/slambot_bringup/share/slambot_bringup/package.dsv'
[5.903s] INFO:colcon.colcon_core.shell:Creating package script '/home/einstein/Desktop/ros2_control_Slambot/install/slambot_bringup/share/slambot_bringup/package.sh'
[5.904s] INFO:colcon.colcon_core.shell:Creating package script '/home/einstein/Desktop/ros2_control_Slambot/install/slambot_bringup/share/slambot_bringup/package.bash'
[5.915s] INFO:colcon.colcon_core.shell:Creating package script '/home/einstein/Desktop/ros2_control_Slambot/install/slambot_bringup/share/slambot_bringup/package.zsh'
[5.927s] Level 1:colcon.colcon_core.environment:create_file_with_runtime_dependencies(/home/einstein/Desktop/ros2_control_Slambot/install/slambot_bringup/share/colcon-core/packages/slambot_bringup)
[5.929s] Level 1:colcon.colcon_core.environment:create_environment_scripts_only(ros2_ctrl_pkg)
[5.929s] Level 1:colcon.colcon_core.environment:checking '/home/einstein/Desktop/ros2_control_Slambot/install/ros2_ctrl_pkg' for CMake module files
[5.930s] DEBUG:colcon.colcon_core.event_handler.log_command:Invoked command in '/home/einstein/Desktop/ros2_control_Slambot/build/ros2_ctrl_pkg' returned '0': CMAKE_PREFIX_PATH=/opt/ros/humble /usr/bin/cmake --install /home/einstein/Desktop/ros2_control_Slambot/build/ros2_ctrl_pkg
[5.931s] Level 1:colcon.colcon_core.environment:checking '/home/einstein/Desktop/ros2_control_Slambot/install/ros2_ctrl_pkg' for CMake config files
[5.931s] Level 1:colcon.colcon_core.shell:create_environment_hook('ros2_ctrl_pkg', 'cmake_prefix_path')
[5.931s] INFO:colcon.colcon_core.shell:Creating environment hook '/home/einstein/Desktop/ros2_control_Slambot/install/ros2_ctrl_pkg/share/ros2_ctrl_pkg/hook/cmake_prefix_path.ps1'
[5.932s] INFO:colcon.colcon_core.shell:Creating environment descriptor '/home/einstein/Desktop/ros2_control_Slambot/install/ros2_ctrl_pkg/share/ros2_ctrl_pkg/hook/cmake_prefix_path.dsv'
[5.933s] INFO:colcon.colcon_core.shell:Creating environment hook '/home/einstein/Desktop/ros2_control_Slambot/install/ros2_ctrl_pkg/share/ros2_ctrl_pkg/hook/cmake_prefix_path.sh'
[5.933s] Level 1:colcon.colcon_core.environment:checking '/home/einstein/Desktop/ros2_control_Slambot/install/ros2_ctrl_pkg/bin'
[5.934s] Level 1:colcon.colcon_core.environment:checking '/home/einstein/Desktop/ros2_control_Slambot/install/ros2_ctrl_pkg/lib/pkgconfig/ros2_ctrl_pkg.pc'
[5.934s] Level 1:colcon.colcon_core.environment:checking '/home/einstein/Desktop/ros2_control_Slambot/install/ros2_ctrl_pkg/lib/python3.10/site-packages'
[5.934s] Level 1:colcon.colcon_core.environment:checking '/home/einstein/Desktop/ros2_control_Slambot/install/ros2_ctrl_pkg/bin'
[5.935s] INFO:colcon.colcon_core.shell:Creating package script '/home/einstein/Desktop/ros2_control_Slambot/install/ros2_ctrl_pkg/share/ros2_ctrl_pkg/package.ps1'
[5.935s] INFO:colcon.colcon_core.shell:Creating package descriptor '/home/einstein/Desktop/ros2_control_Slambot/install/ros2_ctrl_pkg/share/ros2_ctrl_pkg/package.dsv'
[5.936s] INFO:colcon.colcon_core.shell:Creating package script '/home/einstein/Desktop/ros2_control_Slambot/install/ros2_ctrl_pkg/share/ros2_ctrl_pkg/package.sh'
[5.938s] INFO:colcon.colcon_core.shell:Creating package script '/home/einstein/Desktop/ros2_control_Slambot/install/ros2_ctrl_pkg/share/ros2_ctrl_pkg/package.bash'
[5.938s] INFO:colcon.colcon_core.shell:Creating package script '/home/einstein/Desktop/ros2_control_Slambot/install/ros2_ctrl_pkg/share/ros2_ctrl_pkg/package.zsh'
[5.939s] Level 1:colcon.colcon_core.environment:create_file_with_runtime_dependencies(/home/einstein/Desktop/ros2_control_Slambot/install/ros2_ctrl_pkg/share/colcon-core/packages/ros2_ctrl_pkg)
[5.940s] Level 1:colcon.colcon_core.environment:create_environment_scripts_only(slambot_description)
[5.940s] Level 1:colcon.colcon_core.environment:checking '/home/einstein/Desktop/ros2_control_Slambot/install/slambot_description' for CMake module files
[5.941s] DEBUG:colcon.colcon_core.event_handler.log_command:Invoked command in '/home/einstein/Desktop/ros2_control_Slambot/build/slambot_description' returned '0': CMAKE_PREFIX_PATH=/opt/ros/humble /usr/bin/cmake --install /home/einstein/Desktop/ros2_control_Slambot/build/slambot_description
[5.941s] Level 1:colcon.colcon_core.environment:checking '/home/einstein/Desktop/ros2_control_Slambot/install/slambot_description' for CMake config files
[5.942s] Level 1:colcon.colcon_core.shell:create_environment_hook('slambot_description', 'cmake_prefix_path')
[5.942s] INFO:colcon.colcon_core.shell:Creating environment hook '/home/einstein/Desktop/ros2_control_Slambot/install/slambot_description/share/slambot_description/hook/cmake_prefix_path.ps1'
[5.943s] INFO:colcon.colcon_core.shell:Creating environment descriptor '/home/einstein/Desktop/ros2_control_Slambot/install/slambot_description/share/slambot_description/hook/cmake_prefix_path.dsv'
[5.943s] INFO:colcon.colcon_core.shell:Creating environment hook '/home/einstein/Desktop/ros2_control_Slambot/install/slambot_description/share/slambot_description/hook/cmake_prefix_path.sh'
[5.943s] Level 1:colcon.colcon_core.environment:checking '/home/einstein/Desktop/ros2_control_Slambot/install/slambot_description/bin'
[5.944s] Level 1:colcon.colcon_core.environment:checking '/home/einstein/Desktop/ros2_control_Slambot/install/slambot_description/lib/pkgconfig/slambot_description.pc'
[5.944s] Level 1:colcon.colcon_core.environment:checking '/home/einstein/Desktop/ros2_control_Slambot/install/slambot_description/lib/python3.10/site-packages'
[5.944s] Level 1:colcon.colcon_core.environment:checking '/home/einstein/Desktop/ros2_control_Slambot/install/slambot_description/bin'
[5.944s] INFO:colcon.colcon_core.shell:Creating package script '/home/einstein/Desktop/ros2_control_Slambot/install/slambot_description/share/slambot_description/package.ps1'
[5.945s] INFO:colcon.colcon_core.shell:Creating package descriptor '/home/einstein/Desktop/ros2_control_Slambot/install/slambot_description/share/slambot_description/package.dsv'
[5.945s] INFO:colcon.colcon_core.shell:Creating package script '/home/einstein/Desktop/ros2_control_Slambot/install/slambot_description/share/slambot_description/package.sh'
[5.946s] INFO:colcon.colcon_core.shell:Creating package script '/home/einstein/Desktop/ros2_control_Slambot/install/slambot_description/share/slambot_description/package.bash'
[5.954s] INFO:colcon.colcon_core.shell:Creating package script '/home/einstein/Desktop/ros2_control_Slambot/install/slambot_description/share/slambot_description/package.zsh'
[5.954s] Level 1:colcon.colcon_core.environment:create_file_with_runtime_dependencies(/home/einstein/Desktop/ros2_control_Slambot/install/slambot_description/share/colcon-core/packages/slambot_description)
[5.955s] DEBUG:colcon.colcon_core.event_handler.log_command:Invoked command in '/home/einstein/Desktop/ros2_control_Slambot/build/slambot_firmware' returned '0': CMAKE_PREFIX_PATH=/opt/ros/humble /usr/bin/cmake --build /home/einstein/Desktop/ros2_control_Slambot/build/slambot_firmware -- -j8 -l8
[5.956s] DEBUG:colcon.colcon_core.event_handler.log_command:Invoked command in '/home/einstein/Desktop/ros2_control_Slambot/build/slambot_controller' returned '0': CMAKE_PREFIX_PATH=/opt/ros/humble /usr/bin/cmake --build /home/einstein/Desktop/ros2_control_Slambot/build/slambot_controller -- -j8 -l8
[5.958s] Level 1:colcon.colcon_core.environment:create_environment_scripts_only(slambot_bringup)
[5.959s] Level 1:colcon.colcon_core.environment:checking '/home/einstein/Desktop/ros2_control_Slambot/install/slambot_bringup' for CMake module files
[5.959s] Level 1:colcon.colcon_core.environment:checking '/home/einstein/Desktop/ros2_control_Slambot/install/slambot_bringup' for CMake config files
[5.959s] Level 1:colcon.colcon_core.shell:create_environment_hook('slambot_bringup', 'cmake_prefix_path')
[5.960s] INFO:colcon.colcon_core.shell:Creating environment hook '/home/einstein/Desktop/ros2_control_Slambot/install/slambot_bringup/share/slambot_bringup/hook/cmake_prefix_path.ps1'
[5.960s] INFO:colcon.colcon_core.shell:Creating environment descriptor '/home/einstein/Desktop/ros2_control_Slambot/install/slambot_bringup/share/slambot_bringup/hook/cmake_prefix_path.dsv'
[5.961s] INFO:colcon.colcon_core.shell:Creating environment hook '/home/einstein/Desktop/ros2_control_Slambot/install/slambot_bringup/share/slambot_bringup/hook/cmake_prefix_path.sh'
[5.961s] Level 1:colcon.colcon_core.environment:checking '/home/einstein/Desktop/ros2_control_Slambot/install/slambot_bringup/bin'
[5.961s] Level 1:colcon.colcon_core.environment:checking '/home/einstein/Desktop/ros2_control_Slambot/install/slambot_bringup/lib/pkgconfig/slambot_bringup.pc'
[5.962s] Level 1:colcon.colcon_core.environment:checking '/home/einstein/Desktop/ros2_control_Slambot/install/slambot_bringup/lib/python3.10/site-packages'
[5.962s] Level 1:colcon.colcon_core.environment:checking '/home/einstein/Desktop/ros2_control_Slambot/install/slambot_bringup/bin'
[5.962s] INFO:colcon.colcon_core.shell:Creating package script '/home/einstein/Desktop/ros2_control_Slambot/install/slambot_bringup/share/slambot_bringup/package.ps1'
[5.963s] INFO:colcon.colcon_core.shell:Creating package descriptor '/home/einstein/Desktop/ros2_control_Slambot/install/slambot_bringup/share/slambot_bringup/package.dsv'
[5.963s] INFO:colcon.colcon_core.shell:Creating package script '/home/einstein/Desktop/ros2_control_Slambot/install/slambot_bringup/share/slambot_bringup/package.sh'
[5.964s] INFO:colcon.colcon_core.shell:Creating package script '/home/einstein/Desktop/ros2_control_Slambot/install/slambot_bringup/share/slambot_bringup/package.bash'
[5.972s] INFO:colcon.colcon_core.shell:Creating package script '/home/einstein/Desktop/ros2_control_Slambot/install/slambot_bringup/share/slambot_bringup/package.zsh'
[5.972s] Level 1:colcon.colcon_core.environment:create_file_with_runtime_dependencies(/home/einstein/Desktop/ros2_control_Slambot/install/slambot_bringup/share/colcon-core/packages/slambot_bringup)
[5.972s] Level 1:colcon.colcon_core.environment:create_environment_scripts_only(ros2_ctrl_pkg)
[5.973s] Level 1:colcon.colcon_core.environment:checking '/home/einstein/Desktop/ros2_control_Slambot/install/ros2_ctrl_pkg' for CMake module files
[5.973s] Level 1:colcon.colcon_core.environment:checking '/home/einstein/Desktop/ros2_control_Slambot/install/ros2_ctrl_pkg' for CMake config files
[5.973s] Level 1:colcon.colcon_core.shell:create_environment_hook('ros2_ctrl_pkg', 'cmake_prefix_path')
[5.973s] INFO:colcon.colcon_core.shell:Creating environment hook '/home/einstein/Desktop/ros2_control_Slambot/install/ros2_ctrl_pkg/share/ros2_ctrl_pkg/hook/cmake_prefix_path.ps1'
[5.974s] INFO:colcon.colcon_core.shell:Creating environment descriptor '/home/einstein/Desktop/ros2_control_Slambot/install/ros2_ctrl_pkg/share/ros2_ctrl_pkg/hook/cmake_prefix_path.dsv'
[5.974s] INFO:colcon.colcon_core.shell:Creating environment hook '/home/einstein/Desktop/ros2_control_Slambot/install/ros2_ctrl_pkg/share/ros2_ctrl_pkg/hook/cmake_prefix_path.sh'
[5.974s] Level 1:colcon.colcon_core.environment:checking '/home/einstein/Desktop/ros2_control_Slambot/install/ros2_ctrl_pkg/bin'
[5.975s] Level 1:colcon.colcon_core.environment:checking '/home/einstein/Desktop/ros2_control_Slambot/install/ros2_ctrl_pkg/lib/pkgconfig/ros2_ctrl_pkg.pc'
[5.975s] Level 1:colcon.colcon_core.environment:checking '/home/einstein/Desktop/ros2_control_Slambot/install/ros2_ctrl_pkg/lib/python3.10/site-packages'
[5.975s] Level 1:colcon.colcon_core.environment:checking '/home/einstein/Desktop/ros2_control_Slambot/install/ros2_ctrl_pkg/bin'
[5.975s] INFO:colcon.colcon_core.shell:Creating package script '/home/einstein/Desktop/ros2_control_Slambot/install/ros2_ctrl_pkg/share/ros2_ctrl_pkg/package.ps1'
[5.975s] INFO:colcon.colcon_core.shell:Creating package descriptor '/home/einstein/Desktop/ros2_control_Slambot/install/ros2_ctrl_pkg/share/ros2_ctrl_pkg/package.dsv'
[5.976s] INFO:colcon.colcon_core.shell:Creating package script '/home/einstein/Desktop/ros2_control_Slambot/install/ros2_ctrl_pkg/share/ros2_ctrl_pkg/package.sh'
[5.984s] INFO:colcon.colcon_core.shell:Creating package script '/home/einstein/Desktop/ros2_control_Slambot/install/ros2_ctrl_pkg/share/ros2_ctrl_pkg/package.bash'
[5.985s] INFO:colcon.colcon_core.shell:Creating package script '/home/einstein/Desktop/ros2_control_Slambot/install/ros2_ctrl_pkg/share/ros2_ctrl_pkg/package.zsh'
[5.985s] Level 1:colcon.colcon_core.environment:create_file_with_runtime_dependencies(/home/einstein/Desktop/ros2_control_Slambot/install/ros2_ctrl_pkg/share/colcon-core/packages/ros2_ctrl_pkg)
[5.986s] Level 1:colcon.colcon_core.environment:create_environment_scripts_only(slambot_description)
[5.987s] Level 1:colcon.colcon_core.environment:checking '/home/einstein/Desktop/ros2_control_Slambot/install/slambot_description' for CMake module files
[5.987s] Level 1:colcon.colcon_core.environment:checking '/home/einstein/Desktop/ros2_control_Slambot/install/slambot_description' for CMake config files
[5.987s] Level 1:colcon.colcon_core.shell:create_environment_hook('slambot_description', 'cmake_prefix_path')
[5.987s] INFO:colcon.colcon_core.shell:Creating environment hook '/home/einstein/Desktop/ros2_control_Slambot/install/slambot_description/share/slambot_description/hook/cmake_prefix_path.ps1'
[5.988s] INFO:colcon.colcon_core.shell:Creating environment descriptor '/home/einstein/Desktop/ros2_control_Slambot/install/slambot_description/share/slambot_description/hook/cmake_prefix_path.dsv'
[5.988s] INFO:colcon.colcon_core.shell:Creating environment hook '/home/einstein/Desktop/ros2_control_Slambot/install/slambot_description/share/slambot_description/hook/cmake_prefix_path.sh'
[5.988s] Level 1:colcon.colcon_core.environment:checking '/home/einstein/Desktop/ros2_control_Slambot/install/slambot_description/bin'
[5.988s] Level 1:colcon.colcon_core.environment:checking '/home/einstein/Desktop/ros2_control_Slambot/install/slambot_description/lib/pkgconfig/slambot_description.pc'
[5.988s] Level 1:colcon.colcon_core.environment:checking '/home/einstein/Desktop/ros2_control_Slambot/install/slambot_description/lib/python3.10/site-packages'
[5.988s] Level 1:colcon.colcon_core.environment:checking '/home/einstein/Desktop/ros2_control_Slambot/install/slambot_description/bin'
[5.989s] INFO:colcon.colcon_core.shell:Creating package script '/home/einstein/Desktop/ros2_control_Slambot/install/slambot_description/share/slambot_description/package.ps1'
[5.996s] INFO:colcon.colcon_core.shell:Creating package descriptor '/home/einstein/Desktop/ros2_control_Slambot/install/slambot_description/share/slambot_description/package.dsv'
[5.997s] INFO:colcon.colcon_core.shell:Creating package script '/home/einstein/Desktop/ros2_control_Slambot/install/slambot_description/share/slambot_description/package.sh'
[5.997s] INFO:colcon.colcon_core.shell:Creating package script '/home/einstein/Desktop/ros2_control_Slambot/install/slambot_description/share/slambot_description/package.bash'
[5.998s] INFO:colcon.colcon_core.shell:Creating package script '/home/einstein/Desktop/ros2_control_Slambot/install/slambot_description/share/slambot_description/package.zsh'
[5.998s] Level 1:colcon.colcon_core.environment:create_file_with_runtime_dependencies(/home/einstein/Desktop/ros2_control_Slambot/install/slambot_description/share/colcon-core/packages/slambot_description)
[6.000s] DEBUG:colcon.colcon_core.event_handler.log_command:Invoking command in '/home/einstein/Desktop/ros2_control_Slambot/build/slambot_controller': CMAKE_PREFIX_PATH=/opt/ros/humble /usr/bin/cmake --install /home/einstein/Desktop/ros2_control_Slambot/build/slambot_controller
[6.001s] DEBUG:colcon.colcon_core.event_handler.log_command:Invoking command in '/home/einstein/Desktop/ros2_control_Slambot/build/slambot_firmware': CMAKE_PREFIX_PATH=/opt/ros/humble /usr/bin/cmake --install /home/einstein/Desktop/ros2_control_Slambot/build/slambot_firmware
[6.016s] Level 1:colcon.colcon_core.environment:create_environment_scripts_only(slambot_controller)
[6.017s] Level 1:colcon.colcon_core.environment:checking '/home/einstein/Desktop/ros2_control_Slambot/install/slambot_controller' for CMake module files
[6.017s] DEBUG:colcon.colcon_core.event_handler.log_command:Invoked command in '/home/einstein/Desktop/ros2_control_Slambot/build/slambot_controller' returned '0': CMAKE_PREFIX_PATH=/opt/ros/humble /usr/bin/cmake --install /home/einstein/Desktop/ros2_control_Slambot/build/slambot_controller
[6.017s] Level 1:colcon.colcon_core.environment:checking '/home/einstein/Desktop/ros2_control_Slambot/install/slambot_controller' for CMake config files
[6.018s] Level 1:colcon.colcon_core.shell:create_environment_hook('slambot_controller', 'cmake_prefix_path')
[6.018s] INFO:colcon.colcon_core.shell:Creating environment hook '/home/einstein/Desktop/ros2_control_Slambot/install/slambot_controller/share/slambot_controller/hook/cmake_prefix_path.ps1'
[6.018s] INFO:colcon.colcon_core.shell:Creating environment descriptor '/home/einstein/Desktop/ros2_control_Slambot/install/slambot_controller/share/slambot_controller/hook/cmake_prefix_path.dsv'
[6.018s] INFO:colcon.colcon_core.shell:Creating environment hook '/home/einstein/Desktop/ros2_control_Slambot/install/slambot_controller/share/slambot_controller/hook/cmake_prefix_path.sh'
[6.019s] Level 1:colcon.colcon_core.environment:checking '/home/einstein/Desktop/ros2_control_Slambot/install/slambot_controller/lib'
[6.019s] Level 1:colcon.colcon_core.environment:checking '/home/einstein/Desktop/ros2_control_Slambot/install/slambot_controller/bin'
[6.019s] Level 1:colcon.colcon_core.environment:checking '/home/einstein/Desktop/ros2_control_Slambot/install/slambot_controller/lib/pkgconfig/slambot_controller.pc'
[6.019s] Level 1:colcon.colcon_core.environment:checking '/home/einstein/Desktop/ros2_control_Slambot/install/slambot_controller/lib/python3.10/site-packages'
[6.019s] Level 1:colcon.colcon_core.environment:checking '/home/einstein/Desktop/ros2_control_Slambot/install/slambot_controller/bin'
[6.020s] INFO:colcon.colcon_core.shell:Creating package script '/home/einstein/Desktop/ros2_control_Slambot/install/slambot_controller/share/slambot_controller/package.ps1'
[6.020s] INFO:colcon.colcon_core.shell:Creating package descriptor '/home/einstein/Desktop/ros2_control_Slambot/install/slambot_controller/share/slambot_controller/package.dsv'
[6.020s] INFO:colcon.colcon_core.shell:Creating package script '/home/einstein/Desktop/ros2_control_Slambot/install/slambot_controller/share/slambot_controller/package.sh'
[6.021s] INFO:colcon.colcon_core.shell:Creating package script '/home/einstein/Desktop/ros2_control_Slambot/install/slambot_controller/share/slambot_controller/package.bash'
[6.022s] INFO:colcon.colcon_core.shell:Creating package script '/home/einstein/Desktop/ros2_control_Slambot/install/slambot_controller/share/slambot_controller/package.zsh'
[6.022s] Level 1:colcon.colcon_core.environment:create_file_with_runtime_dependencies(/home/einstein/Desktop/ros2_control_Slambot/install/slambot_controller/share/colcon-core/packages/slambot_controller)
[6.023s] Level 1:colcon.colcon_core.environment:create_environment_scripts_only(slambot_firmware)
[6.024s] Level 1:colcon.colcon_core.environment:checking '/home/einstein/Desktop/ros2_control_Slambot/install/slambot_firmware' for CMake module files
[6.024s] DEBUG:colcon.colcon_core.event_handler.log_command:Invoked command in '/home/einstein/Desktop/ros2_control_Slambot/build/slambot_firmware' returned '0': CMAKE_PREFIX_PATH=/opt/ros/humble /usr/bin/cmake --install /home/einstein/Desktop/ros2_control_Slambot/build/slambot_firmware
[6.024s] Level 1:colcon.colcon_core.environment:checking '/home/einstein/Desktop/ros2_control_Slambot/install/slambot_firmware' for CMake config files
[6.024s] Level 1:colcon.colcon_core.shell:create_environment_hook('slambot_firmware', 'cmake_prefix_path')
[6.025s] INFO:colcon.colcon_core.shell:Creating environment hook '/home/einstein/Desktop/ros2_control_Slambot/install/slambot_firmware/share/slambot_firmware/hook/cmake_prefix_path.ps1'
[6.025s] INFO:colcon.colcon_core.shell:Creating environment descriptor '/home/einstein/Desktop/ros2_control_Slambot/install/slambot_firmware/share/slambot_firmware/hook/cmake_prefix_path.dsv'
[6.025s] INFO:colcon.colcon_core.shell:Creating environment hook '/home/einstein/Desktop/ros2_control_Slambot/install/slambot_firmware/share/slambot_firmware/hook/cmake_prefix_path.sh'
[6.026s] Level 1:colcon.colcon_core.environment:checking '/home/einstein/Desktop/ros2_control_Slambot/install/slambot_firmware/lib'
[6.026s] Level 1:colcon.colcon_core.shell:create_environment_hook('slambot_firmware', 'ld_library_path_lib')
[6.026s] INFO:colcon.colcon_core.shell:Creating environment hook '/home/einstein/Desktop/ros2_control_Slambot/install/slambot_firmware/share/slambot_firmware/hook/ld_library_path_lib.ps1'
[6.026s] INFO:colcon.colcon_core.shell:Creating environment descriptor '/home/einstein/Desktop/ros2_control_Slambot/install/slambot_firmware/share/slambot_firmware/hook/ld_library_path_lib.dsv'
[6.026s] INFO:colcon.colcon_core.shell:Creating environment hook '/home/einstein/Desktop/ros2_control_Slambot/install/slambot_firmware/share/slambot_firmware/hook/ld_library_path_lib.sh'
[6.027s] Level 1:colcon.colcon_core.environment:checking '/home/einstein/Desktop/ros2_control_Slambot/install/slambot_firmware/bin'
[6.027s] Level 1:colcon.colcon_core.environment:checking '/home/einstein/Desktop/ros2_control_Slambot/install/slambot_firmware/lib/pkgconfig/slambot_firmware.pc'
[6.027s] Level 1:colcon.colcon_core.environment:checking '/home/einstein/Desktop/ros2_control_Slambot/install/slambot_firmware/lib/python3.10/site-packages'
[6.027s] Level 1:colcon.colcon_core.environment:checking '/home/einstein/Desktop/ros2_control_Slambot/install/slambot_firmware/bin'
[6.027s] INFO:colcon.colcon_core.shell:Creating package script '/home/einstein/Desktop/ros2_control_Slambot/install/slambot_firmware/share/slambot_firmware/package.ps1'
[6.036s] INFO:colcon.colcon_core.shell:Creating package descriptor '/home/einstein/Desktop/ros2_control_Slambot/install/slambot_firmware/share/slambot_firmware/package.dsv'
[6.037s] INFO:colcon.colcon_core.shell:Creating package script '/home/einstein/Desktop/ros2_control_Slambot/install/slambot_firmware/share/slambot_firmware/package.sh'
[6.037s] INFO:colcon.colcon_core.shell:Creating package script '/home/einstein/Desktop/ros2_control_Slambot/install/slambot_firmware/share/slambot_firmware/package.bash'
[6.037s] INFO:colcon.colcon_core.shell:Creating package script '/home/einstein/Desktop/ros2_control_Slambot/install/slambot_firmware/share/slambot_firmware/package.zsh'
[6.038s] Level 1:colcon.colcon_core.environment:create_file_with_runtime_dependencies(/home/einstein/Desktop/ros2_control_Slambot/install/slambot_firmware/share/colcon-core/packages/slambot_firmware)
[6.039s] Level 1:colcon.colcon_core.environment:create_environment_scripts_only(slambot_controller)
[6.039s] Level 1:colcon.colcon_core.environment:checking '/home/einstein/Desktop/ros2_control_Slambot/install/slambot_controller' for CMake module files
[6.039s] Level 1:colcon.colcon_core.environment:checking '/home/einstein/Desktop/ros2_control_Slambot/install/slambot_controller' for CMake config files
[6.040s] Level 1:colcon.colcon_core.shell:create_environment_hook('slambot_controller', 'cmake_prefix_path')
[6.040s] INFO:colcon.colcon_core.shell:Creating environment hook '/home/einstein/Desktop/ros2_control_Slambot/install/slambot_controller/share/slambot_controller/hook/cmake_prefix_path.ps1'
[6.040s] INFO:colcon.colcon_core.shell:Creating environment descriptor '/home/einstein/Desktop/ros2_control_Slambot/install/slambot_controller/share/slambot_controller/hook/cmake_prefix_path.dsv'
[6.040s] INFO:colcon.colcon_core.shell:Creating environment hook '/home/einstein/Desktop/ros2_control_Slambot/install/slambot_controller/share/slambot_controller/hook/cmake_prefix_path.sh'
[6.041s] Level 1:colcon.colcon_core.environment:checking '/home/einstein/Desktop/ros2_control_Slambot/install/slambot_controller/lib'
[6.041s] Level 1:colcon.colcon_core.environment:checking '/home/einstein/Desktop/ros2_control_Slambot/install/slambot_controller/bin'
[6.041s] Level 1:colcon.colcon_core.environment:checking '/home/einstein/Desktop/ros2_control_Slambot/install/slambot_controller/lib/pkgconfig/slambot_controller.pc'
[6.041s] Level 1:colcon.colcon_core.environment:checking '/home/einstein/Desktop/ros2_control_Slambot/install/slambot_controller/lib/python3.10/site-packages'
[6.041s] Level 1:colcon.colcon_core.environment:checking '/home/einstein/Desktop/ros2_control_Slambot/install/slambot_controller/bin'
[6.041s] INFO:colcon.colcon_core.shell:Creating package script '/home/einstein/Desktop/ros2_control_Slambot/install/slambot_controller/share/slambot_controller/package.ps1'
[6.042s] INFO:colcon.colcon_core.shell:Creating package descriptor '/home/einstein/Desktop/ros2_control_Slambot/install/slambot_controller/share/slambot_controller/package.dsv'
[6.042s] INFO:colcon.colcon_core.shell:Creating package script '/home/einstein/Desktop/ros2_control_Slambot/install/slambot_controller/share/slambot_controller/package.sh'
[6.042s] INFO:colcon.colcon_core.shell:Creating package script '/home/einstein/Desktop/ros2_control_Slambot/install/slambot_controller/share/slambot_controller/package.bash'
[6.051s] INFO:colcon.colcon_core.shell:Creating package script '/home/einstein/Desktop/ros2_control_Slambot/install/slambot_controller/share/slambot_controller/package.zsh'
[6.052s] Level 1:colcon.colcon_core.environment:create_file_with_runtime_dependencies(/home/einstein/Desktop/ros2_control_Slambot/install/slambot_controller/share/colcon-core/packages/slambot_controller)
[6.059s] Level 1:colcon.colcon_core.environment:create_environment_scripts_only(slambot_firmware)
[6.060s] Level 1:colcon.colcon_core.environment:checking '/home/einstein/Desktop/ros2_control_Slambot/install/slambot_firmware' for CMake module files
[6.060s] Level 1:colcon.colcon_core.environment:checking '/home/einstein/Desktop/ros2_control_Slambot/install/slambot_firmware' for CMake config files
[6.060s] Level 1:colcon.colcon_core.shell:create_environment_hook('slambot_firmware', 'cmake_prefix_path')
[6.060s] INFO:colcon.colcon_core.shell:Creating environment hook '/home/einstein/Desktop/ros2_control_Slambot/install/slambot_firmware/share/slambot_firmware/hook/cmake_prefix_path.ps1'
[6.061s] INFO:colcon.colcon_core.shell:Creating environment descriptor '/home/einstein/Desktop/ros2_control_Slambot/install/slambot_firmware/share/slambot_firmware/hook/cmake_prefix_path.dsv'
[6.061s] INFO:colcon.colcon_core.shell:Creating environment hook '/home/einstein/Desktop/ros2_control_Slambot/install/slambot_firmware/share/slambot_firmware/hook/cmake_prefix_path.sh'
[6.061s] Level 1:colcon.colcon_core.environment:checking '/home/einstein/Desktop/ros2_control_Slambot/install/slambot_firmware/lib'
[6.061s] Level 1:colcon.colcon_core.shell:create_environment_hook('slambot_firmware', 'ld_library_path_lib')
[6.061s] INFO:colcon.colcon_core.shell:Creating environment hook '/home/einstein/Desktop/ros2_control_Slambot/install/slambot_firmware/share/slambot_firmware/hook/ld_library_path_lib.ps1'
[6.062s] INFO:colcon.colcon_core.shell:Creating environment descriptor '/home/einstein/Desktop/ros2_control_Slambot/install/slambot_firmware/share/slambot_firmware/hook/ld_library_path_lib.dsv'
[6.062s] INFO:colcon.colcon_core.shell:Creating environment hook '/home/einstein/Desktop/ros2_control_Slambot/install/slambot_firmware/share/slambot_firmware/hook/ld_library_path_lib.sh'
[6.062s] Level 1:colcon.colcon_core.environment:checking '/home/einstein/Desktop/ros2_control_Slambot/install/slambot_firmware/bin'
[6.062s] Level 1:colcon.colcon_core.environment:checking '/home/einstein/Desktop/ros2_control_Slambot/install/slambot_firmware/lib/pkgconfig/slambot_firmware.pc'
[6.062s] Level 1:colcon.colcon_core.environment:checking '/home/einstein/Desktop/ros2_control_Slambot/install/slambot_firmware/lib/python3.10/site-packages'
[6.062s] Level 1:colcon.colcon_core.environment:checking '/home/einstein/Desktop/ros2_control_Slambot/install/slambot_firmware/bin'
[6.063s] INFO:colcon.colcon_core.shell:Creating package script '/home/einstein/Desktop/ros2_control_Slambot/install/slambot_firmware/share/slambot_firmware/package.ps1'
[6.072s] INFO:colcon.colcon_core.shell:Creating package descriptor '/home/einstein/Desktop/ros2_control_Slambot/install/slambot_firmware/share/slambot_firmware/package.dsv'
[6.072s] INFO:colcon.colcon_core.shell:Creating package script '/home/einstein/Desktop/ros2_control_Slambot/install/slambot_firmware/share/slambot_firmware/package.sh'
[6.073s] INFO:colcon.colcon_core.shell:Creating package script '/home/einstein/Desktop/ros2_control_Slambot/install/slambot_firmware/share/slambot_firmware/package.bash'
[6.073s] INFO:colcon.colcon_core.shell:Creating package script '/home/einstein/Desktop/ros2_control_Slambot/install/slambot_firmware/share/slambot_firmware/package.zsh'
[6.074s] Level 1:colcon.colcon_core.environment:create_file_with_runtime_dependencies(/home/einstein/Desktop/ros2_control_Slambot/install/slambot_firmware/share/colcon-core/packages/slambot_firmware)
[6.074s] DEBUG:colcon.colcon_parallel_executor.executor.parallel:closing loop
[6.074s] DEBUG:colcon.colcon_parallel_executor.executor.parallel:loop closed
[6.074s] DEBUG:colcon.colcon_parallel_executor.executor.parallel:run_until_complete finished with '0'
[6.074s] DEBUG:colcon.colcon_core.event_reactor:joining thread
[6.090s] INFO:colcon.colcon_core.plugin_system:Skipping extension 'colcon_notification.desktop_notification.terminal_notifier': Not used on non-Darwin systems
[6.090s] INFO:colcon.colcon_core.plugin_system:Skipping extension 'colcon_notification.desktop_notification.win32': Not used on non-Windows systems
[6.090s] INFO:colcon.colcon_notification.desktop_notification:Sending desktop notification using 'notify2'
[6.101s] DEBUG:colcon.colcon_core.event_reactor:joined thread
[6.101s] INFO:colcon.colcon_core.shell:Creating prefix script '/home/einstein/Desktop/ros2_control_Slambot/install/local_setup.ps1'
[6.110s] INFO:colcon.colcon_core.shell:Creating prefix util module '/home/einstein/Desktop/ros2_control_Slambot/install/_local_setup_util_ps1.py'
[6.113s] INFO:colcon.colcon_core.shell:Creating prefix chain script '/home/einstein/Desktop/ros2_control_Slambot/install/setup.ps1'
[6.124s] INFO:colcon.colcon_core.shell:Creating prefix script '/home/einstein/Desktop/ros2_control_Slambot/install/local_setup.sh'
[6.135s] INFO:colcon.colcon_core.shell:Creating prefix util module '/home/einstein/Desktop/ros2_control_Slambot/install/_local_setup_util_sh.py'
[6.136s] INFO:colcon.colcon_core.shell:Creating prefix chain script '/home/einstein/Desktop/ros2_control_Slambot/install/setup.sh'
[6.150s] INFO:colcon.colcon_core.shell:Creating prefix script '/home/einstein/Desktop/ros2_control_Slambot/install/local_setup.bash'
[6.161s] INFO:colcon.colcon_core.shell:Creating prefix chain script '/home/einstein/Desktop/ros2_control_Slambot/install/setup.bash'
[6.173s] INFO:colcon.colcon_core.shell:Creating prefix script '/home/einstein/Desktop/ros2_control_Slambot/install/local_setup.zsh'
[6.185s] INFO:colcon.colcon_core.shell:Creating prefix chain script '/home/einstein/Desktop/ros2_control_Slambot/install/setup.zsh'
