[0.025s] Invoking command in '/home/wagwan/slambot_ws/build/slambot_description': CMAKE_PREFIX_PATH=${CMAKE_PREFIX_PATH}:/opt/ros/jazzy /usr/bin/cmake /home/wagwan/slambot_ws/src/slambot_description -DCMAKE_INSTALL_PREFIX=/home/wagwan/slambot_ws/install/slambot_description
[0.706s] -- The C compiler identification is GNU 13.2.0
[1.335s] -- The CXX compiler identification is GNU 13.2.0
[1.371s] -- Detecting C compiler ABI info
[1.625s] -- Detecting C compiler ABI info - done
[1.640s] -- Check for working C compiler: /usr/bin/cc - skipped
[1.642s] -- Detecting C compile features
[1.642s] -- Detecting C compile features - done
[1.661s] -- Detecting CXX compiler ABI info
[1.926s] -- Detecting CXX compiler ABI info - done
[1.940s] -- Check for working CXX compiler: /usr/bin/c++ - skipped
[1.941s] -- Detecting CXX compile features
[1.941s] -- Detecting CXX compile features - done
[1.954s] -- Found ament_cmake: 2.5.2 (/opt/ros/jazzy/share/ament_cmake/cmake)
[2.353s] -- Found Python3: /usr/bin/python3 (found version "3.12.3") found components: Interpreter 
[2.719s] -- Found urdf: 2.10.0 (/opt/ros/jazzy/share/urdf/cmake)
[2.819s] -- Found TinyXML2 via Config file: /usr/lib/aarch64-linux-gnu/cmake/tinyxml2
[3.082s] -- Configuring done (3.0s)
[3.089s] -- Generating done (0.0s)
[3.090s] -- Build files have been written to: /home/wagwan/slambot_ws/build/slambot_description
[3.112s] Invoked command in '/home/wagwan/slambot_ws/build/slambot_description' returned '0': CMAKE_PREFIX_PATH=${CMAKE_PREFIX_PATH}:/opt/ros/jazzy /usr/bin/cmake /home/wagwan/slambot_ws/src/slambot_description -DCMAKE_INSTALL_PREFIX=/home/wagwan/slambot_ws/install/slambot_description
[3.112s] Invoking command in '/home/wagwan/slambot_ws/build/slambot_description': CMAKE_PREFIX_PATH=${CMAKE_PREFIX_PATH}:/opt/ros/jazzy /usr/bin/cmake --build /home/wagwan/slambot_ws/build/slambot_description -- -j4 -l4
[3.202s] Invoked command in '/home/wagwan/slambot_ws/build/slambot_description' returned '0': CMAKE_PREFIX_PATH=${CMAKE_PREFIX_PATH}:/opt/ros/jazzy /usr/bin/cmake --build /home/wagwan/slambot_ws/build/slambot_description -- -j4 -l4
[3.250s] Invoking command in '/home/wagwan/slambot_ws/build/slambot_description': CMAKE_PREFIX_PATH=${CMAKE_PREFIX_PATH}:/opt/ros/jazzy /usr/bin/cmake --install /home/wagwan/slambot_ws/build/slambot_description
[3.270s] -- Install configuration: ""
[3.270s] -- Installing: /home/wagwan/slambot_ws/install/slambot_description/share/slambot_description/meshes
[3.270s] -- Installing: /home/wagwan/slambot_ws/install/slambot_description/share/slambot_description/meshes/85mm_Wheel_v1_1.stl
[3.301s] -- Installing: /home/wagwan/slambot_ws/install/slambot_description/share/slambot_description/meshes/EYE_BALL_CASTOR_SOCKS_Circular_Aesthetic _2.stl
[3.301s] -- Installing: /home/wagwan/slambot_ws/install/slambot_description/share/slambot_description/meshes/RC_coupling_v1_2.stl
[3.304s] -- Installing: /home/wagwan/slambot_ws/install/slambot_description/share/slambot_description/meshes/Caster_40mm_Swivel_plate_v1_2.stl
[3.305s] -- Installing: /home/wagwan/slambot_ws/install/slambot_description/share/slambot_description/meshes/Top2BottomSupport_v1_4.stl
[3.306s] -- Installing: /home/wagwan/slambot_ws/install/slambot_description/share/slambot_description/meshes/base_link.stl
[3.306s] -- Installing: /home/wagwan/slambot_ws/install/slambot_description/share/slambot_description/meshes/Top2BottomSupport_v1_2.stl
[3.306s] -- Installing: /home/wagwan/slambot_ws/install/slambot_description/share/slambot_description/meshes/EYE_BALL_CASTOR_SOCKS_Circular_Aesthetic _1.stl
[3.311s] -- Installing: /home/wagwan/slambot_ws/install/slambot_description/share/slambot_description/meshes/Caster_40mm_Wheel_support_v1_1.stl
[3.311s] -- Installing: /home/wagwan/slambot_ws/install/slambot_description/share/slambot_description/meshes/Caster Ball Wheel v1 _2.stl
[3.311s] -- Installing: /home/wagwan/slambot_ws/install/slambot_description/share/slambot_description/meshes/Top2BottomSupport_v1_3.stl
[3.311s] -- Installing: /home/wagwan/slambot_ws/install/slambot_description/share/slambot_description/meshes/RC_coupling_v1_1.stl
[3.313s] -- Installing: /home/wagwan/slambot_ws/install/slambot_description/share/slambot_description/meshes/Caster_40mm_Wheel_support_v1_2.stl
[3.315s] -- Installing: /home/wagwan/slambot_ws/install/slambot_description/share/slambot_description/meshes/Motor_GM25-370_v1_1.stl
[3.317s] -- Installing: /home/wagwan/slambot_ws/install/slambot_description/share/slambot_description/meshes/Top2BottomSupport_v1_1.stl
[3.317s] -- Installing: /home/wagwan/slambot_ws/install/slambot_description/share/slambot_description/meshes/CastorWheel_Socks_v3_1.stl
[3.317s] -- Installing: /home/wagwan/slambot_ws/install/slambot_description/share/slambot_description/meshes/Caster_40mm_Wheel_30mm_v1_1.stl
[3.317s] -- Installing: /home/wagwan/slambot_ws/install/slambot_description/share/slambot_description/meshes/Caster Ball Wheel v1_1.stl
[3.320s] -- Installing: /home/wagwan/slambot_ws/install/slambot_description/share/slambot_description/meshes/Caster_40mm_Swivel_plate_v1_1.stl
[3.321s] -- Installing: /home/wagwan/slambot_ws/install/slambot_description/share/slambot_description/meshes/Caster_40mm_Wheel_30mm_v1_2.stl
[3.321s] -- Installing: /home/wagwan/slambot_ws/install/slambot_description/share/slambot_description/meshes/Top_v1_1.stl
[3.321s] -- Installing: /home/wagwan/slambot_ws/install/slambot_description/share/slambot_description/meshes/Motor_Bracket_v1_1.stl
[3.322s] -- Installing: /home/wagwan/slambot_ws/install/slambot_description/share/slambot_description/meshes/85mm_Wheel_v1_2.stl
[3.351s] -- Installing: /home/wagwan/slambot_ws/install/slambot_description/share/slambot_description/meshes/Motor_GM25-370_v1_2.stl
[3.352s] -- Installing: /home/wagwan/slambot_ws/install/slambot_description/share/slambot_description/meshes/20V_Battery_Holder_v1_1.stl
[3.353s] -- Installing: /home/wagwan/slambot_ws/install/slambot_description/share/slambot_description/meshes/lidarBase_v2_1.stl
[3.353s] -- Installing: /home/wagwan/slambot_ws/install/slambot_description/share/slambot_description/meshes/CastorWheel_Socks_v3_2.stl
[3.354s] -- Installing: /home/wagwan/slambot_ws/install/slambot_description/share/slambot_description/meshes/Motor_Bracket_v1_2.stl
[3.354s] -- Installing: /home/wagwan/slambot_ws/install/slambot_description/share/slambot_description/meshes/LidarTop_v1_1.stl
[3.354s] -- Installing: /home/wagwan/slambot_ws/install/slambot_description/share/slambot_description/meshes_version_2
[3.354s] -- Installing: /home/wagwan/slambot_ws/install/slambot_description/share/slambot_description/meshes_version_2/Base_Link.stl
[3.369s] -- Installing: /home/wagwan/slambot_ws/install/slambot_description/share/slambot_description/meshes_version_2/85mm_Wheel.stl
[3.402s] -- Installing: /home/wagwan/slambot_ws/install/slambot_description/share/slambot_description/meshes_version_2/MPU60501.stl
[3.404s] -- Installing: /home/wagwan/slambot_ws/install/slambot_description/share/slambot_description/meshes_version_2/Eye_Ball.stl
[3.405s] -- Installing: /home/wagwan/slambot_ws/install/slambot_description/share/slambot_description/meshes_version_2/LidarTop.stl
[3.405s] -- Installing: /home/wagwan/slambot_ws/install/slambot_description/share/slambot_description/meshes_version_2/MPU6050.stl
[3.406s] -- Installing: /home/wagwan/slambot_ws/install/slambot_description/share/slambot_description/meshes_version_2/ROBOT_ASSEMBLY.stl
[3.421s] -- Installing: /home/wagwan/slambot_ws/install/slambot_description/share/slambot_description/urdf
[3.421s] -- Installing: /home/wagwan/slambot_ws/install/slambot_description/share/slambot_description/urdf/bot_core.xacro
[3.421s] -- Installing: /home/wagwan/slambot_ws/install/slambot_description/share/slambot_description/urdf/lidar.xacro
[3.421s] -- Installing: /home/wagwan/slambot_ws/install/slambot_description/share/slambot_description/urdf/pentaslam.urdf.xacro
[3.421s] -- Installing: /home/wagwan/slambot_ws/install/slambot_description/share/slambot_description/urdf/gazebo_control.xacro
[3.422s] -- Installing: /home/wagwan/slambot_ws/install/slambot_description/share/slambot_description/urdf/bot.trans
[3.422s] -- Installing: /home/wagwan/slambot_ws/install/slambot_description/share/slambot_description/urdf/pentaslam_ros2_control.xacro
[3.422s] -- Installing: /home/wagwan/slambot_ws/install/slambot_description/share/slambot_description/urdf/slambot_gazebo.xacro
[3.423s] -- Installing: /home/wagwan/slambot_ws/install/slambot_description/share/slambot_description/urdf/slambot.urdf.xacro
[3.423s] -- Installing: /home/wagwan/slambot_ws/install/slambot_description/share/slambot_description/urdf/materials.xacro
[3.423s] -- Installing: /home/wagwan/slambot_ws/install/slambot_description/share/slambot_description/urdf/slambot_ros2_control.xacro
[3.423s] -- Installing: /home/wagwan/slambot_ws/install/slambot_description/share/slambot_description/urdf/pentaslam_gazebo.xacro
[3.423s] -- Installing: /home/wagwan/slambot_ws/install/slambot_description/share/slambot_description/launch
[3.423s] -- Installing: /home/wagwan/slambot_ws/install/slambot_description/share/slambot_description/launch/display.launch.py
[3.423s] -- Installing: /home/wagwan/slambot_ws/install/slambot_description/share/slambot_description/launch/gazebo.launch.py
[3.424s] -- Up-to-date: /home/wagwan/slambot_ws/install/slambot_description/share/slambot_description/urdf
[3.424s] -- Up-to-date: /home/wagwan/slambot_ws/install/slambot_description/share/slambot_description/urdf/bot_core.xacro
[3.424s] -- Up-to-date: /home/wagwan/slambot_ws/install/slambot_description/share/slambot_description/urdf/lidar.xacro
[3.424s] -- Up-to-date: /home/wagwan/slambot_ws/install/slambot_description/share/slambot_description/urdf/pentaslam.urdf.xacro
[3.424s] -- Up-to-date: /home/wagwan/slambot_ws/install/slambot_description/share/slambot_description/urdf/gazebo_control.xacro
[3.424s] -- Up-to-date: /home/wagwan/slambot_ws/install/slambot_description/share/slambot_description/urdf/bot.trans
[3.424s] -- Up-to-date: /home/wagwan/slambot_ws/install/slambot_description/share/slambot_description/urdf/pentaslam_ros2_control.xacro
[3.424s] -- Up-to-date: /home/wagwan/slambot_ws/install/slambot_description/share/slambot_description/urdf/slambot_gazebo.xacro
[3.424s] -- Up-to-date: /home/wagwan/slambot_ws/install/slambot_description/share/slambot_description/urdf/slambot.urdf.xacro
[3.424s] -- Up-to-date: /home/wagwan/slambot_ws/install/slambot_description/share/slambot_description/urdf/materials.xacro
[3.425s] -- Up-to-date: /home/wagwan/slambot_ws/install/slambot_description/share/slambot_description/urdf/slambot_ros2_control.xacro
[3.425s] -- Up-to-date: /home/wagwan/slambot_ws/install/slambot_description/share/slambot_description/urdf/pentaslam_gazebo.xacro
[3.425s] -- Installing: /home/wagwan/slambot_ws/install/slambot_description/share/slambot_description/rviz
[3.425s] -- Installing: /home/wagwan/slambot_ws/install/slambot_description/share/slambot_description/rviz/display.rviz
[3.425s] -- Installing: /home/wagwan/slambot_ws/install/slambot_description/share/ament_index/resource_index/package_run_dependencies/slambot_description
[3.425s] -- Installing: /home/wagwan/slambot_ws/install/slambot_description/share/ament_index/resource_index/parent_prefix_path/slambot_description
[3.425s] -- Installing: /home/wagwan/slambot_ws/install/slambot_description/share/slambot_description/environment/ament_prefix_path.sh
[3.425s] -- Installing: /home/wagwan/slambot_ws/install/slambot_description/share/slambot_description/environment/ament_prefix_path.dsv
[3.426s] -- Installing: /home/wagwan/slambot_ws/install/slambot_description/share/slambot_description/environment/path.sh
[3.426s] -- Installing: /home/wagwan/slambot_ws/install/slambot_description/share/slambot_description/environment/path.dsv
[3.426s] -- Installing: /home/wagwan/slambot_ws/install/slambot_description/share/slambot_description/local_setup.bash
[3.426s] -- Installing: /home/wagwan/slambot_ws/install/slambot_description/share/slambot_description/local_setup.sh
[3.426s] -- Installing: /home/wagwan/slambot_ws/install/slambot_description/share/slambot_description/local_setup.zsh
[3.426s] -- Installing: /home/wagwan/slambot_ws/install/slambot_description/share/slambot_description/local_setup.dsv
[3.427s] -- Installing: /home/wagwan/slambot_ws/install/slambot_description/share/slambot_description/package.dsv
[3.427s] -- Installing: /home/wagwan/slambot_ws/install/slambot_description/share/ament_index/resource_index/packages/slambot_description
[3.427s] -- Installing: /home/wagwan/slambot_ws/install/slambot_description/share/slambot_description/cmake/slambot_descriptionConfig.cmake
[3.427s] -- Installing: /home/wagwan/slambot_ws/install/slambot_description/share/slambot_description/cmake/slambot_descriptionConfig-version.cmake
[3.427s] -- Installing: /home/wagwan/slambot_ws/install/slambot_description/share/slambot_description/package.xml
[3.431s] Invoked command in '/home/wagwan/slambot_ws/build/slambot_description' returned '0': CMAKE_PREFIX_PATH=${CMAKE_PREFIX_PATH}:/opt/ros/jazzy /usr/bin/cmake --install /home/wagwan/slambot_ws/build/slambot_description
