[0.141s] DEBUG:colcon:Command line arguments: ['/usr/bin/colcon', 'build']
[0.142s] DEBUG:colcon:Parsed command line arguments: Namespace(log_base=None, log_level=None, verb_name='build', build_base='build', install_base='install', merge_install=False, symlink_install=False, test_result_base=None, continue_on_error=False, executor='parallel', parallel_workers=4, event_handlers=None, ignore_user_meta=False, metas=['./colcon.meta'], base_paths=['.'], packages_ignore=None, packages_ignore_regex=None, paths=None, packages_up_to=None, packages_up_to_regex=None, packages_above=None, packages_above_and_dependencies=None, packages_above_depth=None, packages_select_by_dep=None, packages_skip_by_dep=None, packages_skip_up_to=None, packages_select_build_failed=False, packages_skip_build_finished=False, packages_select_test_failures=False, packages_skip_test_passed=False, packages_select=None, packages_skip=None, packages_select_regex=None, packages_skip_regex=None, packages_start=None, packages_end=None, allow_overriding=[], cmake_args=None, cmake_target=None, cmake_target_skip_unavailable=False, cmake_clean_cache=False, cmake_clean_first=False, cmake_force_configure=False, ament_cmake_args=None, catkin_cmake_args=None, catkin_skip_building_tests=False, mixin_files=None, mixin=None, verb_parser=<colcon_mixin.mixin.mixin_argument.MixinArgumentDecorator object at 0xffff811c8770>, verb_extension=<colcon_core.verb.build.BuildVerb object at 0xffff8134f740>, main=<bound method BuildVerb.main of <colcon_core.verb.build.BuildVerb object at 0xffff8134f740>>, mixin_verb=('build',))
[0.191s] Level 1:colcon.colcon_core.package_discovery:discover_packages(colcon_meta) check parameters
[0.191s] Level 1:colcon.colcon_core.package_discovery:discover_packages(recursive) check parameters
[0.191s] Level 1:colcon.colcon_core.package_discovery:discover_packages(ignore) check parameters
[0.191s] Level 1:colcon.colcon_core.package_discovery:discover_packages(path) check parameters
[0.191s] Level 1:colcon.colcon_core.package_discovery:discover_packages(colcon_meta) discover
[0.191s] Level 1:colcon.colcon_core.package_discovery:discover_packages(recursive) discover
[0.191s] INFO:colcon.colcon_core.package_discovery:Crawling recursively for packages in '/home/wagwan/slambot_ws'
[0.192s] Level 1:colcon.colcon_core.package_identification:_identify(.) by extensions ['ignore', 'ignore_ament_install']
[0.192s] Level 1:colcon.colcon_core.package_identification:_identify(.) by extension 'ignore'
[0.192s] Level 1:colcon.colcon_core.package_identification:_identify(.) by extension 'ignore_ament_install'
[0.192s] Level 1:colcon.colcon_core.package_identification:_identify(.) by extensions ['colcon_pkg']
[0.192s] Level 1:colcon.colcon_core.package_identification:_identify(.) by extension 'colcon_pkg'
[0.192s] Level 1:colcon.colcon_core.package_identification:_identify(.) by extensions ['colcon_meta']
[0.192s] Level 1:colcon.colcon_core.package_identification:_identify(.) by extension 'colcon_meta'
[0.192s] Level 1:colcon.colcon_core.package_identification:_identify(.) by extensions ['ros']
[0.192s] Level 1:colcon.colcon_core.package_identification:_identify(.) by extension 'ros'
[0.230s] Level 1:colcon.colcon_core.package_identification:_identify(.) by extensions ['cmake', 'python']
[0.230s] Level 1:colcon.colcon_core.package_identification:_identify(.) by extension 'cmake'
[0.230s] Level 1:colcon.colcon_core.package_identification:_identify(.) by extension 'python'
[0.230s] Level 1:colcon.colcon_core.package_identification:_identify(.) by extensions ['python_setup_py']
[0.230s] Level 1:colcon.colcon_core.package_identification:_identify(.) by extension 'python_setup_py'
[0.230s] Level 1:colcon.colcon_core.package_identification:_identify(build) by extensions ['ignore', 'ignore_ament_install']
[0.230s] Level 1:colcon.colcon_core.package_identification:_identify(build) by extension 'ignore'
[0.230s] Level 1:colcon.colcon_core.package_identification:_identify(build) ignored
[0.231s] Level 1:colcon.colcon_core.package_identification:_identify(install) by extensions ['ignore', 'ignore_ament_install']
[0.231s] Level 1:colcon.colcon_core.package_identification:_identify(install) by extension 'ignore'
[0.231s] Level 1:colcon.colcon_core.package_identification:_identify(install) ignored
[0.231s] Level 1:colcon.colcon_core.package_identification:_identify(log) by extensions ['ignore', 'ignore_ament_install']
[0.231s] Level 1:colcon.colcon_core.package_identification:_identify(log) by extension 'ignore'
[0.231s] Level 1:colcon.colcon_core.package_identification:_identify(log) ignored
[0.231s] Level 1:colcon.colcon_core.package_identification:_identify(src) by extensions ['ignore', 'ignore_ament_install']
[0.231s] Level 1:colcon.colcon_core.package_identification:_identify(src) by extension 'ignore'
[0.231s] Level 1:colcon.colcon_core.package_identification:_identify(src) by extension 'ignore_ament_install'
[0.231s] Level 1:colcon.colcon_core.package_identification:_identify(src) by extensions ['colcon_pkg']
[0.231s] Level 1:colcon.colcon_core.package_identification:_identify(src) by extension 'colcon_pkg'
[0.231s] Level 1:colcon.colcon_core.package_identification:_identify(src) by extensions ['colcon_meta']
[0.232s] Level 1:colcon.colcon_core.package_identification:_identify(src) by extension 'colcon_meta'
[0.232s] Level 1:colcon.colcon_core.package_identification:_identify(src) by extensions ['ros']
[0.232s] Level 1:colcon.colcon_core.package_identification:_identify(src) by extension 'ros'
[0.232s] Level 1:colcon.colcon_core.package_identification:_identify(src) by extensions ['cmake', 'python']
[0.232s] Level 1:colcon.colcon_core.package_identification:_identify(src) by extension 'cmake'
[0.232s] Level 1:colcon.colcon_core.package_identification:_identify(src) by extension 'python'
[0.232s] Level 1:colcon.colcon_core.package_identification:_identify(src) by extensions ['python_setup_py']
[0.232s] Level 1:colcon.colcon_core.package_identification:_identify(src) by extension 'python_setup_py'
[0.232s] Level 1:colcon.colcon_core.package_identification:_identify(src/slambot_bringup) by extensions ['ignore', 'ignore_ament_install']
[0.232s] Level 1:colcon.colcon_core.package_identification:_identify(src/slambot_bringup) by extension 'ignore'
[0.232s] Level 1:colcon.colcon_core.package_identification:_identify(src/slambot_bringup) by extension 'ignore_ament_install'
[0.232s] Level 1:colcon.colcon_core.package_identification:_identify(src/slambot_bringup) by extensions ['colcon_pkg']
[0.232s] Level 1:colcon.colcon_core.package_identification:_identify(src/slambot_bringup) by extension 'colcon_pkg'
[0.232s] Level 1:colcon.colcon_core.package_identification:_identify(src/slambot_bringup) by extensions ['colcon_meta']
[0.232s] Level 1:colcon.colcon_core.package_identification:_identify(src/slambot_bringup) by extension 'colcon_meta'
[0.232s] Level 1:colcon.colcon_core.package_identification:_identify(src/slambot_bringup) by extensions ['ros']
[0.232s] Level 1:colcon.colcon_core.package_identification:_identify(src/slambot_bringup) by extension 'ros'
[0.235s] DEBUG:colcon.colcon_core.package_identification:Package 'src/slambot_bringup' with type 'ros.ament_cmake' and name 'slambot_bringup'
[0.236s] Level 1:colcon.colcon_core.package_identification:_identify(src/slambot_controller) by extensions ['ignore', 'ignore_ament_install']
[0.236s] Level 1:colcon.colcon_core.package_identification:_identify(src/slambot_controller) by extension 'ignore'
[0.236s] Level 1:colcon.colcon_core.package_identification:_identify(src/slambot_controller) by extension 'ignore_ament_install'
[0.236s] Level 1:colcon.colcon_core.package_identification:_identify(src/slambot_controller) by extensions ['colcon_pkg']
[0.236s] Level 1:colcon.colcon_core.package_identification:_identify(src/slambot_controller) by extension 'colcon_pkg'
[0.236s] Level 1:colcon.colcon_core.package_identification:_identify(src/slambot_controller) by extensions ['colcon_meta']
[0.236s] Level 1:colcon.colcon_core.package_identification:_identify(src/slambot_controller) by extension 'colcon_meta'
[0.236s] Level 1:colcon.colcon_core.package_identification:_identify(src/slambot_controller) by extensions ['ros']
[0.236s] Level 1:colcon.colcon_core.package_identification:_identify(src/slambot_controller) by extension 'ros'
[0.237s] DEBUG:colcon.colcon_core.package_identification:Package 'src/slambot_controller' with type 'ros.ament_cmake' and name 'slambot_controller'
[0.237s] Level 1:colcon.colcon_core.package_identification:_identify(src/slambot_description) by extensions ['ignore', 'ignore_ament_install']
[0.237s] Level 1:colcon.colcon_core.package_identification:_identify(src/slambot_description) by extension 'ignore'
[0.237s] Level 1:colcon.colcon_core.package_identification:_identify(src/slambot_description) by extension 'ignore_ament_install'
[0.237s] Level 1:colcon.colcon_core.package_identification:_identify(src/slambot_description) by extensions ['colcon_pkg']
[0.237s] Level 1:colcon.colcon_core.package_identification:_identify(src/slambot_description) by extension 'colcon_pkg'
[0.237s] Level 1:colcon.colcon_core.package_identification:_identify(src/slambot_description) by extensions ['colcon_meta']
[0.237s] Level 1:colcon.colcon_core.package_identification:_identify(src/slambot_description) by extension 'colcon_meta'
[0.238s] Level 1:colcon.colcon_core.package_identification:_identify(src/slambot_description) by extensions ['ros']
[0.238s] Level 1:colcon.colcon_core.package_identification:_identify(src/slambot_description) by extension 'ros'
[0.238s] DEBUG:colcon.colcon_core.package_identification:Package 'src/slambot_description' with type 'ros.ament_cmake' and name 'slambot_description'
[0.238s] Level 1:colcon.colcon_core.package_identification:_identify(src/slambot_firmware) by extensions ['ignore', 'ignore_ament_install']
[0.238s] Level 1:colcon.colcon_core.package_identification:_identify(src/slambot_firmware) by extension 'ignore'
[0.238s] Level 1:colcon.colcon_core.package_identification:_identify(src/slambot_firmware) by extension 'ignore_ament_install'
[0.238s] Level 1:colcon.colcon_core.package_identification:_identify(src/slambot_firmware) by extensions ['colcon_pkg']
[0.238s] Level 1:colcon.colcon_core.package_identification:_identify(src/slambot_firmware) by extension 'colcon_pkg'
[0.239s] Level 1:colcon.colcon_core.package_identification:_identify(src/slambot_firmware) by extensions ['colcon_meta']
[0.239s] Level 1:colcon.colcon_core.package_identification:_identify(src/slambot_firmware) by extension 'colcon_meta'
[0.239s] Level 1:colcon.colcon_core.package_identification:_identify(src/slambot_firmware) by extensions ['ros']
[0.239s] Level 1:colcon.colcon_core.package_identification:_identify(src/slambot_firmware) by extension 'ros'
[0.240s] DEBUG:colcon.colcon_core.package_identification:Package 'src/slambot_firmware' with type 'ros.ament_cmake' and name 'slambot_firmware'
[0.240s] Level 1:colcon.colcon_core.package_discovery:discover_packages(recursive) using defaults
[0.240s] Level 1:colcon.colcon_core.package_discovery:discover_packages(ignore) discover
[0.240s] Level 1:colcon.colcon_core.package_discovery:discover_packages(ignore) using defaults
[0.240s] Level 1:colcon.colcon_core.package_discovery:discover_packages(path) discover
[0.240s] Level 1:colcon.colcon_core.package_discovery:discover_packages(path) using defaults
[0.263s] Level 1:colcon.colcon_core.package_discovery:discover_packages(prefix_path) check parameters
[0.264s] Level 1:colcon.colcon_core.package_discovery:discover_packages(prefix_path) discover
[0.266s] DEBUG:colcon.colcon_installed_package_information.package_discovery:Found 5 installed packages in /home/wagwan/slambot_ws/install
[0.268s] DEBUG:colcon.colcon_installed_package_information.package_discovery:Found 340 installed packages in /opt/ros/jazzy
[0.271s] Level 1:colcon.colcon_core.package_discovery:discover_packages(prefix_path) using defaults
[0.337s] Level 5:colcon.colcon_core.verb:set package 'slambot_bringup' build argument 'cmake_args' from command line to 'None'
[0.338s] Level 5:colcon.colcon_core.verb:set package 'slambot_bringup' build argument 'cmake_target' from command line to 'None'
[0.338s] Level 5:colcon.colcon_core.verb:set package 'slambot_bringup' build argument 'cmake_target_skip_unavailable' from command line to 'False'
[0.338s] Level 5:colcon.colcon_core.verb:set package 'slambot_bringup' build argument 'cmake_clean_cache' from command line to 'False'
[0.338s] Level 5:colcon.colcon_core.verb:set package 'slambot_bringup' build argument 'cmake_clean_first' from command line to 'False'
[0.338s] Level 5:colcon.colcon_core.verb:set package 'slambot_bringup' build argument 'cmake_force_configure' from command line to 'False'
[0.338s] Level 5:colcon.colcon_core.verb:set package 'slambot_bringup' build argument 'ament_cmake_args' from command line to 'None'
[0.338s] Level 5:colcon.colcon_core.verb:set package 'slambot_bringup' build argument 'catkin_cmake_args' from command line to 'None'
[0.338s] Level 5:colcon.colcon_core.verb:set package 'slambot_bringup' build argument 'catkin_skip_building_tests' from command line to 'False'
[0.338s] DEBUG:colcon.colcon_core.verb:Building package 'slambot_bringup' with the following arguments: {'ament_cmake_args': None, 'build_base': '/home/wagwan/slambot_ws/build/slambot_bringup', 'catkin_cmake_args': None, 'catkin_skip_building_tests': False, 'cmake_args': None, 'cmake_clean_cache': False, 'cmake_clean_first': False, 'cmake_force_configure': False, 'cmake_target': None, 'cmake_target_skip_unavailable': False, 'install_base': '/home/wagwan/slambot_ws/install/slambot_bringup', 'merge_install': False, 'path': '/home/wagwan/slambot_ws/src/slambot_bringup', 'symlink_install': False, 'test_result_base': None}
[0.338s] Level 5:colcon.colcon_core.verb:set package 'slambot_controller' build argument 'cmake_args' from command line to 'None'
[0.338s] Level 5:colcon.colcon_core.verb:set package 'slambot_controller' build argument 'cmake_target' from command line to 'None'
[0.338s] Level 5:colcon.colcon_core.verb:set package 'slambot_controller' build argument 'cmake_target_skip_unavailable' from command line to 'False'
[0.338s] Level 5:colcon.colcon_core.verb:set package 'slambot_controller' build argument 'cmake_clean_cache' from command line to 'False'
[0.338s] Level 5:colcon.colcon_core.verb:set package 'slambot_controller' build argument 'cmake_clean_first' from command line to 'False'
[0.338s] Level 5:colcon.colcon_core.verb:set package 'slambot_controller' build argument 'cmake_force_configure' from command line to 'False'
[0.338s] Level 5:colcon.colcon_core.verb:set package 'slambot_controller' build argument 'ament_cmake_args' from command line to 'None'
[0.338s] Level 5:colcon.colcon_core.verb:set package 'slambot_controller' build argument 'catkin_cmake_args' from command line to 'None'
[0.339s] Level 5:colcon.colcon_core.verb:set package 'slambot_controller' build argument 'catkin_skip_building_tests' from command line to 'False'
[0.339s] DEBUG:colcon.colcon_core.verb:Building package 'slambot_controller' with the following arguments: {'ament_cmake_args': None, 'build_base': '/home/wagwan/slambot_ws/build/slambot_controller', 'catkin_cmake_args': None, 'catkin_skip_building_tests': False, 'cmake_args': None, 'cmake_clean_cache': False, 'cmake_clean_first': False, 'cmake_force_configure': False, 'cmake_target': None, 'cmake_target_skip_unavailable': False, 'install_base': '/home/wagwan/slambot_ws/install/slambot_controller', 'merge_install': False, 'path': '/home/wagwan/slambot_ws/src/slambot_controller', 'symlink_install': False, 'test_result_base': None}
[0.339s] Level 5:colcon.colcon_core.verb:set package 'slambot_description' build argument 'cmake_args' from command line to 'None'
[0.339s] Level 5:colcon.colcon_core.verb:set package 'slambot_description' build argument 'cmake_target' from command line to 'None'
[0.339s] Level 5:colcon.colcon_core.verb:set package 'slambot_description' build argument 'cmake_target_skip_unavailable' from command line to 'False'
[0.339s] Level 5:colcon.colcon_core.verb:set package 'slambot_description' build argument 'cmake_clean_cache' from command line to 'False'
[0.339s] Level 5:colcon.colcon_core.verb:set package 'slambot_description' build argument 'cmake_clean_first' from command line to 'False'
[0.339s] Level 5:colcon.colcon_core.verb:set package 'slambot_description' build argument 'cmake_force_configure' from command line to 'False'
[0.339s] Level 5:colcon.colcon_core.verb:set package 'slambot_description' build argument 'ament_cmake_args' from command line to 'None'
[0.339s] Level 5:colcon.colcon_core.verb:set package 'slambot_description' build argument 'catkin_cmake_args' from command line to 'None'
[0.339s] Level 5:colcon.colcon_core.verb:set package 'slambot_description' build argument 'catkin_skip_building_tests' from command line to 'False'
[0.339s] DEBUG:colcon.colcon_core.verb:Building package 'slambot_description' with the following arguments: {'ament_cmake_args': None, 'build_base': '/home/wagwan/slambot_ws/build/slambot_description', 'catkin_cmake_args': None, 'catkin_skip_building_tests': False, 'cmake_args': None, 'cmake_clean_cache': False, 'cmake_clean_first': False, 'cmake_force_configure': False, 'cmake_target': None, 'cmake_target_skip_unavailable': False, 'install_base': '/home/wagwan/slambot_ws/install/slambot_description', 'merge_install': False, 'path': '/home/wagwan/slambot_ws/src/slambot_description', 'symlink_install': False, 'test_result_base': None}
[0.339s] Level 5:colcon.colcon_core.verb:set package 'slambot_firmware' build argument 'cmake_args' from command line to 'None'
[0.339s] Level 5:colcon.colcon_core.verb:set package 'slambot_firmware' build argument 'cmake_target' from command line to 'None'
[0.340s] Level 5:colcon.colcon_core.verb:set package 'slambot_firmware' build argument 'cmake_target_skip_unavailable' from command line to 'False'
[0.340s] Level 5:colcon.colcon_core.verb:set package 'slambot_firmware' build argument 'cmake_clean_cache' from command line to 'False'
[0.340s] Level 5:colcon.colcon_core.verb:set package 'slambot_firmware' build argument 'cmake_clean_first' from command line to 'False'
[0.340s] Level 5:colcon.colcon_core.verb:set package 'slambot_firmware' build argument 'cmake_force_configure' from command line to 'False'
[0.340s] Level 5:colcon.colcon_core.verb:set package 'slambot_firmware' build argument 'ament_cmake_args' from command line to 'None'
[0.340s] Level 5:colcon.colcon_core.verb:set package 'slambot_firmware' build argument 'catkin_cmake_args' from command line to 'None'
[0.340s] Level 5:colcon.colcon_core.verb:set package 'slambot_firmware' build argument 'catkin_skip_building_tests' from command line to 'False'
[0.340s] DEBUG:colcon.colcon_core.verb:Building package 'slambot_firmware' with the following arguments: {'ament_cmake_args': None, 'build_base': '/home/wagwan/slambot_ws/build/slambot_firmware', 'catkin_cmake_args': None, 'catkin_skip_building_tests': False, 'cmake_args': None, 'cmake_clean_cache': False, 'cmake_clean_first': False, 'cmake_force_configure': False, 'cmake_target': None, 'cmake_target_skip_unavailable': False, 'install_base': '/home/wagwan/slambot_ws/install/slambot_firmware', 'merge_install': False, 'path': '/home/wagwan/slambot_ws/src/slambot_firmware', 'symlink_install': False, 'test_result_base': None}
[0.340s] INFO:colcon.colcon_core.executor:Executing jobs using 'parallel' executor
[0.341s] DEBUG:colcon.colcon_parallel_executor.executor.parallel:run_until_complete
[0.341s] INFO:colcon.colcon_ros.task.ament_cmake.build:Building ROS package in '/home/wagwan/slambot_ws/src/slambot_bringup' with build type 'ament_cmake'
[0.342s] INFO:colcon.colcon_cmake.task.cmake.build:Building CMake package in '/home/wagwan/slambot_ws/src/slambot_bringup'
[0.344s] INFO:colcon.colcon_core.plugin_system:Skipping extension 'colcon_core.shell.bat': Not used on non-Windows systems
[0.344s] INFO:colcon.colcon_core.shell:Skip shell extension 'powershell' for command environment: Not usable outside of PowerShell
[0.344s] DEBUG:colcon.colcon_core.shell:Skip shell extension 'dsv' for command environment
[0.349s] INFO:colcon.colcon_ros.task.ament_cmake.build:Building ROS package in '/home/wagwan/slambot_ws/src/slambot_controller' with build type 'ament_cmake'
[0.349s] INFO:colcon.colcon_cmake.task.cmake.build:Building CMake package in '/home/wagwan/slambot_ws/src/slambot_controller'
[0.350s] INFO:colcon.colcon_core.shell:Skip shell extension 'powershell' for command environment: Not usable outside of PowerShell
[0.350s] DEBUG:colcon.colcon_core.shell:Skip shell extension 'dsv' for command environment
[0.355s] INFO:colcon.colcon_ros.task.ament_cmake.build:Building ROS package in '/home/wagwan/slambot_ws/src/slambot_description' with build type 'ament_cmake'
[0.355s] INFO:colcon.colcon_cmake.task.cmake.build:Building CMake package in '/home/wagwan/slambot_ws/src/slambot_description'
[0.356s] INFO:colcon.colcon_core.shell:Skip shell extension 'powershell' for command environment: Not usable outside of PowerShell
[0.356s] DEBUG:colcon.colcon_core.shell:Skip shell extension 'dsv' for command environment
[0.360s] INFO:colcon.colcon_ros.task.ament_cmake.build:Building ROS package in '/home/wagwan/slambot_ws/src/slambot_firmware' with build type 'ament_cmake'
[0.361s] INFO:colcon.colcon_cmake.task.cmake.build:Building CMake package in '/home/wagwan/slambot_ws/src/slambot_firmware'
[0.361s] INFO:colcon.colcon_core.shell:Skip shell extension 'powershell' for command environment: Not usable outside of PowerShell
[0.361s] DEBUG:colcon.colcon_core.shell:Skip shell extension 'dsv' for command environment
[0.373s] DEBUG:colcon.colcon_core.event_handler.log_command:Invoking command in '/home/wagwan/slambot_ws/build/slambot_bringup': CMAKE_PREFIX_PATH=${CMAKE_PREFIX_PATH}:/opt/ros/jazzy /usr/bin/cmake --build /home/wagwan/slambot_ws/build/slambot_bringup -- -j4 -l4
[0.377s] DEBUG:colcon.colcon_core.event_handler.log_command:Invoking command in '/home/wagwan/slambot_ws/build/slambot_controller': CMAKE_PREFIX_PATH=${CMAKE_PREFIX_PATH}:/opt/ros/jazzy /usr/bin/cmake --build /home/wagwan/slambot_ws/build/slambot_controller -- -j4 -l4
[0.383s] DEBUG:colcon.colcon_core.event_handler.log_command:Invoking command in '/home/wagwan/slambot_ws/build/slambot_description': CMAKE_PREFIX_PATH=${CMAKE_PREFIX_PATH}:/opt/ros/jazzy /usr/bin/cmake --build /home/wagwan/slambot_ws/build/slambot_description -- -j4 -l4
[0.398s] DEBUG:colcon.colcon_core.event_handler.log_command:Invoking command in '/home/wagwan/slambot_ws/build/slambot_firmware': CMAKE_PREFIX_PATH=${CMAKE_PREFIX_PATH}:/opt/ros/jazzy /usr/bin/cmake --build /home/wagwan/slambot_ws/build/slambot_firmware -- -j4 -l4
[0.470s] DEBUG:colcon.colcon_core.event_handler.log_command:Invoked command in '/home/wagwan/slambot_ws/build/slambot_bringup' returned '0': CMAKE_PREFIX_PATH=${CMAKE_PREFIX_PATH}:/opt/ros/jazzy /usr/bin/cmake --build /home/wagwan/slambot_ws/build/slambot_bringup -- -j4 -l4
[0.504s] DEBUG:colcon.colcon_core.event_handler.log_command:Invoked command in '/home/wagwan/slambot_ws/build/slambot_description' returned '0': CMAKE_PREFIX_PATH=${CMAKE_PREFIX_PATH}:/opt/ros/jazzy /usr/bin/cmake --build /home/wagwan/slambot_ws/build/slambot_description -- -j4 -l4
[0.600s] DEBUG:colcon.colcon_core.event_handler.log_command:Invoking command in '/home/wagwan/slambot_ws/build/slambot_bringup': CMAKE_PREFIX_PATH=${CMAKE_PREFIX_PATH}:/opt/ros/jazzy /usr/bin/cmake --install /home/wagwan/slambot_ws/build/slambot_bringup
[0.610s] DEBUG:colcon.colcon_core.event_handler.log_command:Invoked command in '/home/wagwan/slambot_ws/build/slambot_controller' returned '0': CMAKE_PREFIX_PATH=${CMAKE_PREFIX_PATH}:/opt/ros/jazzy /usr/bin/cmake --build /home/wagwan/slambot_ws/build/slambot_controller -- -j4 -l4
[0.622s] DEBUG:colcon.colcon_core.event_handler.log_command:Invoking command in '/home/wagwan/slambot_ws/build/slambot_description': CMAKE_PREFIX_PATH=${CMAKE_PREFIX_PATH}:/opt/ros/jazzy /usr/bin/cmake --install /home/wagwan/slambot_ws/build/slambot_description
[0.646s] Level 1:colcon.colcon_core.environment:create_environment_scripts_only(slambot_bringup)
[0.646s] DEBUG:colcon.colcon_core.event_handler.log_command:Invoked command in '/home/wagwan/slambot_ws/build/slambot_bringup' returned '0': CMAKE_PREFIX_PATH=${CMAKE_PREFIX_PATH}:/opt/ros/jazzy /usr/bin/cmake --install /home/wagwan/slambot_ws/build/slambot_bringup
[0.651s] Level 1:colcon.colcon_core.environment:checking '/home/wagwan/slambot_ws/install/slambot_bringup' for CMake module files
[0.652s] Level 1:colcon.colcon_core.environment:checking '/home/wagwan/slambot_ws/install/slambot_bringup' for CMake config files
[0.652s] Level 1:colcon.colcon_core.shell:create_environment_hook('slambot_bringup', 'cmake_prefix_path')
[0.653s] INFO:colcon.colcon_core.shell:Creating environment hook '/home/wagwan/slambot_ws/install/slambot_bringup/share/slambot_bringup/hook/cmake_prefix_path.ps1'
[0.656s] INFO:colcon.colcon_core.shell:Creating environment descriptor '/home/wagwan/slambot_ws/install/slambot_bringup/share/slambot_bringup/hook/cmake_prefix_path.dsv'
[0.659s] INFO:colcon.colcon_core.shell:Creating environment hook '/home/wagwan/slambot_ws/install/slambot_bringup/share/slambot_bringup/hook/cmake_prefix_path.sh'
[0.663s] Level 1:colcon.colcon_core.environment:checking '/home/wagwan/slambot_ws/install/slambot_bringup/bin'
[0.664s] Level 1:colcon.colcon_core.environment:checking '/home/wagwan/slambot_ws/install/slambot_bringup/lib/pkgconfig/slambot_bringup.pc'
[0.664s] Level 1:colcon.colcon_core.environment:checking '/home/wagwan/slambot_ws/install/slambot_bringup/lib/python3.12/site-packages'
[0.664s] Level 1:colcon.colcon_core.environment:checking '/home/wagwan/slambot_ws/install/slambot_bringup/bin'
[0.667s] INFO:colcon.colcon_core.shell:Creating package script '/home/wagwan/slambot_ws/install/slambot_bringup/share/slambot_bringup/package.ps1'
[0.669s] INFO:colcon.colcon_core.shell:Creating package descriptor '/home/wagwan/slambot_ws/install/slambot_bringup/share/slambot_bringup/package.dsv'
[0.671s] INFO:colcon.colcon_core.shell:Creating package script '/home/wagwan/slambot_ws/install/slambot_bringup/share/slambot_bringup/package.sh'
[0.674s] INFO:colcon.colcon_core.shell:Creating package script '/home/wagwan/slambot_ws/install/slambot_bringup/share/slambot_bringup/package.bash'
[0.675s] INFO:colcon.colcon_core.shell:Creating package script '/home/wagwan/slambot_ws/install/slambot_bringup/share/slambot_bringup/package.zsh'
[0.676s] Level 1:colcon.colcon_core.environment:create_file_with_runtime_dependencies(/home/wagwan/slambot_ws/install/slambot_bringup/share/colcon-core/packages/slambot_bringup)
[0.682s] Level 1:colcon.colcon_core.environment:create_environment_scripts_only(slambot_description)
[0.682s] Level 1:colcon.colcon_core.environment:checking '/home/wagwan/slambot_ws/install/slambot_description' for CMake module files
[0.683s] Level 1:colcon.colcon_core.environment:checking '/home/wagwan/slambot_ws/install/slambot_description' for CMake config files
[0.684s] Level 1:colcon.colcon_core.shell:create_environment_hook('slambot_description', 'cmake_prefix_path')
[0.684s] INFO:colcon.colcon_core.shell:Creating environment hook '/home/wagwan/slambot_ws/install/slambot_description/share/slambot_description/hook/cmake_prefix_path.ps1'
[0.685s] DEBUG:colcon.colcon_core.event_handler.log_command:Invoked command in '/home/wagwan/slambot_ws/build/slambot_description' returned '0': CMAKE_PREFIX_PATH=${CMAKE_PREFIX_PATH}:/opt/ros/jazzy /usr/bin/cmake --install /home/wagwan/slambot_ws/build/slambot_description
[0.686s] INFO:colcon.colcon_core.shell:Creating environment descriptor '/home/wagwan/slambot_ws/install/slambot_description/share/slambot_description/hook/cmake_prefix_path.dsv'
[0.688s] INFO:colcon.colcon_core.shell:Creating environment hook '/home/wagwan/slambot_ws/install/slambot_description/share/slambot_description/hook/cmake_prefix_path.sh'
[0.689s] Level 1:colcon.colcon_core.environment:checking '/home/wagwan/slambot_ws/install/slambot_description/bin'
[0.689s] Level 1:colcon.colcon_core.environment:checking '/home/wagwan/slambot_ws/install/slambot_description/lib/pkgconfig/slambot_description.pc'
[0.690s] Level 1:colcon.colcon_core.environment:checking '/home/wagwan/slambot_ws/install/slambot_description/lib/python3.12/site-packages'
[0.690s] Level 1:colcon.colcon_core.environment:checking '/home/wagwan/slambot_ws/install/slambot_description/bin'
[0.691s] INFO:colcon.colcon_core.shell:Creating package script '/home/wagwan/slambot_ws/install/slambot_description/share/slambot_description/package.ps1'
[0.692s] INFO:colcon.colcon_core.shell:Creating package descriptor '/home/wagwan/slambot_ws/install/slambot_description/share/slambot_description/package.dsv'
[0.692s] INFO:colcon.colcon_core.shell:Creating package script '/home/wagwan/slambot_ws/install/slambot_description/share/slambot_description/package.sh'
[0.693s] INFO:colcon.colcon_core.shell:Creating package script '/home/wagwan/slambot_ws/install/slambot_description/share/slambot_description/package.bash'
[0.697s] INFO:colcon.colcon_core.shell:Creating package script '/home/wagwan/slambot_ws/install/slambot_description/share/slambot_description/package.zsh'
[0.698s] Level 1:colcon.colcon_core.environment:create_file_with_runtime_dependencies(/home/wagwan/slambot_ws/install/slambot_description/share/colcon-core/packages/slambot_description)
[0.714s] DEBUG:colcon.colcon_core.event_handler.log_command:Invoking command in '/home/wagwan/slambot_ws/build/slambot_controller': CMAKE_PREFIX_PATH=${CMAKE_PREFIX_PATH}:/opt/ros/jazzy /usr/bin/cmake --install /home/wagwan/slambot_ws/build/slambot_controller
[0.729s] Level 1:colcon.colcon_core.environment:create_environment_scripts_only(slambot_bringup)
[0.730s] Level 1:colcon.colcon_core.environment:checking '/home/wagwan/slambot_ws/install/slambot_bringup' for CMake module files
[0.731s] Level 1:colcon.colcon_core.environment:checking '/home/wagwan/slambot_ws/install/slambot_bringup' for CMake config files
[0.731s] Level 1:colcon.colcon_core.shell:create_environment_hook('slambot_bringup', 'cmake_prefix_path')
[0.732s] INFO:colcon.colcon_core.shell:Creating environment hook '/home/wagwan/slambot_ws/install/slambot_bringup/share/slambot_bringup/hook/cmake_prefix_path.ps1'
[0.733s] INFO:colcon.colcon_core.shell:Creating environment descriptor '/home/wagwan/slambot_ws/install/slambot_bringup/share/slambot_bringup/hook/cmake_prefix_path.dsv'
[0.734s] INFO:colcon.colcon_core.shell:Creating environment hook '/home/wagwan/slambot_ws/install/slambot_bringup/share/slambot_bringup/hook/cmake_prefix_path.sh'
[0.735s] Level 1:colcon.colcon_core.environment:checking '/home/wagwan/slambot_ws/install/slambot_bringup/bin'
[0.735s] Level 1:colcon.colcon_core.environment:checking '/home/wagwan/slambot_ws/install/slambot_bringup/lib/pkgconfig/slambot_bringup.pc'
[0.736s] Level 1:colcon.colcon_core.environment:checking '/home/wagwan/slambot_ws/install/slambot_bringup/lib/python3.12/site-packages'
[0.736s] Level 1:colcon.colcon_core.environment:checking '/home/wagwan/slambot_ws/install/slambot_bringup/bin'
[0.737s] INFO:colcon.colcon_core.shell:Creating package script '/home/wagwan/slambot_ws/install/slambot_bringup/share/slambot_bringup/package.ps1'
[0.739s] INFO:colcon.colcon_core.shell:Creating package descriptor '/home/wagwan/slambot_ws/install/slambot_bringup/share/slambot_bringup/package.dsv'
[0.741s] INFO:colcon.colcon_core.shell:Creating package script '/home/wagwan/slambot_ws/install/slambot_bringup/share/slambot_bringup/package.sh'
[0.744s] INFO:colcon.colcon_core.shell:Creating package script '/home/wagwan/slambot_ws/install/slambot_bringup/share/slambot_bringup/package.bash'
[0.745s] INFO:colcon.colcon_core.shell:Creating package script '/home/wagwan/slambot_ws/install/slambot_bringup/share/slambot_bringup/package.zsh'
[0.747s] Level 1:colcon.colcon_core.environment:create_file_with_runtime_dependencies(/home/wagwan/slambot_ws/install/slambot_bringup/share/colcon-core/packages/slambot_bringup)
[0.748s] Level 1:colcon.colcon_core.environment:create_environment_scripts_only(slambot_controller)
[0.749s] Level 1:colcon.colcon_core.environment:checking '/home/wagwan/slambot_ws/install/slambot_controller' for CMake module files
[0.749s] Level 1:colcon.colcon_core.environment:checking '/home/wagwan/slambot_ws/install/slambot_controller' for CMake config files
[0.750s] Level 1:colcon.colcon_core.shell:create_environment_hook('slambot_controller', 'cmake_prefix_path')
[0.750s] INFO:colcon.colcon_core.shell:Creating environment hook '/home/wagwan/slambot_ws/install/slambot_controller/share/slambot_controller/hook/cmake_prefix_path.ps1'
[0.752s] DEBUG:colcon.colcon_core.event_handler.log_command:Invoked command in '/home/wagwan/slambot_ws/build/slambot_controller' returned '0': CMAKE_PREFIX_PATH=${CMAKE_PREFIX_PATH}:/opt/ros/jazzy /usr/bin/cmake --install /home/wagwan/slambot_ws/build/slambot_controller
[0.755s] INFO:colcon.colcon_core.shell:Creating environment descriptor '/home/wagwan/slambot_ws/install/slambot_controller/share/slambot_controller/hook/cmake_prefix_path.dsv'
[0.756s] INFO:colcon.colcon_core.shell:Creating environment hook '/home/wagwan/slambot_ws/install/slambot_controller/share/slambot_controller/hook/cmake_prefix_path.sh'
[0.757s] Level 1:colcon.colcon_core.environment:checking '/home/wagwan/slambot_ws/install/slambot_controller/lib'
[0.757s] Level 1:colcon.colcon_core.environment:checking '/home/wagwan/slambot_ws/install/slambot_controller/bin'
[0.757s] Level 1:colcon.colcon_core.environment:checking '/home/wagwan/slambot_ws/install/slambot_controller/lib/pkgconfig/slambot_controller.pc'
[0.757s] Level 1:colcon.colcon_core.environment:checking '/home/wagwan/slambot_ws/install/slambot_controller/lib/python3.12/site-packages'
[0.758s] Level 1:colcon.colcon_core.environment:checking '/home/wagwan/slambot_ws/install/slambot_controller/bin'
[0.758s] INFO:colcon.colcon_core.shell:Creating package script '/home/wagwan/slambot_ws/install/slambot_controller/share/slambot_controller/package.ps1'
[0.759s] INFO:colcon.colcon_core.shell:Creating package descriptor '/home/wagwan/slambot_ws/install/slambot_controller/share/slambot_controller/package.dsv'
[0.759s] INFO:colcon.colcon_core.shell:Creating package script '/home/wagwan/slambot_ws/install/slambot_controller/share/slambot_controller/package.sh'
[0.760s] INFO:colcon.colcon_core.shell:Creating package script '/home/wagwan/slambot_ws/install/slambot_controller/share/slambot_controller/package.bash'
[0.760s] INFO:colcon.colcon_core.shell:Creating package script '/home/wagwan/slambot_ws/install/slambot_controller/share/slambot_controller/package.zsh'
[0.761s] Level 1:colcon.colcon_core.environment:create_file_with_runtime_dependencies(/home/wagwan/slambot_ws/install/slambot_controller/share/colcon-core/packages/slambot_controller)
[0.763s] Level 1:colcon.colcon_core.environment:create_environment_scripts_only(slambot_description)
[0.764s] Level 1:colcon.colcon_core.environment:checking '/home/wagwan/slambot_ws/install/slambot_description' for CMake module files
[0.764s] Level 1:colcon.colcon_core.environment:checking '/home/wagwan/slambot_ws/install/slambot_description' for CMake config files
[0.765s] Level 1:colcon.colcon_core.shell:create_environment_hook('slambot_description', 'cmake_prefix_path')
[0.765s] INFO:colcon.colcon_core.shell:Creating environment hook '/home/wagwan/slambot_ws/install/slambot_description/share/slambot_description/hook/cmake_prefix_path.ps1'
[0.766s] INFO:colcon.colcon_core.shell:Creating environment descriptor '/home/wagwan/slambot_ws/install/slambot_description/share/slambot_description/hook/cmake_prefix_path.dsv'
[0.767s] INFO:colcon.colcon_core.shell:Creating environment hook '/home/wagwan/slambot_ws/install/slambot_description/share/slambot_description/hook/cmake_prefix_path.sh'
[0.768s] Level 1:colcon.colcon_core.environment:checking '/home/wagwan/slambot_ws/install/slambot_description/bin'
[0.768s] Level 1:colcon.colcon_core.environment:checking '/home/wagwan/slambot_ws/install/slambot_description/lib/pkgconfig/slambot_description.pc'
[0.768s] Level 1:colcon.colcon_core.environment:checking '/home/wagwan/slambot_ws/install/slambot_description/lib/python3.12/site-packages'
[0.769s] Level 1:colcon.colcon_core.environment:checking '/home/wagwan/slambot_ws/install/slambot_description/bin'
[0.769s] INFO:colcon.colcon_core.shell:Creating package script '/home/wagwan/slambot_ws/install/slambot_description/share/slambot_description/package.ps1'
[0.771s] INFO:colcon.colcon_core.shell:Creating package descriptor '/home/wagwan/slambot_ws/install/slambot_description/share/slambot_description/package.dsv'
[0.772s] INFO:colcon.colcon_core.shell:Creating package script '/home/wagwan/slambot_ws/install/slambot_description/share/slambot_description/package.sh'
[0.773s] INFO:colcon.colcon_core.shell:Creating package script '/home/wagwan/slambot_ws/install/slambot_description/share/slambot_description/package.bash'
[0.774s] INFO:colcon.colcon_core.shell:Creating package script '/home/wagwan/slambot_ws/install/slambot_description/share/slambot_description/package.zsh'
[0.774s] Level 1:colcon.colcon_core.environment:create_file_with_runtime_dependencies(/home/wagwan/slambot_ws/install/slambot_description/share/colcon-core/packages/slambot_description)
[0.808s] Level 1:colcon.colcon_core.environment:create_environment_scripts_only(slambot_controller)
[0.809s] Level 1:colcon.colcon_core.environment:checking '/home/wagwan/slambot_ws/install/slambot_controller' for CMake module files
[0.809s] Level 1:colcon.colcon_core.environment:checking '/home/wagwan/slambot_ws/install/slambot_controller' for CMake config files
[0.810s] Level 1:colcon.colcon_core.shell:create_environment_hook('slambot_controller', 'cmake_prefix_path')
[0.810s] INFO:colcon.colcon_core.shell:Creating environment hook '/home/wagwan/slambot_ws/install/slambot_controller/share/slambot_controller/hook/cmake_prefix_path.ps1'
[0.811s] INFO:colcon.colcon_core.shell:Creating environment descriptor '/home/wagwan/slambot_ws/install/slambot_controller/share/slambot_controller/hook/cmake_prefix_path.dsv'
[0.811s] INFO:colcon.colcon_core.shell:Creating environment hook '/home/wagwan/slambot_ws/install/slambot_controller/share/slambot_controller/hook/cmake_prefix_path.sh'
[0.812s] Level 1:colcon.colcon_core.environment:checking '/home/wagwan/slambot_ws/install/slambot_controller/lib'
[0.812s] Level 1:colcon.colcon_core.environment:checking '/home/wagwan/slambot_ws/install/slambot_controller/bin'
[0.812s] Level 1:colcon.colcon_core.environment:checking '/home/wagwan/slambot_ws/install/slambot_controller/lib/pkgconfig/slambot_controller.pc'
[0.813s] Level 1:colcon.colcon_core.environment:checking '/home/wagwan/slambot_ws/install/slambot_controller/lib/python3.12/site-packages'
[0.813s] Level 1:colcon.colcon_core.environment:checking '/home/wagwan/slambot_ws/install/slambot_controller/bin'
[0.813s] INFO:colcon.colcon_core.shell:Creating package script '/home/wagwan/slambot_ws/install/slambot_controller/share/slambot_controller/package.ps1'
[0.814s] INFO:colcon.colcon_core.shell:Creating package descriptor '/home/wagwan/slambot_ws/install/slambot_controller/share/slambot_controller/package.dsv'
[0.815s] INFO:colcon.colcon_core.shell:Creating package script '/home/wagwan/slambot_ws/install/slambot_controller/share/slambot_controller/package.sh'
[0.818s] INFO:colcon.colcon_core.shell:Creating package script '/home/wagwan/slambot_ws/install/slambot_controller/share/slambot_controller/package.bash'
[0.819s] INFO:colcon.colcon_core.shell:Creating package script '/home/wagwan/slambot_ws/install/slambot_controller/share/slambot_controller/package.zsh'
[0.820s] Level 1:colcon.colcon_core.environment:create_file_with_runtime_dependencies(/home/wagwan/slambot_ws/install/slambot_controller/share/colcon-core/packages/slambot_controller)
[1.146s] DEBUG:colcon.colcon_core.event_handler.log_command:Invoked command in '/home/wagwan/slambot_ws/build/slambot_firmware' returned '0': CMAKE_PREFIX_PATH=${CMAKE_PREFIX_PATH}:/opt/ros/jazzy /usr/bin/cmake --build /home/wagwan/slambot_ws/build/slambot_firmware -- -j4 -l4
[1.204s] DEBUG:colcon.colcon_core.event_handler.log_command:Invoking command in '/home/wagwan/slambot_ws/build/slambot_firmware': CMAKE_PREFIX_PATH=${CMAKE_PREFIX_PATH}:/opt/ros/jazzy /usr/bin/cmake --install /home/wagwan/slambot_ws/build/slambot_firmware
[1.290s] Level 1:colcon.colcon_core.environment:create_environment_scripts_only(slambot_firmware)
[1.291s] Level 1:colcon.colcon_core.environment:checking '/home/wagwan/slambot_ws/install/slambot_firmware' for CMake module files
[1.291s] DEBUG:colcon.colcon_core.event_handler.log_command:Invoked command in '/home/wagwan/slambot_ws/build/slambot_firmware' returned '0': CMAKE_PREFIX_PATH=${CMAKE_PREFIX_PATH}:/opt/ros/jazzy /usr/bin/cmake --install /home/wagwan/slambot_ws/build/slambot_firmware
[1.292s] Level 1:colcon.colcon_core.environment:checking '/home/wagwan/slambot_ws/install/slambot_firmware' for CMake config files
[1.292s] Level 1:colcon.colcon_core.shell:create_environment_hook('slambot_firmware', 'cmake_prefix_path')
[1.293s] INFO:colcon.colcon_core.shell:Creating environment hook '/home/wagwan/slambot_ws/install/slambot_firmware/share/slambot_firmware/hook/cmake_prefix_path.ps1'
[1.293s] INFO:colcon.colcon_core.shell:Creating environment descriptor '/home/wagwan/slambot_ws/install/slambot_firmware/share/slambot_firmware/hook/cmake_prefix_path.dsv'
[1.294s] INFO:colcon.colcon_core.shell:Creating environment hook '/home/wagwan/slambot_ws/install/slambot_firmware/share/slambot_firmware/hook/cmake_prefix_path.sh'
[1.295s] Level 1:colcon.colcon_core.environment:checking '/home/wagwan/slambot_ws/install/slambot_firmware/lib'
[1.295s] Level 1:colcon.colcon_core.shell:create_environment_hook('slambot_firmware', 'ld_library_path_lib')
[1.295s] INFO:colcon.colcon_core.shell:Creating environment hook '/home/wagwan/slambot_ws/install/slambot_firmware/share/slambot_firmware/hook/ld_library_path_lib.ps1'
[1.295s] INFO:colcon.colcon_core.shell:Creating environment descriptor '/home/wagwan/slambot_ws/install/slambot_firmware/share/slambot_firmware/hook/ld_library_path_lib.dsv'
[1.299s] INFO:colcon.colcon_core.shell:Creating environment hook '/home/wagwan/slambot_ws/install/slambot_firmware/share/slambot_firmware/hook/ld_library_path_lib.sh'
[1.300s] Level 1:colcon.colcon_core.environment:checking '/home/wagwan/slambot_ws/install/slambot_firmware/bin'
[1.300s] Level 1:colcon.colcon_core.environment:checking '/home/wagwan/slambot_ws/install/slambot_firmware/lib/pkgconfig/slambot_firmware.pc'
[1.300s] Level 1:colcon.colcon_core.environment:checking '/home/wagwan/slambot_ws/install/slambot_firmware/lib/python3.12/site-packages'
[1.300s] Level 1:colcon.colcon_core.shell:create_environment_hook('slambot_firmware', 'pythonpath')
[1.301s] INFO:colcon.colcon_core.shell:Creating environment hook '/home/wagwan/slambot_ws/install/slambot_firmware/share/slambot_firmware/hook/pythonpath.ps1'
[1.301s] INFO:colcon.colcon_core.shell:Creating environment descriptor '/home/wagwan/slambot_ws/install/slambot_firmware/share/slambot_firmware/hook/pythonpath.dsv'
[1.302s] INFO:colcon.colcon_core.shell:Creating environment hook '/home/wagwan/slambot_ws/install/slambot_firmware/share/slambot_firmware/hook/pythonpath.sh'
[1.303s] Level 1:colcon.colcon_core.environment:checking '/home/wagwan/slambot_ws/install/slambot_firmware/bin'
[1.303s] INFO:colcon.colcon_core.shell:Creating package script '/home/wagwan/slambot_ws/install/slambot_firmware/share/slambot_firmware/package.ps1'
[1.304s] INFO:colcon.colcon_core.shell:Creating package descriptor '/home/wagwan/slambot_ws/install/slambot_firmware/share/slambot_firmware/package.dsv'
[1.304s] INFO:colcon.colcon_core.shell:Creating package script '/home/wagwan/slambot_ws/install/slambot_firmware/share/slambot_firmware/package.sh'
[1.305s] INFO:colcon.colcon_core.shell:Creating package script '/home/wagwan/slambot_ws/install/slambot_firmware/share/slambot_firmware/package.bash'
[1.305s] INFO:colcon.colcon_core.shell:Creating package script '/home/wagwan/slambot_ws/install/slambot_firmware/share/slambot_firmware/package.zsh'
[1.306s] Level 1:colcon.colcon_core.environment:create_file_with_runtime_dependencies(/home/wagwan/slambot_ws/install/slambot_firmware/share/colcon-core/packages/slambot_firmware)
[1.362s] Level 1:colcon.colcon_core.environment:create_environment_scripts_only(slambot_firmware)
[1.362s] Level 1:colcon.colcon_core.environment:checking '/home/wagwan/slambot_ws/install/slambot_firmware' for CMake module files
[1.363s] Level 1:colcon.colcon_core.environment:checking '/home/wagwan/slambot_ws/install/slambot_firmware' for CMake config files
[1.364s] Level 1:colcon.colcon_core.shell:create_environment_hook('slambot_firmware', 'cmake_prefix_path')
[1.364s] INFO:colcon.colcon_core.shell:Creating environment hook '/home/wagwan/slambot_ws/install/slambot_firmware/share/slambot_firmware/hook/cmake_prefix_path.ps1'
[1.365s] INFO:colcon.colcon_core.shell:Creating environment descriptor '/home/wagwan/slambot_ws/install/slambot_firmware/share/slambot_firmware/hook/cmake_prefix_path.dsv'
[1.369s] INFO:colcon.colcon_core.shell:Creating environment hook '/home/wagwan/slambot_ws/install/slambot_firmware/share/slambot_firmware/hook/cmake_prefix_path.sh'
[1.370s] Level 1:colcon.colcon_core.environment:checking '/home/wagwan/slambot_ws/install/slambot_firmware/lib'
[1.370s] Level 1:colcon.colcon_core.shell:create_environment_hook('slambot_firmware', 'ld_library_path_lib')
[1.370s] INFO:colcon.colcon_core.shell:Creating environment hook '/home/wagwan/slambot_ws/install/slambot_firmware/share/slambot_firmware/hook/ld_library_path_lib.ps1'
[1.371s] INFO:colcon.colcon_core.shell:Creating environment descriptor '/home/wagwan/slambot_ws/install/slambot_firmware/share/slambot_firmware/hook/ld_library_path_lib.dsv'
[1.371s] INFO:colcon.colcon_core.shell:Creating environment hook '/home/wagwan/slambot_ws/install/slambot_firmware/share/slambot_firmware/hook/ld_library_path_lib.sh'
[1.372s] Level 1:colcon.colcon_core.environment:checking '/home/wagwan/slambot_ws/install/slambot_firmware/bin'
[1.372s] Level 1:colcon.colcon_core.environment:checking '/home/wagwan/slambot_ws/install/slambot_firmware/lib/pkgconfig/slambot_firmware.pc'
[1.372s] Level 1:colcon.colcon_core.environment:checking '/home/wagwan/slambot_ws/install/slambot_firmware/lib/python3.12/site-packages'
[1.373s] Level 1:colcon.colcon_core.shell:create_environment_hook('slambot_firmware', 'pythonpath')
[1.373s] INFO:colcon.colcon_core.shell:Creating environment hook '/home/wagwan/slambot_ws/install/slambot_firmware/share/slambot_firmware/hook/pythonpath.ps1'
[1.373s] INFO:colcon.colcon_core.shell:Creating environment descriptor '/home/wagwan/slambot_ws/install/slambot_firmware/share/slambot_firmware/hook/pythonpath.dsv'
[1.374s] INFO:colcon.colcon_core.shell:Creating environment hook '/home/wagwan/slambot_ws/install/slambot_firmware/share/slambot_firmware/hook/pythonpath.sh'
[1.375s] Level 1:colcon.colcon_core.environment:checking '/home/wagwan/slambot_ws/install/slambot_firmware/bin'
[1.375s] INFO:colcon.colcon_core.shell:Creating package script '/home/wagwan/slambot_ws/install/slambot_firmware/share/slambot_firmware/package.ps1'
[1.376s] INFO:colcon.colcon_core.shell:Creating package descriptor '/home/wagwan/slambot_ws/install/slambot_firmware/share/slambot_firmware/package.dsv'
[1.377s] INFO:colcon.colcon_core.shell:Creating package script '/home/wagwan/slambot_ws/install/slambot_firmware/share/slambot_firmware/package.sh'
[1.378s] INFO:colcon.colcon_core.shell:Creating package script '/home/wagwan/slambot_ws/install/slambot_firmware/share/slambot_firmware/package.bash'
[1.378s] INFO:colcon.colcon_core.shell:Creating package script '/home/wagwan/slambot_ws/install/slambot_firmware/share/slambot_firmware/package.zsh'
[1.379s] Level 1:colcon.colcon_core.environment:create_file_with_runtime_dependencies(/home/wagwan/slambot_ws/install/slambot_firmware/share/colcon-core/packages/slambot_firmware)
[1.382s] DEBUG:colcon.colcon_parallel_executor.executor.parallel:closing loop
[1.383s] DEBUG:colcon.colcon_parallel_executor.executor.parallel:loop closed
[1.383s] DEBUG:colcon.colcon_parallel_executor.executor.parallel:run_until_complete finished with '0'
[1.383s] DEBUG:colcon.colcon_core.event_reactor:joining thread
[1.392s] INFO:colcon.colcon_core.plugin_system:Skipping extension 'colcon_notification.desktop_notification.notify_send': Could not find 'notify-send'
[1.392s] INFO:colcon.colcon_core.plugin_system:Skipping extension 'colcon_notification.desktop_notification.terminal_notifier': Not used on non-Darwin systems
[1.392s] INFO:colcon.colcon_core.plugin_system:Skipping extension 'colcon_notification.desktop_notification.win32': Not used on non-Windows systems
[1.392s] INFO:colcon.colcon_notification.desktop_notification:Sending desktop notification using 'notify2'
[1.393s] DEBUG:colcon.colcon_notification.desktop_notification.notify2:Failed to initialize notify2: org.freedesktop.DBus.Error.ServiceUnknown: The name org.freedesktop.Notifications was not provided by any .service files
[1.393s] DEBUG:colcon.colcon_core.event_reactor:joined thread
[1.394s] INFO:colcon.colcon_core.shell:Creating prefix script '/home/wagwan/slambot_ws/install/local_setup.ps1'
[1.395s] INFO:colcon.colcon_core.shell:Creating prefix util module '/home/wagwan/slambot_ws/install/_local_setup_util_ps1.py'
[1.396s] INFO:colcon.colcon_core.shell:Creating prefix chain script '/home/wagwan/slambot_ws/install/setup.ps1'
[1.398s] INFO:colcon.colcon_core.shell:Creating prefix script '/home/wagwan/slambot_ws/install/local_setup.sh'
[1.398s] INFO:colcon.colcon_core.shell:Creating prefix util module '/home/wagwan/slambot_ws/install/_local_setup_util_sh.py'
[1.399s] INFO:colcon.colcon_core.shell:Creating prefix chain script '/home/wagwan/slambot_ws/install/setup.sh'
[1.400s] INFO:colcon.colcon_core.shell:Creating prefix script '/home/wagwan/slambot_ws/install/local_setup.bash'
[1.401s] INFO:colcon.colcon_core.shell:Creating prefix chain script '/home/wagwan/slambot_ws/install/setup.bash'
[1.402s] INFO:colcon.colcon_core.shell:Creating prefix script '/home/wagwan/slambot_ws/install/local_setup.zsh'
[1.406s] INFO:colcon.colcon_core.shell:Creating prefix chain script '/home/wagwan/slambot_ws/install/setup.zsh'
