[0.030s] Invoking command in '/home/wagwan/slambot_ws/build/slambot_controller': CMAKE_PREFIX_PATH=${CMAKE_PREFIX_PATH}:/opt/ros/jazzy /usr/bin/cmake --build /home/wagwan/slambot_ws/build/slambot_controller -- -j4 -l4
[0.168s] [100%] Built target simple_controller
[0.197s] Invoked command in '/home/wagwan/slambot_ws/build/slambot_controller' returned '0': CMAKE_PREFIX_PATH=${CMAKE_PREFIX_PATH}:/opt/ros/jazzy /usr/bin/cmake --build /home/wagwan/slambot_ws/build/slambot_controller -- -j4 -l4
[0.262s] Invoking command in '/home/wagwan/slambot_ws/build/slambot_controller': CMAKE_PREFIX_PATH=${CMAKE_PREFIX_PATH}:/opt/ros/jazzy /usr/bin/cmake --install /home/wagwan/slambot_ws/build/slambot_controller
[0.284s] -- Install configuration: ""
[0.284s] -- Up-to-date: /home/wagwan/slambot_ws/install/slambot_controller/include/include
[0.284s] -- Up-to-date: /home/wagwan/slambot_ws/install/slambot_controller/include/include/slambot_controller
[0.285s] -- Up-to-date: /home/wagwan/slambot_ws/install/slambot_controller/include/include/slambot_controller/simple_controller.hpp
[0.285s] -- Up-to-date: /home/wagwan/slambot_ws/install/slambot_controller/lib/slambot_controller/simple_controller
[0.286s] -- Up-to-date: /home/wagwan/slambot_ws/install/slambot_controller/share/slambot_controller/config
[0.287s] -- Up-to-date: /home/wagwan/slambot_ws/install/slambot_controller/share/slambot_controller/config/joystick_teleop.yaml
[0.287s] -- Up-to-date: /home/wagwan/slambot_ws/install/slambot_controller/share/slambot_controller/config/joystick_config.yaml
[0.288s] -- Installing: /home/wagwan/slambot_ws/install/slambot_controller/share/slambot_controller/config/pentaslam_controllers.yaml
[0.288s] -- Up-to-date: /home/wagwan/slambot_ws/install/slambot_controller/share/slambot_controller/config/slambot_controllers.yaml
[0.288s] -- Up-to-date: /home/wagwan/slambot_ws/install/slambot_controller/share/slambot_controller/launch
[0.289s] -- Up-to-date: /home/wagwan/slambot_ws/install/slambot_controller/share/slambot_controller/launch/controller.launch.py
[0.289s] -- Up-to-date: /home/wagwan/slambot_ws/install/slambot_controller/share/slambot_controller/launch/joystick_teleop.launch.py
[0.289s] -- Up-to-date: /home/wagwan/slambot_ws/install/slambot_controller/share/ament_index/resource_index/package_run_dependencies/slambot_controller
[0.290s] -- Up-to-date: /home/wagwan/slambot_ws/install/slambot_controller/share/ament_index/resource_index/parent_prefix_path/slambot_controller
[0.290s] -- Up-to-date: /home/wagwan/slambot_ws/install/slambot_controller/share/slambot_controller/environment/ament_prefix_path.sh
[0.290s] -- Up-to-date: /home/wagwan/slambot_ws/install/slambot_controller/share/slambot_controller/environment/ament_prefix_path.dsv
[0.291s] -- Up-to-date: /home/wagwan/slambot_ws/install/slambot_controller/share/slambot_controller/environment/path.sh
[0.292s] -- Up-to-date: /home/wagwan/slambot_ws/install/slambot_controller/share/slambot_controller/environment/path.dsv
[0.292s] -- Up-to-date: /home/wagwan/slambot_ws/install/slambot_controller/share/slambot_controller/local_setup.bash
[0.292s] -- Up-to-date: /home/wagwan/slambot_ws/install/slambot_controller/share/slambot_controller/local_setup.sh
[0.293s] -- Up-to-date: /home/wagwan/slambot_ws/install/slambot_controller/share/slambot_controller/local_setup.zsh
[0.293s] -- Up-to-date: /home/wagwan/slambot_ws/install/slambot_controller/share/slambot_controller/local_setup.dsv
[0.294s] -- Installing: /home/wagwan/slambot_ws/install/slambot_controller/share/slambot_controller/package.dsv
[0.294s] -- Up-to-date: /home/wagwan/slambot_ws/install/slambot_controller/share/ament_index/resource_index/packages/slambot_controller
[0.294s] -- Up-to-date: /home/wagwan/slambot_ws/install/slambot_controller/share/slambot_controller/cmake/slambot_controllerConfig.cmake
[0.298s] -- Up-to-date: /home/wagwan/slambot_ws/install/slambot_controller/share/slambot_controller/cmake/slambot_controllerConfig-version.cmake
[0.298s] -- Up-to-date: /home/wagwan/slambot_ws/install/slambot_controller/share/slambot_controller/package.xml
[0.300s] Invoked command in '/home/wagwan/slambot_ws/build/slambot_controller' returned '0': CMAKE_PREFIX_PATH=${CMAKE_PREFIX_PATH}:/opt/ros/jazzy /usr/bin/cmake --install /home/wagwan/slambot_ws/build/slambot_controller
