[0.029s] Invoking command in '/home/einstein/Desktop/ros2_control_Slambot/build/ros2_ctrl_pkg': CMAKE_PREFIX_PATH=/opt/ros/humble /usr/bin/cmake /home/einstein/Desktop/ros2_control_Slambot/src/ros2_ctrl_pkg -DCMAKE_INSTALL_PREFIX=/home/einstein/Desktop/ros2_control_Slambot/install/ros2_ctrl_pkg
[1.364s] -- The C compiler identification is GNU 11.4.0
[2.727s] -- The CXX compiler identification is GNU 11.4.0
[2.776s] -- Detecting C compiler ABI info
[3.076s] -- Detecting C compiler ABI info - done
[3.085s] -- Check for working C compiler: /usr/bin/cc - skipped
[3.088s] -- Detecting C compile features
[3.101s] -- Detecting C compile features - done
[3.118s] -- Detecting CXX compiler ABI info
[3.369s] -- Detecting CXX compiler ABI info - done
[3.378s] -- Check for working CXX compiler: /usr/bin/c++ - skipped
[3.378s] -- Detecting CXX compile features
[3.379s] -- Detecting CXX compile features - done
[3.558s] -- Found ament_cmake: 1.3.10 (/opt/ros/humble/share/ament_cmake/cmake)
[3.741s] -- Found Python3: /usr/bin/python3 (found version "3.10.12") found components: Interpreter 
[5.021s] -- Found ament_lint_auto: 0.12.11 (/opt/ros/humble/share/ament_lint_auto/cmake)
[5.718s] -- Added test 'cppcheck' to perform static code analysis on C / C++ code
[5.718s] -- Configured cppcheck include dirs: 
[5.718s] -- Configured cppcheck exclude dirs and/or files: 
[5.763s] -- Added test 'lint_cmake' to check CMake code style
[5.809s] -- Added test 'uncrustify' to check C / C++ code style
[5.809s] -- Configured uncrustify additional arguments: 
[5.809s] -- Added test 'xmllint' to check XML markup files
[5.857s] -- Configuring done
[5.862s] -- Generating done
[5.895s] -- Build files have been written to: /home/einstein/Desktop/ros2_control_Slambot/build/ros2_ctrl_pkg
[5.911s] Invoked command in '/home/einstein/Desktop/ros2_control_Slambot/build/ros2_ctrl_pkg' returned '0': CMAKE_PREFIX_PATH=/opt/ros/humble /usr/bin/cmake /home/einstein/Desktop/ros2_control_Slambot/src/ros2_ctrl_pkg -DCMAKE_INSTALL_PREFIX=/home/einstein/Desktop/ros2_control_Slambot/install/ros2_ctrl_pkg
[5.912s] Invoking command in '/home/einstein/Desktop/ros2_control_Slambot/build/ros2_ctrl_pkg': CMAKE_PREFIX_PATH=/opt/ros/humble /usr/bin/cmake --build /home/einstein/Desktop/ros2_control_Slambot/build/ros2_ctrl_pkg -- -j8 -l8
[5.937s] Invoked command in '/home/einstein/Desktop/ros2_control_Slambot/build/ros2_ctrl_pkg' returned '0': CMAKE_PREFIX_PATH=/opt/ros/humble /usr/bin/cmake --build /home/einstein/Desktop/ros2_control_Slambot/build/ros2_ctrl_pkg -- -j8 -l8
[5.957s] Invoking command in '/home/einstein/Desktop/ros2_control_Slambot/build/ros2_ctrl_pkg': CMAKE_PREFIX_PATH=/opt/ros/humble /usr/bin/cmake --install /home/einstein/Desktop/ros2_control_Slambot/build/ros2_ctrl_pkg
[5.962s] -- Install configuration: ""
[5.962s] -- Installing: /home/einstein/Desktop/ros2_control_Slambot/install/ros2_ctrl_pkg/share/ament_index/resource_index/package_run_dependencies/ros2_ctrl_pkg
[5.962s] -- Installing: /home/einstein/Desktop/ros2_control_Slambot/install/ros2_ctrl_pkg/share/ament_index/resource_index/parent_prefix_path/ros2_ctrl_pkg
[5.962s] -- Installing: /home/einstein/Desktop/ros2_control_Slambot/install/ros2_ctrl_pkg/share/ros2_ctrl_pkg/environment/ament_prefix_path.sh
[5.962s] -- Installing: /home/einstein/Desktop/ros2_control_Slambot/install/ros2_ctrl_pkg/share/ros2_ctrl_pkg/environment/ament_prefix_path.dsv
[5.962s] -- Installing: /home/einstein/Desktop/ros2_control_Slambot/install/ros2_ctrl_pkg/share/ros2_ctrl_pkg/environment/path.sh
[5.962s] -- Installing: /home/einstein/Desktop/ros2_control_Slambot/install/ros2_ctrl_pkg/share/ros2_ctrl_pkg/environment/path.dsv
[5.962s] -- Installing: /home/einstein/Desktop/ros2_control_Slambot/install/ros2_ctrl_pkg/share/ros2_ctrl_pkg/local_setup.bash
[5.962s] -- Installing: /home/einstein/Desktop/ros2_control_Slambot/install/ros2_ctrl_pkg/share/ros2_ctrl_pkg/local_setup.sh
[5.963s] -- Installing: /home/einstein/Desktop/ros2_control_Slambot/install/ros2_ctrl_pkg/share/ros2_ctrl_pkg/local_setup.zsh
[5.963s] -- Installing: /home/einstein/Desktop/ros2_control_Slambot/install/ros2_ctrl_pkg/share/ros2_ctrl_pkg/local_setup.dsv
[5.963s] -- Installing: /home/einstein/Desktop/ros2_control_Slambot/install/ros2_ctrl_pkg/share/ros2_ctrl_pkg/package.dsv
[5.963s] -- Installing: /home/einstein/Desktop/ros2_control_Slambot/install/ros2_ctrl_pkg/share/ament_index/resource_index/packages/ros2_ctrl_pkg
[5.963s] -- Installing: /home/einstein/Desktop/ros2_control_Slambot/install/ros2_ctrl_pkg/share/ros2_ctrl_pkg/cmake/ros2_ctrl_pkgConfig.cmake
[5.963s] -- Installing: /home/einstein/Desktop/ros2_control_Slambot/install/ros2_ctrl_pkg/share/ros2_ctrl_pkg/cmake/ros2_ctrl_pkgConfig-version.cmake
[5.963s] -- Installing: /home/einstein/Desktop/ros2_control_Slambot/install/ros2_ctrl_pkg/share/ros2_ctrl_pkg/package.xml
[5.964s] Invoked command in '/home/einstein/Desktop/ros2_control_Slambot/build/ros2_ctrl_pkg' returned '0': CMAKE_PREFIX_PATH=/opt/ros/humble /usr/bin/cmake --install /home/einstein/Desktop/ros2_control_Slambot/build/ros2_ctrl_pkg
