[0.140s] DEBUG:colcon:Command line arguments: ['/usr/bin/colcon', 'build']
[0.140s] DEBUG:colcon:Parsed command line arguments: Namespace(log_base=None, log_level=None, verb_name='build', build_base='build', install_base='install', merge_install=False, symlink_install=False, test_result_base=None, continue_on_error=False, executor='parallel', parallel_workers=4, event_handlers=None, ignore_user_meta=False, metas=['./colcon.meta'], base_paths=['.'], packages_ignore=None, packages_ignore_regex=None, paths=None, packages_up_to=None, packages_up_to_regex=None, packages_above=None, packages_above_and_dependencies=None, packages_above_depth=None, packages_select_by_dep=None, packages_skip_by_dep=None, packages_skip_up_to=None, packages_select_build_failed=False, packages_skip_build_finished=False, packages_select_test_failures=False, packages_skip_test_passed=False, packages_select=None, packages_skip=None, packages_select_regex=None, packages_skip_regex=None, packages_start=None, packages_end=None, allow_overriding=[], cmake_args=None, cmake_target=None, cmake_target_skip_unavailable=False, cmake_clean_cache=False, cmake_clean_first=False, cmake_force_configure=False, ament_cmake_args=None, catkin_cmake_args=None, catkin_skip_building_tests=False, mixin_files=None, mixin=None, verb_parser=<colcon_mixin.mixin.mixin_argument.MixinArgumentDecorator object at 0xffff99144890>, verb_extension=<colcon_core.verb.build.BuildVerb object at 0xffff9927f650>, main=<bound method BuildVerb.main of <colcon_core.verb.build.BuildVerb object at 0xffff9927f650>>, mixin_verb=('build',))
[0.189s] Level 1:colcon.colcon_core.package_discovery:discover_packages(colcon_meta) check parameters
[0.189s] Level 1:colcon.colcon_core.package_discovery:discover_packages(recursive) check parameters
[0.189s] Level 1:colcon.colcon_core.package_discovery:discover_packages(ignore) check parameters
[0.189s] Level 1:colcon.colcon_core.package_discovery:discover_packages(path) check parameters
[0.189s] Level 1:colcon.colcon_core.package_discovery:discover_packages(colcon_meta) discover
[0.189s] Level 1:colcon.colcon_core.package_discovery:discover_packages(recursive) discover
[0.189s] INFO:colcon.colcon_core.package_discovery:Crawling recursively for packages in '/home/wagwan/slambot_ws'
[0.189s] Level 1:colcon.colcon_core.package_identification:_identify(.) by extensions ['ignore', 'ignore_ament_install']
[0.189s] Level 1:colcon.colcon_core.package_identification:_identify(.) by extension 'ignore'
[0.189s] Level 1:colcon.colcon_core.package_identification:_identify(.) by extension 'ignore_ament_install'
[0.190s] Level 1:colcon.colcon_core.package_identification:_identify(.) by extensions ['colcon_pkg']
[0.190s] Level 1:colcon.colcon_core.package_identification:_identify(.) by extension 'colcon_pkg'
[0.190s] Level 1:colcon.colcon_core.package_identification:_identify(.) by extensions ['colcon_meta']
[0.190s] Level 1:colcon.colcon_core.package_identification:_identify(.) by extension 'colcon_meta'
[0.190s] Level 1:colcon.colcon_core.package_identification:_identify(.) by extensions ['ros']
[0.190s] Level 1:colcon.colcon_core.package_identification:_identify(.) by extension 'ros'
[0.227s] Level 1:colcon.colcon_core.package_identification:_identify(.) by extensions ['cmake', 'python']
[0.227s] Level 1:colcon.colcon_core.package_identification:_identify(.) by extension 'cmake'
[0.227s] Level 1:colcon.colcon_core.package_identification:_identify(.) by extension 'python'
[0.227s] Level 1:colcon.colcon_core.package_identification:_identify(.) by extensions ['python_setup_py']
[0.227s] Level 1:colcon.colcon_core.package_identification:_identify(.) by extension 'python_setup_py'
[0.227s] Level 1:colcon.colcon_core.package_identification:_identify(build) by extensions ['ignore', 'ignore_ament_install']
[0.227s] Level 1:colcon.colcon_core.package_identification:_identify(build) by extension 'ignore'
[0.227s] Level 1:colcon.colcon_core.package_identification:_identify(build) ignored
[0.228s] Level 1:colcon.colcon_core.package_identification:_identify(install) by extensions ['ignore', 'ignore_ament_install']
[0.228s] Level 1:colcon.colcon_core.package_identification:_identify(install) by extension 'ignore'
[0.228s] Level 1:colcon.colcon_core.package_identification:_identify(install) ignored
[0.228s] Level 1:colcon.colcon_core.package_identification:_identify(log) by extensions ['ignore', 'ignore_ament_install']
[0.228s] Level 1:colcon.colcon_core.package_identification:_identify(log) by extension 'ignore'
[0.228s] Level 1:colcon.colcon_core.package_identification:_identify(log) ignored
[0.228s] Level 1:colcon.colcon_core.package_identification:_identify(src) by extensions ['ignore', 'ignore_ament_install']
[0.228s] Level 1:colcon.colcon_core.package_identification:_identify(src) by extension 'ignore'
[0.228s] Level 1:colcon.colcon_core.package_identification:_identify(src) by extension 'ignore_ament_install'
[0.228s] Level 1:colcon.colcon_core.package_identification:_identify(src) by extensions ['colcon_pkg']
[0.228s] Level 1:colcon.colcon_core.package_identification:_identify(src) by extension 'colcon_pkg'
[0.228s] Level 1:colcon.colcon_core.package_identification:_identify(src) by extensions ['colcon_meta']
[0.228s] Level 1:colcon.colcon_core.package_identification:_identify(src) by extension 'colcon_meta'
[0.229s] Level 1:colcon.colcon_core.package_identification:_identify(src) by extensions ['ros']
[0.229s] Level 1:colcon.colcon_core.package_identification:_identify(src) by extension 'ros'
[0.229s] Level 1:colcon.colcon_core.package_identification:_identify(src) by extensions ['cmake', 'python']
[0.229s] Level 1:colcon.colcon_core.package_identification:_identify(src) by extension 'cmake'
[0.229s] Level 1:colcon.colcon_core.package_identification:_identify(src) by extension 'python'
[0.229s] Level 1:colcon.colcon_core.package_identification:_identify(src) by extensions ['python_setup_py']
[0.229s] Level 1:colcon.colcon_core.package_identification:_identify(src) by extension 'python_setup_py'
[0.229s] Level 1:colcon.colcon_core.package_identification:_identify(src/ros2_ctrl_pkg) by extensions ['ignore', 'ignore_ament_install']
[0.229s] Level 1:colcon.colcon_core.package_identification:_identify(src/ros2_ctrl_pkg) by extension 'ignore'
[0.229s] Level 1:colcon.colcon_core.package_identification:_identify(src/ros2_ctrl_pkg) by extension 'ignore_ament_install'
[0.229s] Level 1:colcon.colcon_core.package_identification:_identify(src/ros2_ctrl_pkg) by extensions ['colcon_pkg']
[0.229s] Level 1:colcon.colcon_core.package_identification:_identify(src/ros2_ctrl_pkg) by extension 'colcon_pkg'
[0.229s] Level 1:colcon.colcon_core.package_identification:_identify(src/ros2_ctrl_pkg) by extensions ['colcon_meta']
[0.229s] Level 1:colcon.colcon_core.package_identification:_identify(src/ros2_ctrl_pkg) by extension 'colcon_meta'
[0.229s] Level 1:colcon.colcon_core.package_identification:_identify(src/ros2_ctrl_pkg) by extensions ['ros']
[0.229s] Level 1:colcon.colcon_core.package_identification:_identify(src/ros2_ctrl_pkg) by extension 'ros'
[0.232s] DEBUG:colcon.colcon_core.package_identification:Package 'src/ros2_ctrl_pkg' with type 'ros.ament_cmake' and name 'ros2_ctrl_pkg'
[0.233s] Level 1:colcon.colcon_core.package_identification:_identify(src/slambot_bringup) by extensions ['ignore', 'ignore_ament_install']
[0.233s] Level 1:colcon.colcon_core.package_identification:_identify(src/slambot_bringup) by extension 'ignore'
[0.233s] Level 1:colcon.colcon_core.package_identification:_identify(src/slambot_bringup) by extension 'ignore_ament_install'
[0.233s] Level 1:colcon.colcon_core.package_identification:_identify(src/slambot_bringup) by extensions ['colcon_pkg']
[0.233s] Level 1:colcon.colcon_core.package_identification:_identify(src/slambot_bringup) by extension 'colcon_pkg'
[0.233s] Level 1:colcon.colcon_core.package_identification:_identify(src/slambot_bringup) by extensions ['colcon_meta']
[0.233s] Level 1:colcon.colcon_core.package_identification:_identify(src/slambot_bringup) by extension 'colcon_meta'
[0.233s] Level 1:colcon.colcon_core.package_identification:_identify(src/slambot_bringup) by extensions ['ros']
[0.233s] Level 1:colcon.colcon_core.package_identification:_identify(src/slambot_bringup) by extension 'ros'
[0.234s] DEBUG:colcon.colcon_core.package_identification:Package 'src/slambot_bringup' with type 'ros.ament_cmake' and name 'slambot_bringup'
[0.234s] Level 1:colcon.colcon_core.package_identification:_identify(src/slambot_controller) by extensions ['ignore', 'ignore_ament_install']
[0.234s] Level 1:colcon.colcon_core.package_identification:_identify(src/slambot_controller) by extension 'ignore'
[0.234s] Level 1:colcon.colcon_core.package_identification:_identify(src/slambot_controller) by extension 'ignore_ament_install'
[0.234s] Level 1:colcon.colcon_core.package_identification:_identify(src/slambot_controller) by extensions ['colcon_pkg']
[0.234s] Level 1:colcon.colcon_core.package_identification:_identify(src/slambot_controller) by extension 'colcon_pkg'
[0.234s] Level 1:colcon.colcon_core.package_identification:_identify(src/slambot_controller) by extensions ['colcon_meta']
[0.234s] Level 1:colcon.colcon_core.package_identification:_identify(src/slambot_controller) by extension 'colcon_meta'
[0.234s] Level 1:colcon.colcon_core.package_identification:_identify(src/slambot_controller) by extensions ['ros']
[0.234s] Level 1:colcon.colcon_core.package_identification:_identify(src/slambot_controller) by extension 'ros'
[0.235s] DEBUG:colcon.colcon_core.package_identification:Package 'src/slambot_controller' with type 'ros.ament_cmake' and name 'slambot_controller'
[0.235s] Level 1:colcon.colcon_core.package_identification:_identify(src/slambot_description) by extensions ['ignore', 'ignore_ament_install']
[0.235s] Level 1:colcon.colcon_core.package_identification:_identify(src/slambot_description) by extension 'ignore'
[0.235s] Level 1:colcon.colcon_core.package_identification:_identify(src/slambot_description) by extension 'ignore_ament_install'
[0.235s] Level 1:colcon.colcon_core.package_identification:_identify(src/slambot_description) by extensions ['colcon_pkg']
[0.235s] Level 1:colcon.colcon_core.package_identification:_identify(src/slambot_description) by extension 'colcon_pkg'
[0.235s] Level 1:colcon.colcon_core.package_identification:_identify(src/slambot_description) by extensions ['colcon_meta']
[0.235s] Level 1:colcon.colcon_core.package_identification:_identify(src/slambot_description) by extension 'colcon_meta'
[0.235s] Level 1:colcon.colcon_core.package_identification:_identify(src/slambot_description) by extensions ['ros']
[0.235s] Level 1:colcon.colcon_core.package_identification:_identify(src/slambot_description) by extension 'ros'
[0.236s] DEBUG:colcon.colcon_core.package_identification:Package 'src/slambot_description' with type 'ros.ament_cmake' and name 'slambot_description'
[0.236s] Level 1:colcon.colcon_core.package_identification:_identify(src/slambot_firmware) by extensions ['ignore', 'ignore_ament_install']
[0.236s] Level 1:colcon.colcon_core.package_identification:_identify(src/slambot_firmware) by extension 'ignore'
[0.236s] Level 1:colcon.colcon_core.package_identification:_identify(src/slambot_firmware) by extension 'ignore_ament_install'
[0.237s] Level 1:colcon.colcon_core.package_identification:_identify(src/slambot_firmware) by extensions ['colcon_pkg']
[0.237s] Level 1:colcon.colcon_core.package_identification:_identify(src/slambot_firmware) by extension 'colcon_pkg'
[0.237s] Level 1:colcon.colcon_core.package_identification:_identify(src/slambot_firmware) by extensions ['colcon_meta']
[0.237s] Level 1:colcon.colcon_core.package_identification:_identify(src/slambot_firmware) by extension 'colcon_meta'
[0.237s] Level 1:colcon.colcon_core.package_identification:_identify(src/slambot_firmware) by extensions ['ros']
[0.237s] Level 1:colcon.colcon_core.package_identification:_identify(src/slambot_firmware) by extension 'ros'
[0.238s] DEBUG:colcon.colcon_core.package_identification:Package 'src/slambot_firmware' with type 'ros.ament_cmake' and name 'slambot_firmware'
[0.238s] Level 1:colcon.colcon_core.package_discovery:discover_packages(recursive) using defaults
[0.238s] Level 1:colcon.colcon_core.package_discovery:discover_packages(ignore) discover
[0.238s] Level 1:colcon.colcon_core.package_discovery:discover_packages(ignore) using defaults
[0.238s] Level 1:colcon.colcon_core.package_discovery:discover_packages(path) discover
[0.238s] Level 1:colcon.colcon_core.package_discovery:discover_packages(path) using defaults
[0.261s] Level 1:colcon.colcon_core.package_discovery:discover_packages(prefix_path) check parameters
[0.261s] Level 1:colcon.colcon_core.package_discovery:discover_packages(prefix_path) discover
[0.265s] DEBUG:colcon.colcon_installed_package_information.package_discovery:Found 340 installed packages in /opt/ros/jazzy
[0.268s] Level 1:colcon.colcon_core.package_discovery:discover_packages(prefix_path) using defaults
[0.328s] Level 5:colcon.colcon_core.verb:set package 'ros2_ctrl_pkg' build argument 'cmake_args' from command line to 'None'
[0.328s] Level 5:colcon.colcon_core.verb:set package 'ros2_ctrl_pkg' build argument 'cmake_target' from command line to 'None'
[0.328s] Level 5:colcon.colcon_core.verb:set package 'ros2_ctrl_pkg' build argument 'cmake_target_skip_unavailable' from command line to 'False'
[0.328s] Level 5:colcon.colcon_core.verb:set package 'ros2_ctrl_pkg' build argument 'cmake_clean_cache' from command line to 'False'
[0.328s] Level 5:colcon.colcon_core.verb:set package 'ros2_ctrl_pkg' build argument 'cmake_clean_first' from command line to 'False'
[0.328s] Level 5:colcon.colcon_core.verb:set package 'ros2_ctrl_pkg' build argument 'cmake_force_configure' from command line to 'False'
[0.328s] Level 5:colcon.colcon_core.verb:set package 'ros2_ctrl_pkg' build argument 'ament_cmake_args' from command line to 'None'
[0.328s] Level 5:colcon.colcon_core.verb:set package 'ros2_ctrl_pkg' build argument 'catkin_cmake_args' from command line to 'None'
[0.328s] Level 5:colcon.colcon_core.verb:set package 'ros2_ctrl_pkg' build argument 'catkin_skip_building_tests' from command line to 'False'
[0.329s] DEBUG:colcon.colcon_core.verb:Building package 'ros2_ctrl_pkg' with the following arguments: {'ament_cmake_args': None, 'build_base': '/home/wagwan/slambot_ws/build/ros2_ctrl_pkg', 'catkin_cmake_args': None, 'catkin_skip_building_tests': False, 'cmake_args': None, 'cmake_clean_cache': False, 'cmake_clean_first': False, 'cmake_force_configure': False, 'cmake_target': None, 'cmake_target_skip_unavailable': False, 'install_base': '/home/wagwan/slambot_ws/install/ros2_ctrl_pkg', 'merge_install': False, 'path': '/home/wagwan/slambot_ws/src/ros2_ctrl_pkg', 'symlink_install': False, 'test_result_base': None}
[0.329s] Level 5:colcon.colcon_core.verb:set package 'slambot_bringup' build argument 'cmake_args' from command line to 'None'
[0.329s] Level 5:colcon.colcon_core.verb:set package 'slambot_bringup' build argument 'cmake_target' from command line to 'None'
[0.329s] Level 5:colcon.colcon_core.verb:set package 'slambot_bringup' build argument 'cmake_target_skip_unavailable' from command line to 'False'
[0.329s] Level 5:colcon.colcon_core.verb:set package 'slambot_bringup' build argument 'cmake_clean_cache' from command line to 'False'
[0.329s] Level 5:colcon.colcon_core.verb:set package 'slambot_bringup' build argument 'cmake_clean_first' from command line to 'False'
[0.329s] Level 5:colcon.colcon_core.verb:set package 'slambot_bringup' build argument 'cmake_force_configure' from command line to 'False'
[0.329s] Level 5:colcon.colcon_core.verb:set package 'slambot_bringup' build argument 'ament_cmake_args' from command line to 'None'
[0.329s] Level 5:colcon.colcon_core.verb:set package 'slambot_bringup' build argument 'catkin_cmake_args' from command line to 'None'
[0.329s] Level 5:colcon.colcon_core.verb:set package 'slambot_bringup' build argument 'catkin_skip_building_tests' from command line to 'False'
[0.329s] DEBUG:colcon.colcon_core.verb:Building package 'slambot_bringup' with the following arguments: {'ament_cmake_args': None, 'build_base': '/home/wagwan/slambot_ws/build/slambot_bringup', 'catkin_cmake_args': None, 'catkin_skip_building_tests': False, 'cmake_args': None, 'cmake_clean_cache': False, 'cmake_clean_first': False, 'cmake_force_configure': False, 'cmake_target': None, 'cmake_target_skip_unavailable': False, 'install_base': '/home/wagwan/slambot_ws/install/slambot_bringup', 'merge_install': False, 'path': '/home/wagwan/slambot_ws/src/slambot_bringup', 'symlink_install': False, 'test_result_base': None}
[0.330s] Level 5:colcon.colcon_core.verb:set package 'slambot_controller' build argument 'cmake_args' from command line to 'None'
[0.330s] Level 5:colcon.colcon_core.verb:set package 'slambot_controller' build argument 'cmake_target' from command line to 'None'
[0.330s] Level 5:colcon.colcon_core.verb:set package 'slambot_controller' build argument 'cmake_target_skip_unavailable' from command line to 'False'
[0.330s] Level 5:colcon.colcon_core.verb:set package 'slambot_controller' build argument 'cmake_clean_cache' from command line to 'False'
[0.330s] Level 5:colcon.colcon_core.verb:set package 'slambot_controller' build argument 'cmake_clean_first' from command line to 'False'
[0.330s] Level 5:colcon.colcon_core.verb:set package 'slambot_controller' build argument 'cmake_force_configure' from command line to 'False'
[0.330s] Level 5:colcon.colcon_core.verb:set package 'slambot_controller' build argument 'ament_cmake_args' from command line to 'None'
[0.330s] Level 5:colcon.colcon_core.verb:set package 'slambot_controller' build argument 'catkin_cmake_args' from command line to 'None'
[0.330s] Level 5:colcon.colcon_core.verb:set package 'slambot_controller' build argument 'catkin_skip_building_tests' from command line to 'False'
[0.330s] DEBUG:colcon.colcon_core.verb:Building package 'slambot_controller' with the following arguments: {'ament_cmake_args': None, 'build_base': '/home/wagwan/slambot_ws/build/slambot_controller', 'catkin_cmake_args': None, 'catkin_skip_building_tests': False, 'cmake_args': None, 'cmake_clean_cache': False, 'cmake_clean_first': False, 'cmake_force_configure': False, 'cmake_target': None, 'cmake_target_skip_unavailable': False, 'install_base': '/home/wagwan/slambot_ws/install/slambot_controller', 'merge_install': False, 'path': '/home/wagwan/slambot_ws/src/slambot_controller', 'symlink_install': False, 'test_result_base': None}
[0.330s] Level 5:colcon.colcon_core.verb:set package 'slambot_description' build argument 'cmake_args' from command line to 'None'
[0.330s] Level 5:colcon.colcon_core.verb:set package 'slambot_description' build argument 'cmake_target' from command line to 'None'
[0.330s] Level 5:colcon.colcon_core.verb:set package 'slambot_description' build argument 'cmake_target_skip_unavailable' from command line to 'False'
[0.330s] Level 5:colcon.colcon_core.verb:set package 'slambot_description' build argument 'cmake_clean_cache' from command line to 'False'
[0.330s] Level 5:colcon.colcon_core.verb:set package 'slambot_description' build argument 'cmake_clean_first' from command line to 'False'
[0.330s] Level 5:colcon.colcon_core.verb:set package 'slambot_description' build argument 'cmake_force_configure' from command line to 'False'
[0.330s] Level 5:colcon.colcon_core.verb:set package 'slambot_description' build argument 'ament_cmake_args' from command line to 'None'
[0.330s] Level 5:colcon.colcon_core.verb:set package 'slambot_description' build argument 'catkin_cmake_args' from command line to 'None'
[0.330s] Level 5:colcon.colcon_core.verb:set package 'slambot_description' build argument 'catkin_skip_building_tests' from command line to 'False'
[0.330s] DEBUG:colcon.colcon_core.verb:Building package 'slambot_description' with the following arguments: {'ament_cmake_args': None, 'build_base': '/home/wagwan/slambot_ws/build/slambot_description', 'catkin_cmake_args': None, 'catkin_skip_building_tests': False, 'cmake_args': None, 'cmake_clean_cache': False, 'cmake_clean_first': False, 'cmake_force_configure': False, 'cmake_target': None, 'cmake_target_skip_unavailable': False, 'install_base': '/home/wagwan/slambot_ws/install/slambot_description', 'merge_install': False, 'path': '/home/wagwan/slambot_ws/src/slambot_description', 'symlink_install': False, 'test_result_base': None}
[0.331s] Level 5:colcon.colcon_core.verb:set package 'slambot_firmware' build argument 'cmake_args' from command line to 'None'
[0.331s] Level 5:colcon.colcon_core.verb:set package 'slambot_firmware' build argument 'cmake_target' from command line to 'None'
[0.331s] Level 5:colcon.colcon_core.verb:set package 'slambot_firmware' build argument 'cmake_target_skip_unavailable' from command line to 'False'
[0.331s] Level 5:colcon.colcon_core.verb:set package 'slambot_firmware' build argument 'cmake_clean_cache' from command line to 'False'
[0.331s] Level 5:colcon.colcon_core.verb:set package 'slambot_firmware' build argument 'cmake_clean_first' from command line to 'False'
[0.331s] Level 5:colcon.colcon_core.verb:set package 'slambot_firmware' build argument 'cmake_force_configure' from command line to 'False'
[0.331s] Level 5:colcon.colcon_core.verb:set package 'slambot_firmware' build argument 'ament_cmake_args' from command line to 'None'
[0.331s] Level 5:colcon.colcon_core.verb:set package 'slambot_firmware' build argument 'catkin_cmake_args' from command line to 'None'
[0.331s] Level 5:colcon.colcon_core.verb:set package 'slambot_firmware' build argument 'catkin_skip_building_tests' from command line to 'False'
[0.331s] DEBUG:colcon.colcon_core.verb:Building package 'slambot_firmware' with the following arguments: {'ament_cmake_args': None, 'build_base': '/home/wagwan/slambot_ws/build/slambot_firmware', 'catkin_cmake_args': None, 'catkin_skip_building_tests': False, 'cmake_args': None, 'cmake_clean_cache': False, 'cmake_clean_first': False, 'cmake_force_configure': False, 'cmake_target': None, 'cmake_target_skip_unavailable': False, 'install_base': '/home/wagwan/slambot_ws/install/slambot_firmware', 'merge_install': False, 'path': '/home/wagwan/slambot_ws/src/slambot_firmware', 'symlink_install': False, 'test_result_base': None}
[0.331s] INFO:colcon.colcon_core.executor:Executing jobs using 'parallel' executor
[0.332s] DEBUG:colcon.colcon_parallel_executor.executor.parallel:run_until_complete
[0.333s] INFO:colcon.colcon_ros.task.ament_cmake.build:Building ROS package in '/home/wagwan/slambot_ws/src/ros2_ctrl_pkg' with build type 'ament_cmake'
[0.333s] INFO:colcon.colcon_cmake.task.cmake.build:Building CMake package in '/home/wagwan/slambot_ws/src/ros2_ctrl_pkg'
[0.335s] INFO:colcon.colcon_core.plugin_system:Skipping extension 'colcon_core.shell.bat': Not used on non-Windows systems
[0.335s] INFO:colcon.colcon_core.shell:Skip shell extension 'powershell' for command environment: Not usable outside of PowerShell
[0.335s] DEBUG:colcon.colcon_core.shell:Skip shell extension 'dsv' for command environment
[0.340s] INFO:colcon.colcon_ros.task.ament_cmake.build:Building ROS package in '/home/wagwan/slambot_ws/src/slambot_bringup' with build type 'ament_cmake'
[0.340s] INFO:colcon.colcon_cmake.task.cmake.build:Building CMake package in '/home/wagwan/slambot_ws/src/slambot_bringup'
[0.340s] INFO:colcon.colcon_core.shell:Skip shell extension 'powershell' for command environment: Not usable outside of PowerShell
[0.340s] DEBUG:colcon.colcon_core.shell:Skip shell extension 'dsv' for command environment
[0.344s] INFO:colcon.colcon_ros.task.ament_cmake.build:Building ROS package in '/home/wagwan/slambot_ws/src/slambot_controller' with build type 'ament_cmake'
[0.345s] INFO:colcon.colcon_cmake.task.cmake.build:Building CMake package in '/home/wagwan/slambot_ws/src/slambot_controller'
[0.345s] INFO:colcon.colcon_core.shell:Skip shell extension 'powershell' for command environment: Not usable outside of PowerShell
[0.345s] DEBUG:colcon.colcon_core.shell:Skip shell extension 'dsv' for command environment
[0.349s] INFO:colcon.colcon_ros.task.ament_cmake.build:Building ROS package in '/home/wagwan/slambot_ws/src/slambot_description' with build type 'ament_cmake'
[0.350s] INFO:colcon.colcon_cmake.task.cmake.build:Building CMake package in '/home/wagwan/slambot_ws/src/slambot_description'
[0.350s] INFO:colcon.colcon_core.shell:Skip shell extension 'powershell' for command environment: Not usable outside of PowerShell
[0.350s] DEBUG:colcon.colcon_core.shell:Skip shell extension 'dsv' for command environment
[0.361s] DEBUG:colcon.colcon_core.event_handler.log_command:Invoking command in '/home/wagwan/slambot_ws/build/ros2_ctrl_pkg': CMAKE_PREFIX_PATH=${CMAKE_PREFIX_PATH}:/opt/ros/jazzy /usr/bin/cmake --build /home/wagwan/slambot_ws/build/ros2_ctrl_pkg -- -j4 -l4
[0.367s] DEBUG:colcon.colcon_core.event_handler.log_command:Invoking command in '/home/wagwan/slambot_ws/build/slambot_bringup': CMAKE_PREFIX_PATH=${CMAKE_PREFIX_PATH}:/opt/ros/jazzy /usr/bin/cmake --build /home/wagwan/slambot_ws/build/slambot_bringup -- -j4 -l4
[0.370s] DEBUG:colcon.colcon_core.event_handler.log_command:Invoking command in '/home/wagwan/slambot_ws/build/slambot_controller': CMAKE_PREFIX_PATH=${CMAKE_PREFIX_PATH}:/opt/ros/jazzy /usr/bin/cmake --build /home/wagwan/slambot_ws/build/slambot_controller -- -j4 -l4
[0.384s] DEBUG:colcon.colcon_core.event_handler.log_command:Invoking command in '/home/wagwan/slambot_ws/build/slambot_description': CMAKE_PREFIX_PATH=${CMAKE_PREFIX_PATH}:/opt/ros/jazzy /usr/bin/cmake --build /home/wagwan/slambot_ws/build/slambot_description -- -j4 -l4
[0.460s] DEBUG:colcon.colcon_core.event_handler.log_command:Invoked command in '/home/wagwan/slambot_ws/build/ros2_ctrl_pkg' returned '0': CMAKE_PREFIX_PATH=${CMAKE_PREFIX_PATH}:/opt/ros/jazzy /usr/bin/cmake --build /home/wagwan/slambot_ws/build/ros2_ctrl_pkg -- -j4 -l4
[0.464s] DEBUG:colcon.colcon_core.event_handler.log_command:Invoked command in '/home/wagwan/slambot_ws/build/slambot_bringup' returned '0': CMAKE_PREFIX_PATH=${CMAKE_PREFIX_PATH}:/opt/ros/jazzy /usr/bin/cmake --build /home/wagwan/slambot_ws/build/slambot_bringup -- -j4 -l4
[0.484s] DEBUG:colcon.colcon_core.event_handler.log_command:Invoked command in '/home/wagwan/slambot_ws/build/slambot_description' returned '0': CMAKE_PREFIX_PATH=${CMAKE_PREFIX_PATH}:/opt/ros/jazzy /usr/bin/cmake --build /home/wagwan/slambot_ws/build/slambot_description -- -j4 -l4
[0.534s] DEBUG:colcon.colcon_core.event_handler.log_command:Invoking command in '/home/wagwan/slambot_ws/build/slambot_bringup': CMAKE_PREFIX_PATH=${CMAKE_PREFIX_PATH}:/opt/ros/jazzy /usr/bin/cmake --install /home/wagwan/slambot_ws/build/slambot_bringup
[0.539s] DEBUG:colcon.colcon_core.event_handler.log_command:Invoking command in '/home/wagwan/slambot_ws/build/ros2_ctrl_pkg': CMAKE_PREFIX_PATH=${CMAKE_PREFIX_PATH}:/opt/ros/jazzy /usr/bin/cmake --install /home/wagwan/slambot_ws/build/ros2_ctrl_pkg
[0.542s] DEBUG:colcon.colcon_core.event_handler.log_command:Invoking command in '/home/wagwan/slambot_ws/build/slambot_description': CMAKE_PREFIX_PATH=${CMAKE_PREFIX_PATH}:/opt/ros/jazzy /usr/bin/cmake --install /home/wagwan/slambot_ws/build/slambot_description
[0.568s] Level 1:colcon.colcon_core.environment:create_environment_scripts_only(ros2_ctrl_pkg)
[0.575s] Level 1:colcon.colcon_core.environment:checking '/home/wagwan/slambot_ws/install/ros2_ctrl_pkg' for CMake module files
[0.576s] Level 1:colcon.colcon_core.environment:checking '/home/wagwan/slambot_ws/install/ros2_ctrl_pkg' for CMake config files
[0.579s] Level 1:colcon.colcon_core.shell:create_environment_hook('ros2_ctrl_pkg', 'cmake_prefix_path')
[0.579s] INFO:colcon.colcon_core.shell:Creating environment hook '/home/wagwan/slambot_ws/install/ros2_ctrl_pkg/share/ros2_ctrl_pkg/hook/cmake_prefix_path.ps1'
[0.581s] INFO:colcon.colcon_core.shell:Creating environment descriptor '/home/wagwan/slambot_ws/install/ros2_ctrl_pkg/share/ros2_ctrl_pkg/hook/cmake_prefix_path.dsv'
[0.583s] INFO:colcon.colcon_core.shell:Creating environment hook '/home/wagwan/slambot_ws/install/ros2_ctrl_pkg/share/ros2_ctrl_pkg/hook/cmake_prefix_path.sh'
[0.586s] Level 1:colcon.colcon_core.environment:checking '/home/wagwan/slambot_ws/install/ros2_ctrl_pkg/bin'
[0.586s] Level 1:colcon.colcon_core.environment:checking '/home/wagwan/slambot_ws/install/ros2_ctrl_pkg/lib/pkgconfig/ros2_ctrl_pkg.pc'
[0.586s] Level 1:colcon.colcon_core.environment:checking '/home/wagwan/slambot_ws/install/ros2_ctrl_pkg/lib/python3.12/site-packages'
[0.587s] Level 1:colcon.colcon_core.environment:checking '/home/wagwan/slambot_ws/install/ros2_ctrl_pkg/bin'
[0.588s] INFO:colcon.colcon_core.shell:Creating package script '/home/wagwan/slambot_ws/install/ros2_ctrl_pkg/share/ros2_ctrl_pkg/package.ps1'
[0.589s] INFO:colcon.colcon_core.shell:Creating package descriptor '/home/wagwan/slambot_ws/install/ros2_ctrl_pkg/share/ros2_ctrl_pkg/package.dsv'
[0.591s] INFO:colcon.colcon_core.shell:Creating package script '/home/wagwan/slambot_ws/install/ros2_ctrl_pkg/share/ros2_ctrl_pkg/package.sh'
[0.591s] DEBUG:colcon.colcon_core.event_handler.log_command:Invoked command in '/home/wagwan/slambot_ws/build/ros2_ctrl_pkg' returned '0': CMAKE_PREFIX_PATH=${CMAKE_PREFIX_PATH}:/opt/ros/jazzy /usr/bin/cmake --install /home/wagwan/slambot_ws/build/ros2_ctrl_pkg
[0.592s] INFO:colcon.colcon_core.shell:Creating package script '/home/wagwan/slambot_ws/install/ros2_ctrl_pkg/share/ros2_ctrl_pkg/package.bash'
[0.593s] INFO:colcon.colcon_core.shell:Creating package script '/home/wagwan/slambot_ws/install/ros2_ctrl_pkg/share/ros2_ctrl_pkg/package.zsh'
[0.597s] Level 1:colcon.colcon_core.environment:create_file_with_runtime_dependencies(/home/wagwan/slambot_ws/install/ros2_ctrl_pkg/share/colcon-core/packages/ros2_ctrl_pkg)
[0.598s] Level 1:colcon.colcon_core.environment:create_environment_scripts_only(slambot_bringup)
[0.598s] Level 1:colcon.colcon_core.environment:checking '/home/wagwan/slambot_ws/install/slambot_bringup' for CMake module files
[0.599s] Level 1:colcon.colcon_core.environment:checking '/home/wagwan/slambot_ws/install/slambot_bringup' for CMake config files
[0.599s] Level 1:colcon.colcon_core.shell:create_environment_hook('slambot_bringup', 'cmake_prefix_path')
[0.600s] INFO:colcon.colcon_core.shell:Creating environment hook '/home/wagwan/slambot_ws/install/slambot_bringup/share/slambot_bringup/hook/cmake_prefix_path.ps1'
[0.601s] INFO:colcon.colcon_core.shell:Creating environment descriptor '/home/wagwan/slambot_ws/install/slambot_bringup/share/slambot_bringup/hook/cmake_prefix_path.dsv'
[0.602s] DEBUG:colcon.colcon_core.event_handler.log_command:Invoked command in '/home/wagwan/slambot_ws/build/slambot_bringup' returned '0': CMAKE_PREFIX_PATH=${CMAKE_PREFIX_PATH}:/opt/ros/jazzy /usr/bin/cmake --install /home/wagwan/slambot_ws/build/slambot_bringup
[0.603s] INFO:colcon.colcon_core.shell:Creating environment hook '/home/wagwan/slambot_ws/install/slambot_bringup/share/slambot_bringup/hook/cmake_prefix_path.sh'
[0.604s] Level 1:colcon.colcon_core.environment:checking '/home/wagwan/slambot_ws/install/slambot_bringup/bin'
[0.604s] Level 1:colcon.colcon_core.environment:checking '/home/wagwan/slambot_ws/install/slambot_bringup/lib/pkgconfig/slambot_bringup.pc'
[0.605s] Level 1:colcon.colcon_core.environment:checking '/home/wagwan/slambot_ws/install/slambot_bringup/lib/python3.12/site-packages'
[0.605s] Level 1:colcon.colcon_core.environment:checking '/home/wagwan/slambot_ws/install/slambot_bringup/bin'
[0.605s] INFO:colcon.colcon_core.shell:Creating package script '/home/wagwan/slambot_ws/install/slambot_bringup/share/slambot_bringup/package.ps1'
[0.606s] INFO:colcon.colcon_core.shell:Creating package descriptor '/home/wagwan/slambot_ws/install/slambot_bringup/share/slambot_bringup/package.dsv'
[0.608s] INFO:colcon.colcon_core.shell:Creating package script '/home/wagwan/slambot_ws/install/slambot_bringup/share/slambot_bringup/package.sh'
[0.609s] INFO:colcon.colcon_core.shell:Creating package script '/home/wagwan/slambot_ws/install/slambot_bringup/share/slambot_bringup/package.bash'
[0.610s] INFO:colcon.colcon_core.shell:Creating package script '/home/wagwan/slambot_ws/install/slambot_bringup/share/slambot_bringup/package.zsh'
[0.610s] Level 1:colcon.colcon_core.environment:create_file_with_runtime_dependencies(/home/wagwan/slambot_ws/install/slambot_bringup/share/colcon-core/packages/slambot_bringup)
[0.613s] Level 1:colcon.colcon_core.environment:create_environment_scripts_only(slambot_description)
[0.615s] Level 1:colcon.colcon_core.environment:checking '/home/wagwan/slambot_ws/install/slambot_description' for CMake module files
[0.614s] DEBUG:colcon.colcon_core.event_handler.log_command:Invoked command in '/home/wagwan/slambot_ws/build/slambot_description' returned '0': CMAKE_PREFIX_PATH=${CMAKE_PREFIX_PATH}:/opt/ros/jazzy /usr/bin/cmake --install /home/wagwan/slambot_ws/build/slambot_description
[0.616s] Level 1:colcon.colcon_core.environment:checking '/home/wagwan/slambot_ws/install/slambot_description' for CMake config files
[0.617s] Level 1:colcon.colcon_core.shell:create_environment_hook('slambot_description', 'cmake_prefix_path')
[0.617s] INFO:colcon.colcon_core.shell:Creating environment hook '/home/wagwan/slambot_ws/install/slambot_description/share/slambot_description/hook/cmake_prefix_path.ps1'
[0.618s] INFO:colcon.colcon_core.shell:Creating environment descriptor '/home/wagwan/slambot_ws/install/slambot_description/share/slambot_description/hook/cmake_prefix_path.dsv'
[0.619s] INFO:colcon.colcon_core.shell:Creating environment hook '/home/wagwan/slambot_ws/install/slambot_description/share/slambot_description/hook/cmake_prefix_path.sh'
[0.620s] Level 1:colcon.colcon_core.environment:checking '/home/wagwan/slambot_ws/install/slambot_description/bin'
[0.621s] Level 1:colcon.colcon_core.environment:checking '/home/wagwan/slambot_ws/install/slambot_description/lib/pkgconfig/slambot_description.pc'
[0.621s] Level 1:colcon.colcon_core.environment:checking '/home/wagwan/slambot_ws/install/slambot_description/lib/python3.12/site-packages'
[0.621s] Level 1:colcon.colcon_core.environment:checking '/home/wagwan/slambot_ws/install/slambot_description/bin'
[0.622s] INFO:colcon.colcon_core.shell:Creating package script '/home/wagwan/slambot_ws/install/slambot_description/share/slambot_description/package.ps1'
[0.624s] INFO:colcon.colcon_core.shell:Creating package descriptor '/home/wagwan/slambot_ws/install/slambot_description/share/slambot_description/package.dsv'
[0.625s] INFO:colcon.colcon_core.shell:Creating package script '/home/wagwan/slambot_ws/install/slambot_description/share/slambot_description/package.sh'
[0.625s] INFO:colcon.colcon_core.shell:Creating package script '/home/wagwan/slambot_ws/install/slambot_description/share/slambot_description/package.bash'
[0.626s] INFO:colcon.colcon_core.shell:Creating package script '/home/wagwan/slambot_ws/install/slambot_description/share/slambot_description/package.zsh'
[0.627s] Level 1:colcon.colcon_core.environment:create_file_with_runtime_dependencies(/home/wagwan/slambot_ws/install/slambot_description/share/colcon-core/packages/slambot_description)
[0.650s] Level 1:colcon.colcon_core.environment:create_environment_scripts_only(ros2_ctrl_pkg)
[0.650s] Level 1:colcon.colcon_core.environment:checking '/home/wagwan/slambot_ws/install/ros2_ctrl_pkg' for CMake module files
[0.652s] Level 1:colcon.colcon_core.environment:checking '/home/wagwan/slambot_ws/install/ros2_ctrl_pkg' for CMake config files
[0.653s] Level 1:colcon.colcon_core.shell:create_environment_hook('ros2_ctrl_pkg', 'cmake_prefix_path')
[0.653s] INFO:colcon.colcon_core.shell:Creating environment hook '/home/wagwan/slambot_ws/install/ros2_ctrl_pkg/share/ros2_ctrl_pkg/hook/cmake_prefix_path.ps1'
[0.655s] INFO:colcon.colcon_core.shell:Creating environment descriptor '/home/wagwan/slambot_ws/install/ros2_ctrl_pkg/share/ros2_ctrl_pkg/hook/cmake_prefix_path.dsv'
[0.657s] INFO:colcon.colcon_core.shell:Creating environment hook '/home/wagwan/slambot_ws/install/ros2_ctrl_pkg/share/ros2_ctrl_pkg/hook/cmake_prefix_path.sh'
[0.659s] Level 1:colcon.colcon_core.environment:checking '/home/wagwan/slambot_ws/install/ros2_ctrl_pkg/bin'
[0.659s] Level 1:colcon.colcon_core.environment:checking '/home/wagwan/slambot_ws/install/ros2_ctrl_pkg/lib/pkgconfig/ros2_ctrl_pkg.pc'
[0.660s] Level 1:colcon.colcon_core.environment:checking '/home/wagwan/slambot_ws/install/ros2_ctrl_pkg/lib/python3.12/site-packages'
[0.660s] Level 1:colcon.colcon_core.environment:checking '/home/wagwan/slambot_ws/install/ros2_ctrl_pkg/bin'
[0.661s] INFO:colcon.colcon_core.shell:Creating package script '/home/wagwan/slambot_ws/install/ros2_ctrl_pkg/share/ros2_ctrl_pkg/package.ps1'
[0.663s] INFO:colcon.colcon_core.shell:Creating package descriptor '/home/wagwan/slambot_ws/install/ros2_ctrl_pkg/share/ros2_ctrl_pkg/package.dsv'
[0.665s] INFO:colcon.colcon_core.shell:Creating package script '/home/wagwan/slambot_ws/install/ros2_ctrl_pkg/share/ros2_ctrl_pkg/package.sh'
[0.666s] INFO:colcon.colcon_core.shell:Creating package script '/home/wagwan/slambot_ws/install/ros2_ctrl_pkg/share/ros2_ctrl_pkg/package.bash'
[0.667s] INFO:colcon.colcon_core.shell:Creating package script '/home/wagwan/slambot_ws/install/ros2_ctrl_pkg/share/ros2_ctrl_pkg/package.zsh'
[0.671s] Level 1:colcon.colcon_core.environment:create_file_with_runtime_dependencies(/home/wagwan/slambot_ws/install/ros2_ctrl_pkg/share/colcon-core/packages/ros2_ctrl_pkg)
[0.673s] INFO:colcon.colcon_ros.task.ament_cmake.build:Building ROS package in '/home/wagwan/slambot_ws/src/slambot_firmware' with build type 'ament_cmake'
[0.673s] INFO:colcon.colcon_cmake.task.cmake.build:Building CMake package in '/home/wagwan/slambot_ws/src/slambot_firmware'
[0.673s] INFO:colcon.colcon_core.shell:Skip shell extension 'powershell' for command environment: Not usable outside of PowerShell
[0.673s] DEBUG:colcon.colcon_core.shell:Skip shell extension 'dsv' for command environment
[0.680s] Level 1:colcon.colcon_core.environment:create_environment_scripts_only(slambot_bringup)
[0.680s] Level 1:colcon.colcon_core.environment:checking '/home/wagwan/slambot_ws/install/slambot_bringup' for CMake module files
[0.681s] Level 1:colcon.colcon_core.environment:checking '/home/wagwan/slambot_ws/install/slambot_bringup' for CMake config files
[0.681s] Level 1:colcon.colcon_core.shell:create_environment_hook('slambot_bringup', 'cmake_prefix_path')
[0.681s] INFO:colcon.colcon_core.shell:Creating environment hook '/home/wagwan/slambot_ws/install/slambot_bringup/share/slambot_bringup/hook/cmake_prefix_path.ps1'
[0.682s] INFO:colcon.colcon_core.shell:Creating environment descriptor '/home/wagwan/slambot_ws/install/slambot_bringup/share/slambot_bringup/hook/cmake_prefix_path.dsv'
[0.683s] INFO:colcon.colcon_core.shell:Creating environment hook '/home/wagwan/slambot_ws/install/slambot_bringup/share/slambot_bringup/hook/cmake_prefix_path.sh'
[0.683s] Level 1:colcon.colcon_core.environment:checking '/home/wagwan/slambot_ws/install/slambot_bringup/bin'
[0.684s] Level 1:colcon.colcon_core.environment:checking '/home/wagwan/slambot_ws/install/slambot_bringup/lib/pkgconfig/slambot_bringup.pc'
[0.684s] Level 1:colcon.colcon_core.environment:checking '/home/wagwan/slambot_ws/install/slambot_bringup/lib/python3.12/site-packages'
[0.684s] Level 1:colcon.colcon_core.environment:checking '/home/wagwan/slambot_ws/install/slambot_bringup/bin'
[0.685s] INFO:colcon.colcon_core.shell:Creating package script '/home/wagwan/slambot_ws/install/slambot_bringup/share/slambot_bringup/package.ps1'
[0.685s] INFO:colcon.colcon_core.shell:Creating package descriptor '/home/wagwan/slambot_ws/install/slambot_bringup/share/slambot_bringup/package.dsv'
[0.686s] INFO:colcon.colcon_core.shell:Creating package script '/home/wagwan/slambot_ws/install/slambot_bringup/share/slambot_bringup/package.sh'
[0.686s] INFO:colcon.colcon_core.shell:Creating package script '/home/wagwan/slambot_ws/install/slambot_bringup/share/slambot_bringup/package.bash'
[0.687s] INFO:colcon.colcon_core.shell:Creating package script '/home/wagwan/slambot_ws/install/slambot_bringup/share/slambot_bringup/package.zsh'
[0.688s] Level 1:colcon.colcon_core.environment:create_file_with_runtime_dependencies(/home/wagwan/slambot_ws/install/slambot_bringup/share/colcon-core/packages/slambot_bringup)
[0.689s] Level 1:colcon.colcon_core.environment:create_environment_scripts_only(slambot_description)
[0.690s] Level 1:colcon.colcon_core.environment:checking '/home/wagwan/slambot_ws/install/slambot_description' for CMake module files
[0.691s] Level 1:colcon.colcon_core.environment:checking '/home/wagwan/slambot_ws/install/slambot_description' for CMake config files
[0.691s] Level 1:colcon.colcon_core.shell:create_environment_hook('slambot_description', 'cmake_prefix_path')
[0.691s] INFO:colcon.colcon_core.shell:Creating environment hook '/home/wagwan/slambot_ws/install/slambot_description/share/slambot_description/hook/cmake_prefix_path.ps1'
[0.693s] INFO:colcon.colcon_core.shell:Creating environment descriptor '/home/wagwan/slambot_ws/install/slambot_description/share/slambot_description/hook/cmake_prefix_path.dsv'
[0.694s] INFO:colcon.colcon_core.shell:Creating environment hook '/home/wagwan/slambot_ws/install/slambot_description/share/slambot_description/hook/cmake_prefix_path.sh'
[0.695s] Level 1:colcon.colcon_core.environment:checking '/home/wagwan/slambot_ws/install/slambot_description/bin'
[0.696s] Level 1:colcon.colcon_core.environment:checking '/home/wagwan/slambot_ws/install/slambot_description/lib/pkgconfig/slambot_description.pc'
[0.696s] Level 1:colcon.colcon_core.environment:checking '/home/wagwan/slambot_ws/install/slambot_description/lib/python3.12/site-packages'
[0.696s] Level 1:colcon.colcon_core.environment:checking '/home/wagwan/slambot_ws/install/slambot_description/bin'
[0.697s] INFO:colcon.colcon_core.shell:Creating package script '/home/wagwan/slambot_ws/install/slambot_description/share/slambot_description/package.ps1'
[0.698s] INFO:colcon.colcon_core.shell:Creating package descriptor '/home/wagwan/slambot_ws/install/slambot_description/share/slambot_description/package.dsv'
[0.698s] INFO:colcon.colcon_core.shell:Creating package script '/home/wagwan/slambot_ws/install/slambot_description/share/slambot_description/package.sh'
[0.699s] INFO:colcon.colcon_core.shell:Creating package script '/home/wagwan/slambot_ws/install/slambot_description/share/slambot_description/package.bash'
[0.700s] INFO:colcon.colcon_core.shell:Creating package script '/home/wagwan/slambot_ws/install/slambot_description/share/slambot_description/package.zsh'
[0.700s] Level 1:colcon.colcon_core.environment:create_file_with_runtime_dependencies(/home/wagwan/slambot_ws/install/slambot_description/share/colcon-core/packages/slambot_description)
[0.707s] DEBUG:colcon.colcon_core.event_handler.log_command:Invoking command in '/home/wagwan/slambot_ws/build/slambot_firmware': CMAKE_PREFIX_PATH=${CMAKE_PREFIX_PATH}:/opt/ros/jazzy /usr/bin/cmake --build /home/wagwan/slambot_ws/build/slambot_firmware -- -j4 -l4
[1.373s] DEBUG:colcon.colcon_core.event_handler.log_command:Invoked command in '/home/wagwan/slambot_ws/build/slambot_firmware' returned '0': CMAKE_PREFIX_PATH=${CMAKE_PREFIX_PATH}:/opt/ros/jazzy /usr/bin/cmake --build /home/wagwan/slambot_ws/build/slambot_firmware -- -j4 -l4
[1.439s] DEBUG:colcon.colcon_core.event_handler.log_command:Invoking command in '/home/wagwan/slambot_ws/build/slambot_firmware': CMAKE_PREFIX_PATH=${CMAKE_PREFIX_PATH}:/opt/ros/jazzy /usr/bin/cmake --install /home/wagwan/slambot_ws/build/slambot_firmware
[1.553s] Level 1:colcon.colcon_core.environment:create_environment_scripts_only(slambot_firmware)
[1.554s] Level 1:colcon.colcon_core.environment:checking '/home/wagwan/slambot_ws/install/slambot_firmware' for CMake module files
[1.558s] DEBUG:colcon.colcon_core.event_handler.log_command:Invoked command in '/home/wagwan/slambot_ws/build/slambot_firmware' returned '0': CMAKE_PREFIX_PATH=${CMAKE_PREFIX_PATH}:/opt/ros/jazzy /usr/bin/cmake --install /home/wagwan/slambot_ws/build/slambot_firmware
[1.558s] Level 1:colcon.colcon_core.environment:checking '/home/wagwan/slambot_ws/install/slambot_firmware' for CMake config files
[1.559s] Level 1:colcon.colcon_core.shell:create_environment_hook('slambot_firmware', 'cmake_prefix_path')
[1.559s] INFO:colcon.colcon_core.shell:Creating environment hook '/home/wagwan/slambot_ws/install/slambot_firmware/share/slambot_firmware/hook/cmake_prefix_path.ps1'
[1.560s] INFO:colcon.colcon_core.shell:Creating environment descriptor '/home/wagwan/slambot_ws/install/slambot_firmware/share/slambot_firmware/hook/cmake_prefix_path.dsv'
[1.561s] INFO:colcon.colcon_core.shell:Creating environment hook '/home/wagwan/slambot_ws/install/slambot_firmware/share/slambot_firmware/hook/cmake_prefix_path.sh'
[1.562s] Level 1:colcon.colcon_core.environment:checking '/home/wagwan/slambot_ws/install/slambot_firmware/lib'
[1.562s] Level 1:colcon.colcon_core.shell:create_environment_hook('slambot_firmware', 'ld_library_path_lib')
[1.563s] INFO:colcon.colcon_core.shell:Creating environment hook '/home/wagwan/slambot_ws/install/slambot_firmware/share/slambot_firmware/hook/ld_library_path_lib.ps1'
[1.564s] INFO:colcon.colcon_core.shell:Creating environment descriptor '/home/wagwan/slambot_ws/install/slambot_firmware/share/slambot_firmware/hook/ld_library_path_lib.dsv'
[1.565s] INFO:colcon.colcon_core.shell:Creating environment hook '/home/wagwan/slambot_ws/install/slambot_firmware/share/slambot_firmware/hook/ld_library_path_lib.sh'
[1.565s] Level 1:colcon.colcon_core.environment:checking '/home/wagwan/slambot_ws/install/slambot_firmware/bin'
[1.565s] Level 1:colcon.colcon_core.environment:checking '/home/wagwan/slambot_ws/install/slambot_firmware/lib/pkgconfig/slambot_firmware.pc'
[1.566s] Level 1:colcon.colcon_core.environment:checking '/home/wagwan/slambot_ws/install/slambot_firmware/lib/python3.12/site-packages'
[1.566s] Level 1:colcon.colcon_core.shell:create_environment_hook('slambot_firmware', 'pythonpath')
[1.566s] INFO:colcon.colcon_core.shell:Creating environment hook '/home/wagwan/slambot_ws/install/slambot_firmware/share/slambot_firmware/hook/pythonpath.ps1'
[1.567s] INFO:colcon.colcon_core.shell:Creating environment descriptor '/home/wagwan/slambot_ws/install/slambot_firmware/share/slambot_firmware/hook/pythonpath.dsv'
[1.567s] INFO:colcon.colcon_core.shell:Creating environment hook '/home/wagwan/slambot_ws/install/slambot_firmware/share/slambot_firmware/hook/pythonpath.sh'
[1.568s] Level 1:colcon.colcon_core.environment:checking '/home/wagwan/slambot_ws/install/slambot_firmware/bin'
[1.568s] INFO:colcon.colcon_core.shell:Creating package script '/home/wagwan/slambot_ws/install/slambot_firmware/share/slambot_firmware/package.ps1'
[1.569s] INFO:colcon.colcon_core.shell:Creating package descriptor '/home/wagwan/slambot_ws/install/slambot_firmware/share/slambot_firmware/package.dsv'
[1.570s] INFO:colcon.colcon_core.shell:Creating package script '/home/wagwan/slambot_ws/install/slambot_firmware/share/slambot_firmware/package.sh'
[1.570s] INFO:colcon.colcon_core.shell:Creating package script '/home/wagwan/slambot_ws/install/slambot_firmware/share/slambot_firmware/package.bash'
[1.571s] INFO:colcon.colcon_core.shell:Creating package script '/home/wagwan/slambot_ws/install/slambot_firmware/share/slambot_firmware/package.zsh'
[1.574s] Level 1:colcon.colcon_core.environment:create_file_with_runtime_dependencies(/home/wagwan/slambot_ws/install/slambot_firmware/share/colcon-core/packages/slambot_firmware)
[1.629s] Level 1:colcon.colcon_core.environment:create_environment_scripts_only(slambot_firmware)
[1.630s] Level 1:colcon.colcon_core.environment:checking '/home/wagwan/slambot_ws/install/slambot_firmware' for CMake module files
[1.631s] Level 1:colcon.colcon_core.environment:checking '/home/wagwan/slambot_ws/install/slambot_firmware' for CMake config files
[1.631s] Level 1:colcon.colcon_core.shell:create_environment_hook('slambot_firmware', 'cmake_prefix_path')
[1.632s] INFO:colcon.colcon_core.shell:Creating environment hook '/home/wagwan/slambot_ws/install/slambot_firmware/share/slambot_firmware/hook/cmake_prefix_path.ps1'
[1.632s] INFO:colcon.colcon_core.shell:Creating environment descriptor '/home/wagwan/slambot_ws/install/slambot_firmware/share/slambot_firmware/hook/cmake_prefix_path.dsv'
[1.633s] INFO:colcon.colcon_core.shell:Creating environment hook '/home/wagwan/slambot_ws/install/slambot_firmware/share/slambot_firmware/hook/cmake_prefix_path.sh'
[1.633s] Level 1:colcon.colcon_core.environment:checking '/home/wagwan/slambot_ws/install/slambot_firmware/lib'
[1.634s] Level 1:colcon.colcon_core.shell:create_environment_hook('slambot_firmware', 'ld_library_path_lib')
[1.634s] INFO:colcon.colcon_core.shell:Creating environment hook '/home/wagwan/slambot_ws/install/slambot_firmware/share/slambot_firmware/hook/ld_library_path_lib.ps1'
[1.634s] INFO:colcon.colcon_core.shell:Creating environment descriptor '/home/wagwan/slambot_ws/install/slambot_firmware/share/slambot_firmware/hook/ld_library_path_lib.dsv'
[1.635s] INFO:colcon.colcon_core.shell:Creating environment hook '/home/wagwan/slambot_ws/install/slambot_firmware/share/slambot_firmware/hook/ld_library_path_lib.sh'
[1.635s] Level 1:colcon.colcon_core.environment:checking '/home/wagwan/slambot_ws/install/slambot_firmware/bin'
[1.635s] Level 1:colcon.colcon_core.environment:checking '/home/wagwan/slambot_ws/install/slambot_firmware/lib/pkgconfig/slambot_firmware.pc'
[1.636s] Level 1:colcon.colcon_core.environment:checking '/home/wagwan/slambot_ws/install/slambot_firmware/lib/python3.12/site-packages'
[1.636s] Level 1:colcon.colcon_core.shell:create_environment_hook('slambot_firmware', 'pythonpath')
[1.636s] INFO:colcon.colcon_core.shell:Creating environment hook '/home/wagwan/slambot_ws/install/slambot_firmware/share/slambot_firmware/hook/pythonpath.ps1'
[1.637s] INFO:colcon.colcon_core.shell:Creating environment descriptor '/home/wagwan/slambot_ws/install/slambot_firmware/share/slambot_firmware/hook/pythonpath.dsv'
[1.637s] INFO:colcon.colcon_core.shell:Creating environment hook '/home/wagwan/slambot_ws/install/slambot_firmware/share/slambot_firmware/hook/pythonpath.sh'
[1.638s] Level 1:colcon.colcon_core.environment:checking '/home/wagwan/slambot_ws/install/slambot_firmware/bin'
[1.638s] INFO:colcon.colcon_core.shell:Creating package script '/home/wagwan/slambot_ws/install/slambot_firmware/share/slambot_firmware/package.ps1'
[1.640s] INFO:colcon.colcon_core.shell:Creating package descriptor '/home/wagwan/slambot_ws/install/slambot_firmware/share/slambot_firmware/package.dsv'
[1.640s] INFO:colcon.colcon_core.shell:Creating package script '/home/wagwan/slambot_ws/install/slambot_firmware/share/slambot_firmware/package.sh'
[1.641s] INFO:colcon.colcon_core.shell:Creating package script '/home/wagwan/slambot_ws/install/slambot_firmware/share/slambot_firmware/package.bash'
[1.642s] INFO:colcon.colcon_core.shell:Creating package script '/home/wagwan/slambot_ws/install/slambot_firmware/share/slambot_firmware/package.zsh'
[1.642s] Level 1:colcon.colcon_core.environment:create_file_with_runtime_dependencies(/home/wagwan/slambot_ws/install/slambot_firmware/share/colcon-core/packages/slambot_firmware)
[16.522s] DEBUG:colcon.colcon_core.event_handler.log_command:Invoked command in '/home/wagwan/slambot_ws/build/slambot_controller' returned '0': CMAKE_PREFIX_PATH=${CMAKE_PREFIX_PATH}:/opt/ros/jazzy /usr/bin/cmake --build /home/wagwan/slambot_ws/build/slambot_controller -- -j4 -l4
[16.566s] DEBUG:colcon.colcon_core.event_handler.log_command:Invoking command in '/home/wagwan/slambot_ws/build/slambot_controller': CMAKE_PREFIX_PATH=${CMAKE_PREFIX_PATH}:/opt/ros/jazzy /usr/bin/cmake --install /home/wagwan/slambot_ws/build/slambot_controller
[16.601s] Level 1:colcon.colcon_core.environment:create_environment_scripts_only(slambot_controller)
[16.602s] Level 1:colcon.colcon_core.environment:checking '/home/wagwan/slambot_ws/install/slambot_controller' for CMake module files
[16.602s] DEBUG:colcon.colcon_core.event_handler.log_command:Invoked command in '/home/wagwan/slambot_ws/build/slambot_controller' returned '0': CMAKE_PREFIX_PATH=${CMAKE_PREFIX_PATH}:/opt/ros/jazzy /usr/bin/cmake --install /home/wagwan/slambot_ws/build/slambot_controller
[16.603s] Level 1:colcon.colcon_core.environment:checking '/home/wagwan/slambot_ws/install/slambot_controller' for CMake config files
[16.603s] Level 1:colcon.colcon_core.shell:create_environment_hook('slambot_controller', 'cmake_prefix_path')
[16.603s] INFO:colcon.colcon_core.shell:Creating environment hook '/home/wagwan/slambot_ws/install/slambot_controller/share/slambot_controller/hook/cmake_prefix_path.ps1'
[16.604s] INFO:colcon.colcon_core.shell:Creating environment descriptor '/home/wagwan/slambot_ws/install/slambot_controller/share/slambot_controller/hook/cmake_prefix_path.dsv'
[16.607s] INFO:colcon.colcon_core.shell:Creating environment hook '/home/wagwan/slambot_ws/install/slambot_controller/share/slambot_controller/hook/cmake_prefix_path.sh'
[16.611s] Level 1:colcon.colcon_core.environment:checking '/home/wagwan/slambot_ws/install/slambot_controller/lib'
[16.611s] Level 1:colcon.colcon_core.environment:checking '/home/wagwan/slambot_ws/install/slambot_controller/bin'
[16.611s] Level 1:colcon.colcon_core.environment:checking '/home/wagwan/slambot_ws/install/slambot_controller/lib/pkgconfig/slambot_controller.pc'
[16.612s] Level 1:colcon.colcon_core.environment:checking '/home/wagwan/slambot_ws/install/slambot_controller/lib/python3.12/site-packages'
[16.612s] Level 1:colcon.colcon_core.environment:checking '/home/wagwan/slambot_ws/install/slambot_controller/bin'
[16.612s] INFO:colcon.colcon_core.shell:Creating package script '/home/wagwan/slambot_ws/install/slambot_controller/share/slambot_controller/package.ps1'
[16.615s] INFO:colcon.colcon_core.shell:Creating package descriptor '/home/wagwan/slambot_ws/install/slambot_controller/share/slambot_controller/package.dsv'
[16.618s] INFO:colcon.colcon_core.shell:Creating package script '/home/wagwan/slambot_ws/install/slambot_controller/share/slambot_controller/package.sh'
[16.622s] INFO:colcon.colcon_core.shell:Creating package script '/home/wagwan/slambot_ws/install/slambot_controller/share/slambot_controller/package.bash'
[16.626s] INFO:colcon.colcon_core.shell:Creating package script '/home/wagwan/slambot_ws/install/slambot_controller/share/slambot_controller/package.zsh'
[16.630s] Level 1:colcon.colcon_core.environment:create_file_with_runtime_dependencies(/home/wagwan/slambot_ws/install/slambot_controller/share/colcon-core/packages/slambot_controller)
[16.680s] Level 1:colcon.colcon_core.environment:create_environment_scripts_only(slambot_controller)
[16.681s] Level 1:colcon.colcon_core.environment:checking '/home/wagwan/slambot_ws/install/slambot_controller' for CMake module files
[16.682s] Level 1:colcon.colcon_core.environment:checking '/home/wagwan/slambot_ws/install/slambot_controller' for CMake config files
[16.682s] Level 1:colcon.colcon_core.shell:create_environment_hook('slambot_controller', 'cmake_prefix_path')
[16.682s] INFO:colcon.colcon_core.shell:Creating environment hook '/home/wagwan/slambot_ws/install/slambot_controller/share/slambot_controller/hook/cmake_prefix_path.ps1'
[16.683s] INFO:colcon.colcon_core.shell:Creating environment descriptor '/home/wagwan/slambot_ws/install/slambot_controller/share/slambot_controller/hook/cmake_prefix_path.dsv'
[16.687s] INFO:colcon.colcon_core.shell:Creating environment hook '/home/wagwan/slambot_ws/install/slambot_controller/share/slambot_controller/hook/cmake_prefix_path.sh'
[16.691s] Level 1:colcon.colcon_core.environment:checking '/home/wagwan/slambot_ws/install/slambot_controller/lib'
[16.691s] Level 1:colcon.colcon_core.environment:checking '/home/wagwan/slambot_ws/install/slambot_controller/bin'
[16.691s] Level 1:colcon.colcon_core.environment:checking '/home/wagwan/slambot_ws/install/slambot_controller/lib/pkgconfig/slambot_controller.pc'
[16.692s] Level 1:colcon.colcon_core.environment:checking '/home/wagwan/slambot_ws/install/slambot_controller/lib/python3.12/site-packages'
[16.692s] Level 1:colcon.colcon_core.environment:checking '/home/wagwan/slambot_ws/install/slambot_controller/bin'
[16.692s] INFO:colcon.colcon_core.shell:Creating package script '/home/wagwan/slambot_ws/install/slambot_controller/share/slambot_controller/package.ps1'
[16.695s] INFO:colcon.colcon_core.shell:Creating package descriptor '/home/wagwan/slambot_ws/install/slambot_controller/share/slambot_controller/package.dsv'
[16.698s] INFO:colcon.colcon_core.shell:Creating package script '/home/wagwan/slambot_ws/install/slambot_controller/share/slambot_controller/package.sh'
[16.702s] INFO:colcon.colcon_core.shell:Creating package script '/home/wagwan/slambot_ws/install/slambot_controller/share/slambot_controller/package.bash'
[16.706s] INFO:colcon.colcon_core.shell:Creating package script '/home/wagwan/slambot_ws/install/slambot_controller/share/slambot_controller/package.zsh'
[16.710s] Level 1:colcon.colcon_core.environment:create_file_with_runtime_dependencies(/home/wagwan/slambot_ws/install/slambot_controller/share/colcon-core/packages/slambot_controller)
[16.714s] DEBUG:colcon.colcon_parallel_executor.executor.parallel:closing loop
[16.714s] DEBUG:colcon.colcon_parallel_executor.executor.parallel:loop closed
[16.714s] DEBUG:colcon.colcon_parallel_executor.executor.parallel:run_until_complete finished with '0'
[16.714s] DEBUG:colcon.colcon_core.event_reactor:joining thread
[16.726s] INFO:colcon.colcon_core.plugin_system:Skipping extension 'colcon_notification.desktop_notification.notify_send': Could not find 'notify-send'
[16.727s] INFO:colcon.colcon_core.plugin_system:Skipping extension 'colcon_notification.desktop_notification.terminal_notifier': Not used on non-Darwin systems
[16.727s] INFO:colcon.colcon_core.plugin_system:Skipping extension 'colcon_notification.desktop_notification.win32': Not used on non-Windows systems
[16.727s] INFO:colcon.colcon_notification.desktop_notification:Sending desktop notification using 'notify2'
[16.728s] DEBUG:colcon.colcon_notification.desktop_notification.notify2:Failed to initialize notify2: org.freedesktop.DBus.Error.ServiceUnknown: The name org.freedesktop.Notifications was not provided by any .service files
[16.728s] DEBUG:colcon.colcon_core.event_reactor:joined thread
[16.728s] INFO:colcon.colcon_core.shell:Creating prefix script '/home/wagwan/slambot_ws/install/local_setup.ps1'
[16.730s] INFO:colcon.colcon_core.shell:Creating prefix util module '/home/wagwan/slambot_ws/install/_local_setup_util_ps1.py'
[16.734s] INFO:colcon.colcon_core.shell:Creating prefix chain script '/home/wagwan/slambot_ws/install/setup.ps1'
[16.738s] INFO:colcon.colcon_core.shell:Creating prefix script '/home/wagwan/slambot_ws/install/local_setup.sh'
[16.741s] INFO:colcon.colcon_core.shell:Creating prefix util module '/home/wagwan/slambot_ws/install/_local_setup_util_sh.py'
[16.745s] INFO:colcon.colcon_core.shell:Creating prefix chain script '/home/wagwan/slambot_ws/install/setup.sh'
[16.749s] INFO:colcon.colcon_core.shell:Creating prefix script '/home/wagwan/slambot_ws/install/local_setup.bash'
[16.753s] INFO:colcon.colcon_core.shell:Creating prefix chain script '/home/wagwan/slambot_ws/install/setup.bash'
[16.757s] INFO:colcon.colcon_core.shell:Creating prefix script '/home/wagwan/slambot_ws/install/local_setup.zsh'
[16.760s] INFO:colcon.colcon_core.shell:Creating prefix chain script '/home/wagwan/slambot_ws/install/setup.zsh'
