[0.242s] DEBUG:colcon:Command line arguments: ['/usr/bin/colcon', 'build']
[0.242s] DEBUG:colcon:Parsed command line arguments: Namespace(log_base=None, log_level=None, verb_name='build', build_base='build', install_base='install', merge_install=False, symlink_install=False, test_result_base=None, continue_on_error=False, executor='parallel', parallel_workers=4, event_handlers=None, ignore_user_meta=False, metas=['./colcon.meta'], base_paths=['.'], packages_ignore=None, packages_ignore_regex=None, paths=None, packages_up_to=None, packages_up_to_regex=None, packages_above=None, packages_above_and_dependencies=None, packages_above_depth=None, packages_select_by_dep=None, packages_skip_by_dep=None, packages_skip_up_to=None, packages_select_build_failed=False, packages_skip_build_finished=False, packages_select_test_failures=False, packages_skip_test_passed=False, packages_select=None, packages_skip=None, packages_select_regex=None, packages_skip_regex=None, packages_start=None, packages_end=None, allow_overriding=[], cmake_args=None, cmake_target=None, cmake_target_skip_unavailable=False, cmake_clean_cache=False, cmake_clean_first=False, cmake_force_configure=False, ament_cmake_args=None, catkin_cmake_args=None, catkin_skip_building_tests=False, mixin_files=None, mixin=None, verb_parser=<colcon_mixin.mixin.mixin_argument.MixinArgumentDecorator object at 0xffffac444770>, verb_extension=<colcon_core.verb.build.BuildVerb object at 0xffffac57b950>, main=<bound method BuildVerb.main of <colcon_core.verb.build.BuildVerb object at 0xffffac57b950>>, mixin_verb=('build',))
[0.353s] Level 1:colcon.colcon_core.package_discovery:discover_packages(colcon_meta) check parameters
[0.353s] Level 1:colcon.colcon_core.package_discovery:discover_packages(recursive) check parameters
[0.353s] Level 1:colcon.colcon_core.package_discovery:discover_packages(ignore) check parameters
[0.353s] Level 1:colcon.colcon_core.package_discovery:discover_packages(path) check parameters
[0.353s] Level 1:colcon.colcon_core.package_discovery:discover_packages(colcon_meta) discover
[0.353s] Level 1:colcon.colcon_core.package_discovery:discover_packages(recursive) discover
[0.353s] INFO:colcon.colcon_core.package_discovery:Crawling recursively for packages in '/home/wagwan/slambot_ws'
[0.353s] Level 1:colcon.colcon_core.package_identification:_identify(.) by extensions ['ignore', 'ignore_ament_install']
[0.354s] Level 1:colcon.colcon_core.package_identification:_identify(.) by extension 'ignore'
[0.354s] Level 1:colcon.colcon_core.package_identification:_identify(.) by extension 'ignore_ament_install'
[0.354s] Level 1:colcon.colcon_core.package_identification:_identify(.) by extensions ['colcon_pkg']
[0.354s] Level 1:colcon.colcon_core.package_identification:_identify(.) by extension 'colcon_pkg'
[0.354s] Level 1:colcon.colcon_core.package_identification:_identify(.) by extensions ['colcon_meta']
[0.354s] Level 1:colcon.colcon_core.package_identification:_identify(.) by extension 'colcon_meta'
[0.354s] Level 1:colcon.colcon_core.package_identification:_identify(.) by extensions ['ros']
[0.354s] Level 1:colcon.colcon_core.package_identification:_identify(.) by extension 'ros'
[0.413s] Level 1:colcon.colcon_core.package_identification:_identify(.) by extensions ['cmake', 'python']
[0.413s] Level 1:colcon.colcon_core.package_identification:_identify(.) by extension 'cmake'
[0.413s] Level 1:colcon.colcon_core.package_identification:_identify(.) by extension 'python'
[0.413s] Level 1:colcon.colcon_core.package_identification:_identify(.) by extensions ['python_setup_py']
[0.413s] Level 1:colcon.colcon_core.package_identification:_identify(.) by extension 'python_setup_py'
[0.413s] Level 1:colcon.colcon_core.package_identification:_identify(build) by extensions ['ignore', 'ignore_ament_install']
[0.413s] Level 1:colcon.colcon_core.package_identification:_identify(build) by extension 'ignore'
[0.413s] Level 1:colcon.colcon_core.package_identification:_identify(build) ignored
[0.413s] Level 1:colcon.colcon_core.package_identification:_identify(install) by extensions ['ignore', 'ignore_ament_install']
[0.414s] Level 1:colcon.colcon_core.package_identification:_identify(install) by extension 'ignore'
[0.414s] Level 1:colcon.colcon_core.package_identification:_identify(install) ignored
[0.414s] Level 1:colcon.colcon_core.package_identification:_identify(log) by extensions ['ignore', 'ignore_ament_install']
[0.414s] Level 1:colcon.colcon_core.package_identification:_identify(log) by extension 'ignore'
[0.414s] Level 1:colcon.colcon_core.package_identification:_identify(log) ignored
[0.414s] Level 1:colcon.colcon_core.package_identification:_identify(src) by extensions ['ignore', 'ignore_ament_install']
[0.414s] Level 1:colcon.colcon_core.package_identification:_identify(src) by extension 'ignore'
[0.414s] Level 1:colcon.colcon_core.package_identification:_identify(src) by extension 'ignore_ament_install'
[0.414s] Level 1:colcon.colcon_core.package_identification:_identify(src) by extensions ['colcon_pkg']
[0.414s] Level 1:colcon.colcon_core.package_identification:_identify(src) by extension 'colcon_pkg'
[0.414s] Level 1:colcon.colcon_core.package_identification:_identify(src) by extensions ['colcon_meta']
[0.414s] Level 1:colcon.colcon_core.package_identification:_identify(src) by extension 'colcon_meta'
[0.414s] Level 1:colcon.colcon_core.package_identification:_identify(src) by extensions ['ros']
[0.414s] Level 1:colcon.colcon_core.package_identification:_identify(src) by extension 'ros'
[0.415s] Level 1:colcon.colcon_core.package_identification:_identify(src) by extensions ['cmake', 'python']
[0.415s] Level 1:colcon.colcon_core.package_identification:_identify(src) by extension 'cmake'
[0.415s] Level 1:colcon.colcon_core.package_identification:_identify(src) by extension 'python'
[0.415s] Level 1:colcon.colcon_core.package_identification:_identify(src) by extensions ['python_setup_py']
[0.415s] Level 1:colcon.colcon_core.package_identification:_identify(src) by extension 'python_setup_py'
[0.415s] Level 1:colcon.colcon_core.package_identification:_identify(src/ros2_ctrl_pkg) by extensions ['ignore', 'ignore_ament_install']
[0.415s] Level 1:colcon.colcon_core.package_identification:_identify(src/ros2_ctrl_pkg) by extension 'ignore'
[0.415s] Level 1:colcon.colcon_core.package_identification:_identify(src/ros2_ctrl_pkg) by extension 'ignore_ament_install'
[0.415s] Level 1:colcon.colcon_core.package_identification:_identify(src/ros2_ctrl_pkg) by extensions ['colcon_pkg']
[0.415s] Level 1:colcon.colcon_core.package_identification:_identify(src/ros2_ctrl_pkg) by extension 'colcon_pkg'
[0.415s] Level 1:colcon.colcon_core.package_identification:_identify(src/ros2_ctrl_pkg) by extensions ['colcon_meta']
[0.415s] Level 1:colcon.colcon_core.package_identification:_identify(src/ros2_ctrl_pkg) by extension 'colcon_meta'
[0.415s] Level 1:colcon.colcon_core.package_identification:_identify(src/ros2_ctrl_pkg) by extensions ['ros']
[0.415s] Level 1:colcon.colcon_core.package_identification:_identify(src/ros2_ctrl_pkg) by extension 'ros'
[0.420s] DEBUG:colcon.colcon_core.package_identification:Package 'src/ros2_ctrl_pkg' with type 'ros.ament_cmake' and name 'ros2_ctrl_pkg'
[0.420s] Level 1:colcon.colcon_core.package_identification:_identify(src/slambot_bringup) by extensions ['ignore', 'ignore_ament_install']
[0.420s] Level 1:colcon.colcon_core.package_identification:_identify(src/slambot_bringup) by extension 'ignore'
[0.420s] Level 1:colcon.colcon_core.package_identification:_identify(src/slambot_bringup) by extension 'ignore_ament_install'
[0.420s] Level 1:colcon.colcon_core.package_identification:_identify(src/slambot_bringup) by extensions ['colcon_pkg']
[0.420s] Level 1:colcon.colcon_core.package_identification:_identify(src/slambot_bringup) by extension 'colcon_pkg'
[0.420s] Level 1:colcon.colcon_core.package_identification:_identify(src/slambot_bringup) by extensions ['colcon_meta']
[0.420s] Level 1:colcon.colcon_core.package_identification:_identify(src/slambot_bringup) by extension 'colcon_meta'
[0.420s] Level 1:colcon.colcon_core.package_identification:_identify(src/slambot_bringup) by extensions ['ros']
[0.420s] Level 1:colcon.colcon_core.package_identification:_identify(src/slambot_bringup) by extension 'ros'
[0.421s] DEBUG:colcon.colcon_core.package_identification:Package 'src/slambot_bringup' with type 'ros.ament_cmake' and name 'slambot_bringup'
[0.421s] Level 1:colcon.colcon_core.package_identification:_identify(src/slambot_controller) by extensions ['ignore', 'ignore_ament_install']
[0.421s] Level 1:colcon.colcon_core.package_identification:_identify(src/slambot_controller) by extension 'ignore'
[0.421s] Level 1:colcon.colcon_core.package_identification:_identify(src/slambot_controller) by extension 'ignore_ament_install'
[0.422s] Level 1:colcon.colcon_core.package_identification:_identify(src/slambot_controller) by extensions ['colcon_pkg']
[0.422s] Level 1:colcon.colcon_core.package_identification:_identify(src/slambot_controller) by extension 'colcon_pkg'
[0.422s] Level 1:colcon.colcon_core.package_identification:_identify(src/slambot_controller) by extensions ['colcon_meta']
[0.422s] Level 1:colcon.colcon_core.package_identification:_identify(src/slambot_controller) by extension 'colcon_meta'
[0.422s] Level 1:colcon.colcon_core.package_identification:_identify(src/slambot_controller) by extensions ['ros']
[0.422s] Level 1:colcon.colcon_core.package_identification:_identify(src/slambot_controller) by extension 'ros'
[0.423s] DEBUG:colcon.colcon_core.package_identification:Package 'src/slambot_controller' with type 'ros.ament_cmake' and name 'slambot_controller'
[0.423s] Level 1:colcon.colcon_core.package_identification:_identify(src/slambot_description) by extensions ['ignore', 'ignore_ament_install']
[0.423s] Level 1:colcon.colcon_core.package_identification:_identify(src/slambot_description) by extension 'ignore'
[0.423s] Level 1:colcon.colcon_core.package_identification:_identify(src/slambot_description) by extension 'ignore_ament_install'
[0.423s] Level 1:colcon.colcon_core.package_identification:_identify(src/slambot_description) by extensions ['colcon_pkg']
[0.423s] Level 1:colcon.colcon_core.package_identification:_identify(src/slambot_description) by extension 'colcon_pkg'
[0.423s] Level 1:colcon.colcon_core.package_identification:_identify(src/slambot_description) by extensions ['colcon_meta']
[0.423s] Level 1:colcon.colcon_core.package_identification:_identify(src/slambot_description) by extension 'colcon_meta'
[0.423s] Level 1:colcon.colcon_core.package_identification:_identify(src/slambot_description) by extensions ['ros']
[0.423s] Level 1:colcon.colcon_core.package_identification:_identify(src/slambot_description) by extension 'ros'
[0.424s] DEBUG:colcon.colcon_core.package_identification:Package 'src/slambot_description' with type 'ros.ament_cmake' and name 'slambot_description'
[0.424s] Level 1:colcon.colcon_core.package_identification:_identify(src/slambot_firmware) by extensions ['ignore', 'ignore_ament_install']
[0.424s] Level 1:colcon.colcon_core.package_identification:_identify(src/slambot_firmware) by extension 'ignore'
[0.425s] Level 1:colcon.colcon_core.package_identification:_identify(src/slambot_firmware) by extension 'ignore_ament_install'
[0.425s] Level 1:colcon.colcon_core.package_identification:_identify(src/slambot_firmware) by extensions ['colcon_pkg']
[0.425s] Level 1:colcon.colcon_core.package_identification:_identify(src/slambot_firmware) by extension 'colcon_pkg'
[0.425s] Level 1:colcon.colcon_core.package_identification:_identify(src/slambot_firmware) by extensions ['colcon_meta']
[0.425s] Level 1:colcon.colcon_core.package_identification:_identify(src/slambot_firmware) by extension 'colcon_meta'
[0.425s] Level 1:colcon.colcon_core.package_identification:_identify(src/slambot_firmware) by extensions ['ros']
[0.425s] Level 1:colcon.colcon_core.package_identification:_identify(src/slambot_firmware) by extension 'ros'
[0.426s] DEBUG:colcon.colcon_core.package_identification:Package 'src/slambot_firmware' with type 'ros.ament_cmake' and name 'slambot_firmware'
[0.426s] Level 1:colcon.colcon_core.package_discovery:discover_packages(recursive) using defaults
[0.426s] Level 1:colcon.colcon_core.package_discovery:discover_packages(ignore) discover
[0.426s] Level 1:colcon.colcon_core.package_discovery:discover_packages(ignore) using defaults
[0.426s] Level 1:colcon.colcon_core.package_discovery:discover_packages(path) discover
[0.426s] Level 1:colcon.colcon_core.package_discovery:discover_packages(path) using defaults
[0.469s] Level 1:colcon.colcon_core.package_discovery:discover_packages(prefix_path) check parameters
[0.469s] Level 1:colcon.colcon_core.package_discovery:discover_packages(prefix_path) discover
[0.474s] DEBUG:colcon.colcon_installed_package_information.package_discovery:Found 5 installed packages in /home/wagwan/slambot_ws/install
[0.476s] DEBUG:colcon.colcon_installed_package_information.package_discovery:Found 340 installed packages in /opt/ros/jazzy
[0.479s] Level 1:colcon.colcon_core.package_discovery:discover_packages(prefix_path) using defaults
[0.549s] Level 5:colcon.colcon_core.verb:set package 'ros2_ctrl_pkg' build argument 'cmake_args' from command line to 'None'
[0.549s] Level 5:colcon.colcon_core.verb:set package 'ros2_ctrl_pkg' build argument 'cmake_target' from command line to 'None'
[0.549s] Level 5:colcon.colcon_core.verb:set package 'ros2_ctrl_pkg' build argument 'cmake_target_skip_unavailable' from command line to 'False'
[0.549s] Level 5:colcon.colcon_core.verb:set package 'ros2_ctrl_pkg' build argument 'cmake_clean_cache' from command line to 'False'
[0.549s] Level 5:colcon.colcon_core.verb:set package 'ros2_ctrl_pkg' build argument 'cmake_clean_first' from command line to 'False'
[0.549s] Level 5:colcon.colcon_core.verb:set package 'ros2_ctrl_pkg' build argument 'cmake_force_configure' from command line to 'False'
[0.549s] Level 5:colcon.colcon_core.verb:set package 'ros2_ctrl_pkg' build argument 'ament_cmake_args' from command line to 'None'
[0.549s] Level 5:colcon.colcon_core.verb:set package 'ros2_ctrl_pkg' build argument 'catkin_cmake_args' from command line to 'None'
[0.549s] Level 5:colcon.colcon_core.verb:set package 'ros2_ctrl_pkg' build argument 'catkin_skip_building_tests' from command line to 'False'
[0.549s] DEBUG:colcon.colcon_core.verb:Building package 'ros2_ctrl_pkg' with the following arguments: {'ament_cmake_args': None, 'build_base': '/home/wagwan/slambot_ws/build/ros2_ctrl_pkg', 'catkin_cmake_args': None, 'catkin_skip_building_tests': False, 'cmake_args': None, 'cmake_clean_cache': False, 'cmake_clean_first': False, 'cmake_force_configure': False, 'cmake_target': None, 'cmake_target_skip_unavailable': False, 'install_base': '/home/wagwan/slambot_ws/install/ros2_ctrl_pkg', 'merge_install': False, 'path': '/home/wagwan/slambot_ws/src/ros2_ctrl_pkg', 'symlink_install': False, 'test_result_base': None}
[0.550s] Level 5:colcon.colcon_core.verb:set package 'slambot_bringup' build argument 'cmake_args' from command line to 'None'
[0.550s] Level 5:colcon.colcon_core.verb:set package 'slambot_bringup' build argument 'cmake_target' from command line to 'None'
[0.550s] Level 5:colcon.colcon_core.verb:set package 'slambot_bringup' build argument 'cmake_target_skip_unavailable' from command line to 'False'
[0.550s] Level 5:colcon.colcon_core.verb:set package 'slambot_bringup' build argument 'cmake_clean_cache' from command line to 'False'
[0.550s] Level 5:colcon.colcon_core.verb:set package 'slambot_bringup' build argument 'cmake_clean_first' from command line to 'False'
[0.550s] Level 5:colcon.colcon_core.verb:set package 'slambot_bringup' build argument 'cmake_force_configure' from command line to 'False'
[0.550s] Level 5:colcon.colcon_core.verb:set package 'slambot_bringup' build argument 'ament_cmake_args' from command line to 'None'
[0.550s] Level 5:colcon.colcon_core.verb:set package 'slambot_bringup' build argument 'catkin_cmake_args' from command line to 'None'
[0.550s] Level 5:colcon.colcon_core.verb:set package 'slambot_bringup' build argument 'catkin_skip_building_tests' from command line to 'False'
[0.550s] DEBUG:colcon.colcon_core.verb:Building package 'slambot_bringup' with the following arguments: {'ament_cmake_args': None, 'build_base': '/home/wagwan/slambot_ws/build/slambot_bringup', 'catkin_cmake_args': None, 'catkin_skip_building_tests': False, 'cmake_args': None, 'cmake_clean_cache': False, 'cmake_clean_first': False, 'cmake_force_configure': False, 'cmake_target': None, 'cmake_target_skip_unavailable': False, 'install_base': '/home/wagwan/slambot_ws/install/slambot_bringup', 'merge_install': False, 'path': '/home/wagwan/slambot_ws/src/slambot_bringup', 'symlink_install': False, 'test_result_base': None}
[0.550s] Level 5:colcon.colcon_core.verb:set package 'slambot_controller' build argument 'cmake_args' from command line to 'None'
[0.551s] Level 5:colcon.colcon_core.verb:set package 'slambot_controller' build argument 'cmake_target' from command line to 'None'
[0.551s] Level 5:colcon.colcon_core.verb:set package 'slambot_controller' build argument 'cmake_target_skip_unavailable' from command line to 'False'
[0.551s] Level 5:colcon.colcon_core.verb:set package 'slambot_controller' build argument 'cmake_clean_cache' from command line to 'False'
[0.551s] Level 5:colcon.colcon_core.verb:set package 'slambot_controller' build argument 'cmake_clean_first' from command line to 'False'
[0.551s] Level 5:colcon.colcon_core.verb:set package 'slambot_controller' build argument 'cmake_force_configure' from command line to 'False'
[0.551s] Level 5:colcon.colcon_core.verb:set package 'slambot_controller' build argument 'ament_cmake_args' from command line to 'None'
[0.551s] Level 5:colcon.colcon_core.verb:set package 'slambot_controller' build argument 'catkin_cmake_args' from command line to 'None'
[0.551s] Level 5:colcon.colcon_core.verb:set package 'slambot_controller' build argument 'catkin_skip_building_tests' from command line to 'False'
[0.551s] DEBUG:colcon.colcon_core.verb:Building package 'slambot_controller' with the following arguments: {'ament_cmake_args': None, 'build_base': '/home/wagwan/slambot_ws/build/slambot_controller', 'catkin_cmake_args': None, 'catkin_skip_building_tests': False, 'cmake_args': None, 'cmake_clean_cache': False, 'cmake_clean_first': False, 'cmake_force_configure': False, 'cmake_target': None, 'cmake_target_skip_unavailable': False, 'install_base': '/home/wagwan/slambot_ws/install/slambot_controller', 'merge_install': False, 'path': '/home/wagwan/slambot_ws/src/slambot_controller', 'symlink_install': False, 'test_result_base': None}
[0.551s] Level 5:colcon.colcon_core.verb:set package 'slambot_description' build argument 'cmake_args' from command line to 'None'
[0.551s] Level 5:colcon.colcon_core.verb:set package 'slambot_description' build argument 'cmake_target' from command line to 'None'
[0.551s] Level 5:colcon.colcon_core.verb:set package 'slambot_description' build argument 'cmake_target_skip_unavailable' from command line to 'False'
[0.551s] Level 5:colcon.colcon_core.verb:set package 'slambot_description' build argument 'cmake_clean_cache' from command line to 'False'
[0.551s] Level 5:colcon.colcon_core.verb:set package 'slambot_description' build argument 'cmake_clean_first' from command line to 'False'
[0.551s] Level 5:colcon.colcon_core.verb:set package 'slambot_description' build argument 'cmake_force_configure' from command line to 'False'
[0.551s] Level 5:colcon.colcon_core.verb:set package 'slambot_description' build argument 'ament_cmake_args' from command line to 'None'
[0.551s] Level 5:colcon.colcon_core.verb:set package 'slambot_description' build argument 'catkin_cmake_args' from command line to 'None'
[0.551s] Level 5:colcon.colcon_core.verb:set package 'slambot_description' build argument 'catkin_skip_building_tests' from command line to 'False'
[0.551s] DEBUG:colcon.colcon_core.verb:Building package 'slambot_description' with the following arguments: {'ament_cmake_args': None, 'build_base': '/home/wagwan/slambot_ws/build/slambot_description', 'catkin_cmake_args': None, 'catkin_skip_building_tests': False, 'cmake_args': None, 'cmake_clean_cache': False, 'cmake_clean_first': False, 'cmake_force_configure': False, 'cmake_target': None, 'cmake_target_skip_unavailable': False, 'install_base': '/home/wagwan/slambot_ws/install/slambot_description', 'merge_install': False, 'path': '/home/wagwan/slambot_ws/src/slambot_description', 'symlink_install': False, 'test_result_base': None}
[0.552s] Level 5:colcon.colcon_core.verb:set package 'slambot_firmware' build argument 'cmake_args' from command line to 'None'
[0.552s] Level 5:colcon.colcon_core.verb:set package 'slambot_firmware' build argument 'cmake_target' from command line to 'None'
[0.552s] Level 5:colcon.colcon_core.verb:set package 'slambot_firmware' build argument 'cmake_target_skip_unavailable' from command line to 'False'
[0.552s] Level 5:colcon.colcon_core.verb:set package 'slambot_firmware' build argument 'cmake_clean_cache' from command line to 'False'
[0.552s] Level 5:colcon.colcon_core.verb:set package 'slambot_firmware' build argument 'cmake_clean_first' from command line to 'False'
[0.552s] Level 5:colcon.colcon_core.verb:set package 'slambot_firmware' build argument 'cmake_force_configure' from command line to 'False'
[0.552s] Level 5:colcon.colcon_core.verb:set package 'slambot_firmware' build argument 'ament_cmake_args' from command line to 'None'
[0.552s] Level 5:colcon.colcon_core.verb:set package 'slambot_firmware' build argument 'catkin_cmake_args' from command line to 'None'
[0.552s] Level 5:colcon.colcon_core.verb:set package 'slambot_firmware' build argument 'catkin_skip_building_tests' from command line to 'False'
[0.552s] DEBUG:colcon.colcon_core.verb:Building package 'slambot_firmware' with the following arguments: {'ament_cmake_args': None, 'build_base': '/home/wagwan/slambot_ws/build/slambot_firmware', 'catkin_cmake_args': None, 'catkin_skip_building_tests': False, 'cmake_args': None, 'cmake_clean_cache': False, 'cmake_clean_first': False, 'cmake_force_configure': False, 'cmake_target': None, 'cmake_target_skip_unavailable': False, 'install_base': '/home/wagwan/slambot_ws/install/slambot_firmware', 'merge_install': False, 'path': '/home/wagwan/slambot_ws/src/slambot_firmware', 'symlink_install': False, 'test_result_base': None}
[0.552s] INFO:colcon.colcon_core.executor:Executing jobs using 'parallel' executor
[0.553s] DEBUG:colcon.colcon_parallel_executor.executor.parallel:run_until_complete
[0.554s] INFO:colcon.colcon_ros.task.ament_cmake.build:Building ROS package in '/home/wagwan/slambot_ws/src/ros2_ctrl_pkg' with build type 'ament_cmake'
[0.554s] INFO:colcon.colcon_cmake.task.cmake.build:Building CMake package in '/home/wagwan/slambot_ws/src/ros2_ctrl_pkg'
[0.561s] INFO:colcon.colcon_core.plugin_system:Skipping extension 'colcon_core.shell.bat': Not used on non-Windows systems
[0.562s] INFO:colcon.colcon_core.shell:Skip shell extension 'powershell' for command environment: Not usable outside of PowerShell
[0.562s] DEBUG:colcon.colcon_core.shell:Skip shell extension 'dsv' for command environment
[0.567s] INFO:colcon.colcon_ros.task.ament_cmake.build:Building ROS package in '/home/wagwan/slambot_ws/src/slambot_bringup' with build type 'ament_cmake'
[0.567s] INFO:colcon.colcon_cmake.task.cmake.build:Building CMake package in '/home/wagwan/slambot_ws/src/slambot_bringup'
[0.568s] INFO:colcon.colcon_core.shell:Skip shell extension 'powershell' for command environment: Not usable outside of PowerShell
[0.568s] DEBUG:colcon.colcon_core.shell:Skip shell extension 'dsv' for command environment
[0.574s] INFO:colcon.colcon_ros.task.ament_cmake.build:Building ROS package in '/home/wagwan/slambot_ws/src/slambot_controller' with build type 'ament_cmake'
[0.574s] INFO:colcon.colcon_cmake.task.cmake.build:Building CMake package in '/home/wagwan/slambot_ws/src/slambot_controller'
[0.574s] INFO:colcon.colcon_core.shell:Skip shell extension 'powershell' for command environment: Not usable outside of PowerShell
[0.574s] DEBUG:colcon.colcon_core.shell:Skip shell extension 'dsv' for command environment
[0.580s] INFO:colcon.colcon_ros.task.ament_cmake.build:Building ROS package in '/home/wagwan/slambot_ws/src/slambot_description' with build type 'ament_cmake'
[0.580s] INFO:colcon.colcon_cmake.task.cmake.build:Building CMake package in '/home/wagwan/slambot_ws/src/slambot_description'
[0.580s] INFO:colcon.colcon_core.shell:Skip shell extension 'powershell' for command environment: Not usable outside of PowerShell
[0.580s] DEBUG:colcon.colcon_core.shell:Skip shell extension 'dsv' for command environment
[0.595s] DEBUG:colcon.colcon_core.event_handler.log_command:Invoking command in '/home/wagwan/slambot_ws/build/ros2_ctrl_pkg': CMAKE_PREFIX_PATH=${CMAKE_PREFIX_PATH}:/opt/ros/jazzy /usr/bin/cmake --build /home/wagwan/slambot_ws/build/ros2_ctrl_pkg -- -j4 -l4
[0.601s] DEBUG:colcon.colcon_core.event_handler.log_command:Invoking command in '/home/wagwan/slambot_ws/build/slambot_bringup': CMAKE_PREFIX_PATH=${CMAKE_PREFIX_PATH}:/opt/ros/jazzy /usr/bin/cmake --build /home/wagwan/slambot_ws/build/slambot_bringup -- -j4 -l4
[0.607s] DEBUG:colcon.colcon_core.event_handler.log_command:Invoking command in '/home/wagwan/slambot_ws/build/slambot_controller': CMAKE_PREFIX_PATH=${CMAKE_PREFIX_PATH}:/opt/ros/jazzy /usr/bin/cmake --build /home/wagwan/slambot_ws/build/slambot_controller -- -j4 -l4
[0.625s] DEBUG:colcon.colcon_core.event_handler.log_command:Invoking command in '/home/wagwan/slambot_ws/build/slambot_description': CMAKE_PREFIX_PATH=${CMAKE_PREFIX_PATH}:/opt/ros/jazzy /usr/bin/cmake --build /home/wagwan/slambot_ws/build/slambot_description -- -j4 -l4
[0.728s] DEBUG:colcon.colcon_core.event_handler.log_command:Invoked command in '/home/wagwan/slambot_ws/build/slambot_description' returned '0': CMAKE_PREFIX_PATH=${CMAKE_PREFIX_PATH}:/opt/ros/jazzy /usr/bin/cmake --build /home/wagwan/slambot_ws/build/slambot_description -- -j4 -l4
[0.730s] DEBUG:colcon.colcon_core.event_handler.log_command:Invoked command in '/home/wagwan/slambot_ws/build/ros2_ctrl_pkg' returned '0': CMAKE_PREFIX_PATH=${CMAKE_PREFIX_PATH}:/opt/ros/jazzy /usr/bin/cmake --build /home/wagwan/slambot_ws/build/ros2_ctrl_pkg -- -j4 -l4
[0.736s] DEBUG:colcon.colcon_core.event_handler.log_command:Invoked command in '/home/wagwan/slambot_ws/build/slambot_bringup' returned '0': CMAKE_PREFIX_PATH=${CMAKE_PREFIX_PATH}:/opt/ros/jazzy /usr/bin/cmake --build /home/wagwan/slambot_ws/build/slambot_bringup -- -j4 -l4
[0.789s] DEBUG:colcon.colcon_core.event_handler.log_command:Invoking command in '/home/wagwan/slambot_ws/build/slambot_description': CMAKE_PREFIX_PATH=${CMAKE_PREFIX_PATH}:/opt/ros/jazzy /usr/bin/cmake --install /home/wagwan/slambot_ws/build/slambot_description
[0.792s] DEBUG:colcon.colcon_core.event_handler.log_command:Invoking command in '/home/wagwan/slambot_ws/build/ros2_ctrl_pkg': CMAKE_PREFIX_PATH=${CMAKE_PREFIX_PATH}:/opt/ros/jazzy /usr/bin/cmake --install /home/wagwan/slambot_ws/build/ros2_ctrl_pkg
[0.795s] DEBUG:colcon.colcon_core.event_handler.log_command:Invoking command in '/home/wagwan/slambot_ws/build/slambot_bringup': CMAKE_PREFIX_PATH=${CMAKE_PREFIX_PATH}:/opt/ros/jazzy /usr/bin/cmake --install /home/wagwan/slambot_ws/build/slambot_bringup
[0.818s] Level 1:colcon.colcon_core.environment:create_environment_scripts_only(ros2_ctrl_pkg)
[0.828s] DEBUG:colcon.colcon_core.event_handler.log_command:Invoked command in '/home/wagwan/slambot_ws/build/ros2_ctrl_pkg' returned '0': CMAKE_PREFIX_PATH=${CMAKE_PREFIX_PATH}:/opt/ros/jazzy /usr/bin/cmake --install /home/wagwan/slambot_ws/build/ros2_ctrl_pkg
[0.843s] Level 1:colcon.colcon_core.environment:checking '/home/wagwan/slambot_ws/install/ros2_ctrl_pkg' for CMake module files
[0.844s] Level 1:colcon.colcon_core.environment:checking '/home/wagwan/slambot_ws/install/ros2_ctrl_pkg' for CMake config files
[0.844s] Level 1:colcon.colcon_core.shell:create_environment_hook('ros2_ctrl_pkg', 'cmake_prefix_path')
[0.844s] INFO:colcon.colcon_core.shell:Creating environment hook '/home/wagwan/slambot_ws/install/ros2_ctrl_pkg/share/ros2_ctrl_pkg/hook/cmake_prefix_path.ps1'
[0.846s] INFO:colcon.colcon_core.shell:Creating environment descriptor '/home/wagwan/slambot_ws/install/ros2_ctrl_pkg/share/ros2_ctrl_pkg/hook/cmake_prefix_path.dsv'
[0.847s] INFO:colcon.colcon_core.shell:Creating environment hook '/home/wagwan/slambot_ws/install/ros2_ctrl_pkg/share/ros2_ctrl_pkg/hook/cmake_prefix_path.sh'
[0.849s] Level 1:colcon.colcon_core.environment:checking '/home/wagwan/slambot_ws/install/ros2_ctrl_pkg/bin'
[0.849s] Level 1:colcon.colcon_core.environment:checking '/home/wagwan/slambot_ws/install/ros2_ctrl_pkg/lib/pkgconfig/ros2_ctrl_pkg.pc'
[0.850s] Level 1:colcon.colcon_core.environment:checking '/home/wagwan/slambot_ws/install/ros2_ctrl_pkg/lib/python3.12/site-packages'
[0.850s] Level 1:colcon.colcon_core.environment:checking '/home/wagwan/slambot_ws/install/ros2_ctrl_pkg/bin'
[0.850s] INFO:colcon.colcon_core.shell:Creating package script '/home/wagwan/slambot_ws/install/ros2_ctrl_pkg/share/ros2_ctrl_pkg/package.ps1'
[0.851s] INFO:colcon.colcon_core.shell:Creating package descriptor '/home/wagwan/slambot_ws/install/ros2_ctrl_pkg/share/ros2_ctrl_pkg/package.dsv'
[0.853s] INFO:colcon.colcon_core.shell:Creating package script '/home/wagwan/slambot_ws/install/ros2_ctrl_pkg/share/ros2_ctrl_pkg/package.sh'
[0.855s] INFO:colcon.colcon_core.shell:Creating package script '/home/wagwan/slambot_ws/install/ros2_ctrl_pkg/share/ros2_ctrl_pkg/package.bash'
[0.857s] INFO:colcon.colcon_core.shell:Creating package script '/home/wagwan/slambot_ws/install/ros2_ctrl_pkg/share/ros2_ctrl_pkg/package.zsh'
[0.862s] Level 1:colcon.colcon_core.environment:create_file_with_runtime_dependencies(/home/wagwan/slambot_ws/install/ros2_ctrl_pkg/share/colcon-core/packages/ros2_ctrl_pkg)
[0.863s] Level 1:colcon.colcon_core.environment:create_environment_scripts_only(slambot_description)
[0.864s] Level 1:colcon.colcon_core.environment:checking '/home/wagwan/slambot_ws/install/slambot_description' for CMake module files
[0.864s] DEBUG:colcon.colcon_core.event_handler.log_command:Invoked command in '/home/wagwan/slambot_ws/build/slambot_description' returned '0': CMAKE_PREFIX_PATH=${CMAKE_PREFIX_PATH}:/opt/ros/jazzy /usr/bin/cmake --install /home/wagwan/slambot_ws/build/slambot_description
[0.865s] Level 1:colcon.colcon_core.environment:checking '/home/wagwan/slambot_ws/install/slambot_description' for CMake config files
[0.866s] Level 1:colcon.colcon_core.shell:create_environment_hook('slambot_description', 'cmake_prefix_path')
[0.866s] INFO:colcon.colcon_core.shell:Creating environment hook '/home/wagwan/slambot_ws/install/slambot_description/share/slambot_description/hook/cmake_prefix_path.ps1'
[0.867s] INFO:colcon.colcon_core.shell:Creating environment descriptor '/home/wagwan/slambot_ws/install/slambot_description/share/slambot_description/hook/cmake_prefix_path.dsv'
[0.868s] INFO:colcon.colcon_core.shell:Creating environment hook '/home/wagwan/slambot_ws/install/slambot_description/share/slambot_description/hook/cmake_prefix_path.sh'
[0.869s] Level 1:colcon.colcon_core.environment:checking '/home/wagwan/slambot_ws/install/slambot_description/bin'
[0.869s] Level 1:colcon.colcon_core.environment:checking '/home/wagwan/slambot_ws/install/slambot_description/lib/pkgconfig/slambot_description.pc'
[0.870s] Level 1:colcon.colcon_core.environment:checking '/home/wagwan/slambot_ws/install/slambot_description/lib/python3.12/site-packages'
[0.870s] Level 1:colcon.colcon_core.environment:checking '/home/wagwan/slambot_ws/install/slambot_description/bin'
[0.871s] INFO:colcon.colcon_core.shell:Creating package script '/home/wagwan/slambot_ws/install/slambot_description/share/slambot_description/package.ps1'
[0.872s] INFO:colcon.colcon_core.shell:Creating package descriptor '/home/wagwan/slambot_ws/install/slambot_description/share/slambot_description/package.dsv'
[0.872s] INFO:colcon.colcon_core.shell:Creating package script '/home/wagwan/slambot_ws/install/slambot_description/share/slambot_description/package.sh'
[0.876s] INFO:colcon.colcon_core.shell:Creating package script '/home/wagwan/slambot_ws/install/slambot_description/share/slambot_description/package.bash'
[0.877s] INFO:colcon.colcon_core.shell:Creating package script '/home/wagwan/slambot_ws/install/slambot_description/share/slambot_description/package.zsh'
[0.878s] Level 1:colcon.colcon_core.environment:create_file_with_runtime_dependencies(/home/wagwan/slambot_ws/install/slambot_description/share/colcon-core/packages/slambot_description)
[0.880s] Level 1:colcon.colcon_core.environment:create_environment_scripts_only(slambot_bringup)
[0.881s] Level 1:colcon.colcon_core.environment:checking '/home/wagwan/slambot_ws/install/slambot_bringup' for CMake module files
[0.882s] Level 1:colcon.colcon_core.environment:checking '/home/wagwan/slambot_ws/install/slambot_bringup' for CMake config files
[0.882s] Level 1:colcon.colcon_core.shell:create_environment_hook('slambot_bringup', 'cmake_prefix_path')
[0.883s] INFO:colcon.colcon_core.shell:Creating environment hook '/home/wagwan/slambot_ws/install/slambot_bringup/share/slambot_bringup/hook/cmake_prefix_path.ps1'
[0.884s] DEBUG:colcon.colcon_core.event_handler.log_command:Invoked command in '/home/wagwan/slambot_ws/build/slambot_bringup' returned '0': CMAKE_PREFIX_PATH=${CMAKE_PREFIX_PATH}:/opt/ros/jazzy /usr/bin/cmake --install /home/wagwan/slambot_ws/build/slambot_bringup
[0.885s] INFO:colcon.colcon_core.shell:Creating environment descriptor '/home/wagwan/slambot_ws/install/slambot_bringup/share/slambot_bringup/hook/cmake_prefix_path.dsv'
[0.887s] INFO:colcon.colcon_core.shell:Creating environment hook '/home/wagwan/slambot_ws/install/slambot_bringup/share/slambot_bringup/hook/cmake_prefix_path.sh'
[0.888s] Level 1:colcon.colcon_core.environment:checking '/home/wagwan/slambot_ws/install/slambot_bringup/bin'
[0.888s] Level 1:colcon.colcon_core.environment:checking '/home/wagwan/slambot_ws/install/slambot_bringup/lib/pkgconfig/slambot_bringup.pc'
[0.889s] Level 1:colcon.colcon_core.environment:checking '/home/wagwan/slambot_ws/install/slambot_bringup/lib/python3.12/site-packages'
[0.890s] Level 1:colcon.colcon_core.environment:checking '/home/wagwan/slambot_ws/install/slambot_bringup/bin'
[0.891s] INFO:colcon.colcon_core.shell:Creating package script '/home/wagwan/slambot_ws/install/slambot_bringup/share/slambot_bringup/package.ps1'
[0.892s] INFO:colcon.colcon_core.shell:Creating package descriptor '/home/wagwan/slambot_ws/install/slambot_bringup/share/slambot_bringup/package.dsv'
[0.894s] INFO:colcon.colcon_core.shell:Creating package script '/home/wagwan/slambot_ws/install/slambot_bringup/share/slambot_bringup/package.sh'
[0.895s] INFO:colcon.colcon_core.shell:Creating package script '/home/wagwan/slambot_ws/install/slambot_bringup/share/slambot_bringup/package.bash'
[0.897s] INFO:colcon.colcon_core.shell:Creating package script '/home/wagwan/slambot_ws/install/slambot_bringup/share/slambot_bringup/package.zsh'
[0.899s] Level 1:colcon.colcon_core.environment:create_file_with_runtime_dependencies(/home/wagwan/slambot_ws/install/slambot_bringup/share/colcon-core/packages/slambot_bringup)
[0.909s] Level 1:colcon.colcon_core.environment:create_environment_scripts_only(ros2_ctrl_pkg)
[0.910s] Level 1:colcon.colcon_core.environment:checking '/home/wagwan/slambot_ws/install/ros2_ctrl_pkg' for CMake module files
[0.912s] Level 1:colcon.colcon_core.environment:checking '/home/wagwan/slambot_ws/install/ros2_ctrl_pkg' for CMake config files
[0.913s] Level 1:colcon.colcon_core.shell:create_environment_hook('ros2_ctrl_pkg', 'cmake_prefix_path')
[0.913s] INFO:colcon.colcon_core.shell:Creating environment hook '/home/wagwan/slambot_ws/install/ros2_ctrl_pkg/share/ros2_ctrl_pkg/hook/cmake_prefix_path.ps1'
[0.914s] INFO:colcon.colcon_core.shell:Creating environment descriptor '/home/wagwan/slambot_ws/install/ros2_ctrl_pkg/share/ros2_ctrl_pkg/hook/cmake_prefix_path.dsv'
[0.915s] INFO:colcon.colcon_core.shell:Creating environment hook '/home/wagwan/slambot_ws/install/ros2_ctrl_pkg/share/ros2_ctrl_pkg/hook/cmake_prefix_path.sh'
[0.917s] Level 1:colcon.colcon_core.environment:checking '/home/wagwan/slambot_ws/install/ros2_ctrl_pkg/bin'
[0.917s] Level 1:colcon.colcon_core.environment:checking '/home/wagwan/slambot_ws/install/ros2_ctrl_pkg/lib/pkgconfig/ros2_ctrl_pkg.pc'
[0.918s] Level 1:colcon.colcon_core.environment:checking '/home/wagwan/slambot_ws/install/ros2_ctrl_pkg/lib/python3.12/site-packages'
[0.918s] Level 1:colcon.colcon_core.environment:checking '/home/wagwan/slambot_ws/install/ros2_ctrl_pkg/bin'
[0.919s] INFO:colcon.colcon_core.shell:Creating package script '/home/wagwan/slambot_ws/install/ros2_ctrl_pkg/share/ros2_ctrl_pkg/package.ps1'
[0.920s] INFO:colcon.colcon_core.shell:Creating package descriptor '/home/wagwan/slambot_ws/install/ros2_ctrl_pkg/share/ros2_ctrl_pkg/package.dsv'
[0.920s] INFO:colcon.colcon_core.shell:Creating package script '/home/wagwan/slambot_ws/install/ros2_ctrl_pkg/share/ros2_ctrl_pkg/package.sh'
[0.921s] INFO:colcon.colcon_core.shell:Creating package script '/home/wagwan/slambot_ws/install/ros2_ctrl_pkg/share/ros2_ctrl_pkg/package.bash'
[0.922s] INFO:colcon.colcon_core.shell:Creating package script '/home/wagwan/slambot_ws/install/ros2_ctrl_pkg/share/ros2_ctrl_pkg/package.zsh'
[0.923s] Level 1:colcon.colcon_core.environment:create_file_with_runtime_dependencies(/home/wagwan/slambot_ws/install/ros2_ctrl_pkg/share/colcon-core/packages/ros2_ctrl_pkg)
[0.924s] INFO:colcon.colcon_ros.task.ament_cmake.build:Building ROS package in '/home/wagwan/slambot_ws/src/slambot_firmware' with build type 'ament_cmake'
[0.924s] INFO:colcon.colcon_cmake.task.cmake.build:Building CMake package in '/home/wagwan/slambot_ws/src/slambot_firmware'
[0.925s] INFO:colcon.colcon_core.shell:Skip shell extension 'powershell' for command environment: Not usable outside of PowerShell
[0.925s] DEBUG:colcon.colcon_core.shell:Skip shell extension 'dsv' for command environment
[0.935s] Level 1:colcon.colcon_core.environment:create_environment_scripts_only(slambot_description)
[0.935s] Level 1:colcon.colcon_core.environment:checking '/home/wagwan/slambot_ws/install/slambot_description' for CMake module files
[0.936s] Level 1:colcon.colcon_core.environment:checking '/home/wagwan/slambot_ws/install/slambot_description' for CMake config files
[0.937s] Level 1:colcon.colcon_core.shell:create_environment_hook('slambot_description', 'cmake_prefix_path')
[0.937s] INFO:colcon.colcon_core.shell:Creating environment hook '/home/wagwan/slambot_ws/install/slambot_description/share/slambot_description/hook/cmake_prefix_path.ps1'
[0.938s] INFO:colcon.colcon_core.shell:Creating environment descriptor '/home/wagwan/slambot_ws/install/slambot_description/share/slambot_description/hook/cmake_prefix_path.dsv'
[0.939s] INFO:colcon.colcon_core.shell:Creating environment hook '/home/wagwan/slambot_ws/install/slambot_description/share/slambot_description/hook/cmake_prefix_path.sh'
[0.943s] Level 1:colcon.colcon_core.environment:checking '/home/wagwan/slambot_ws/install/slambot_description/bin'
[0.943s] Level 1:colcon.colcon_core.environment:checking '/home/wagwan/slambot_ws/install/slambot_description/lib/pkgconfig/slambot_description.pc'
[0.943s] Level 1:colcon.colcon_core.environment:checking '/home/wagwan/slambot_ws/install/slambot_description/lib/python3.12/site-packages'
[0.944s] Level 1:colcon.colcon_core.environment:checking '/home/wagwan/slambot_ws/install/slambot_description/bin'
[0.944s] INFO:colcon.colcon_core.shell:Creating package script '/home/wagwan/slambot_ws/install/slambot_description/share/slambot_description/package.ps1'
[0.945s] INFO:colcon.colcon_core.shell:Creating package descriptor '/home/wagwan/slambot_ws/install/slambot_description/share/slambot_description/package.dsv'
[0.946s] INFO:colcon.colcon_core.shell:Creating package script '/home/wagwan/slambot_ws/install/slambot_description/share/slambot_description/package.sh'
[0.946s] INFO:colcon.colcon_core.shell:Creating package script '/home/wagwan/slambot_ws/install/slambot_description/share/slambot_description/package.bash'
[0.947s] INFO:colcon.colcon_core.shell:Creating package script '/home/wagwan/slambot_ws/install/slambot_description/share/slambot_description/package.zsh'
[0.948s] Level 1:colcon.colcon_core.environment:create_file_with_runtime_dependencies(/home/wagwan/slambot_ws/install/slambot_description/share/colcon-core/packages/slambot_description)
[0.950s] DEBUG:colcon.colcon_core.event_handler.log_command:Invoked command in '/home/wagwan/slambot_ws/build/slambot_controller' returned '0': CMAKE_PREFIX_PATH=${CMAKE_PREFIX_PATH}:/opt/ros/jazzy /usr/bin/cmake --build /home/wagwan/slambot_ws/build/slambot_controller -- -j4 -l4
[0.952s] Level 1:colcon.colcon_core.environment:create_environment_scripts_only(slambot_bringup)
[0.952s] Level 1:colcon.colcon_core.environment:checking '/home/wagwan/slambot_ws/install/slambot_bringup' for CMake module files
[0.953s] Level 1:colcon.colcon_core.environment:checking '/home/wagwan/slambot_ws/install/slambot_bringup' for CMake config files
[0.953s] Level 1:colcon.colcon_core.shell:create_environment_hook('slambot_bringup', 'cmake_prefix_path')
[0.953s] INFO:colcon.colcon_core.shell:Creating environment hook '/home/wagwan/slambot_ws/install/slambot_bringup/share/slambot_bringup/hook/cmake_prefix_path.ps1'
[0.954s] INFO:colcon.colcon_core.shell:Creating environment descriptor '/home/wagwan/slambot_ws/install/slambot_bringup/share/slambot_bringup/hook/cmake_prefix_path.dsv'
[0.954s] INFO:colcon.colcon_core.shell:Creating environment hook '/home/wagwan/slambot_ws/install/slambot_bringup/share/slambot_bringup/hook/cmake_prefix_path.sh'
[0.956s] Level 1:colcon.colcon_core.environment:checking '/home/wagwan/slambot_ws/install/slambot_bringup/bin'
[0.956s] Level 1:colcon.colcon_core.environment:checking '/home/wagwan/slambot_ws/install/slambot_bringup/lib/pkgconfig/slambot_bringup.pc'
[0.956s] Level 1:colcon.colcon_core.environment:checking '/home/wagwan/slambot_ws/install/slambot_bringup/lib/python3.12/site-packages'
[0.956s] Level 1:colcon.colcon_core.environment:checking '/home/wagwan/slambot_ws/install/slambot_bringup/bin'
[0.957s] INFO:colcon.colcon_core.shell:Creating package script '/home/wagwan/slambot_ws/install/slambot_bringup/share/slambot_bringup/package.ps1'
[0.958s] INFO:colcon.colcon_core.shell:Creating package descriptor '/home/wagwan/slambot_ws/install/slambot_bringup/share/slambot_bringup/package.dsv'
[0.958s] INFO:colcon.colcon_core.shell:Creating package script '/home/wagwan/slambot_ws/install/slambot_bringup/share/slambot_bringup/package.sh'
[0.964s] INFO:colcon.colcon_core.shell:Creating package script '/home/wagwan/slambot_ws/install/slambot_bringup/share/slambot_bringup/package.bash'
[0.965s] INFO:colcon.colcon_core.shell:Creating package script '/home/wagwan/slambot_ws/install/slambot_bringup/share/slambot_bringup/package.zsh'
[0.966s] Level 1:colcon.colcon_core.environment:create_file_with_runtime_dependencies(/home/wagwan/slambot_ws/install/slambot_bringup/share/colcon-core/packages/slambot_bringup)
[0.980s] DEBUG:colcon.colcon_core.event_handler.log_command:Invoking command in '/home/wagwan/slambot_ws/build/slambot_firmware': CMAKE_PREFIX_PATH=${CMAKE_PREFIX_PATH}:/opt/ros/jazzy /usr/bin/cmake --build /home/wagwan/slambot_ws/build/slambot_firmware -- -j4 -l4
[1.000s] DEBUG:colcon.colcon_core.event_handler.log_command:Invoking command in '/home/wagwan/slambot_ws/build/slambot_controller': CMAKE_PREFIX_PATH=${CMAKE_PREFIX_PATH}:/opt/ros/jazzy /usr/bin/cmake --install /home/wagwan/slambot_ws/build/slambot_controller
[1.025s] Level 1:colcon.colcon_core.environment:create_environment_scripts_only(slambot_controller)
[1.026s] Level 1:colcon.colcon_core.environment:checking '/home/wagwan/slambot_ws/install/slambot_controller' for CMake module files
[1.026s] DEBUG:colcon.colcon_core.event_handler.log_command:Invoked command in '/home/wagwan/slambot_ws/build/slambot_controller' returned '0': CMAKE_PREFIX_PATH=${CMAKE_PREFIX_PATH}:/opt/ros/jazzy /usr/bin/cmake --install /home/wagwan/slambot_ws/build/slambot_controller
[1.027s] Level 1:colcon.colcon_core.environment:checking '/home/wagwan/slambot_ws/install/slambot_controller' for CMake config files
[1.027s] Level 1:colcon.colcon_core.shell:create_environment_hook('slambot_controller', 'cmake_prefix_path')
[1.028s] INFO:colcon.colcon_core.shell:Creating environment hook '/home/wagwan/slambot_ws/install/slambot_controller/share/slambot_controller/hook/cmake_prefix_path.ps1'
[1.028s] INFO:colcon.colcon_core.shell:Creating environment descriptor '/home/wagwan/slambot_ws/install/slambot_controller/share/slambot_controller/hook/cmake_prefix_path.dsv'
[1.029s] INFO:colcon.colcon_core.shell:Creating environment hook '/home/wagwan/slambot_ws/install/slambot_controller/share/slambot_controller/hook/cmake_prefix_path.sh'
[1.030s] Level 1:colcon.colcon_core.environment:checking '/home/wagwan/slambot_ws/install/slambot_controller/lib'
[1.031s] Level 1:colcon.colcon_core.environment:checking '/home/wagwan/slambot_ws/install/slambot_controller/bin'
[1.031s] Level 1:colcon.colcon_core.environment:checking '/home/wagwan/slambot_ws/install/slambot_controller/lib/pkgconfig/slambot_controller.pc'
[1.031s] Level 1:colcon.colcon_core.environment:checking '/home/wagwan/slambot_ws/install/slambot_controller/lib/python3.12/site-packages'
[1.031s] Level 1:colcon.colcon_core.environment:checking '/home/wagwan/slambot_ws/install/slambot_controller/bin'
[1.032s] INFO:colcon.colcon_core.shell:Creating package script '/home/wagwan/slambot_ws/install/slambot_controller/share/slambot_controller/package.ps1'
[1.032s] INFO:colcon.colcon_core.shell:Creating package descriptor '/home/wagwan/slambot_ws/install/slambot_controller/share/slambot_controller/package.dsv'
[1.037s] INFO:colcon.colcon_core.shell:Creating package script '/home/wagwan/slambot_ws/install/slambot_controller/share/slambot_controller/package.sh'
[1.037s] INFO:colcon.colcon_core.shell:Creating package script '/home/wagwan/slambot_ws/install/slambot_controller/share/slambot_controller/package.bash'
[1.038s] INFO:colcon.colcon_core.shell:Creating package script '/home/wagwan/slambot_ws/install/slambot_controller/share/slambot_controller/package.zsh'
[1.038s] Level 1:colcon.colcon_core.environment:create_file_with_runtime_dependencies(/home/wagwan/slambot_ws/install/slambot_controller/share/colcon-core/packages/slambot_controller)
[1.082s] Level 1:colcon.colcon_core.environment:create_environment_scripts_only(slambot_controller)
[1.083s] Level 1:colcon.colcon_core.environment:checking '/home/wagwan/slambot_ws/install/slambot_controller' for CMake module files
[1.084s] Level 1:colcon.colcon_core.environment:checking '/home/wagwan/slambot_ws/install/slambot_controller' for CMake config files
[1.084s] Level 1:colcon.colcon_core.shell:create_environment_hook('slambot_controller', 'cmake_prefix_path')
[1.085s] INFO:colcon.colcon_core.shell:Creating environment hook '/home/wagwan/slambot_ws/install/slambot_controller/share/slambot_controller/hook/cmake_prefix_path.ps1'
[1.086s] INFO:colcon.colcon_core.shell:Creating environment descriptor '/home/wagwan/slambot_ws/install/slambot_controller/share/slambot_controller/hook/cmake_prefix_path.dsv'
[1.088s] INFO:colcon.colcon_core.shell:Creating environment hook '/home/wagwan/slambot_ws/install/slambot_controller/share/slambot_controller/hook/cmake_prefix_path.sh'
[1.089s] Level 1:colcon.colcon_core.environment:checking '/home/wagwan/slambot_ws/install/slambot_controller/lib'
[1.091s] Level 1:colcon.colcon_core.environment:checking '/home/wagwan/slambot_ws/install/slambot_controller/bin'
[1.091s] Level 1:colcon.colcon_core.environment:checking '/home/wagwan/slambot_ws/install/slambot_controller/lib/pkgconfig/slambot_controller.pc'
[1.092s] Level 1:colcon.colcon_core.environment:checking '/home/wagwan/slambot_ws/install/slambot_controller/lib/python3.12/site-packages'
[1.092s] Level 1:colcon.colcon_core.environment:checking '/home/wagwan/slambot_ws/install/slambot_controller/bin'
[1.093s] INFO:colcon.colcon_core.shell:Creating package script '/home/wagwan/slambot_ws/install/slambot_controller/share/slambot_controller/package.ps1'
[1.094s] INFO:colcon.colcon_core.shell:Creating package descriptor '/home/wagwan/slambot_ws/install/slambot_controller/share/slambot_controller/package.dsv'
[1.096s] INFO:colcon.colcon_core.shell:Creating package script '/home/wagwan/slambot_ws/install/slambot_controller/share/slambot_controller/package.sh'
[1.097s] INFO:colcon.colcon_core.shell:Creating package script '/home/wagwan/slambot_ws/install/slambot_controller/share/slambot_controller/package.bash'
[1.098s] INFO:colcon.colcon_core.shell:Creating package script '/home/wagwan/slambot_ws/install/slambot_controller/share/slambot_controller/package.zsh'
[1.099s] Level 1:colcon.colcon_core.environment:create_file_with_runtime_dependencies(/home/wagwan/slambot_ws/install/slambot_controller/share/colcon-core/packages/slambot_controller)
[8.678s] DEBUG:colcon.colcon_core.event_handler.log_command:Invoked command in '/home/wagwan/slambot_ws/build/slambot_firmware' returned '0': CMAKE_PREFIX_PATH=${CMAKE_PREFIX_PATH}:/opt/ros/jazzy /usr/bin/cmake --build /home/wagwan/slambot_ws/build/slambot_firmware -- -j4 -l4
[8.733s] DEBUG:colcon.colcon_core.event_handler.log_command:Invoking command in '/home/wagwan/slambot_ws/build/slambot_firmware': CMAKE_PREFIX_PATH=${CMAKE_PREFIX_PATH}:/opt/ros/jazzy /usr/bin/cmake --install /home/wagwan/slambot_ws/build/slambot_firmware
[8.763s] Level 1:colcon.colcon_core.environment:create_environment_scripts_only(slambot_firmware)
[8.763s] Level 1:colcon.colcon_core.environment:checking '/home/wagwan/slambot_ws/install/slambot_firmware' for CMake module files
[8.763s] DEBUG:colcon.colcon_core.event_handler.log_command:Invoked command in '/home/wagwan/slambot_ws/build/slambot_firmware' returned '0': CMAKE_PREFIX_PATH=${CMAKE_PREFIX_PATH}:/opt/ros/jazzy /usr/bin/cmake --install /home/wagwan/slambot_ws/build/slambot_firmware
[8.764s] Level 1:colcon.colcon_core.environment:checking '/home/wagwan/slambot_ws/install/slambot_firmware' for CMake config files
[8.765s] Level 1:colcon.colcon_core.shell:create_environment_hook('slambot_firmware', 'cmake_prefix_path')
[8.765s] INFO:colcon.colcon_core.shell:Creating environment hook '/home/wagwan/slambot_ws/install/slambot_firmware/share/slambot_firmware/hook/cmake_prefix_path.ps1'
[8.766s] INFO:colcon.colcon_core.shell:Creating environment descriptor '/home/wagwan/slambot_ws/install/slambot_firmware/share/slambot_firmware/hook/cmake_prefix_path.dsv'
[8.770s] INFO:colcon.colcon_core.shell:Creating environment hook '/home/wagwan/slambot_ws/install/slambot_firmware/share/slambot_firmware/hook/cmake_prefix_path.sh'
[8.770s] Level 1:colcon.colcon_core.environment:checking '/home/wagwan/slambot_ws/install/slambot_firmware/lib'
[8.770s] Level 1:colcon.colcon_core.shell:create_environment_hook('slambot_firmware', 'ld_library_path_lib')
[8.771s] INFO:colcon.colcon_core.shell:Creating environment hook '/home/wagwan/slambot_ws/install/slambot_firmware/share/slambot_firmware/hook/ld_library_path_lib.ps1'
[8.771s] INFO:colcon.colcon_core.shell:Creating environment descriptor '/home/wagwan/slambot_ws/install/slambot_firmware/share/slambot_firmware/hook/ld_library_path_lib.dsv'
[8.772s] INFO:colcon.colcon_core.shell:Creating environment hook '/home/wagwan/slambot_ws/install/slambot_firmware/share/slambot_firmware/hook/ld_library_path_lib.sh'
[8.772s] Level 1:colcon.colcon_core.environment:checking '/home/wagwan/slambot_ws/install/slambot_firmware/bin'
[8.773s] Level 1:colcon.colcon_core.environment:checking '/home/wagwan/slambot_ws/install/slambot_firmware/lib/pkgconfig/slambot_firmware.pc'
[8.773s] Level 1:colcon.colcon_core.environment:checking '/home/wagwan/slambot_ws/install/slambot_firmware/lib/python3.12/site-packages'
[8.773s] Level 1:colcon.colcon_core.environment:checking '/home/wagwan/slambot_ws/install/slambot_firmware/bin'
[8.773s] INFO:colcon.colcon_core.shell:Creating package script '/home/wagwan/slambot_ws/install/slambot_firmware/share/slambot_firmware/package.ps1'
[8.776s] INFO:colcon.colcon_core.shell:Creating package descriptor '/home/wagwan/slambot_ws/install/slambot_firmware/share/slambot_firmware/package.dsv'
[8.777s] INFO:colcon.colcon_core.shell:Creating package script '/home/wagwan/slambot_ws/install/slambot_firmware/share/slambot_firmware/package.sh'
[8.777s] INFO:colcon.colcon_core.shell:Creating package script '/home/wagwan/slambot_ws/install/slambot_firmware/share/slambot_firmware/package.bash'
[8.778s] INFO:colcon.colcon_core.shell:Creating package script '/home/wagwan/slambot_ws/install/slambot_firmware/share/slambot_firmware/package.zsh'
[8.779s] Level 1:colcon.colcon_core.environment:create_file_with_runtime_dependencies(/home/wagwan/slambot_ws/install/slambot_firmware/share/colcon-core/packages/slambot_firmware)
[8.833s] Level 1:colcon.colcon_core.environment:create_environment_scripts_only(slambot_firmware)
[8.834s] Level 1:colcon.colcon_core.environment:checking '/home/wagwan/slambot_ws/install/slambot_firmware' for CMake module files
[8.835s] Level 1:colcon.colcon_core.environment:checking '/home/wagwan/slambot_ws/install/slambot_firmware' for CMake config files
[8.835s] Level 1:colcon.colcon_core.shell:create_environment_hook('slambot_firmware', 'cmake_prefix_path')
[8.836s] INFO:colcon.colcon_core.shell:Creating environment hook '/home/wagwan/slambot_ws/install/slambot_firmware/share/slambot_firmware/hook/cmake_prefix_path.ps1'
[8.836s] INFO:colcon.colcon_core.shell:Creating environment descriptor '/home/wagwan/slambot_ws/install/slambot_firmware/share/slambot_firmware/hook/cmake_prefix_path.dsv'
[8.837s] INFO:colcon.colcon_core.shell:Creating environment hook '/home/wagwan/slambot_ws/install/slambot_firmware/share/slambot_firmware/hook/cmake_prefix_path.sh'
[8.838s] Level 1:colcon.colcon_core.environment:checking '/home/wagwan/slambot_ws/install/slambot_firmware/lib'
[8.838s] Level 1:colcon.colcon_core.shell:create_environment_hook('slambot_firmware', 'ld_library_path_lib')
[8.839s] INFO:colcon.colcon_core.shell:Creating environment hook '/home/wagwan/slambot_ws/install/slambot_firmware/share/slambot_firmware/hook/ld_library_path_lib.ps1'
[8.839s] INFO:colcon.colcon_core.shell:Creating environment descriptor '/home/wagwan/slambot_ws/install/slambot_firmware/share/slambot_firmware/hook/ld_library_path_lib.dsv'
[8.840s] INFO:colcon.colcon_core.shell:Creating environment hook '/home/wagwan/slambot_ws/install/slambot_firmware/share/slambot_firmware/hook/ld_library_path_lib.sh'
[8.840s] Level 1:colcon.colcon_core.environment:checking '/home/wagwan/slambot_ws/install/slambot_firmware/bin'
[8.840s] Level 1:colcon.colcon_core.environment:checking '/home/wagwan/slambot_ws/install/slambot_firmware/lib/pkgconfig/slambot_firmware.pc'
[8.841s] Level 1:colcon.colcon_core.environment:checking '/home/wagwan/slambot_ws/install/slambot_firmware/lib/python3.12/site-packages'
[8.841s] Level 1:colcon.colcon_core.environment:checking '/home/wagwan/slambot_ws/install/slambot_firmware/bin'
[8.841s] INFO:colcon.colcon_core.shell:Creating package script '/home/wagwan/slambot_ws/install/slambot_firmware/share/slambot_firmware/package.ps1'
[8.844s] INFO:colcon.colcon_core.shell:Creating package descriptor '/home/wagwan/slambot_ws/install/slambot_firmware/share/slambot_firmware/package.dsv'
[8.845s] INFO:colcon.colcon_core.shell:Creating package script '/home/wagwan/slambot_ws/install/slambot_firmware/share/slambot_firmware/package.sh'
[8.845s] INFO:colcon.colcon_core.shell:Creating package script '/home/wagwan/slambot_ws/install/slambot_firmware/share/slambot_firmware/package.bash'
[8.846s] INFO:colcon.colcon_core.shell:Creating package script '/home/wagwan/slambot_ws/install/slambot_firmware/share/slambot_firmware/package.zsh'
[8.846s] Level 1:colcon.colcon_core.environment:create_file_with_runtime_dependencies(/home/wagwan/slambot_ws/install/slambot_firmware/share/colcon-core/packages/slambot_firmware)
[8.847s] DEBUG:colcon.colcon_parallel_executor.executor.parallel:closing loop
[8.848s] DEBUG:colcon.colcon_parallel_executor.executor.parallel:loop closed
[8.848s] DEBUG:colcon.colcon_parallel_executor.executor.parallel:run_until_complete finished with '0'
[8.848s] DEBUG:colcon.colcon_core.event_reactor:joining thread
[8.858s] INFO:colcon.colcon_core.plugin_system:Skipping extension 'colcon_notification.desktop_notification.notify_send': Could not find 'notify-send'
[8.858s] INFO:colcon.colcon_core.plugin_system:Skipping extension 'colcon_notification.desktop_notification.terminal_notifier': Not used on non-Darwin systems
[8.859s] INFO:colcon.colcon_core.plugin_system:Skipping extension 'colcon_notification.desktop_notification.win32': Not used on non-Windows systems
[8.859s] INFO:colcon.colcon_notification.desktop_notification:Sending desktop notification using 'notify2'
[8.860s] DEBUG:colcon.colcon_notification.desktop_notification.notify2:Failed to initialize notify2: org.freedesktop.DBus.Error.ServiceUnknown: The name org.freedesktop.Notifications was not provided by any .service files
[8.860s] DEBUG:colcon.colcon_core.event_reactor:joined thread
[8.860s] INFO:colcon.colcon_core.shell:Creating prefix script '/home/wagwan/slambot_ws/install/local_setup.ps1'
[8.862s] INFO:colcon.colcon_core.shell:Creating prefix util module '/home/wagwan/slambot_ws/install/_local_setup_util_ps1.py'
[8.864s] INFO:colcon.colcon_core.shell:Creating prefix chain script '/home/wagwan/slambot_ws/install/setup.ps1'
[8.866s] INFO:colcon.colcon_core.shell:Creating prefix script '/home/wagwan/slambot_ws/install/local_setup.sh'
[8.868s] INFO:colcon.colcon_core.shell:Creating prefix util module '/home/wagwan/slambot_ws/install/_local_setup_util_sh.py'
[8.872s] INFO:colcon.colcon_core.shell:Creating prefix chain script '/home/wagwan/slambot_ws/install/setup.sh'
[8.874s] INFO:colcon.colcon_core.shell:Creating prefix script '/home/wagwan/slambot_ws/install/local_setup.bash'
[8.875s] INFO:colcon.colcon_core.shell:Creating prefix chain script '/home/wagwan/slambot_ws/install/setup.bash'
[8.877s] INFO:colcon.colcon_core.shell:Creating prefix script '/home/wagwan/slambot_ws/install/local_setup.zsh'
[8.878s] INFO:colcon.colcon_core.shell:Creating prefix chain script '/home/wagwan/slambot_ws/install/setup.zsh'
