[0.014s] Invoking command in '/home/einstein/Desktop/ros2_control_Slambot/build/slambot_controller': CMAKE_PREFIX_PATH=/opt/ros/humble /usr/bin/cmake /home/einstein/Desktop/ros2_control_Slambot/src/slambot_controller -DCMAKE_INSTALL_PREFIX=/home/einstein/Desktop/ros2_control_Slambot/install/slambot_controller
[0.067s] -- The C compiler identification is GNU 11.4.0
[0.126s] -- The CXX compiler identification is GNU 11.4.0
[0.134s] -- Detecting C compiler ABI info
[0.193s] -- Detecting C compiler ABI info - done
[0.203s] -- Check for working C compiler: /usr/bin/cc - skipped
[0.203s] -- Detecting C compile features
[0.204s] -- Detecting C compile features - done
[0.207s] -- Detecting CXX compiler ABI info
[0.289s] -- Detecting CXX compiler ABI info - done
[0.298s] -- Check for working CXX compiler: /usr/bin/c++ - skipped
[0.299s] -- Detecting CXX compile features
[0.299s] -- Detecting CXX compile features - done
[0.302s] -- Found ament_cmake: 1.3.10 (/opt/ros/humble/share/ament_cmake/cmake)
[0.446s] -- Found Python3: /usr/bin/python3 (found version "3.10.12") found components: Interpreter 
[0.541s] -- Found std_msgs: 4.2.4 (/opt/ros/humble/share/std_msgs/cmake)
[0.743s] -- Found rosidl_generator_c: 3.1.5 (/opt/ros/humble/share/rosidl_generator_c/cmake)
[0.791s] -- Found rosidl_adapter: 3.1.5 (/opt/ros/humble/share/rosidl_adapter/cmake)
[0.854s] -- Found rosidl_generator_cpp: 3.1.5 (/opt/ros/humble/share/rosidl_generator_cpp/cmake)
[1.021s] -- Using all available rosidl_typesupport_c: rosidl_typesupport_fastrtps_c;rosidl_typesupport_introspection_c
[1.190s] -- Using all available rosidl_typesupport_cpp: rosidl_typesupport_fastrtps_cpp;rosidl_typesupport_introspection_cpp
[1.421s] -- Found geometry_msgs: 4.2.4 (/opt/ros/humble/share/geometry_msgs/cmake)
[1.604s] -- Found rclcpp: 16.0.10 (/opt/ros/humble/share/rclcpp/cmake)
[1.672s] -- Found rmw_implementation_cmake: 6.1.2 (/opt/ros/humble/share/rmw_implementation_cmake/cmake)
[1.723s] -- Found rmw_fastrtps_cpp: 6.2.7 (/opt/ros/humble/share/rmw_fastrtps_cpp/cmake)
[2.184s] -- Found OpenSSL: /usr/lib/x86_64-linux-gnu/libcrypto.so (found version "3.0.2")  
[2.289s] -- Found FastRTPS: /opt/ros/humble/include  
[2.330s] -- Using RMW implementation 'rmw_fastrtps_cpp' as default
[2.461s] -- Looking for pthread.h
[2.572s] -- Looking for pthread.h - found
[2.572s] -- Performing Test CMAKE_HAVE_LIBC_PTHREAD
[2.637s] -- Performing Test CMAKE_HAVE_LIBC_PTHREAD - Success
[2.638s] -- Found Threads: TRUE  
[3.289s] -- Found ament_lint_auto: 0.12.11 (/opt/ros/humble/share/ament_lint_auto/cmake)
[3.347s] -- Added test 'cppcheck' to perform static code analysis on C / C++ code
[3.347s] -- Configured cppcheck include dirs: /home/einstein/Desktop/ros2_control_Slambot/src/slambot_controller/include
[3.347s] -- Configured cppcheck exclude dirs and/or files: 
[3.347s] -- Added test 'flake8' to check Python code syntax and style conventions
[3.348s] -- Added test 'lint_cmake' to check CMake code style
[3.348s] -- Added test 'pep257' to check Python code against some of the docstring style conventions in PEP 257
[3.349s] -- Added test 'uncrustify' to check C / C++ code style
[3.349s] -- Configured uncrustify additional arguments: 
[3.349s] -- Added test 'xmllint' to check XML markup files
[3.350s] -- Configuring done
[3.356s] -- Generating done
[3.357s] -- Build files have been written to: /home/einstein/Desktop/ros2_control_Slambot/build/slambot_controller
[3.363s] Invoked command in '/home/einstein/Desktop/ros2_control_Slambot/build/slambot_controller' returned '0': CMAKE_PREFIX_PATH=/opt/ros/humble /usr/bin/cmake /home/einstein/Desktop/ros2_control_Slambot/src/slambot_controller -DCMAKE_INSTALL_PREFIX=/home/einstein/Desktop/ros2_control_Slambot/install/slambot_controller
[3.364s] Invoking command in '/home/einstein/Desktop/ros2_control_Slambot/build/slambot_controller': CMAKE_PREFIX_PATH=/opt/ros/humble /usr/bin/cmake --build /home/einstein/Desktop/ros2_control_Slambot/build/slambot_controller -- -j8 -l8
[3.400s] [ 50%] [32mBuilding CXX object CMakeFiles/simple_controller.dir/src/simple_controller.cpp.o[0m
[12.646s] [100%] [32m[1mLinking CXX executable simple_controller[0m
[13.027s] [100%] Built target simple_controller
[13.035s] Invoked command in '/home/einstein/Desktop/ros2_control_Slambot/build/slambot_controller' returned '0': CMAKE_PREFIX_PATH=/opt/ros/humble /usr/bin/cmake --build /home/einstein/Desktop/ros2_control_Slambot/build/slambot_controller -- -j8 -l8
[13.052s] Invoking command in '/home/einstein/Desktop/ros2_control_Slambot/build/slambot_controller': CMAKE_PREFIX_PATH=/opt/ros/humble /usr/bin/cmake --install /home/einstein/Desktop/ros2_control_Slambot/build/slambot_controller
[13.057s] -- Install configuration: ""
[13.057s] -- Installing: /home/einstein/Desktop/ros2_control_Slambot/install/slambot_controller/include/include
[13.057s] -- Installing: /home/einstein/Desktop/ros2_control_Slambot/install/slambot_controller/include/include/slambot_controller
[13.057s] -- Installing: /home/einstein/Desktop/ros2_control_Slambot/install/slambot_controller/include/include/slambot_controller/simple_controller.hpp
[13.058s] -- Installing: /home/einstein/Desktop/ros2_control_Slambot/install/slambot_controller/lib/slambot_controller/simple_controller
[13.060s] -- Set runtime path of "/home/einstein/Desktop/ros2_control_Slambot/install/slambot_controller/lib/slambot_controller/simple_controller" to ""
[13.060s] -- Installing: /home/einstein/Desktop/ros2_control_Slambot/install/slambot_controller/share/slambot_controller/config
[13.060s] -- Installing: /home/einstein/Desktop/ros2_control_Slambot/install/slambot_controller/share/slambot_controller/config/slambot_controllers.yaml
[13.060s] -- Installing: /home/einstein/Desktop/ros2_control_Slambot/install/slambot_controller/share/slambot_controller/config/joystick_config.yaml
[13.146s] -- Installing: /home/einstein/Desktop/ros2_control_Slambot/install/slambot_controller/share/slambot_controller/config/joystick_teleop.yaml
[13.202s] -- Installing: /home/einstein/Desktop/ros2_control_Slambot/install/slambot_controller/share/slambot_controller/config/pentaslam_controllers.yaml
[13.202s] -- Installing: /home/einstein/Desktop/ros2_control_Slambot/install/slambot_controller/share/slambot_controller/launch
[13.203s] -- Installing: /home/einstein/Desktop/ros2_control_Slambot/install/slambot_controller/share/slambot_controller/launch/joystick_teleop.launch.py
[13.203s] -- Installing: /home/einstein/Desktop/ros2_control_Slambot/install/slambot_controller/share/slambot_controller/launch/controller.launch.py
[13.203s] -- Installing: /home/einstein/Desktop/ros2_control_Slambot/install/slambot_controller/share/ament_index/resource_index/package_run_dependencies/slambot_controller
[13.203s] -- Installing: /home/einstein/Desktop/ros2_control_Slambot/install/slambot_controller/share/ament_index/resource_index/parent_prefix_path/slambot_controller
[13.204s] -- Installing: /home/einstein/Desktop/ros2_control_Slambot/install/slambot_controller/share/slambot_controller/environment/ament_prefix_path.sh
[13.204s] -- Installing: /home/einstein/Desktop/ros2_control_Slambot/install/slambot_controller/share/slambot_controller/environment/ament_prefix_path.dsv
[13.204s] -- Installing: /home/einstein/Desktop/ros2_control_Slambot/install/slambot_controller/share/slambot_controller/environment/path.sh
[13.204s] -- Installing: /home/einstein/Desktop/ros2_control_Slambot/install/slambot_controller/share/slambot_controller/environment/path.dsv
[13.204s] -- Installing: /home/einstein/Desktop/ros2_control_Slambot/install/slambot_controller/share/slambot_controller/local_setup.bash
[13.205s] -- Installing: /home/einstein/Desktop/ros2_control_Slambot/install/slambot_controller/share/slambot_controller/local_setup.sh
[13.205s] -- Installing: /home/einstein/Desktop/ros2_control_Slambot/install/slambot_controller/share/slambot_controller/local_setup.zsh
[13.205s] -- Installing: /home/einstein/Desktop/ros2_control_Slambot/install/slambot_controller/share/slambot_controller/local_setup.dsv
[13.205s] -- Installing: /home/einstein/Desktop/ros2_control_Slambot/install/slambot_controller/share/slambot_controller/package.dsv
[13.206s] -- Installing: /home/einstein/Desktop/ros2_control_Slambot/install/slambot_controller/share/ament_index/resource_index/packages/slambot_controller
[13.206s] -- Installing: /home/einstein/Desktop/ros2_control_Slambot/install/slambot_controller/share/slambot_controller/cmake/slambot_controllerConfig.cmake
[13.206s] -- Installing: /home/einstein/Desktop/ros2_control_Slambot/install/slambot_controller/share/slambot_controller/cmake/slambot_controllerConfig-version.cmake
[13.206s] -- Installing: /home/einstein/Desktop/ros2_control_Slambot/install/slambot_controller/share/slambot_controller/package.xml
[13.210s] Invoked command in '/home/einstein/Desktop/ros2_control_Slambot/build/slambot_controller' returned '0': CMAKE_PREFIX_PATH=/opt/ros/humble /usr/bin/cmake --install /home/einstein/Desktop/ros2_control_Slambot/build/slambot_controller
