[0.039s] Invoking command in '/home/wagwan/slambot_ws/build/slambot_firmware': CMAKE_PREFIX_PATH=${CMAKE_PREFIX_PATH}:/opt/ros/jazzy /usr/bin/cmake --build /home/wagwan/slambot_ws/build/slambot_firmware -- -j4 -l4
[0.155s] [ 50%] Built target simple_serial_transmitter
[0.158s] [ 50%] Built target simple_serial_receiver
[0.158s] [ 75%] Built target simple_lifecycle_node
[0.158s] [100%] Built target slambot_firmware
[0.178s] Invoked command in '/home/wagwan/slambot_ws/build/slambot_firmware' returned '0': CMAKE_PREFIX_PATH=${CMAKE_PREFIX_PATH}:/opt/ros/jazzy /usr/bin/cmake --build /home/wagwan/slambot_ws/build/slambot_firmware -- -j4 -l4
[0.233s] Invoking command in '/home/wagwan/slambot_ws/build/slambot_firmware': CMAKE_PREFIX_PATH=${CMAKE_PREFIX_PATH}:/opt/ros/jazzy /usr/bin/cmake --install /home/wagwan/slambot_ws/build/slambot_firmware
[0.250s] -- Install configuration: ""
[0.250s] -- Up-to-date: /home/wagwan/slambot_ws/install/slambot_firmware/share/slambot_firmware/slambot_interface.xml
[0.250s] -- Up-to-date: /home/wagwan/slambot_ws/install/slambot_firmware/lib/libslambot_firmware.so
[0.250s] -- Up-to-date: /home/wagwan/slambot_ws/install/slambot_firmware/include/include
[0.250s] -- Up-to-date: /home/wagwan/slambot_ws/install/slambot_firmware/include/include/slambot_firmware
[0.251s] -- Up-to-date: /home/wagwan/slambot_ws/install/slambot_firmware/include/include/slambot_firmware/slambot_interface.hpp
[0.251s] -- Up-to-date: /home/wagwan/slambot_ws/install/slambot_firmware/share/slambot_firmware/launch
[0.251s] -- Up-to-date: /home/wagwan/slambot_ws/install/slambot_firmware/share/slambot_firmware/launch/hardware_interface.launch.py
[0.251s] -- Up-to-date: /home/wagwan/slambot_ws/install/slambot_firmware/lib/slambot_firmware/simple_serial_transmitter
[0.251s] -- Up-to-date: /home/wagwan/slambot_ws/install/slambot_firmware/lib/slambot_firmware/simple_serial_receiver
[0.252s] -- Up-to-date: /home/wagwan/slambot_ws/install/slambot_firmware/lib/slambot_firmware/simple_lifecycle_node
[0.252s] -- Up-to-date: /home/wagwan/slambot_ws/install/slambot_firmware/share/slambot_firmware/environment/library_path.sh
[0.252s] -- Up-to-date: /home/wagwan/slambot_ws/install/slambot_firmware/share/slambot_firmware/environment/library_path.dsv
[0.252s] -- Up-to-date: /home/wagwan/slambot_ws/install/slambot_firmware/share/ament_index/resource_index/package_run_dependencies/slambot_firmware
[0.252s] -- Up-to-date: /home/wagwan/slambot_ws/install/slambot_firmware/share/ament_index/resource_index/parent_prefix_path/slambot_firmware
[0.252s] -- Up-to-date: /home/wagwan/slambot_ws/install/slambot_firmware/share/slambot_firmware/environment/ament_prefix_path.sh
[0.253s] -- Up-to-date: /home/wagwan/slambot_ws/install/slambot_firmware/share/slambot_firmware/environment/ament_prefix_path.dsv
[0.253s] -- Up-to-date: /home/wagwan/slambot_ws/install/slambot_firmware/share/slambot_firmware/environment/path.sh
[0.253s] -- Up-to-date: /home/wagwan/slambot_ws/install/slambot_firmware/share/slambot_firmware/environment/path.dsv
[0.253s] -- Up-to-date: /home/wagwan/slambot_ws/install/slambot_firmware/share/slambot_firmware/local_setup.bash
[0.253s] -- Up-to-date: /home/wagwan/slambot_ws/install/slambot_firmware/share/slambot_firmware/local_setup.sh
[0.253s] -- Up-to-date: /home/wagwan/slambot_ws/install/slambot_firmware/share/slambot_firmware/local_setup.zsh
[0.253s] -- Up-to-date: /home/wagwan/slambot_ws/install/slambot_firmware/share/slambot_firmware/local_setup.dsv
[0.253s] -- Installing: /home/wagwan/slambot_ws/install/slambot_firmware/share/slambot_firmware/package.dsv
[0.253s] -- Up-to-date: /home/wagwan/slambot_ws/install/slambot_firmware/share/ament_index/resource_index/packages/slambot_firmware
[0.253s] -- Up-to-date: /home/wagwan/slambot_ws/install/slambot_firmware/share/ament_index/resource_index/hardware_interface__pluginlib__plugin/slambot_firmware
[0.253s] -- Up-to-date: /home/wagwan/slambot_ws/install/slambot_firmware/share/slambot_firmware/cmake/ament_cmake_export_include_directories-extras.cmake
[0.254s] -- Up-to-date: /home/wagwan/slambot_ws/install/slambot_firmware/share/slambot_firmware/cmake/ament_cmake_export_libraries-extras.cmake
[0.254s] -- Up-to-date: /home/wagwan/slambot_ws/install/slambot_firmware/share/slambot_firmware/cmake/ament_cmake_export_dependencies-extras.cmake
[0.254s] -- Up-to-date: /home/wagwan/slambot_ws/install/slambot_firmware/share/slambot_firmware/cmake/slambot_firmwareConfig.cmake
[0.254s] -- Up-to-date: /home/wagwan/slambot_ws/install/slambot_firmware/share/slambot_firmware/cmake/slambot_firmwareConfig-version.cmake
[0.254s] -- Up-to-date: /home/wagwan/slambot_ws/install/slambot_firmware/share/slambot_firmware/package.xml
[0.256s] Invoked command in '/home/wagwan/slambot_ws/build/slambot_firmware' returned '0': CMAKE_PREFIX_PATH=${CMAKE_PREFIX_PATH}:/opt/ros/jazzy /usr/bin/cmake --install /home/wagwan/slambot_ws/build/slambot_firmware
