[0.037s] Invoking command in '/home/einstein/Desktop/ros2_control_Slambot/build/ros2_ctrl_pkg': CMAKE_PREFIX_PATH=${CMAKE_PREFIX_PATH}:/opt/ros/humble /usr/bin/cmake --build /home/einstein/Desktop/ros2_control_Slambot/build/ros2_ctrl_pkg -- -j8 -l8
[0.083s] Invoked command in '/home/einstein/Desktop/ros2_control_Slambot/build/ros2_ctrl_pkg' returned '0': CMAKE_PREFIX_PATH=${CMAKE_PREFIX_PATH}:/opt/ros/humble /usr/bin/cmake --build /home/einstein/Desktop/ros2_control_Slambot/build/ros2_ctrl_pkg -- -j8 -l8
[0.125s] Invoking command in '/home/einstein/Desktop/ros2_control_Slambot/build/ros2_ctrl_pkg': CMAKE_PREFIX_PATH=${CMAKE_PREFIX_PATH}:/opt/ros/humble /usr/bin/cmake --install /home/einstein/Desktop/ros2_control_Slambot/build/ros2_ctrl_pkg
[0.136s] -- Install configuration: ""
[0.136s] -- Up-to-date: /home/einstein/Desktop/ros2_control_Slambot/install/ros2_ctrl_pkg/share/ament_index/resource_index/package_run_dependencies/ros2_ctrl_pkg
[0.136s] -- Up-to-date: /home/einstein/Desktop/ros2_control_Slambot/install/ros2_ctrl_pkg/share/ament_index/resource_index/parent_prefix_path/ros2_ctrl_pkg
[0.136s] -- Up-to-date: /home/einstein/Desktop/ros2_control_Slambot/install/ros2_ctrl_pkg/share/ros2_ctrl_pkg/environment/ament_prefix_path.sh
[0.136s] -- Up-to-date: /home/einstein/Desktop/ros2_control_Slambot/install/ros2_ctrl_pkg/share/ros2_ctrl_pkg/environment/ament_prefix_path.dsv
[0.136s] -- Up-to-date: /home/einstein/Desktop/ros2_control_Slambot/install/ros2_ctrl_pkg/share/ros2_ctrl_pkg/environment/path.sh
[0.136s] -- Up-to-date: /home/einstein/Desktop/ros2_control_Slambot/install/ros2_ctrl_pkg/share/ros2_ctrl_pkg/environment/path.dsv
[0.136s] -- Up-to-date: /home/einstein/Desktop/ros2_control_Slambot/install/ros2_ctrl_pkg/share/ros2_ctrl_pkg/local_setup.bash
[0.136s] -- Up-to-date: /home/einstein/Desktop/ros2_control_Slambot/install/ros2_ctrl_pkg/share/ros2_ctrl_pkg/local_setup.sh
[0.136s] -- Up-to-date: /home/einstein/Desktop/ros2_control_Slambot/install/ros2_ctrl_pkg/share/ros2_ctrl_pkg/local_setup.zsh
[0.136s] -- Up-to-date: /home/einstein/Desktop/ros2_control_Slambot/install/ros2_ctrl_pkg/share/ros2_ctrl_pkg/local_setup.dsv
[0.136s] -- Installing: /home/einstein/Desktop/ros2_control_Slambot/install/ros2_ctrl_pkg/share/ros2_ctrl_pkg/package.dsv
[0.137s] -- Up-to-date: /home/einstein/Desktop/ros2_control_Slambot/install/ros2_ctrl_pkg/share/ament_index/resource_index/packages/ros2_ctrl_pkg
[0.137s] -- Up-to-date: /home/einstein/Desktop/ros2_control_Slambot/install/ros2_ctrl_pkg/share/ros2_ctrl_pkg/cmake/ros2_ctrl_pkgConfig.cmake
[0.137s] -- Up-to-date: /home/einstein/Desktop/ros2_control_Slambot/install/ros2_ctrl_pkg/share/ros2_ctrl_pkg/cmake/ros2_ctrl_pkgConfig-version.cmake
[0.137s] -- Up-to-date: /home/einstein/Desktop/ros2_control_Slambot/install/ros2_ctrl_pkg/share/ros2_ctrl_pkg/package.xml
[0.149s] Invoked command in '/home/einstein/Desktop/ros2_control_Slambot/build/ros2_ctrl_pkg' returned '0': CMAKE_PREFIX_PATH=${CMAKE_PREFIX_PATH}:/opt/ros/humble /usr/bin/cmake --install /home/einstein/Desktop/ros2_control_Slambot/build/ros2_ctrl_pkg
