-- Found ament_cmake: 2.5.2 (/opt/ros/jazzy/share/ament_cmake/cmake)
-- Found std_msgs: 5.3.5 (/opt/ros/jazzy/share/std_msgs/cmake)
-- Found rosidl_generator_c: 4.6.4 (/opt/ros/jazzy/share/rosidl_generator_c/cmake)
-- Found rosidl_generator_cpp: 4.6.4 (/opt/ros/jazzy/share/rosidl_generator_cpp/cmake)
-- Using all available rosidl_typesupport_c: rosidl_typesupport_fastrtps_c;rosidl_typesupport_introspection_c
-- Using all available rosidl_typesupport_cpp: rosidl_typesupport_fastrtps_cpp;rosidl_typesupport_introspection_cpp
-- Found geometry_msgs: 5.3.5 (/opt/ros/jazzy/share/geometry_msgs/cmake)
-- Found rclcpp: 28.1.5 (/opt/ros/jazzy/share/rclcpp/cmake)
-- Found rmw_implementation_cmake: 7.3.1 (/opt/ros/jazzy/share/rmw_implementation_cmake/cmake)
-- Found rmw_cyclonedds_cpp: 2.2.2 (/opt/ros/jazzy/share/rmw_cyclonedds_cpp/cmake)
-- Using RMW implementation 'rmw_cyclonedds_cpp' as default
-- Found nav_msgs: 5.3.5 (/opt/ros/jazzy/share/nav_msgs/cmake)
-- Found ament_lint_auto: 0.17.1 (/opt/ros/jazzy/share/ament_lint_auto/cmake)
-- Added test 'cppcheck' to perform static code analysis on C / C++ code
-- Configured cppcheck include dirs: /home/wagwan/slambot_ws/src/slambot_controller/include
-- Configured cppcheck exclude dirs and/or files: 
-- Added test 'flake8' to check Python code syntax and style conventions
-- Configured 'flake8' exclude dirs and/or files: 
-- Added test 'lint_cmake' to check CMake code style
-- Added test 'pep257' to check Python code against some of the docstring style conventions in PEP 257
-- Added test 'uncrustify' to check C / C++ code style
-- Configured uncrustify additional arguments: 
-- Added test 'xmllint' to check XML markup files
-- Configuring done (1.0s)
-- Generating done (0.0s)
-- Build files have been written to: /home/wagwan/slambot_ws/build/slambot_controller
[ 25%] [32mBuilding CXX object CMakeFiles/odom_republisher.dir/src/odom_republisher.cpp.o[0m
[ 75%] Built target simple_controller
[100%] [32m[1mLinking CXX executable odom_republisher[0m
[100%] Built target odom_republisher
-- Install configuration: ""
-- Up-to-date: /home/wagwan/slambot_ws/install/slambot_controller/include/include
-- Up-to-date: /home/wagwan/slambot_ws/install/slambot_controller/include/include/slambot_controller
-- Up-to-date: /home/wagwan/slambot_ws/install/slambot_controller/include/include/slambot_controller/simple_controller.hpp
-- Up-to-date: /home/wagwan/slambot_ws/install/slambot_controller/lib/slambot_controller/simple_controller
-- Installing: /home/wagwan/slambot_ws/install/slambot_controller/lib/slambot_controller/odom_republisher
-- Set non-toolchain portion of runtime path of "/home/wagwan/slambot_ws/install/slambot_controller/lib/slambot_controller/odom_republisher" to ""
-- Up-to-date: /home/wagwan/slambot_ws/install/slambot_controller/share/slambot_controller/config
-- Up-to-date: /home/wagwan/slambot_ws/install/slambot_controller/share/slambot_controller/config/joystick_teleop.yaml
-- Up-to-date: /home/wagwan/slambot_ws/install/slambot_controller/share/slambot_controller/config/joystick_config.yaml
-- Up-to-date: /home/wagwan/slambot_ws/install/slambot_controller/share/slambot_controller/config/pentaslam_controllers.yaml
-- Up-to-date: /home/wagwan/slambot_ws/install/slambot_controller/share/slambot_controller/config/slambot_controllers.yaml
-- Up-to-date: /home/wagwan/slambot_ws/install/slambot_controller/share/slambot_controller/launch
-- Up-to-date: /home/wagwan/slambot_ws/install/slambot_controller/share/slambot_controller/launch/controller.launch.py
-- Up-to-date: /home/wagwan/slambot_ws/install/slambot_controller/share/slambot_controller/launch/joystick_teleop.launch.py
-- Installing: /home/wagwan/slambot_ws/install/slambot_controller/share/ament_index/resource_index/package_run_dependencies/slambot_controller
-- Installing: /home/wagwan/slambot_ws/install/slambot_controller/share/ament_index/resource_index/parent_prefix_path/slambot_controller
-- Up-to-date: /home/wagwan/slambot_ws/install/slambot_controller/share/slambot_controller/environment/ament_prefix_path.sh
-- Up-to-date: /home/wagwan/slambot_ws/install/slambot_controller/share/slambot_controller/environment/ament_prefix_path.dsv
-- Up-to-date: /home/wagwan/slambot_ws/install/slambot_controller/share/slambot_controller/environment/path.sh
-- Up-to-date: /home/wagwan/slambot_ws/install/slambot_controller/share/slambot_controller/environment/path.dsv
-- Up-to-date: /home/wagwan/slambot_ws/install/slambot_controller/share/slambot_controller/local_setup.bash
-- Up-to-date: /home/wagwan/slambot_ws/install/slambot_controller/share/slambot_controller/local_setup.sh
-- Up-to-date: /home/wagwan/slambot_ws/install/slambot_controller/share/slambot_controller/local_setup.zsh
-- Up-to-date: /home/wagwan/slambot_ws/install/slambot_controller/share/slambot_controller/local_setup.dsv
-- Installing: /home/wagwan/slambot_ws/install/slambot_controller/share/slambot_controller/package.dsv
-- Up-to-date: /home/wagwan/slambot_ws/install/slambot_controller/share/ament_index/resource_index/packages/slambot_controller
-- Up-to-date: /home/wagwan/slambot_ws/install/slambot_controller/share/slambot_controller/cmake/slambot_controllerConfig.cmake
-- Up-to-date: /home/wagwan/slambot_ws/install/slambot_controller/share/slambot_controller/cmake/slambot_controllerConfig-version.cmake
-- Installing: /home/wagwan/slambot_ws/install/slambot_controller/share/slambot_controller/package.xml
