[0.025s] Invoking command in '/home/wagwan/slambot_ws/build/slambot_controller': CMAKE_PREFIX_PATH=${CMAKE_PREFIX_PATH}:/opt/ros/jazzy /usr/bin/cmake --build /home/wagwan/slambot_ws/build/slambot_controller -- -j4 -l4
[0.087s] -- Found ament_cmake: 2.5.2 (/opt/ros/jazzy/share/ament_cmake/cmake)
[0.529s] -- Found std_msgs: 5.3.5 (/opt/ros/jazzy/share/std_msgs/cmake)
[0.568s] -- Found rosidl_generator_c: 4.6.4 (/opt/ros/jazzy/share/rosidl_generator_c/cmake)
[0.584s] -- Found rosidl_generator_cpp: 4.6.4 (/opt/ros/jazzy/share/rosidl_generator_cpp/cmake)
[0.604s] -- Using all available rosidl_typesupport_c: rosidl_typesupport_fastrtps_c;rosidl_typesupport_introspection_c
[0.625s] -- Using all available rosidl_typesupport_cpp: rosidl_typesupport_fastrtps_cpp;rosidl_typesupport_introspection_cpp
[0.663s] -- Found geometry_msgs: 5.3.5 (/opt/ros/jazzy/share/geometry_msgs/cmake)
[0.683s] -- Found rclcpp: 28.1.5 (/opt/ros/jazzy/share/rclcpp/cmake)
[0.753s] -- Found rmw_implementation_cmake: 7.3.1 (/opt/ros/jazzy/share/rmw_implementation_cmake/cmake)
[0.755s] -- Found rmw_cyclonedds_cpp: 2.2.2 (/opt/ros/jazzy/share/rmw_cyclonedds_cpp/cmake)
[0.784s] -- Using RMW implementation 'rmw_cyclonedds_cpp' as default
[0.872s] -- Found nav_msgs: 5.3.5 (/opt/ros/jazzy/share/nav_msgs/cmake)
[0.916s] -- Found ament_lint_auto: 0.17.1 (/opt/ros/jazzy/share/ament_lint_auto/cmake)
[1.105s] -- Added test 'cppcheck' to perform static code analysis on C / C++ code
[1.106s] -- Configured cppcheck include dirs: /home/wagwan/slambot_ws/src/slambot_controller/include
[1.106s] -- Configured cppcheck exclude dirs and/or files: 
[1.107s] -- Added test 'flake8' to check Python code syntax and style conventions
[1.107s] -- Configured 'flake8' exclude dirs and/or files: 
[1.107s] -- Added test 'lint_cmake' to check CMake code style
[1.108s] -- Added test 'pep257' to check Python code against some of the docstring style conventions in PEP 257
[1.110s] -- Added test 'uncrustify' to check C / C++ code style
[1.110s] -- Configured uncrustify additional arguments: 
[1.110s] -- Added test 'xmllint' to check XML markup files
[1.114s] -- Configuring done (1.0s)
[1.153s] -- Generating done (0.0s)
[1.161s] -- Build files have been written to: /home/wagwan/slambot_ws/build/slambot_controller
[1.240s] [ 25%] [32mBuilding CXX object CMakeFiles/odom_republisher.dir/src/odom_republisher.cpp.o[0m
[1.331s] [ 75%] Built target simple_controller
[15.198s] [100%] [32m[1mLinking CXX executable odom_republisher[0m
[16.155s] [100%] Built target odom_republisher
[16.177s] Invoked command in '/home/wagwan/slambot_ws/build/slambot_controller' returned '0': CMAKE_PREFIX_PATH=${CMAKE_PREFIX_PATH}:/opt/ros/jazzy /usr/bin/cmake --build /home/wagwan/slambot_ws/build/slambot_controller -- -j4 -l4
[16.221s] Invoking command in '/home/wagwan/slambot_ws/build/slambot_controller': CMAKE_PREFIX_PATH=${CMAKE_PREFIX_PATH}:/opt/ros/jazzy /usr/bin/cmake --install /home/wagwan/slambot_ws/build/slambot_controller
[16.239s] -- Install configuration: ""
[16.239s] -- Up-to-date: /home/wagwan/slambot_ws/install/slambot_controller/include/include
[16.239s] -- Up-to-date: /home/wagwan/slambot_ws/install/slambot_controller/include/include/slambot_controller
[16.239s] -- Up-to-date: /home/wagwan/slambot_ws/install/slambot_controller/include/include/slambot_controller/simple_controller.hpp
[16.241s] -- Up-to-date: /home/wagwan/slambot_ws/install/slambot_controller/lib/slambot_controller/simple_controller
[16.241s] -- Installing: /home/wagwan/slambot_ws/install/slambot_controller/lib/slambot_controller/odom_republisher
[16.253s] -- Set non-toolchain portion of runtime path of "/home/wagwan/slambot_ws/install/slambot_controller/lib/slambot_controller/odom_republisher" to ""
[16.253s] -- Up-to-date: /home/wagwan/slambot_ws/install/slambot_controller/share/slambot_controller/config
[16.253s] -- Up-to-date: /home/wagwan/slambot_ws/install/slambot_controller/share/slambot_controller/config/joystick_teleop.yaml
[16.253s] -- Up-to-date: /home/wagwan/slambot_ws/install/slambot_controller/share/slambot_controller/config/joystick_config.yaml
[16.253s] -- Up-to-date: /home/wagwan/slambot_ws/install/slambot_controller/share/slambot_controller/config/pentaslam_controllers.yaml
[16.253s] -- Up-to-date: /home/wagwan/slambot_ws/install/slambot_controller/share/slambot_controller/config/slambot_controllers.yaml
[16.253s] -- Up-to-date: /home/wagwan/slambot_ws/install/slambot_controller/share/slambot_controller/launch
[16.253s] -- Up-to-date: /home/wagwan/slambot_ws/install/slambot_controller/share/slambot_controller/launch/controller.launch.py
[16.254s] -- Up-to-date: /home/wagwan/slambot_ws/install/slambot_controller/share/slambot_controller/launch/joystick_teleop.launch.py
[16.254s] -- Installing: /home/wagwan/slambot_ws/install/slambot_controller/share/ament_index/resource_index/package_run_dependencies/slambot_controller
[16.254s] -- Installing: /home/wagwan/slambot_ws/install/slambot_controller/share/ament_index/resource_index/parent_prefix_path/slambot_controller
[16.254s] -- Up-to-date: /home/wagwan/slambot_ws/install/slambot_controller/share/slambot_controller/environment/ament_prefix_path.sh
[16.254s] -- Up-to-date: /home/wagwan/slambot_ws/install/slambot_controller/share/slambot_controller/environment/ament_prefix_path.dsv
[16.254s] -- Up-to-date: /home/wagwan/slambot_ws/install/slambot_controller/share/slambot_controller/environment/path.sh
[16.254s] -- Up-to-date: /home/wagwan/slambot_ws/install/slambot_controller/share/slambot_controller/environment/path.dsv
[16.254s] -- Up-to-date: /home/wagwan/slambot_ws/install/slambot_controller/share/slambot_controller/local_setup.bash
[16.254s] -- Up-to-date: /home/wagwan/slambot_ws/install/slambot_controller/share/slambot_controller/local_setup.sh
[16.255s] -- Up-to-date: /home/wagwan/slambot_ws/install/slambot_controller/share/slambot_controller/local_setup.zsh
[16.255s] -- Up-to-date: /home/wagwan/slambot_ws/install/slambot_controller/share/slambot_controller/local_setup.dsv
[16.255s] -- Installing: /home/wagwan/slambot_ws/install/slambot_controller/share/slambot_controller/package.dsv
[16.255s] -- Up-to-date: /home/wagwan/slambot_ws/install/slambot_controller/share/ament_index/resource_index/packages/slambot_controller
[16.255s] -- Up-to-date: /home/wagwan/slambot_ws/install/slambot_controller/share/slambot_controller/cmake/slambot_controllerConfig.cmake
[16.255s] -- Up-to-date: /home/wagwan/slambot_ws/install/slambot_controller/share/slambot_controller/cmake/slambot_controllerConfig-version.cmake
[16.255s] -- Installing: /home/wagwan/slambot_ws/install/slambot_controller/share/slambot_controller/package.xml
[16.258s] Invoked command in '/home/wagwan/slambot_ws/build/slambot_controller' returned '0': CMAKE_PREFIX_PATH=${CMAKE_PREFIX_PATH}:/opt/ros/jazzy /usr/bin/cmake --install /home/wagwan/slambot_ws/build/slambot_controller
