[0.018s] Invoking command in '/home/einstein/Desktop/ros2_control_Slambot/build/slambot_bringup': CMAKE_PREFIX_PATH=/opt/ros/humble /usr/bin/cmake /home/einstein/Desktop/ros2_control_Slambot/src/slambot_bringup -DCMAKE_INSTALL_PREFIX=/home/einstein/Desktop/ros2_control_Slambot/install/slambot_bringup
[1.351s] -- The C compiler identification is GNU 11.4.0
[2.706s] -- The CXX compiler identification is GNU 11.4.0
[2.761s] -- Detecting C compiler ABI info
[3.057s] -- Detecting C compiler ABI info - done
[3.068s] -- Check for working C compiler: /usr/bin/cc - skipped
[3.072s] -- Detecting C compile features
[3.086s] -- Detecting C compile features - done
[3.102s] -- Detecting CXX compiler ABI info
[3.348s] -- Detecting CXX compiler ABI info - done
[3.357s] -- Check for working CXX compiler: /usr/bin/c++ - skipped
[3.357s] -- Detecting CXX compile features
[3.357s] -- Detecting CXX compile features - done
[3.543s] -- Found ament_cmake: 1.3.10 (/opt/ros/humble/share/ament_cmake/cmake)
[3.728s] -- Found Python3: /usr/bin/python3 (found version "3.10.12") found components: Interpreter 
[5.005s] -- Found ament_lint_auto: 0.12.11 (/opt/ros/humble/share/ament_lint_auto/cmake)
[5.716s] -- Added test 'flake8' to check Python code syntax and style conventions
[5.747s] -- Added test 'lint_cmake' to check CMake code style
[5.763s] -- Added test 'pep257' to check Python code against some of the docstring style conventions in PEP 257
[5.793s] -- Added test 'xmllint' to check XML markup files
[5.841s] -- Configuring done
[5.846s] -- Generating done
[5.878s] -- Build files have been written to: /home/einstein/Desktop/ros2_control_Slambot/build/slambot_bringup
[5.894s] Invoked command in '/home/einstein/Desktop/ros2_control_Slambot/build/slambot_bringup' returned '0': CMAKE_PREFIX_PATH=/opt/ros/humble /usr/bin/cmake /home/einstein/Desktop/ros2_control_Slambot/src/slambot_bringup -DCMAKE_INSTALL_PREFIX=/home/einstein/Desktop/ros2_control_Slambot/install/slambot_bringup
[5.895s] Invoking command in '/home/einstein/Desktop/ros2_control_Slambot/build/slambot_bringup': CMAKE_PREFIX_PATH=/opt/ros/humble /usr/bin/cmake --build /home/einstein/Desktop/ros2_control_Slambot/build/slambot_bringup -- -j8 -l8
[5.919s] Invoked command in '/home/einstein/Desktop/ros2_control_Slambot/build/slambot_bringup' returned '0': CMAKE_PREFIX_PATH=/opt/ros/humble /usr/bin/cmake --build /home/einstein/Desktop/ros2_control_Slambot/build/slambot_bringup -- -j8 -l8
[5.940s] Invoking command in '/home/einstein/Desktop/ros2_control_Slambot/build/slambot_bringup': CMAKE_PREFIX_PATH=/opt/ros/humble /usr/bin/cmake --install /home/einstein/Desktop/ros2_control_Slambot/build/slambot_bringup
[5.945s] -- Install configuration: ""
[5.945s] -- Installing: /home/einstein/Desktop/ros2_control_Slambot/install/slambot_bringup/share/slambot_bringup/launch
[5.945s] -- Installing: /home/einstein/Desktop/ros2_control_Slambot/install/slambot_bringup/share/slambot_bringup/launch/simulated_robot.launch.py
[5.958s] -- Installing: /home/einstein/Desktop/ros2_control_Slambot/install/slambot_bringup/share/slambot_bringup/launch/real_robot.launch.py
[5.972s] -- Installing: /home/einstein/Desktop/ros2_control_Slambot/install/slambot_bringup/share/ament_index/resource_index/package_run_dependencies/slambot_bringup
[5.972s] -- Installing: /home/einstein/Desktop/ros2_control_Slambot/install/slambot_bringup/share/ament_index/resource_index/parent_prefix_path/slambot_bringup
[5.973s] -- Installing: /home/einstein/Desktop/ros2_control_Slambot/install/slambot_bringup/share/slambot_bringup/environment/ament_prefix_path.sh
[5.973s] -- Installing: /home/einstein/Desktop/ros2_control_Slambot/install/slambot_bringup/share/slambot_bringup/environment/ament_prefix_path.dsv
[5.973s] -- Installing: /home/einstein/Desktop/ros2_control_Slambot/install/slambot_bringup/share/slambot_bringup/environment/path.sh
[5.973s] -- Installing: /home/einstein/Desktop/ros2_control_Slambot/install/slambot_bringup/share/slambot_bringup/environment/path.dsv
[5.973s] -- Installing: /home/einstein/Desktop/ros2_control_Slambot/install/slambot_bringup/share/slambot_bringup/local_setup.bash
[5.973s] -- Installing: /home/einstein/Desktop/ros2_control_Slambot/install/slambot_bringup/share/slambot_bringup/local_setup.sh
[5.973s] -- Installing: /home/einstein/Desktop/ros2_control_Slambot/install/slambot_bringup/share/slambot_bringup/local_setup.zsh
[5.973s] -- Installing: /home/einstein/Desktop/ros2_control_Slambot/install/slambot_bringup/share/slambot_bringup/local_setup.dsv
[5.973s] -- Installing: /home/einstein/Desktop/ros2_control_Slambot/install/slambot_bringup/share/slambot_bringup/package.dsv
[5.973s] -- Installing: /home/einstein/Desktop/ros2_control_Slambot/install/slambot_bringup/share/ament_index/resource_index/packages/slambot_bringup
[5.973s] -- Installing: /home/einstein/Desktop/ros2_control_Slambot/install/slambot_bringup/share/slambot_bringup/cmake/slambot_bringupConfig.cmake
[5.973s] -- Installing: /home/einstein/Desktop/ros2_control_Slambot/install/slambot_bringup/share/slambot_bringup/cmake/slambot_bringupConfig-version.cmake
[5.973s] -- Installing: /home/einstein/Desktop/ros2_control_Slambot/install/slambot_bringup/share/slambot_bringup/package.xml
[6.191s] Invoked command in '/home/einstein/Desktop/ros2_control_Slambot/build/slambot_bringup' returned '0': CMAKE_PREFIX_PATH=/opt/ros/humble /usr/bin/cmake --install /home/einstein/Desktop/ros2_control_Slambot/build/slambot_bringup
