[0.037s] Invoking command in '/home/einstein/Desktop/ros2_control_Slambot/build/slambot_firmware': CMAKE_PREFIX_PATH=${CMAKE_PREFIX_PATH}:/opt/ros/humble /usr/bin/cmake --build /home/einstein/Desktop/ros2_control_Slambot/build/slambot_firmware -- -j8 -l8
[0.075s] [35m[1mConsolidate compiler generated dependencies of target slambot_firmware[0m
[0.087s] [ 25%] Built target simple_serial_receiver
[0.087s] [ 50%] Built target simple_serial_transmitter
[0.096s] [ 75%] Built target simple_lifecycle_node
[0.100s] [100%] Built target slambot_firmware
[0.133s] Invoked command in '/home/einstein/Desktop/ros2_control_Slambot/build/slambot_firmware' returned '0': CMAKE_PREFIX_PATH=${CMAKE_PREFIX_PATH}:/opt/ros/humble /usr/bin/cmake --build /home/einstein/Desktop/ros2_control_Slambot/build/slambot_firmware -- -j8 -l8
[0.186s] Invoking command in '/home/einstein/Desktop/ros2_control_Slambot/build/slambot_firmware': CMAKE_PREFIX_PATH=${CMAKE_PREFIX_PATH}:/opt/ros/humble /usr/bin/cmake --install /home/einstein/Desktop/ros2_control_Slambot/build/slambot_firmware
[0.192s] -- Install configuration: ""
[0.192s] -- Up-to-date: /home/einstein/Desktop/ros2_control_Slambot/install/slambot_firmware/share/slambot_firmware/slambot_interface.xml
[0.192s] -- Up-to-date: /home/einstein/Desktop/ros2_control_Slambot/install/slambot_firmware/lib/libslambot_firmware.so
[0.192s] -- Up-to-date: /home/einstein/Desktop/ros2_control_Slambot/install/slambot_firmware/include/include
[0.192s] -- Up-to-date: /home/einstein/Desktop/ros2_control_Slambot/install/slambot_firmware/include/include/slambot_firmware
[0.192s] -- Up-to-date: /home/einstein/Desktop/ros2_control_Slambot/install/slambot_firmware/include/include/slambot_firmware/slambot_interface.hpp
[0.193s] -- Up-to-date: /home/einstein/Desktop/ros2_control_Slambot/install/slambot_firmware/share/slambot_firmware/launch
[0.193s] -- Up-to-date: /home/einstein/Desktop/ros2_control_Slambot/install/slambot_firmware/share/slambot_firmware/launch/hardware_interface.launch.py
[0.193s] -- Up-to-date: /home/einstein/Desktop/ros2_control_Slambot/install/slambot_firmware/lib/slambot_firmware/simple_serial_transmitter
[0.193s] -- Up-to-date: /home/einstein/Desktop/ros2_control_Slambot/install/slambot_firmware/lib/slambot_firmware/simple_serial_receiver
[0.193s] -- Up-to-date: /home/einstein/Desktop/ros2_control_Slambot/install/slambot_firmware/lib/slambot_firmware/simple_lifecycle_node
[0.193s] -- Up-to-date: /home/einstein/Desktop/ros2_control_Slambot/install/slambot_firmware/share/slambot_firmware/environment/library_path.sh
[0.193s] -- Up-to-date: /home/einstein/Desktop/ros2_control_Slambot/install/slambot_firmware/share/slambot_firmware/environment/library_path.dsv
[0.194s] -- Up-to-date: /home/einstein/Desktop/ros2_control_Slambot/install/slambot_firmware/share/ament_index/resource_index/package_run_dependencies/slambot_firmware
[0.194s] -- Up-to-date: /home/einstein/Desktop/ros2_control_Slambot/install/slambot_firmware/share/ament_index/resource_index/parent_prefix_path/slambot_firmware
[0.194s] -- Up-to-date: /home/einstein/Desktop/ros2_control_Slambot/install/slambot_firmware/share/slambot_firmware/environment/ament_prefix_path.sh
[0.194s] -- Up-to-date: /home/einstein/Desktop/ros2_control_Slambot/install/slambot_firmware/share/slambot_firmware/environment/ament_prefix_path.dsv
[0.194s] -- Up-to-date: /home/einstein/Desktop/ros2_control_Slambot/install/slambot_firmware/share/slambot_firmware/environment/path.sh
[0.194s] -- Up-to-date: /home/einstein/Desktop/ros2_control_Slambot/install/slambot_firmware/share/slambot_firmware/environment/path.dsv
[0.194s] -- Up-to-date: /home/einstein/Desktop/ros2_control_Slambot/install/slambot_firmware/share/slambot_firmware/local_setup.bash
[0.194s] -- Up-to-date: /home/einstein/Desktop/ros2_control_Slambot/install/slambot_firmware/share/slambot_firmware/local_setup.sh
[0.194s] -- Up-to-date: /home/einstein/Desktop/ros2_control_Slambot/install/slambot_firmware/share/slambot_firmware/local_setup.zsh
[0.194s] -- Up-to-date: /home/einstein/Desktop/ros2_control_Slambot/install/slambot_firmware/share/slambot_firmware/local_setup.dsv
[0.194s] -- Installing: /home/einstein/Desktop/ros2_control_Slambot/install/slambot_firmware/share/slambot_firmware/package.dsv
[0.194s] -- Up-to-date: /home/einstein/Desktop/ros2_control_Slambot/install/slambot_firmware/share/ament_index/resource_index/packages/slambot_firmware
[0.194s] -- Up-to-date: /home/einstein/Desktop/ros2_control_Slambot/install/slambot_firmware/share/ament_index/resource_index/hardware_interface__pluginlib__plugin/slambot_firmware
[0.194s] -- Up-to-date: /home/einstein/Desktop/ros2_control_Slambot/install/slambot_firmware/share/slambot_firmware/cmake/ament_cmake_export_include_directories-extras.cmake
[0.194s] -- Up-to-date: /home/einstein/Desktop/ros2_control_Slambot/install/slambot_firmware/share/slambot_firmware/cmake/ament_cmake_export_libraries-extras.cmake
[0.194s] -- Up-to-date: /home/einstein/Desktop/ros2_control_Slambot/install/slambot_firmware/share/slambot_firmware/cmake/ament_cmake_export_dependencies-extras.cmake
[0.194s] -- Up-to-date: /home/einstein/Desktop/ros2_control_Slambot/install/slambot_firmware/share/slambot_firmware/cmake/slambot_firmwareConfig.cmake
[0.195s] -- Up-to-date: /home/einstein/Desktop/ros2_control_Slambot/install/slambot_firmware/share/slambot_firmware/cmake/slambot_firmwareConfig-version.cmake
[0.195s] -- Up-to-date: /home/einstein/Desktop/ros2_control_Slambot/install/slambot_firmware/share/slambot_firmware/package.xml
[0.200s] Invoked command in '/home/einstein/Desktop/ros2_control_Slambot/build/slambot_firmware' returned '0': CMAKE_PREFIX_PATH=${CMAKE_PREFIX_PATH}:/opt/ros/humble /usr/bin/cmake --install /home/einstein/Desktop/ros2_control_Slambot/build/slambot_firmware
