[ 50%] Built target simple_serial_transmitter
[ 50%] Built target simple_serial_receiver
[ 75%] Built target simple_lifecycle_node
[100%] Built target slambot_firmware
-- Install configuration: ""
-- Up-to-date: /home/wagwan/slambot_ws/install/slambot_firmware/share/slambot_firmware/slambot_interface.xml
-- Up-to-date: /home/wagwan/slambot_ws/install/slambot_firmware/lib/libslambot_firmware.so
-- Up-to-date: /home/wagwan/slambot_ws/install/slambot_firmware/include/include
-- Up-to-date: /home/wagwan/slambot_ws/install/slambot_firmware/include/include/slambot_firmware
-- Up-to-date: /home/wagwan/slambot_ws/install/slambot_firmware/include/include/slambot_firmware/slambot_interface.hpp
-- Up-to-date: /home/wagwan/slambot_ws/install/slambot_firmware/share/slambot_firmware/launch
-- Up-to-date: /home/wagwan/slambot_ws/install/slambot_firmware/share/slambot_firmware/launch/hardware_interface.launch.py
-- Up-to-date: /home/wagwan/slambot_ws/install/slambot_firmware/lib/slambot_firmware/simple_serial_transmitter
-- Up-to-date: /home/wagwan/slambot_ws/install/slambot_firmware/lib/slambot_firmware/simple_serial_receiver
-- Up-to-date: /home/wagwan/slambot_ws/install/slambot_firmware/lib/slambot_firmware/simple_lifecycle_node
-- Up-to-date: /home/wagwan/slambot_ws/install/slambot_firmware/share/slambot_firmware/environment/library_path.sh
-- Up-to-date: /home/wagwan/slambot_ws/install/slambot_firmware/share/slambot_firmware/environment/library_path.dsv
-- Up-to-date: /home/wagwan/slambot_ws/install/slambot_firmware/share/ament_index/resource_index/package_run_dependencies/slambot_firmware
-- Up-to-date: /home/wagwan/slambot_ws/install/slambot_firmware/share/ament_index/resource_index/parent_prefix_path/slambot_firmware
-- Up-to-date: /home/wagwan/slambot_ws/install/slambot_firmware/share/slambot_firmware/environment/ament_prefix_path.sh
-- Up-to-date: /home/wagwan/slambot_ws/install/slambot_firmware/share/slambot_firmware/environment/ament_prefix_path.dsv
-- Up-to-date: /home/wagwan/slambot_ws/install/slambot_firmware/share/slambot_firmware/environment/path.sh
-- Up-to-date: /home/wagwan/slambot_ws/install/slambot_firmware/share/slambot_firmware/environment/path.dsv
-- Up-to-date: /home/wagwan/slambot_ws/install/slambot_firmware/share/slambot_firmware/local_setup.bash
-- Up-to-date: /home/wagwan/slambot_ws/install/slambot_firmware/share/slambot_firmware/local_setup.sh
-- Up-to-date: /home/wagwan/slambot_ws/install/slambot_firmware/share/slambot_firmware/local_setup.zsh
-- Up-to-date: /home/wagwan/slambot_ws/install/slambot_firmware/share/slambot_firmware/local_setup.dsv
-- Installing: /home/wagwan/slambot_ws/install/slambot_firmware/share/slambot_firmware/package.dsv
-- Up-to-date: /home/wagwan/slambot_ws/install/slambot_firmware/share/ament_index/resource_index/packages/slambot_firmware
-- Up-to-date: /home/wagwan/slambot_ws/install/slambot_firmware/share/ament_index/resource_index/hardware_interface__pluginlib__plugin/slambot_firmware
-- Up-to-date: /home/wagwan/slambot_ws/install/slambot_firmware/share/slambot_firmware/cmake/ament_cmake_export_include_directories-extras.cmake
-- Up-to-date: /home/wagwan/slambot_ws/install/slambot_firmware/share/slambot_firmware/cmake/ament_cmake_export_libraries-extras.cmake
-- Up-to-date: /home/wagwan/slambot_ws/install/slambot_firmware/share/slambot_firmware/cmake/ament_cmake_export_dependencies-extras.cmake
-- Up-to-date: /home/wagwan/slambot_ws/install/slambot_firmware/share/slambot_firmware/cmake/slambot_firmwareConfig.cmake
-- Up-to-date: /home/wagwan/slambot_ws/install/slambot_firmware/share/slambot_firmware/cmake/slambot_firmwareConfig-version.cmake
-- Up-to-date: /home/wagwan/slambot_ws/install/slambot_firmware/share/slambot_firmware/package.xml
