[0.036s] Invoking command in '/home/wagwan/slambot_ws/build/slambot_firmware': CMAKE_PREFIX_PATH=${CMAKE_PREFIX_PATH}:/opt/ros/jazzy /usr/bin/cmake --build /home/wagwan/slambot_ws/build/slambot_firmware -- -j4 -l4
[0.180s] [ 25%] Built target simple_serial_transmitter
[0.181s] [ 50%] Built target simple_serial_receiver
[0.184s] [ 75%] Built target slambot_firmware
[0.198s] [ 75%] Built target ament_cmake_python_copy_slambot_firmware
[0.237s] [100%] Built target simple_lifecycle_node
[0.493s] running egg_info
[0.519s] writing slambot_firmware.egg-info/PKG-INFO
[0.520s] writing dependency_links to slambot_firmware.egg-info/dependency_links.txt
[0.521s] writing top-level names to slambot_firmware.egg-info/top_level.txt
[0.591s] reading manifest file 'slambot_firmware.egg-info/SOURCES.txt'
[0.593s] writing manifest file 'slambot_firmware.egg-info/SOURCES.txt'
[0.661s] [100%] Built target ament_cmake_python_build_slambot_firmware_egg
[0.682s] Invoked command in '/home/wagwan/slambot_ws/build/slambot_firmware' returned '0': CMAKE_PREFIX_PATH=${CMAKE_PREFIX_PATH}:/opt/ros/jazzy /usr/bin/cmake --build /home/wagwan/slambot_ws/build/slambot_firmware -- -j4 -l4
[0.739s] Invoking command in '/home/wagwan/slambot_ws/build/slambot_firmware': CMAKE_PREFIX_PATH=${CMAKE_PREFIX_PATH}:/opt/ros/jazzy /usr/bin/cmake --install /home/wagwan/slambot_ws/build/slambot_firmware
[0.760s] -- Install configuration: ""
[0.761s] -- Up-to-date: /home/wagwan/slambot_ws/install/slambot_firmware/share/slambot_firmware/environment/pythonpath.sh
[0.762s] -- Up-to-date: /home/wagwan/slambot_ws/install/slambot_firmware/share/slambot_firmware/environment/pythonpath.dsv
[0.762s] -- Up-to-date: /home/wagwan/slambot_ws/install/slambot_firmware/lib/python3.12/site-packages/slambot_firmware-0.0.0-py3.12.egg-info
[0.762s] -- Installing: /home/wagwan/slambot_ws/install/slambot_firmware/lib/python3.12/site-packages/slambot_firmware-0.0.0-py3.12.egg-info/dependency_links.txt
[0.763s] -- Installing: /home/wagwan/slambot_ws/install/slambot_firmware/lib/python3.12/site-packages/slambot_firmware-0.0.0-py3.12.egg-info/PKG-INFO
[0.763s] -- Installing: /home/wagwan/slambot_ws/install/slambot_firmware/lib/python3.12/site-packages/slambot_firmware-0.0.0-py3.12.egg-info/top_level.txt
[0.763s] -- Installing: /home/wagwan/slambot_ws/install/slambot_firmware/lib/python3.12/site-packages/slambot_firmware-0.0.0-py3.12.egg-info/SOURCES.txt
[0.763s] -- Up-to-date: /home/wagwan/slambot_ws/install/slambot_firmware/lib/python3.12/site-packages/slambot_firmware
[0.763s] -- Up-to-date: /home/wagwan/slambot_ws/install/slambot_firmware/lib/python3.12/site-packages/slambot_firmware/mpu6050_driver.py
[0.763s] -- Up-to-date: /home/wagwan/slambot_ws/install/slambot_firmware/lib/python3.12/site-packages/slambot_firmware/__init__.py
[0.814s] Listing '/home/wagwan/slambot_ws/install/slambot_firmware/lib/python3.12/site-packages/slambot_firmware'...
[0.826s] -- Up-to-date: /home/wagwan/slambot_ws/install/slambot_firmware/share/slambot_firmware/slambot_interface.xml
[0.827s] -- Up-to-date: /home/wagwan/slambot_ws/install/slambot_firmware/lib/libslambot_firmware.so
[0.827s] -- Up-to-date: /home/wagwan/slambot_ws/install/slambot_firmware/include/include
[0.827s] -- Up-to-date: /home/wagwan/slambot_ws/install/slambot_firmware/include/include/slambot_firmware
[0.827s] -- Up-to-date: /home/wagwan/slambot_ws/install/slambot_firmware/include/include/slambot_firmware/slambot_interface.hpp
[0.828s] -- Up-to-date: /home/wagwan/slambot_ws/install/slambot_firmware/lib/slambot_firmware/mpu6050_driver.py
[0.828s] -- Up-to-date: /home/wagwan/slambot_ws/install/slambot_firmware/share/slambot_firmware/launch
[0.828s] -- Up-to-date: /home/wagwan/slambot_ws/install/slambot_firmware/share/slambot_firmware/launch/hardware_interface.launch.py
[0.828s] -- Up-to-date: /home/wagwan/slambot_ws/install/slambot_firmware/lib/slambot_firmware/simple_serial_transmitter
[0.828s] -- Up-to-date: /home/wagwan/slambot_ws/install/slambot_firmware/lib/slambot_firmware/simple_serial_receiver
[0.828s] -- Up-to-date: /home/wagwan/slambot_ws/install/slambot_firmware/lib/slambot_firmware/simple_lifecycle_node
[0.828s] -- Up-to-date: /home/wagwan/slambot_ws/install/slambot_firmware/share/slambot_firmware/environment/library_path.sh
[0.829s] -- Up-to-date: /home/wagwan/slambot_ws/install/slambot_firmware/share/slambot_firmware/environment/library_path.dsv
[0.829s] -- Up-to-date: /home/wagwan/slambot_ws/install/slambot_firmware/share/ament_index/resource_index/package_run_dependencies/slambot_firmware
[0.829s] -- Up-to-date: /home/wagwan/slambot_ws/install/slambot_firmware/share/ament_index/resource_index/parent_prefix_path/slambot_firmware
[0.829s] -- Up-to-date: /home/wagwan/slambot_ws/install/slambot_firmware/share/slambot_firmware/environment/ament_prefix_path.sh
[0.829s] -- Up-to-date: /home/wagwan/slambot_ws/install/slambot_firmware/share/slambot_firmware/environment/ament_prefix_path.dsv
[0.829s] -- Up-to-date: /home/wagwan/slambot_ws/install/slambot_firmware/share/slambot_firmware/environment/path.sh
[0.830s] -- Up-to-date: /home/wagwan/slambot_ws/install/slambot_firmware/share/slambot_firmware/environment/path.dsv
[0.830s] -- Up-to-date: /home/wagwan/slambot_ws/install/slambot_firmware/share/slambot_firmware/local_setup.bash
[0.830s] -- Up-to-date: /home/wagwan/slambot_ws/install/slambot_firmware/share/slambot_firmware/local_setup.sh
[0.830s] -- Up-to-date: /home/wagwan/slambot_ws/install/slambot_firmware/share/slambot_firmware/local_setup.zsh
[0.830s] -- Up-to-date: /home/wagwan/slambot_ws/install/slambot_firmware/share/slambot_firmware/local_setup.dsv
[0.830s] -- Installing: /home/wagwan/slambot_ws/install/slambot_firmware/share/slambot_firmware/package.dsv
[0.830s] -- Up-to-date: /home/wagwan/slambot_ws/install/slambot_firmware/share/ament_index/resource_index/packages/slambot_firmware
[0.831s] -- Up-to-date: /home/wagwan/slambot_ws/install/slambot_firmware/share/ament_index/resource_index/hardware_interface__pluginlib__plugin/slambot_firmware
[0.831s] -- Up-to-date: /home/wagwan/slambot_ws/install/slambot_firmware/share/slambot_firmware/cmake/ament_cmake_export_include_directories-extras.cmake
[0.831s] -- Up-to-date: /home/wagwan/slambot_ws/install/slambot_firmware/share/slambot_firmware/cmake/ament_cmake_export_libraries-extras.cmake
[0.831s] -- Up-to-date: /home/wagwan/slambot_ws/install/slambot_firmware/share/slambot_firmware/cmake/ament_cmake_export_dependencies-extras.cmake
[0.831s] -- Up-to-date: /home/wagwan/slambot_ws/install/slambot_firmware/share/slambot_firmware/cmake/slambot_firmwareConfig.cmake
[0.831s] -- Up-to-date: /home/wagwan/slambot_ws/install/slambot_firmware/share/slambot_firmware/cmake/slambot_firmwareConfig-version.cmake
[0.831s] -- Up-to-date: /home/wagwan/slambot_ws/install/slambot_firmware/share/slambot_firmware/package.xml
[0.834s] Invoked command in '/home/wagwan/slambot_ws/build/slambot_firmware' returned '0': CMAKE_PREFIX_PATH=${CMAKE_PREFIX_PATH}:/opt/ros/jazzy /usr/bin/cmake --install /home/wagwan/slambot_ws/build/slambot_firmware
