[0.140s] DEBUG:colcon:Command line arguments: ['/usr/bin/colcon', 'build']
[0.140s] DEBUG:colcon:Parsed command line arguments: Namespace(log_base=None, log_level=None, verb_name='build', build_base='build', install_base='install', merge_install=False, symlink_install=False, test_result_base=None, continue_on_error=False, executor='parallel', parallel_workers=4, event_handlers=None, ignore_user_meta=False, metas=['./colcon.meta'], base_paths=['.'], packages_ignore=None, packages_ignore_regex=None, paths=None, packages_up_to=None, packages_up_to_regex=None, packages_above=None, packages_above_and_dependencies=None, packages_above_depth=None, packages_select_by_dep=None, packages_skip_by_dep=None, packages_skip_up_to=None, packages_select_build_failed=False, packages_skip_build_finished=False, packages_select_test_failures=False, packages_skip_test_passed=False, packages_select=None, packages_skip=None, packages_select_regex=None, packages_skip_regex=None, packages_start=None, packages_end=None, allow_overriding=[], cmake_args=None, cmake_target=None, cmake_target_skip_unavailable=False, cmake_clean_cache=False, cmake_clean_first=False, cmake_force_configure=False, ament_cmake_args=None, catkin_cmake_args=None, catkin_skip_building_tests=False, mixin_files=None, mixin=None, verb_parser=<colcon_mixin.mixin.mixin_argument.MixinArgumentDecorator object at 0xffff89cfc770>, verb_extension=<colcon_core.verb.build.BuildVerb object at 0xffff89e875c0>, main=<bound method BuildVerb.main of <colcon_core.verb.build.BuildVerb object at 0xffff89e875c0>>, mixin_verb=('build',))
[0.189s] Level 1:colcon.colcon_core.package_discovery:discover_packages(colcon_meta) check parameters
[0.189s] Level 1:colcon.colcon_core.package_discovery:discover_packages(recursive) check parameters
[0.189s] Level 1:colcon.colcon_core.package_discovery:discover_packages(ignore) check parameters
[0.189s] Level 1:colcon.colcon_core.package_discovery:discover_packages(path) check parameters
[0.190s] Level 1:colcon.colcon_core.package_discovery:discover_packages(colcon_meta) discover
[0.190s] Level 1:colcon.colcon_core.package_discovery:discover_packages(recursive) discover
[0.190s] INFO:colcon.colcon_core.package_discovery:Crawling recursively for packages in '/home/wagwan/slambot_ws'
[0.190s] Level 1:colcon.colcon_core.package_identification:_identify(.) by extensions ['ignore', 'ignore_ament_install']
[0.190s] Level 1:colcon.colcon_core.package_identification:_identify(.) by extension 'ignore'
[0.190s] Level 1:colcon.colcon_core.package_identification:_identify(.) by extension 'ignore_ament_install'
[0.190s] Level 1:colcon.colcon_core.package_identification:_identify(.) by extensions ['colcon_pkg']
[0.190s] Level 1:colcon.colcon_core.package_identification:_identify(.) by extension 'colcon_pkg'
[0.190s] Level 1:colcon.colcon_core.package_identification:_identify(.) by extensions ['colcon_meta']
[0.190s] Level 1:colcon.colcon_core.package_identification:_identify(.) by extension 'colcon_meta'
[0.190s] Level 1:colcon.colcon_core.package_identification:_identify(.) by extensions ['ros']
[0.190s] Level 1:colcon.colcon_core.package_identification:_identify(.) by extension 'ros'
[0.228s] Level 1:colcon.colcon_core.package_identification:_identify(.) by extensions ['cmake', 'python']
[0.228s] Level 1:colcon.colcon_core.package_identification:_identify(.) by extension 'cmake'
[0.228s] Level 1:colcon.colcon_core.package_identification:_identify(.) by extension 'python'
[0.228s] Level 1:colcon.colcon_core.package_identification:_identify(.) by extensions ['python_setup_py']
[0.228s] Level 1:colcon.colcon_core.package_identification:_identify(.) by extension 'python_setup_py'
[0.228s] Level 1:colcon.colcon_core.package_identification:_identify(build) by extensions ['ignore', 'ignore_ament_install']
[0.228s] Level 1:colcon.colcon_core.package_identification:_identify(build) by extension 'ignore'
[0.228s] Level 1:colcon.colcon_core.package_identification:_identify(build) ignored
[0.228s] Level 1:colcon.colcon_core.package_identification:_identify(install) by extensions ['ignore', 'ignore_ament_install']
[0.228s] Level 1:colcon.colcon_core.package_identification:_identify(install) by extension 'ignore'
[0.229s] Level 1:colcon.colcon_core.package_identification:_identify(install) ignored
[0.229s] Level 1:colcon.colcon_core.package_identification:_identify(log) by extensions ['ignore', 'ignore_ament_install']
[0.229s] Level 1:colcon.colcon_core.package_identification:_identify(log) by extension 'ignore'
[0.229s] Level 1:colcon.colcon_core.package_identification:_identify(log) ignored
[0.229s] Level 1:colcon.colcon_core.package_identification:_identify(src) by extensions ['ignore', 'ignore_ament_install']
[0.229s] Level 1:colcon.colcon_core.package_identification:_identify(src) by extension 'ignore'
[0.229s] Level 1:colcon.colcon_core.package_identification:_identify(src) by extension 'ignore_ament_install'
[0.229s] Level 1:colcon.colcon_core.package_identification:_identify(src) by extensions ['colcon_pkg']
[0.229s] Level 1:colcon.colcon_core.package_identification:_identify(src) by extension 'colcon_pkg'
[0.229s] Level 1:colcon.colcon_core.package_identification:_identify(src) by extensions ['colcon_meta']
[0.229s] Level 1:colcon.colcon_core.package_identification:_identify(src) by extension 'colcon_meta'
[0.229s] Level 1:colcon.colcon_core.package_identification:_identify(src) by extensions ['ros']
[0.229s] Level 1:colcon.colcon_core.package_identification:_identify(src) by extension 'ros'
[0.229s] Level 1:colcon.colcon_core.package_identification:_identify(src) by extensions ['cmake', 'python']
[0.229s] Level 1:colcon.colcon_core.package_identification:_identify(src) by extension 'cmake'
[0.229s] Level 1:colcon.colcon_core.package_identification:_identify(src) by extension 'python'
[0.230s] Level 1:colcon.colcon_core.package_identification:_identify(src) by extensions ['python_setup_py']
[0.230s] Level 1:colcon.colcon_core.package_identification:_identify(src) by extension 'python_setup_py'
[0.230s] Level 1:colcon.colcon_core.package_identification:_identify(src/ros2_ctrl_pkg) by extensions ['ignore', 'ignore_ament_install']
[0.230s] Level 1:colcon.colcon_core.package_identification:_identify(src/ros2_ctrl_pkg) by extension 'ignore'
[0.230s] Level 1:colcon.colcon_core.package_identification:_identify(src/ros2_ctrl_pkg) by extension 'ignore_ament_install'
[0.230s] Level 1:colcon.colcon_core.package_identification:_identify(src/ros2_ctrl_pkg) by extensions ['colcon_pkg']
[0.230s] Level 1:colcon.colcon_core.package_identification:_identify(src/ros2_ctrl_pkg) by extension 'colcon_pkg'
[0.230s] Level 1:colcon.colcon_core.package_identification:_identify(src/ros2_ctrl_pkg) by extensions ['colcon_meta']
[0.230s] Level 1:colcon.colcon_core.package_identification:_identify(src/ros2_ctrl_pkg) by extension 'colcon_meta'
[0.230s] Level 1:colcon.colcon_core.package_identification:_identify(src/ros2_ctrl_pkg) by extensions ['ros']
[0.230s] Level 1:colcon.colcon_core.package_identification:_identify(src/ros2_ctrl_pkg) by extension 'ros'
[0.233s] DEBUG:colcon.colcon_core.package_identification:Package 'src/ros2_ctrl_pkg' with type 'ros.ament_cmake' and name 'ros2_ctrl_pkg'
[0.233s] Level 1:colcon.colcon_core.package_identification:_identify(src/slambot_bringup) by extensions ['ignore', 'ignore_ament_install']
[0.233s] Level 1:colcon.colcon_core.package_identification:_identify(src/slambot_bringup) by extension 'ignore'
[0.233s] Level 1:colcon.colcon_core.package_identification:_identify(src/slambot_bringup) by extension 'ignore_ament_install'
[0.234s] Level 1:colcon.colcon_core.package_identification:_identify(src/slambot_bringup) by extensions ['colcon_pkg']
[0.234s] Level 1:colcon.colcon_core.package_identification:_identify(src/slambot_bringup) by extension 'colcon_pkg'
[0.234s] Level 1:colcon.colcon_core.package_identification:_identify(src/slambot_bringup) by extensions ['colcon_meta']
[0.234s] Level 1:colcon.colcon_core.package_identification:_identify(src/slambot_bringup) by extension 'colcon_meta'
[0.234s] Level 1:colcon.colcon_core.package_identification:_identify(src/slambot_bringup) by extensions ['ros']
[0.234s] Level 1:colcon.colcon_core.package_identification:_identify(src/slambot_bringup) by extension 'ros'
[0.234s] DEBUG:colcon.colcon_core.package_identification:Package 'src/slambot_bringup' with type 'ros.ament_cmake' and name 'slambot_bringup'
[0.234s] Level 1:colcon.colcon_core.package_identification:_identify(src/slambot_controller) by extensions ['ignore', 'ignore_ament_install']
[0.235s] Level 1:colcon.colcon_core.package_identification:_identify(src/slambot_controller) by extension 'ignore'
[0.235s] Level 1:colcon.colcon_core.package_identification:_identify(src/slambot_controller) by extension 'ignore_ament_install'
[0.235s] Level 1:colcon.colcon_core.package_identification:_identify(src/slambot_controller) by extensions ['colcon_pkg']
[0.235s] Level 1:colcon.colcon_core.package_identification:_identify(src/slambot_controller) by extension 'colcon_pkg'
[0.235s] Level 1:colcon.colcon_core.package_identification:_identify(src/slambot_controller) by extensions ['colcon_meta']
[0.235s] Level 1:colcon.colcon_core.package_identification:_identify(src/slambot_controller) by extension 'colcon_meta'
[0.235s] Level 1:colcon.colcon_core.package_identification:_identify(src/slambot_controller) by extensions ['ros']
[0.235s] Level 1:colcon.colcon_core.package_identification:_identify(src/slambot_controller) by extension 'ros'
[0.236s] DEBUG:colcon.colcon_core.package_identification:Package 'src/slambot_controller' with type 'ros.ament_cmake' and name 'slambot_controller'
[0.236s] Level 1:colcon.colcon_core.package_identification:_identify(src/slambot_description) by extensions ['ignore', 'ignore_ament_install']
[0.236s] Level 1:colcon.colcon_core.package_identification:_identify(src/slambot_description) by extension 'ignore'
[0.236s] Level 1:colcon.colcon_core.package_identification:_identify(src/slambot_description) by extension 'ignore_ament_install'
[0.236s] Level 1:colcon.colcon_core.package_identification:_identify(src/slambot_description) by extensions ['colcon_pkg']
[0.236s] Level 1:colcon.colcon_core.package_identification:_identify(src/slambot_description) by extension 'colcon_pkg'
[0.236s] Level 1:colcon.colcon_core.package_identification:_identify(src/slambot_description) by extensions ['colcon_meta']
[0.236s] Level 1:colcon.colcon_core.package_identification:_identify(src/slambot_description) by extension 'colcon_meta'
[0.236s] Level 1:colcon.colcon_core.package_identification:_identify(src/slambot_description) by extensions ['ros']
[0.236s] Level 1:colcon.colcon_core.package_identification:_identify(src/slambot_description) by extension 'ros'
[0.237s] DEBUG:colcon.colcon_core.package_identification:Package 'src/slambot_description' with type 'ros.ament_cmake' and name 'slambot_description'
[0.237s] Level 1:colcon.colcon_core.package_identification:_identify(src/slambot_firmware) by extensions ['ignore', 'ignore_ament_install']
[0.237s] Level 1:colcon.colcon_core.package_identification:_identify(src/slambot_firmware) by extension 'ignore'
[0.237s] Level 1:colcon.colcon_core.package_identification:_identify(src/slambot_firmware) by extension 'ignore_ament_install'
[0.237s] Level 1:colcon.colcon_core.package_identification:_identify(src/slambot_firmware) by extensions ['colcon_pkg']
[0.237s] Level 1:colcon.colcon_core.package_identification:_identify(src/slambot_firmware) by extension 'colcon_pkg'
[0.237s] Level 1:colcon.colcon_core.package_identification:_identify(src/slambot_firmware) by extensions ['colcon_meta']
[0.237s] Level 1:colcon.colcon_core.package_identification:_identify(src/slambot_firmware) by extension 'colcon_meta'
[0.237s] Level 1:colcon.colcon_core.package_identification:_identify(src/slambot_firmware) by extensions ['ros']
[0.237s] Level 1:colcon.colcon_core.package_identification:_identify(src/slambot_firmware) by extension 'ros'
[0.238s] DEBUG:colcon.colcon_core.package_identification:Package 'src/slambot_firmware' with type 'ros.ament_cmake' and name 'slambot_firmware'
[0.238s] Level 1:colcon.colcon_core.package_discovery:discover_packages(recursive) using defaults
[0.238s] Level 1:colcon.colcon_core.package_discovery:discover_packages(ignore) discover
[0.238s] Level 1:colcon.colcon_core.package_discovery:discover_packages(ignore) using defaults
[0.238s] Level 1:colcon.colcon_core.package_discovery:discover_packages(path) discover
[0.238s] Level 1:colcon.colcon_core.package_discovery:discover_packages(path) using defaults
[0.262s] Level 1:colcon.colcon_core.package_discovery:discover_packages(prefix_path) check parameters
[0.262s] Level 1:colcon.colcon_core.package_discovery:discover_packages(prefix_path) discover
[0.264s] DEBUG:colcon.colcon_installed_package_information.package_discovery:Found 5 installed packages in /home/wagwan/slambot_ws/install
[0.267s] DEBUG:colcon.colcon_installed_package_information.package_discovery:Found 340 installed packages in /opt/ros/jazzy
[0.269s] Level 1:colcon.colcon_core.package_discovery:discover_packages(prefix_path) using defaults
[0.331s] Level 5:colcon.colcon_core.verb:set package 'ros2_ctrl_pkg' build argument 'cmake_args' from command line to 'None'
[0.331s] Level 5:colcon.colcon_core.verb:set package 'ros2_ctrl_pkg' build argument 'cmake_target' from command line to 'None'
[0.331s] Level 5:colcon.colcon_core.verb:set package 'ros2_ctrl_pkg' build argument 'cmake_target_skip_unavailable' from command line to 'False'
[0.331s] Level 5:colcon.colcon_core.verb:set package 'ros2_ctrl_pkg' build argument 'cmake_clean_cache' from command line to 'False'
[0.331s] Level 5:colcon.colcon_core.verb:set package 'ros2_ctrl_pkg' build argument 'cmake_clean_first' from command line to 'False'
[0.331s] Level 5:colcon.colcon_core.verb:set package 'ros2_ctrl_pkg' build argument 'cmake_force_configure' from command line to 'False'
[0.331s] Level 5:colcon.colcon_core.verb:set package 'ros2_ctrl_pkg' build argument 'ament_cmake_args' from command line to 'None'
[0.331s] Level 5:colcon.colcon_core.verb:set package 'ros2_ctrl_pkg' build argument 'catkin_cmake_args' from command line to 'None'
[0.331s] Level 5:colcon.colcon_core.verb:set package 'ros2_ctrl_pkg' build argument 'catkin_skip_building_tests' from command line to 'False'
[0.331s] DEBUG:colcon.colcon_core.verb:Building package 'ros2_ctrl_pkg' with the following arguments: {'ament_cmake_args': None, 'build_base': '/home/wagwan/slambot_ws/build/ros2_ctrl_pkg', 'catkin_cmake_args': None, 'catkin_skip_building_tests': False, 'cmake_args': None, 'cmake_clean_cache': False, 'cmake_clean_first': False, 'cmake_force_configure': False, 'cmake_target': None, 'cmake_target_skip_unavailable': False, 'install_base': '/home/wagwan/slambot_ws/install/ros2_ctrl_pkg', 'merge_install': False, 'path': '/home/wagwan/slambot_ws/src/ros2_ctrl_pkg', 'symlink_install': False, 'test_result_base': None}
[0.331s] Level 5:colcon.colcon_core.verb:set package 'slambot_bringup' build argument 'cmake_args' from command line to 'None'
[0.332s] Level 5:colcon.colcon_core.verb:set package 'slambot_bringup' build argument 'cmake_target' from command line to 'None'
[0.332s] Level 5:colcon.colcon_core.verb:set package 'slambot_bringup' build argument 'cmake_target_skip_unavailable' from command line to 'False'
[0.332s] Level 5:colcon.colcon_core.verb:set package 'slambot_bringup' build argument 'cmake_clean_cache' from command line to 'False'
[0.332s] Level 5:colcon.colcon_core.verb:set package 'slambot_bringup' build argument 'cmake_clean_first' from command line to 'False'
[0.332s] Level 5:colcon.colcon_core.verb:set package 'slambot_bringup' build argument 'cmake_force_configure' from command line to 'False'
[0.332s] Level 5:colcon.colcon_core.verb:set package 'slambot_bringup' build argument 'ament_cmake_args' from command line to 'None'
[0.332s] Level 5:colcon.colcon_core.verb:set package 'slambot_bringup' build argument 'catkin_cmake_args' from command line to 'None'
[0.332s] Level 5:colcon.colcon_core.verb:set package 'slambot_bringup' build argument 'catkin_skip_building_tests' from command line to 'False'
[0.332s] DEBUG:colcon.colcon_core.verb:Building package 'slambot_bringup' with the following arguments: {'ament_cmake_args': None, 'build_base': '/home/wagwan/slambot_ws/build/slambot_bringup', 'catkin_cmake_args': None, 'catkin_skip_building_tests': False, 'cmake_args': None, 'cmake_clean_cache': False, 'cmake_clean_first': False, 'cmake_force_configure': False, 'cmake_target': None, 'cmake_target_skip_unavailable': False, 'install_base': '/home/wagwan/slambot_ws/install/slambot_bringup', 'merge_install': False, 'path': '/home/wagwan/slambot_ws/src/slambot_bringup', 'symlink_install': False, 'test_result_base': None}
[0.332s] Level 5:colcon.colcon_core.verb:set package 'slambot_controller' build argument 'cmake_args' from command line to 'None'
[0.332s] Level 5:colcon.colcon_core.verb:set package 'slambot_controller' build argument 'cmake_target' from command line to 'None'
[0.332s] Level 5:colcon.colcon_core.verb:set package 'slambot_controller' build argument 'cmake_target_skip_unavailable' from command line to 'False'
[0.332s] Level 5:colcon.colcon_core.verb:set package 'slambot_controller' build argument 'cmake_clean_cache' from command line to 'False'
[0.332s] Level 5:colcon.colcon_core.verb:set package 'slambot_controller' build argument 'cmake_clean_first' from command line to 'False'
[0.332s] Level 5:colcon.colcon_core.verb:set package 'slambot_controller' build argument 'cmake_force_configure' from command line to 'False'
[0.332s] Level 5:colcon.colcon_core.verb:set package 'slambot_controller' build argument 'ament_cmake_args' from command line to 'None'
[0.332s] Level 5:colcon.colcon_core.verb:set package 'slambot_controller' build argument 'catkin_cmake_args' from command line to 'None'
[0.332s] Level 5:colcon.colcon_core.verb:set package 'slambot_controller' build argument 'catkin_skip_building_tests' from command line to 'False'
[0.332s] DEBUG:colcon.colcon_core.verb:Building package 'slambot_controller' with the following arguments: {'ament_cmake_args': None, 'build_base': '/home/wagwan/slambot_ws/build/slambot_controller', 'catkin_cmake_args': None, 'catkin_skip_building_tests': False, 'cmake_args': None, 'cmake_clean_cache': False, 'cmake_clean_first': False, 'cmake_force_configure': False, 'cmake_target': None, 'cmake_target_skip_unavailable': False, 'install_base': '/home/wagwan/slambot_ws/install/slambot_controller', 'merge_install': False, 'path': '/home/wagwan/slambot_ws/src/slambot_controller', 'symlink_install': False, 'test_result_base': None}
[0.333s] Level 5:colcon.colcon_core.verb:set package 'slambot_description' build argument 'cmake_args' from command line to 'None'
[0.333s] Level 5:colcon.colcon_core.verb:set package 'slambot_description' build argument 'cmake_target' from command line to 'None'
[0.333s] Level 5:colcon.colcon_core.verb:set package 'slambot_description' build argument 'cmake_target_skip_unavailable' from command line to 'False'
[0.333s] Level 5:colcon.colcon_core.verb:set package 'slambot_description' build argument 'cmake_clean_cache' from command line to 'False'
[0.333s] Level 5:colcon.colcon_core.verb:set package 'slambot_description' build argument 'cmake_clean_first' from command line to 'False'
[0.333s] Level 5:colcon.colcon_core.verb:set package 'slambot_description' build argument 'cmake_force_configure' from command line to 'False'
[0.333s] Level 5:colcon.colcon_core.verb:set package 'slambot_description' build argument 'ament_cmake_args' from command line to 'None'
[0.333s] Level 5:colcon.colcon_core.verb:set package 'slambot_description' build argument 'catkin_cmake_args' from command line to 'None'
[0.333s] Level 5:colcon.colcon_core.verb:set package 'slambot_description' build argument 'catkin_skip_building_tests' from command line to 'False'
[0.333s] DEBUG:colcon.colcon_core.verb:Building package 'slambot_description' with the following arguments: {'ament_cmake_args': None, 'build_base': '/home/wagwan/slambot_ws/build/slambot_description', 'catkin_cmake_args': None, 'catkin_skip_building_tests': False, 'cmake_args': None, 'cmake_clean_cache': False, 'cmake_clean_first': False, 'cmake_force_configure': False, 'cmake_target': None, 'cmake_target_skip_unavailable': False, 'install_base': '/home/wagwan/slambot_ws/install/slambot_description', 'merge_install': False, 'path': '/home/wagwan/slambot_ws/src/slambot_description', 'symlink_install': False, 'test_result_base': None}
[0.333s] Level 5:colcon.colcon_core.verb:set package 'slambot_firmware' build argument 'cmake_args' from command line to 'None'
[0.333s] Level 5:colcon.colcon_core.verb:set package 'slambot_firmware' build argument 'cmake_target' from command line to 'None'
[0.333s] Level 5:colcon.colcon_core.verb:set package 'slambot_firmware' build argument 'cmake_target_skip_unavailable' from command line to 'False'
[0.333s] Level 5:colcon.colcon_core.verb:set package 'slambot_firmware' build argument 'cmake_clean_cache' from command line to 'False'
[0.333s] Level 5:colcon.colcon_core.verb:set package 'slambot_firmware' build argument 'cmake_clean_first' from command line to 'False'
[0.333s] Level 5:colcon.colcon_core.verb:set package 'slambot_firmware' build argument 'cmake_force_configure' from command line to 'False'
[0.333s] Level 5:colcon.colcon_core.verb:set package 'slambot_firmware' build argument 'ament_cmake_args' from command line to 'None'
[0.333s] Level 5:colcon.colcon_core.verb:set package 'slambot_firmware' build argument 'catkin_cmake_args' from command line to 'None'
[0.333s] Level 5:colcon.colcon_core.verb:set package 'slambot_firmware' build argument 'catkin_skip_building_tests' from command line to 'False'
[0.333s] DEBUG:colcon.colcon_core.verb:Building package 'slambot_firmware' with the following arguments: {'ament_cmake_args': None, 'build_base': '/home/wagwan/slambot_ws/build/slambot_firmware', 'catkin_cmake_args': None, 'catkin_skip_building_tests': False, 'cmake_args': None, 'cmake_clean_cache': False, 'cmake_clean_first': False, 'cmake_force_configure': False, 'cmake_target': None, 'cmake_target_skip_unavailable': False, 'install_base': '/home/wagwan/slambot_ws/install/slambot_firmware', 'merge_install': False, 'path': '/home/wagwan/slambot_ws/src/slambot_firmware', 'symlink_install': False, 'test_result_base': None}
[0.334s] INFO:colcon.colcon_core.executor:Executing jobs using 'parallel' executor
[0.335s] DEBUG:colcon.colcon_parallel_executor.executor.parallel:run_until_complete
[0.335s] INFO:colcon.colcon_ros.task.ament_cmake.build:Building ROS package in '/home/wagwan/slambot_ws/src/ros2_ctrl_pkg' with build type 'ament_cmake'
[0.335s] INFO:colcon.colcon_cmake.task.cmake.build:Building CMake package in '/home/wagwan/slambot_ws/src/ros2_ctrl_pkg'
[0.338s] INFO:colcon.colcon_core.plugin_system:Skipping extension 'colcon_core.shell.bat': Not used on non-Windows systems
[0.338s] INFO:colcon.colcon_core.shell:Skip shell extension 'powershell' for command environment: Not usable outside of PowerShell
[0.338s] DEBUG:colcon.colcon_core.shell:Skip shell extension 'dsv' for command environment
[0.343s] INFO:colcon.colcon_ros.task.ament_cmake.build:Building ROS package in '/home/wagwan/slambot_ws/src/slambot_bringup' with build type 'ament_cmake'
[0.343s] INFO:colcon.colcon_cmake.task.cmake.build:Building CMake package in '/home/wagwan/slambot_ws/src/slambot_bringup'
[0.344s] INFO:colcon.colcon_core.shell:Skip shell extension 'powershell' for command environment: Not usable outside of PowerShell
[0.344s] DEBUG:colcon.colcon_core.shell:Skip shell extension 'dsv' for command environment
[0.349s] INFO:colcon.colcon_ros.task.ament_cmake.build:Building ROS package in '/home/wagwan/slambot_ws/src/slambot_controller' with build type 'ament_cmake'
[0.349s] INFO:colcon.colcon_cmake.task.cmake.build:Building CMake package in '/home/wagwan/slambot_ws/src/slambot_controller'
[0.350s] INFO:colcon.colcon_core.shell:Skip shell extension 'powershell' for command environment: Not usable outside of PowerShell
[0.350s] DEBUG:colcon.colcon_core.shell:Skip shell extension 'dsv' for command environment
[0.355s] INFO:colcon.colcon_ros.task.ament_cmake.build:Building ROS package in '/home/wagwan/slambot_ws/src/slambot_description' with build type 'ament_cmake'
[0.355s] INFO:colcon.colcon_cmake.task.cmake.build:Building CMake package in '/home/wagwan/slambot_ws/src/slambot_description'
[0.355s] INFO:colcon.colcon_core.shell:Skip shell extension 'powershell' for command environment: Not usable outside of PowerShell
[0.355s] DEBUG:colcon.colcon_core.shell:Skip shell extension 'dsv' for command environment
[0.368s] DEBUG:colcon.colcon_core.event_handler.log_command:Invoking command in '/home/wagwan/slambot_ws/build/ros2_ctrl_pkg': CMAKE_PREFIX_PATH=${CMAKE_PREFIX_PATH}:/opt/ros/jazzy /usr/bin/cmake --build /home/wagwan/slambot_ws/build/ros2_ctrl_pkg -- -j4 -l4
[0.372s] DEBUG:colcon.colcon_core.event_handler.log_command:Invoking command in '/home/wagwan/slambot_ws/build/slambot_bringup': CMAKE_PREFIX_PATH=${CMAKE_PREFIX_PATH}:/opt/ros/jazzy /usr/bin/cmake --build /home/wagwan/slambot_ws/build/slambot_bringup -- -j4 -l4
[0.378s] DEBUG:colcon.colcon_core.event_handler.log_command:Invoking command in '/home/wagwan/slambot_ws/build/slambot_controller': CMAKE_PREFIX_PATH=${CMAKE_PREFIX_PATH}:/opt/ros/jazzy /usr/bin/cmake --build /home/wagwan/slambot_ws/build/slambot_controller -- -j4 -l4
[0.391s] DEBUG:colcon.colcon_core.event_handler.log_command:Invoking command in '/home/wagwan/slambot_ws/build/slambot_description': CMAKE_PREFIX_PATH=${CMAKE_PREFIX_PATH}:/opt/ros/jazzy /usr/bin/cmake --build /home/wagwan/slambot_ws/build/slambot_description -- -j4 -l4
[0.458s] DEBUG:colcon.colcon_core.event_handler.log_command:Invoked command in '/home/wagwan/slambot_ws/build/ros2_ctrl_pkg' returned '0': CMAKE_PREFIX_PATH=${CMAKE_PREFIX_PATH}:/opt/ros/jazzy /usr/bin/cmake --build /home/wagwan/slambot_ws/build/ros2_ctrl_pkg -- -j4 -l4
[0.472s] DEBUG:colcon.colcon_core.event_handler.log_command:Invoked command in '/home/wagwan/slambot_ws/build/slambot_bringup' returned '0': CMAKE_PREFIX_PATH=${CMAKE_PREFIX_PATH}:/opt/ros/jazzy /usr/bin/cmake --build /home/wagwan/slambot_ws/build/slambot_bringup -- -j4 -l4
[0.481s] DEBUG:colcon.colcon_core.event_handler.log_command:Invoked command in '/home/wagwan/slambot_ws/build/slambot_description' returned '0': CMAKE_PREFIX_PATH=${CMAKE_PREFIX_PATH}:/opt/ros/jazzy /usr/bin/cmake --build /home/wagwan/slambot_ws/build/slambot_description -- -j4 -l4
[0.530s] DEBUG:colcon.colcon_core.event_handler.log_command:Invoking command in '/home/wagwan/slambot_ws/build/ros2_ctrl_pkg': CMAKE_PREFIX_PATH=${CMAKE_PREFIX_PATH}:/opt/ros/jazzy /usr/bin/cmake --install /home/wagwan/slambot_ws/build/ros2_ctrl_pkg
[0.534s] DEBUG:colcon.colcon_core.event_handler.log_command:Invoking command in '/home/wagwan/slambot_ws/build/slambot_description': CMAKE_PREFIX_PATH=${CMAKE_PREFIX_PATH}:/opt/ros/jazzy /usr/bin/cmake --install /home/wagwan/slambot_ws/build/slambot_description
[0.538s] DEBUG:colcon.colcon_core.event_handler.log_command:Invoking command in '/home/wagwan/slambot_ws/build/slambot_bringup': CMAKE_PREFIX_PATH=${CMAKE_PREFIX_PATH}:/opt/ros/jazzy /usr/bin/cmake --install /home/wagwan/slambot_ws/build/slambot_bringup
[0.548s] DEBUG:colcon.colcon_core.event_handler.log_command:Invoked command in '/home/wagwan/slambot_ws/build/slambot_controller' returned '0': CMAKE_PREFIX_PATH=${CMAKE_PREFIX_PATH}:/opt/ros/jazzy /usr/bin/cmake --build /home/wagwan/slambot_ws/build/slambot_controller -- -j4 -l4
[0.565s] Level 1:colcon.colcon_core.environment:create_environment_scripts_only(slambot_description)
[0.572s] Level 1:colcon.colcon_core.environment:checking '/home/wagwan/slambot_ws/install/slambot_description' for CMake module files
[0.573s] Level 1:colcon.colcon_core.environment:checking '/home/wagwan/slambot_ws/install/slambot_description' for CMake config files
[0.577s] Level 1:colcon.colcon_core.shell:create_environment_hook('slambot_description', 'cmake_prefix_path')
[0.578s] INFO:colcon.colcon_core.shell:Creating environment hook '/home/wagwan/slambot_ws/install/slambot_description/share/slambot_description/hook/cmake_prefix_path.ps1'
[0.579s] INFO:colcon.colcon_core.shell:Creating environment descriptor '/home/wagwan/slambot_ws/install/slambot_description/share/slambot_description/hook/cmake_prefix_path.dsv'
[0.580s] DEBUG:colcon.colcon_core.event_handler.log_command:Invoked command in '/home/wagwan/slambot_ws/build/slambot_description' returned '0': CMAKE_PREFIX_PATH=${CMAKE_PREFIX_PATH}:/opt/ros/jazzy /usr/bin/cmake --install /home/wagwan/slambot_ws/build/slambot_description
[0.581s] INFO:colcon.colcon_core.shell:Creating environment hook '/home/wagwan/slambot_ws/install/slambot_description/share/slambot_description/hook/cmake_prefix_path.sh'
[0.582s] Level 1:colcon.colcon_core.environment:checking '/home/wagwan/slambot_ws/install/slambot_description/bin'
[0.583s] Level 1:colcon.colcon_core.environment:checking '/home/wagwan/slambot_ws/install/slambot_description/lib/pkgconfig/slambot_description.pc'
[0.583s] Level 1:colcon.colcon_core.environment:checking '/home/wagwan/slambot_ws/install/slambot_description/lib/python3.12/site-packages'
[0.583s] Level 1:colcon.colcon_core.environment:checking '/home/wagwan/slambot_ws/install/slambot_description/bin'
[0.584s] INFO:colcon.colcon_core.shell:Creating package script '/home/wagwan/slambot_ws/install/slambot_description/share/slambot_description/package.ps1'
[0.585s] INFO:colcon.colcon_core.shell:Creating package descriptor '/home/wagwan/slambot_ws/install/slambot_description/share/slambot_description/package.dsv'
[0.586s] INFO:colcon.colcon_core.shell:Creating package script '/home/wagwan/slambot_ws/install/slambot_description/share/slambot_description/package.sh'
[0.587s] INFO:colcon.colcon_core.shell:Creating package script '/home/wagwan/slambot_ws/install/slambot_description/share/slambot_description/package.bash'
[0.587s] INFO:colcon.colcon_core.shell:Creating package script '/home/wagwan/slambot_ws/install/slambot_description/share/slambot_description/package.zsh'
[0.588s] Level 1:colcon.colcon_core.environment:create_file_with_runtime_dependencies(/home/wagwan/slambot_ws/install/slambot_description/share/colcon-core/packages/slambot_description)
[0.591s] Level 1:colcon.colcon_core.environment:create_environment_scripts_only(slambot_bringup)
[0.592s] Level 1:colcon.colcon_core.environment:checking '/home/wagwan/slambot_ws/install/slambot_bringup' for CMake module files
[0.593s] DEBUG:colcon.colcon_core.event_handler.log_command:Invoked command in '/home/wagwan/slambot_ws/build/slambot_bringup' returned '0': CMAKE_PREFIX_PATH=${CMAKE_PREFIX_PATH}:/opt/ros/jazzy /usr/bin/cmake --install /home/wagwan/slambot_ws/build/slambot_bringup
[0.593s] Level 1:colcon.colcon_core.environment:checking '/home/wagwan/slambot_ws/install/slambot_bringup' for CMake config files
[0.593s] Level 1:colcon.colcon_core.shell:create_environment_hook('slambot_bringup', 'cmake_prefix_path')
[0.594s] INFO:colcon.colcon_core.shell:Creating environment hook '/home/wagwan/slambot_ws/install/slambot_bringup/share/slambot_bringup/hook/cmake_prefix_path.ps1'
[0.594s] INFO:colcon.colcon_core.shell:Creating environment descriptor '/home/wagwan/slambot_ws/install/slambot_bringup/share/slambot_bringup/hook/cmake_prefix_path.dsv'
[0.598s] INFO:colcon.colcon_core.shell:Creating environment hook '/home/wagwan/slambot_ws/install/slambot_bringup/share/slambot_bringup/hook/cmake_prefix_path.sh'
[0.599s] Level 1:colcon.colcon_core.environment:checking '/home/wagwan/slambot_ws/install/slambot_bringup/bin'
[0.599s] Level 1:colcon.colcon_core.environment:checking '/home/wagwan/slambot_ws/install/slambot_bringup/lib/pkgconfig/slambot_bringup.pc'
[0.600s] Level 1:colcon.colcon_core.environment:checking '/home/wagwan/slambot_ws/install/slambot_bringup/lib/python3.12/site-packages'
[0.600s] Level 1:colcon.colcon_core.environment:checking '/home/wagwan/slambot_ws/install/slambot_bringup/bin'
[0.601s] INFO:colcon.colcon_core.shell:Creating package script '/home/wagwan/slambot_ws/install/slambot_bringup/share/slambot_bringup/package.ps1'
[0.601s] INFO:colcon.colcon_core.shell:Creating package descriptor '/home/wagwan/slambot_ws/install/slambot_bringup/share/slambot_bringup/package.dsv'
[0.602s] INFO:colcon.colcon_core.shell:Creating package script '/home/wagwan/slambot_ws/install/slambot_bringup/share/slambot_bringup/package.sh'
[0.603s] INFO:colcon.colcon_core.shell:Creating package script '/home/wagwan/slambot_ws/install/slambot_bringup/share/slambot_bringup/package.bash'
[0.603s] INFO:colcon.colcon_core.shell:Creating package script '/home/wagwan/slambot_ws/install/slambot_bringup/share/slambot_bringup/package.zsh'
[0.604s] Level 1:colcon.colcon_core.environment:create_file_with_runtime_dependencies(/home/wagwan/slambot_ws/install/slambot_bringup/share/colcon-core/packages/slambot_bringup)
[0.605s] Level 1:colcon.colcon_core.environment:create_environment_scripts_only(ros2_ctrl_pkg)
[0.606s] Level 1:colcon.colcon_core.environment:checking '/home/wagwan/slambot_ws/install/ros2_ctrl_pkg' for CMake module files
[0.606s] DEBUG:colcon.colcon_core.event_handler.log_command:Invoked command in '/home/wagwan/slambot_ws/build/ros2_ctrl_pkg' returned '0': CMAKE_PREFIX_PATH=${CMAKE_PREFIX_PATH}:/opt/ros/jazzy /usr/bin/cmake --install /home/wagwan/slambot_ws/build/ros2_ctrl_pkg
[0.607s] Level 1:colcon.colcon_core.environment:checking '/home/wagwan/slambot_ws/install/ros2_ctrl_pkg' for CMake config files
[0.607s] Level 1:colcon.colcon_core.shell:create_environment_hook('ros2_ctrl_pkg', 'cmake_prefix_path')
[0.608s] INFO:colcon.colcon_core.shell:Creating environment hook '/home/wagwan/slambot_ws/install/ros2_ctrl_pkg/share/ros2_ctrl_pkg/hook/cmake_prefix_path.ps1'
[0.609s] INFO:colcon.colcon_core.shell:Creating environment descriptor '/home/wagwan/slambot_ws/install/ros2_ctrl_pkg/share/ros2_ctrl_pkg/hook/cmake_prefix_path.dsv'
[0.610s] INFO:colcon.colcon_core.shell:Creating environment hook '/home/wagwan/slambot_ws/install/ros2_ctrl_pkg/share/ros2_ctrl_pkg/hook/cmake_prefix_path.sh'
[0.611s] Level 1:colcon.colcon_core.environment:checking '/home/wagwan/slambot_ws/install/ros2_ctrl_pkg/bin'
[0.611s] Level 1:colcon.colcon_core.environment:checking '/home/wagwan/slambot_ws/install/ros2_ctrl_pkg/lib/pkgconfig/ros2_ctrl_pkg.pc'
[0.612s] Level 1:colcon.colcon_core.environment:checking '/home/wagwan/slambot_ws/install/ros2_ctrl_pkg/lib/python3.12/site-packages'
[0.612s] Level 1:colcon.colcon_core.environment:checking '/home/wagwan/slambot_ws/install/ros2_ctrl_pkg/bin'
[0.613s] INFO:colcon.colcon_core.shell:Creating package script '/home/wagwan/slambot_ws/install/ros2_ctrl_pkg/share/ros2_ctrl_pkg/package.ps1'
[0.615s] INFO:colcon.colcon_core.shell:Creating package descriptor '/home/wagwan/slambot_ws/install/ros2_ctrl_pkg/share/ros2_ctrl_pkg/package.dsv'
[0.616s] INFO:colcon.colcon_core.shell:Creating package script '/home/wagwan/slambot_ws/install/ros2_ctrl_pkg/share/ros2_ctrl_pkg/package.sh'
[0.617s] INFO:colcon.colcon_core.shell:Creating package script '/home/wagwan/slambot_ws/install/ros2_ctrl_pkg/share/ros2_ctrl_pkg/package.bash'
[0.618s] INFO:colcon.colcon_core.shell:Creating package script '/home/wagwan/slambot_ws/install/ros2_ctrl_pkg/share/ros2_ctrl_pkg/package.zsh'
[0.621s] Level 1:colcon.colcon_core.environment:create_file_with_runtime_dependencies(/home/wagwan/slambot_ws/install/ros2_ctrl_pkg/share/colcon-core/packages/ros2_ctrl_pkg)
[0.627s] DEBUG:colcon.colcon_core.event_handler.log_command:Invoking command in '/home/wagwan/slambot_ws/build/slambot_controller': CMAKE_PREFIX_PATH=${CMAKE_PREFIX_PATH}:/opt/ros/jazzy /usr/bin/cmake --install /home/wagwan/slambot_ws/build/slambot_controller
[0.628s] Level 1:colcon.colcon_core.environment:create_environment_scripts_only(slambot_description)
[0.629s] Level 1:colcon.colcon_core.environment:checking '/home/wagwan/slambot_ws/install/slambot_description' for CMake module files
[0.630s] Level 1:colcon.colcon_core.environment:checking '/home/wagwan/slambot_ws/install/slambot_description' for CMake config files
[0.630s] Level 1:colcon.colcon_core.shell:create_environment_hook('slambot_description', 'cmake_prefix_path')
[0.631s] INFO:colcon.colcon_core.shell:Creating environment hook '/home/wagwan/slambot_ws/install/slambot_description/share/slambot_description/hook/cmake_prefix_path.ps1'
[0.632s] INFO:colcon.colcon_core.shell:Creating environment descriptor '/home/wagwan/slambot_ws/install/slambot_description/share/slambot_description/hook/cmake_prefix_path.dsv'
[0.633s] INFO:colcon.colcon_core.shell:Creating environment hook '/home/wagwan/slambot_ws/install/slambot_description/share/slambot_description/hook/cmake_prefix_path.sh'
[0.634s] Level 1:colcon.colcon_core.environment:checking '/home/wagwan/slambot_ws/install/slambot_description/bin'
[0.634s] Level 1:colcon.colcon_core.environment:checking '/home/wagwan/slambot_ws/install/slambot_description/lib/pkgconfig/slambot_description.pc'
[0.634s] Level 1:colcon.colcon_core.environment:checking '/home/wagwan/slambot_ws/install/slambot_description/lib/python3.12/site-packages'
[0.635s] Level 1:colcon.colcon_core.environment:checking '/home/wagwan/slambot_ws/install/slambot_description/bin'
[0.635s] INFO:colcon.colcon_core.shell:Creating package script '/home/wagwan/slambot_ws/install/slambot_description/share/slambot_description/package.ps1'
[0.636s] INFO:colcon.colcon_core.shell:Creating package descriptor '/home/wagwan/slambot_ws/install/slambot_description/share/slambot_description/package.dsv'
[0.638s] INFO:colcon.colcon_core.shell:Creating package script '/home/wagwan/slambot_ws/install/slambot_description/share/slambot_description/package.sh'
[0.639s] INFO:colcon.colcon_core.shell:Creating package script '/home/wagwan/slambot_ws/install/slambot_description/share/slambot_description/package.bash'
[0.641s] INFO:colcon.colcon_core.shell:Creating package script '/home/wagwan/slambot_ws/install/slambot_description/share/slambot_description/package.zsh'
[0.641s] Level 1:colcon.colcon_core.environment:create_file_with_runtime_dependencies(/home/wagwan/slambot_ws/install/slambot_description/share/colcon-core/packages/slambot_description)
[0.644s] INFO:colcon.colcon_ros.task.ament_cmake.build:Building ROS package in '/home/wagwan/slambot_ws/src/slambot_firmware' with build type 'ament_cmake'
[0.644s] INFO:colcon.colcon_cmake.task.cmake.build:Building CMake package in '/home/wagwan/slambot_ws/src/slambot_firmware'
[0.645s] INFO:colcon.colcon_core.shell:Skip shell extension 'powershell' for command environment: Not usable outside of PowerShell
[0.645s] DEBUG:colcon.colcon_core.shell:Skip shell extension 'dsv' for command environment
[0.657s] Level 1:colcon.colcon_core.environment:create_environment_scripts_only(slambot_controller)
[0.658s] Level 1:colcon.colcon_core.environment:checking '/home/wagwan/slambot_ws/install/slambot_controller' for CMake module files
[0.659s] DEBUG:colcon.colcon_core.event_handler.log_command:Invoked command in '/home/wagwan/slambot_ws/build/slambot_controller' returned '0': CMAKE_PREFIX_PATH=${CMAKE_PREFIX_PATH}:/opt/ros/jazzy /usr/bin/cmake --install /home/wagwan/slambot_ws/build/slambot_controller
[0.659s] Level 1:colcon.colcon_core.environment:checking '/home/wagwan/slambot_ws/install/slambot_controller' for CMake config files
[0.660s] Level 1:colcon.colcon_core.shell:create_environment_hook('slambot_controller', 'cmake_prefix_path')
[0.660s] INFO:colcon.colcon_core.shell:Creating environment hook '/home/wagwan/slambot_ws/install/slambot_controller/share/slambot_controller/hook/cmake_prefix_path.ps1'
[0.661s] INFO:colcon.colcon_core.shell:Creating environment descriptor '/home/wagwan/slambot_ws/install/slambot_controller/share/slambot_controller/hook/cmake_prefix_path.dsv'
[0.661s] INFO:colcon.colcon_core.shell:Creating environment hook '/home/wagwan/slambot_ws/install/slambot_controller/share/slambot_controller/hook/cmake_prefix_path.sh'
[0.662s] Level 1:colcon.colcon_core.environment:checking '/home/wagwan/slambot_ws/install/slambot_controller/lib'
[0.663s] Level 1:colcon.colcon_core.environment:checking '/home/wagwan/slambot_ws/install/slambot_controller/bin'
[0.663s] Level 1:colcon.colcon_core.environment:checking '/home/wagwan/slambot_ws/install/slambot_controller/lib/pkgconfig/slambot_controller.pc'
[0.663s] Level 1:colcon.colcon_core.environment:checking '/home/wagwan/slambot_ws/install/slambot_controller/lib/python3.12/site-packages'
[0.663s] Level 1:colcon.colcon_core.environment:checking '/home/wagwan/slambot_ws/install/slambot_controller/bin'
[0.664s] INFO:colcon.colcon_core.shell:Creating package script '/home/wagwan/slambot_ws/install/slambot_controller/share/slambot_controller/package.ps1'
[0.664s] INFO:colcon.colcon_core.shell:Creating package descriptor '/home/wagwan/slambot_ws/install/slambot_controller/share/slambot_controller/package.dsv'
[0.665s] INFO:colcon.colcon_core.shell:Creating package script '/home/wagwan/slambot_ws/install/slambot_controller/share/slambot_controller/package.sh'
[0.666s] INFO:colcon.colcon_core.shell:Creating package script '/home/wagwan/slambot_ws/install/slambot_controller/share/slambot_controller/package.bash'
[0.667s] INFO:colcon.colcon_core.shell:Creating package script '/home/wagwan/slambot_ws/install/slambot_controller/share/slambot_controller/package.zsh'
[0.667s] Level 1:colcon.colcon_core.environment:create_file_with_runtime_dependencies(/home/wagwan/slambot_ws/install/slambot_controller/share/colcon-core/packages/slambot_controller)
[0.669s] Level 1:colcon.colcon_core.environment:create_environment_scripts_only(slambot_bringup)
[0.670s] Level 1:colcon.colcon_core.environment:checking '/home/wagwan/slambot_ws/install/slambot_bringup' for CMake module files
[0.670s] Level 1:colcon.colcon_core.environment:checking '/home/wagwan/slambot_ws/install/slambot_bringup' for CMake config files
[0.671s] Level 1:colcon.colcon_core.shell:create_environment_hook('slambot_bringup', 'cmake_prefix_path')
[0.671s] INFO:colcon.colcon_core.shell:Creating environment hook '/home/wagwan/slambot_ws/install/slambot_bringup/share/slambot_bringup/hook/cmake_prefix_path.ps1'
[0.671s] INFO:colcon.colcon_core.shell:Creating environment descriptor '/home/wagwan/slambot_ws/install/slambot_bringup/share/slambot_bringup/hook/cmake_prefix_path.dsv'
[0.672s] INFO:colcon.colcon_core.shell:Creating environment hook '/home/wagwan/slambot_ws/install/slambot_bringup/share/slambot_bringup/hook/cmake_prefix_path.sh'
[0.673s] Level 1:colcon.colcon_core.environment:checking '/home/wagwan/slambot_ws/install/slambot_bringup/bin'
[0.673s] Level 1:colcon.colcon_core.environment:checking '/home/wagwan/slambot_ws/install/slambot_bringup/lib/pkgconfig/slambot_bringup.pc'
[0.673s] Level 1:colcon.colcon_core.environment:checking '/home/wagwan/slambot_ws/install/slambot_bringup/lib/python3.12/site-packages'
[0.674s] Level 1:colcon.colcon_core.environment:checking '/home/wagwan/slambot_ws/install/slambot_bringup/bin'
[0.674s] INFO:colcon.colcon_core.shell:Creating package script '/home/wagwan/slambot_ws/install/slambot_bringup/share/slambot_bringup/package.ps1'
[0.675s] INFO:colcon.colcon_core.shell:Creating package descriptor '/home/wagwan/slambot_ws/install/slambot_bringup/share/slambot_bringup/package.dsv'
[0.679s] INFO:colcon.colcon_core.shell:Creating package script '/home/wagwan/slambot_ws/install/slambot_bringup/share/slambot_bringup/package.sh'
[0.679s] INFO:colcon.colcon_core.shell:Creating package script '/home/wagwan/slambot_ws/install/slambot_bringup/share/slambot_bringup/package.bash'
[0.680s] INFO:colcon.colcon_core.shell:Creating package script '/home/wagwan/slambot_ws/install/slambot_bringup/share/slambot_bringup/package.zsh'
[0.681s] Level 1:colcon.colcon_core.environment:create_file_with_runtime_dependencies(/home/wagwan/slambot_ws/install/slambot_bringup/share/colcon-core/packages/slambot_bringup)
[0.687s] DEBUG:colcon.colcon_core.event_handler.log_command:Invoking command in '/home/wagwan/slambot_ws/build/slambot_firmware': CMAKE_PREFIX_PATH=${CMAKE_PREFIX_PATH}:/opt/ros/jazzy /usr/bin/cmake --build /home/wagwan/slambot_ws/build/slambot_firmware -- -j4 -l4
[0.688s] Level 1:colcon.colcon_core.environment:create_environment_scripts_only(ros2_ctrl_pkg)
[0.688s] Level 1:colcon.colcon_core.environment:checking '/home/wagwan/slambot_ws/install/ros2_ctrl_pkg' for CMake module files
[0.689s] Level 1:colcon.colcon_core.environment:checking '/home/wagwan/slambot_ws/install/ros2_ctrl_pkg' for CMake config files
[0.689s] Level 1:colcon.colcon_core.shell:create_environment_hook('ros2_ctrl_pkg', 'cmake_prefix_path')
[0.689s] INFO:colcon.colcon_core.shell:Creating environment hook '/home/wagwan/slambot_ws/install/ros2_ctrl_pkg/share/ros2_ctrl_pkg/hook/cmake_prefix_path.ps1'
[0.690s] INFO:colcon.colcon_core.shell:Creating environment descriptor '/home/wagwan/slambot_ws/install/ros2_ctrl_pkg/share/ros2_ctrl_pkg/hook/cmake_prefix_path.dsv'
[0.691s] INFO:colcon.colcon_core.shell:Creating environment hook '/home/wagwan/slambot_ws/install/ros2_ctrl_pkg/share/ros2_ctrl_pkg/hook/cmake_prefix_path.sh'
[0.692s] Level 1:colcon.colcon_core.environment:checking '/home/wagwan/slambot_ws/install/ros2_ctrl_pkg/bin'
[0.692s] Level 1:colcon.colcon_core.environment:checking '/home/wagwan/slambot_ws/install/ros2_ctrl_pkg/lib/pkgconfig/ros2_ctrl_pkg.pc'
[0.692s] Level 1:colcon.colcon_core.environment:checking '/home/wagwan/slambot_ws/install/ros2_ctrl_pkg/lib/python3.12/site-packages'
[0.693s] Level 1:colcon.colcon_core.environment:checking '/home/wagwan/slambot_ws/install/ros2_ctrl_pkg/bin'
[0.693s] INFO:colcon.colcon_core.shell:Creating package script '/home/wagwan/slambot_ws/install/ros2_ctrl_pkg/share/ros2_ctrl_pkg/package.ps1'
[0.694s] INFO:colcon.colcon_core.shell:Creating package descriptor '/home/wagwan/slambot_ws/install/ros2_ctrl_pkg/share/ros2_ctrl_pkg/package.dsv'
[0.695s] INFO:colcon.colcon_core.shell:Creating package script '/home/wagwan/slambot_ws/install/ros2_ctrl_pkg/share/ros2_ctrl_pkg/package.sh'
[0.699s] INFO:colcon.colcon_core.shell:Creating package script '/home/wagwan/slambot_ws/install/ros2_ctrl_pkg/share/ros2_ctrl_pkg/package.bash'
[0.700s] INFO:colcon.colcon_core.shell:Creating package script '/home/wagwan/slambot_ws/install/ros2_ctrl_pkg/share/ros2_ctrl_pkg/package.zsh'
[0.701s] Level 1:colcon.colcon_core.environment:create_file_with_runtime_dependencies(/home/wagwan/slambot_ws/install/ros2_ctrl_pkg/share/colcon-core/packages/ros2_ctrl_pkg)
[0.711s] Level 1:colcon.colcon_core.environment:create_environment_scripts_only(slambot_controller)
[0.711s] Level 1:colcon.colcon_core.environment:checking '/home/wagwan/slambot_ws/install/slambot_controller' for CMake module files
[0.712s] Level 1:colcon.colcon_core.environment:checking '/home/wagwan/slambot_ws/install/slambot_controller' for CMake config files
[0.712s] Level 1:colcon.colcon_core.shell:create_environment_hook('slambot_controller', 'cmake_prefix_path')
[0.713s] INFO:colcon.colcon_core.shell:Creating environment hook '/home/wagwan/slambot_ws/install/slambot_controller/share/slambot_controller/hook/cmake_prefix_path.ps1'
[0.713s] INFO:colcon.colcon_core.shell:Creating environment descriptor '/home/wagwan/slambot_ws/install/slambot_controller/share/slambot_controller/hook/cmake_prefix_path.dsv'
[0.714s] INFO:colcon.colcon_core.shell:Creating environment hook '/home/wagwan/slambot_ws/install/slambot_controller/share/slambot_controller/hook/cmake_prefix_path.sh'
[0.715s] Level 1:colcon.colcon_core.environment:checking '/home/wagwan/slambot_ws/install/slambot_controller/lib'
[0.715s] Level 1:colcon.colcon_core.environment:checking '/home/wagwan/slambot_ws/install/slambot_controller/bin'
[0.715s] Level 1:colcon.colcon_core.environment:checking '/home/wagwan/slambot_ws/install/slambot_controller/lib/pkgconfig/slambot_controller.pc'
[0.716s] Level 1:colcon.colcon_core.environment:checking '/home/wagwan/slambot_ws/install/slambot_controller/lib/python3.12/site-packages'
[0.716s] Level 1:colcon.colcon_core.environment:checking '/home/wagwan/slambot_ws/install/slambot_controller/bin'
[0.716s] INFO:colcon.colcon_core.shell:Creating package script '/home/wagwan/slambot_ws/install/slambot_controller/share/slambot_controller/package.ps1'
[0.717s] INFO:colcon.colcon_core.shell:Creating package descriptor '/home/wagwan/slambot_ws/install/slambot_controller/share/slambot_controller/package.dsv'
[0.718s] INFO:colcon.colcon_core.shell:Creating package script '/home/wagwan/slambot_ws/install/slambot_controller/share/slambot_controller/package.sh'
[0.719s] INFO:colcon.colcon_core.shell:Creating package script '/home/wagwan/slambot_ws/install/slambot_controller/share/slambot_controller/package.bash'
[0.720s] INFO:colcon.colcon_core.shell:Creating package script '/home/wagwan/slambot_ws/install/slambot_controller/share/slambot_controller/package.zsh'
[0.720s] Level 1:colcon.colcon_core.environment:create_file_with_runtime_dependencies(/home/wagwan/slambot_ws/install/slambot_controller/share/colcon-core/packages/slambot_controller)
[0.837s] DEBUG:colcon.colcon_core.event_handler.log_command:Invoked command in '/home/wagwan/slambot_ws/build/slambot_firmware' returned '0': CMAKE_PREFIX_PATH=${CMAKE_PREFIX_PATH}:/opt/ros/jazzy /usr/bin/cmake --build /home/wagwan/slambot_ws/build/slambot_firmware -- -j4 -l4
[0.892s] DEBUG:colcon.colcon_core.event_handler.log_command:Invoking command in '/home/wagwan/slambot_ws/build/slambot_firmware': CMAKE_PREFIX_PATH=${CMAKE_PREFIX_PATH}:/opt/ros/jazzy /usr/bin/cmake --install /home/wagwan/slambot_ws/build/slambot_firmware
[0.917s] Level 1:colcon.colcon_core.environment:create_environment_scripts_only(slambot_firmware)
[0.917s] Level 1:colcon.colcon_core.environment:checking '/home/wagwan/slambot_ws/install/slambot_firmware' for CMake module files
[0.918s] Level 1:colcon.colcon_core.environment:checking '/home/wagwan/slambot_ws/install/slambot_firmware' for CMake config files
[0.919s] Level 1:colcon.colcon_core.shell:create_environment_hook('slambot_firmware', 'cmake_prefix_path')
[0.919s] INFO:colcon.colcon_core.shell:Creating environment hook '/home/wagwan/slambot_ws/install/slambot_firmware/share/slambot_firmware/hook/cmake_prefix_path.ps1'
[0.920s] INFO:colcon.colcon_core.shell:Creating environment descriptor '/home/wagwan/slambot_ws/install/slambot_firmware/share/slambot_firmware/hook/cmake_prefix_path.dsv'
[0.920s] DEBUG:colcon.colcon_core.event_handler.log_command:Invoked command in '/home/wagwan/slambot_ws/build/slambot_firmware' returned '0': CMAKE_PREFIX_PATH=${CMAKE_PREFIX_PATH}:/opt/ros/jazzy /usr/bin/cmake --install /home/wagwan/slambot_ws/build/slambot_firmware
[0.921s] INFO:colcon.colcon_core.shell:Creating environment hook '/home/wagwan/slambot_ws/install/slambot_firmware/share/slambot_firmware/hook/cmake_prefix_path.sh'
[0.922s] Level 1:colcon.colcon_core.environment:checking '/home/wagwan/slambot_ws/install/slambot_firmware/lib'
[0.922s] Level 1:colcon.colcon_core.shell:create_environment_hook('slambot_firmware', 'ld_library_path_lib')
[0.922s] INFO:colcon.colcon_core.shell:Creating environment hook '/home/wagwan/slambot_ws/install/slambot_firmware/share/slambot_firmware/hook/ld_library_path_lib.ps1'
[0.923s] INFO:colcon.colcon_core.shell:Creating environment descriptor '/home/wagwan/slambot_ws/install/slambot_firmware/share/slambot_firmware/hook/ld_library_path_lib.dsv'
[0.927s] INFO:colcon.colcon_core.shell:Creating environment hook '/home/wagwan/slambot_ws/install/slambot_firmware/share/slambot_firmware/hook/ld_library_path_lib.sh'
[0.927s] Level 1:colcon.colcon_core.environment:checking '/home/wagwan/slambot_ws/install/slambot_firmware/bin'
[0.927s] Level 1:colcon.colcon_core.environment:checking '/home/wagwan/slambot_ws/install/slambot_firmware/lib/pkgconfig/slambot_firmware.pc'
[0.928s] Level 1:colcon.colcon_core.environment:checking '/home/wagwan/slambot_ws/install/slambot_firmware/lib/python3.12/site-packages'
[0.928s] Level 1:colcon.colcon_core.environment:checking '/home/wagwan/slambot_ws/install/slambot_firmware/bin'
[0.928s] INFO:colcon.colcon_core.shell:Creating package script '/home/wagwan/slambot_ws/install/slambot_firmware/share/slambot_firmware/package.ps1'
[0.929s] INFO:colcon.colcon_core.shell:Creating package descriptor '/home/wagwan/slambot_ws/install/slambot_firmware/share/slambot_firmware/package.dsv'
[0.929s] INFO:colcon.colcon_core.shell:Creating package script '/home/wagwan/slambot_ws/install/slambot_firmware/share/slambot_firmware/package.sh'
[0.930s] INFO:colcon.colcon_core.shell:Creating package script '/home/wagwan/slambot_ws/install/slambot_firmware/share/slambot_firmware/package.bash'
[0.931s] INFO:colcon.colcon_core.shell:Creating package script '/home/wagwan/slambot_ws/install/slambot_firmware/share/slambot_firmware/package.zsh'
[0.931s] Level 1:colcon.colcon_core.environment:create_file_with_runtime_dependencies(/home/wagwan/slambot_ws/install/slambot_firmware/share/colcon-core/packages/slambot_firmware)
[0.985s] Level 1:colcon.colcon_core.environment:create_environment_scripts_only(slambot_firmware)
[0.986s] Level 1:colcon.colcon_core.environment:checking '/home/wagwan/slambot_ws/install/slambot_firmware' for CMake module files
[0.987s] Level 1:colcon.colcon_core.environment:checking '/home/wagwan/slambot_ws/install/slambot_firmware' for CMake config files
[0.987s] Level 1:colcon.colcon_core.shell:create_environment_hook('slambot_firmware', 'cmake_prefix_path')
[0.988s] INFO:colcon.colcon_core.shell:Creating environment hook '/home/wagwan/slambot_ws/install/slambot_firmware/share/slambot_firmware/hook/cmake_prefix_path.ps1'
[0.988s] INFO:colcon.colcon_core.shell:Creating environment descriptor '/home/wagwan/slambot_ws/install/slambot_firmware/share/slambot_firmware/hook/cmake_prefix_path.dsv'
[0.989s] INFO:colcon.colcon_core.shell:Creating environment hook '/home/wagwan/slambot_ws/install/slambot_firmware/share/slambot_firmware/hook/cmake_prefix_path.sh'
[0.990s] Level 1:colcon.colcon_core.environment:checking '/home/wagwan/slambot_ws/install/slambot_firmware/lib'
[0.990s] Level 1:colcon.colcon_core.shell:create_environment_hook('slambot_firmware', 'ld_library_path_lib')
[0.991s] INFO:colcon.colcon_core.shell:Creating environment hook '/home/wagwan/slambot_ws/install/slambot_firmware/share/slambot_firmware/hook/ld_library_path_lib.ps1'
[0.991s] INFO:colcon.colcon_core.shell:Creating environment descriptor '/home/wagwan/slambot_ws/install/slambot_firmware/share/slambot_firmware/hook/ld_library_path_lib.dsv'
[0.995s] INFO:colcon.colcon_core.shell:Creating environment hook '/home/wagwan/slambot_ws/install/slambot_firmware/share/slambot_firmware/hook/ld_library_path_lib.sh'
[0.996s] Level 1:colcon.colcon_core.environment:checking '/home/wagwan/slambot_ws/install/slambot_firmware/bin'
[0.996s] Level 1:colcon.colcon_core.environment:checking '/home/wagwan/slambot_ws/install/slambot_firmware/lib/pkgconfig/slambot_firmware.pc'
[0.997s] Level 1:colcon.colcon_core.environment:checking '/home/wagwan/slambot_ws/install/slambot_firmware/lib/python3.12/site-packages'
[0.997s] Level 1:colcon.colcon_core.environment:checking '/home/wagwan/slambot_ws/install/slambot_firmware/bin'
[0.998s] INFO:colcon.colcon_core.shell:Creating package script '/home/wagwan/slambot_ws/install/slambot_firmware/share/slambot_firmware/package.ps1'
[0.998s] INFO:colcon.colcon_core.shell:Creating package descriptor '/home/wagwan/slambot_ws/install/slambot_firmware/share/slambot_firmware/package.dsv'
[0.999s] INFO:colcon.colcon_core.shell:Creating package script '/home/wagwan/slambot_ws/install/slambot_firmware/share/slambot_firmware/package.sh'
[1.001s] INFO:colcon.colcon_core.shell:Creating package script '/home/wagwan/slambot_ws/install/slambot_firmware/share/slambot_firmware/package.bash'
[1.001s] INFO:colcon.colcon_core.shell:Creating package script '/home/wagwan/slambot_ws/install/slambot_firmware/share/slambot_firmware/package.zsh'
[1.002s] Level 1:colcon.colcon_core.environment:create_file_with_runtime_dependencies(/home/wagwan/slambot_ws/install/slambot_firmware/share/colcon-core/packages/slambot_firmware)
[1.003s] DEBUG:colcon.colcon_parallel_executor.executor.parallel:closing loop
[1.004s] DEBUG:colcon.colcon_parallel_executor.executor.parallel:loop closed
[1.004s] DEBUG:colcon.colcon_parallel_executor.executor.parallel:run_until_complete finished with '0'
[1.004s] DEBUG:colcon.colcon_core.event_reactor:joining thread
[1.013s] INFO:colcon.colcon_core.plugin_system:Skipping extension 'colcon_notification.desktop_notification.notify_send': Could not find 'notify-send'
[1.013s] INFO:colcon.colcon_core.plugin_system:Skipping extension 'colcon_notification.desktop_notification.terminal_notifier': Not used on non-Darwin systems
[1.013s] INFO:colcon.colcon_core.plugin_system:Skipping extension 'colcon_notification.desktop_notification.win32': Not used on non-Windows systems
[1.013s] INFO:colcon.colcon_notification.desktop_notification:Sending desktop notification using 'notify2'
[1.014s] DEBUG:colcon.colcon_notification.desktop_notification.notify2:Failed to initialize notify2: org.freedesktop.DBus.Error.ServiceUnknown: The name org.freedesktop.Notifications was not provided by any .service files
[1.015s] DEBUG:colcon.colcon_core.event_reactor:joined thread
[1.015s] INFO:colcon.colcon_core.shell:Creating prefix script '/home/wagwan/slambot_ws/install/local_setup.ps1'
[1.016s] INFO:colcon.colcon_core.shell:Creating prefix util module '/home/wagwan/slambot_ws/install/_local_setup_util_ps1.py'
[1.018s] INFO:colcon.colcon_core.shell:Creating prefix chain script '/home/wagwan/slambot_ws/install/setup.ps1'
[1.019s] INFO:colcon.colcon_core.shell:Creating prefix script '/home/wagwan/slambot_ws/install/local_setup.sh'
[1.023s] INFO:colcon.colcon_core.shell:Creating prefix util module '/home/wagwan/slambot_ws/install/_local_setup_util_sh.py'
[1.024s] INFO:colcon.colcon_core.shell:Creating prefix chain script '/home/wagwan/slambot_ws/install/setup.sh'
[1.025s] INFO:colcon.colcon_core.shell:Creating prefix script '/home/wagwan/slambot_ws/install/local_setup.bash'
[1.026s] INFO:colcon.colcon_core.shell:Creating prefix chain script '/home/wagwan/slambot_ws/install/setup.bash'
[1.027s] INFO:colcon.colcon_core.shell:Creating prefix script '/home/wagwan/slambot_ws/install/local_setup.zsh'
[1.028s] INFO:colcon.colcon_core.shell:Creating prefix chain script '/home/wagwan/slambot_ws/install/setup.zsh'
