[ 50%] Built target odom_republisher
[100%] Built target simple_controller
-- Install configuration: ""
-- Up-to-date: /home/wagwan/slambot_ws/install/slambot_controller/include/include
-- Up-to-date: /home/wagwan/slambot_ws/install/slambot_controller/include/include/slambot_controller
-- Up-to-date: /home/wagwan/slambot_ws/install/slambot_controller/include/include/slambot_controller/simple_controller.hpp
-- Up-to-date: /home/wagwan/slambot_ws/install/slambot_controller/lib/slambot_controller/simple_controller
-- Up-to-date: /home/wagwan/slambot_ws/install/slambot_controller/lib/slambot_controller/odom_republisher
-- Up-to-date: /home/wagwan/slambot_ws/install/slambot_controller/share/slambot_controller/config
-- Installing: /home/wagwan/slambot_ws/install/slambot_controller/share/slambot_controller/config/mapper_params_online_async.yaml
-- Up-to-date: /home/wagwan/slambot_ws/install/slambot_controller/share/slambot_controller/config/joystick_teleop.yaml
-- Up-to-date: /home/wagwan/slambot_ws/install/slambot_controller/share/slambot_controller/config/joystick_config.yaml
-- Up-to-date: /home/wagwan/slambot_ws/install/slambot_controller/share/slambot_controller/config/pentaslam_controllers.yaml
-- Up-to-date: /home/wagwan/slambot_ws/install/slambot_controller/share/slambot_controller/config/slambot_controllers.yaml
-- Up-to-date: /home/wagwan/slambot_ws/install/slambot_controller/share/slambot_controller/launch
-- Up-to-date: /home/wagwan/slambot_ws/install/slambot_controller/share/slambot_controller/launch/controller.launch.py
-- Installing: /home/wagwan/slambot_ws/install/slambot_controller/share/slambot_controller/launch/online_async_launch.py
-- Up-to-date: /home/wagwan/slambot_ws/install/slambot_controller/share/slambot_controller/launch/joystick_teleop.launch.py
-- Up-to-date: /home/wagwan/slambot_ws/install/slambot_controller/share/ament_index/resource_index/package_run_dependencies/slambot_controller
-- Up-to-date: /home/wagwan/slambot_ws/install/slambot_controller/share/ament_index/resource_index/parent_prefix_path/slambot_controller
-- Up-to-date: /home/wagwan/slambot_ws/install/slambot_controller/share/slambot_controller/environment/ament_prefix_path.sh
-- Up-to-date: /home/wagwan/slambot_ws/install/slambot_controller/share/slambot_controller/environment/ament_prefix_path.dsv
-- Up-to-date: /home/wagwan/slambot_ws/install/slambot_controller/share/slambot_controller/environment/path.sh
-- Up-to-date: /home/wagwan/slambot_ws/install/slambot_controller/share/slambot_controller/environment/path.dsv
-- Up-to-date: /home/wagwan/slambot_ws/install/slambot_controller/share/slambot_controller/local_setup.bash
-- Up-to-date: /home/wagwan/slambot_ws/install/slambot_controller/share/slambot_controller/local_setup.sh
-- Up-to-date: /home/wagwan/slambot_ws/install/slambot_controller/share/slambot_controller/local_setup.zsh
-- Up-to-date: /home/wagwan/slambot_ws/install/slambot_controller/share/slambot_controller/local_setup.dsv
-- Installing: /home/wagwan/slambot_ws/install/slambot_controller/share/slambot_controller/package.dsv
-- Up-to-date: /home/wagwan/slambot_ws/install/slambot_controller/share/ament_index/resource_index/packages/slambot_controller
-- Up-to-date: /home/wagwan/slambot_ws/install/slambot_controller/share/slambot_controller/cmake/slambot_controllerConfig.cmake
-- Up-to-date: /home/wagwan/slambot_ws/install/slambot_controller/share/slambot_controller/cmake/slambot_controllerConfig-version.cmake
-- Up-to-date: /home/wagwan/slambot_ws/install/slambot_controller/share/slambot_controller/package.xml
