-- Install configuration: ""
-- Up-to-date: /home/einstein/Desktop/ros2_control_Slambot/install/slambot_description/share/slambot_description/meshes
-- Up-to-date: /home/einstein/Desktop/ros2_control_Slambot/install/slambot_description/share/slambot_description/meshes/Motor_GM25-370_v1_1.stl
-- Up-to-date: /home/einstein/Desktop/ros2_control_Slambot/install/slambot_description/share/slambot_description/meshes/Motor_Bracket_v1_1.stl
-- Up-to-date: /home/einstein/Desktop/ros2_control_Slambot/install/slambot_description/share/slambot_description/meshes/Top2BottomSupport_v1_1.stl
-- Up-to-date: /home/einstein/Desktop/ros2_control_Slambot/install/slambot_description/share/slambot_description/meshes/Caster_40mm_Wheel_30mm_v1_1.stl
-- Up-to-date: /home/einstein/Desktop/ros2_control_Slambot/install/slambot_description/share/slambot_description/meshes/Top2BottomSupport_v1_2.stl
-- Up-to-date: /home/einstein/Desktop/ros2_control_Slambot/install/slambot_description/share/slambot_description/meshes/85mm_Wheel_v1_2.stl
-- Up-to-date: /home/einstein/Desktop/ros2_control_Slambot/install/slambot_description/share/slambot_description/meshes/EYE_BALL_CASTOR_SOCKS_Circular_Aesthetic _2.stl
-- Up-to-date: /home/einstein/Desktop/ros2_control_Slambot/install/slambot_description/share/slambot_description/meshes/Top_v1_1.stl
-- Up-to-date: /home/einstein/Desktop/ros2_control_Slambot/install/slambot_description/share/slambot_description/meshes/Motor_Bracket_v1_2.stl
-- Up-to-date: /home/einstein/Desktop/ros2_control_Slambot/install/slambot_description/share/slambot_description/meshes/Top2BottomSupport_v1_3.stl
-- Up-to-date: /home/einstein/Desktop/ros2_control_Slambot/install/slambot_description/share/slambot_description/meshes/base_link.stl
-- Up-to-date: /home/einstein/Desktop/ros2_control_Slambot/install/slambot_description/share/slambot_description/meshes/LidarTop_v1_1.stl
-- Up-to-date: /home/einstein/Desktop/ros2_control_Slambot/install/slambot_description/share/slambot_description/meshes/RC_coupling_v1_1.stl
-- Up-to-date: /home/einstein/Desktop/ros2_control_Slambot/install/slambot_description/share/slambot_description/meshes/Caster Ball Wheel v1 _2.stl
-- Up-to-date: /home/einstein/Desktop/ros2_control_Slambot/install/slambot_description/share/slambot_description/meshes/Caster_40mm_Wheel_30mm_v1_2.stl
-- Up-to-date: /home/einstein/Desktop/ros2_control_Slambot/install/slambot_description/share/slambot_description/meshes/Caster_40mm_Swivel_plate_v1_2.stl
-- Up-to-date: /home/einstein/Desktop/ros2_control_Slambot/install/slambot_description/share/slambot_description/meshes/Caster_40mm_Wheel_support_v1_1.stl
-- Up-to-date: /home/einstein/Desktop/ros2_control_Slambot/install/slambot_description/share/slambot_description/meshes/20V_Battery_Holder_v1_1.stl
-- Up-to-date: /home/einstein/Desktop/ros2_control_Slambot/install/slambot_description/share/slambot_description/meshes/RC_coupling_v1_2.stl
-- Up-to-date: /home/einstein/Desktop/ros2_control_Slambot/install/slambot_description/share/slambot_description/meshes/Caster_40mm_Swivel_plate_v1_1.stl
-- Up-to-date: /home/einstein/Desktop/ros2_control_Slambot/install/slambot_description/share/slambot_description/meshes/Caster Ball Wheel v1_1.stl
-- Up-to-date: /home/einstein/Desktop/ros2_control_Slambot/install/slambot_description/share/slambot_description/meshes/Motor_GM25-370_v1_2.stl
-- Up-to-date: /home/einstein/Desktop/ros2_control_Slambot/install/slambot_description/share/slambot_description/meshes/Caster_40mm_Wheel_support_v1_2.stl
-- Up-to-date: /home/einstein/Desktop/ros2_control_Slambot/install/slambot_description/share/slambot_description/meshes/CastorWheel_Socks_v3_1.stl
-- Up-to-date: /home/einstein/Desktop/ros2_control_Slambot/install/slambot_description/share/slambot_description/meshes/CastorWheel_Socks_v3_2.stl
-- Up-to-date: /home/einstein/Desktop/ros2_control_Slambot/install/slambot_description/share/slambot_description/meshes/Top2BottomSupport_v1_4.stl
-- Up-to-date: /home/einstein/Desktop/ros2_control_Slambot/install/slambot_description/share/slambot_description/meshes/85mm_Wheel_v1_1.stl
-- Up-to-date: /home/einstein/Desktop/ros2_control_Slambot/install/slambot_description/share/slambot_description/meshes/lidarBase_v2_1.stl
-- Up-to-date: /home/einstein/Desktop/ros2_control_Slambot/install/slambot_description/share/slambot_description/meshes/EYE_BALL_CASTOR_SOCKS_Circular_Aesthetic _1.stl
-- Up-to-date: /home/einstein/Desktop/ros2_control_Slambot/install/slambot_description/share/slambot_description/urdf
-- Up-to-date: /home/einstein/Desktop/ros2_control_Slambot/install/slambot_description/share/slambot_description/urdf/slambot.urdf.xacro
-- Installing: /home/einstein/Desktop/ros2_control_Slambot/install/slambot_description/share/slambot_description/urdf/gazebo_control.xacro
-- Up-to-date: /home/einstein/Desktop/ros2_control_Slambot/install/slambot_description/share/slambot_description/urdf/lidar.xacro
-- Up-to-date: /home/einstein/Desktop/ros2_control_Slambot/install/slambot_description/share/slambot_description/urdf/bot.trans
-- Installing: /home/einstein/Desktop/ros2_control_Slambot/install/slambot_description/share/slambot_description/urdf/pentaslam.urdf.xacro
-- Up-to-date: /home/einstein/Desktop/ros2_control_Slambot/install/slambot_description/share/slambot_description/urdf/materials.xacro
-- Installing: /home/einstein/Desktop/ros2_control_Slambot/install/slambot_description/share/slambot_description/urdf/pentaslam_ros2_control.xacro
-- Up-to-date: /home/einstein/Desktop/ros2_control_Slambot/install/slambot_description/share/slambot_description/urdf/bot_core.xacro
-- Up-to-date: /home/einstein/Desktop/ros2_control_Slambot/install/slambot_description/share/slambot_description/urdf/slambot_ros2_control.xacro
-- Installing: /home/einstein/Desktop/ros2_control_Slambot/install/slambot_description/share/slambot_description/urdf/pentaslam_gazebo.xacro
-- Up-to-date: /home/einstein/Desktop/ros2_control_Slambot/install/slambot_description/share/slambot_description/urdf/slambot_gazebo.xacro
-- Up-to-date: /home/einstein/Desktop/ros2_control_Slambot/install/slambot_description/share/slambot_description/launch
-- Up-to-date: /home/einstein/Desktop/ros2_control_Slambot/install/slambot_description/share/slambot_description/launch/display.launch.py
-- Up-to-date: /home/einstein/Desktop/ros2_control_Slambot/install/slambot_description/share/slambot_description/launch/gazebo.launch.py
-- Up-to-date: /home/einstein/Desktop/ros2_control_Slambot/install/slambot_description/share/slambot_description/urdf
-- Up-to-date: /home/einstein/Desktop/ros2_control_Slambot/install/slambot_description/share/slambot_description/urdf/slambot.urdf.xacro
-- Installing: /home/einstein/Desktop/ros2_control_Slambot/install/slambot_description/share/slambot_description/urdf/gazebo_control.xacro
-- Up-to-date: /home/einstein/Desktop/ros2_control_Slambot/install/slambot_description/share/slambot_description/urdf/lidar.xacro
-- Up-to-date: /home/einstein/Desktop/ros2_control_Slambot/install/slambot_description/share/slambot_description/urdf/bot.trans
-- Up-to-date: /home/einstein/Desktop/ros2_control_Slambot/install/slambot_description/share/slambot_description/urdf/pentaslam.urdf.xacro
-- Up-to-date: /home/einstein/Desktop/ros2_control_Slambot/install/slambot_description/share/slambot_description/urdf/materials.xacro
-- Up-to-date: /home/einstein/Desktop/ros2_control_Slambot/install/slambot_description/share/slambot_description/urdf/pentaslam_ros2_control.xacro
-- Up-to-date: /home/einstein/Desktop/ros2_control_Slambot/install/slambot_description/share/slambot_description/urdf/bot_core.xacro
-- Up-to-date: /home/einstein/Desktop/ros2_control_Slambot/install/slambot_description/share/slambot_description/urdf/slambot_ros2_control.xacro
-- Up-to-date: /home/einstein/Desktop/ros2_control_Slambot/install/slambot_description/share/slambot_description/urdf/pentaslam_gazebo.xacro
-- Up-to-date: /home/einstein/Desktop/ros2_control_Slambot/install/slambot_description/share/slambot_description/urdf/slambot_gazebo.xacro
-- Up-to-date: /home/einstein/Desktop/ros2_control_Slambot/install/slambot_description/share/slambot_description/rviz
-- Up-to-date: /home/einstein/Desktop/ros2_control_Slambot/install/slambot_description/share/slambot_description/rviz/display.rviz
-- Up-to-date: /home/einstein/Desktop/ros2_control_Slambot/install/slambot_description/share/ament_index/resource_index/package_run_dependencies/slambot_description
-- Up-to-date: /home/einstein/Desktop/ros2_control_Slambot/install/slambot_description/share/ament_index/resource_index/parent_prefix_path/slambot_description
-- Up-to-date: /home/einstein/Desktop/ros2_control_Slambot/install/slambot_description/share/slambot_description/environment/ament_prefix_path.sh
-- Up-to-date: /home/einstein/Desktop/ros2_control_Slambot/install/slambot_description/share/slambot_description/environment/ament_prefix_path.dsv
-- Up-to-date: /home/einstein/Desktop/ros2_control_Slambot/install/slambot_description/share/slambot_description/environment/path.sh
-- Up-to-date: /home/einstein/Desktop/ros2_control_Slambot/install/slambot_description/share/slambot_description/environment/path.dsv
-- Up-to-date: /home/einstein/Desktop/ros2_control_Slambot/install/slambot_description/share/slambot_description/local_setup.bash
-- Up-to-date: /home/einstein/Desktop/ros2_control_Slambot/install/slambot_description/share/slambot_description/local_setup.sh
-- Up-to-date: /home/einstein/Desktop/ros2_control_Slambot/install/slambot_description/share/slambot_description/local_setup.zsh
-- Up-to-date: /home/einstein/Desktop/ros2_control_Slambot/install/slambot_description/share/slambot_description/local_setup.dsv
-- Installing: /home/einstein/Desktop/ros2_control_Slambot/install/slambot_description/share/slambot_description/package.dsv
-- Up-to-date: /home/einstein/Desktop/ros2_control_Slambot/install/slambot_description/share/ament_index/resource_index/packages/slambot_description
-- Up-to-date: /home/einstein/Desktop/ros2_control_Slambot/install/slambot_description/share/slambot_description/cmake/slambot_descriptionConfig.cmake
-- Up-to-date: /home/einstein/Desktop/ros2_control_Slambot/install/slambot_description/share/slambot_description/cmake/slambot_descriptionConfig-version.cmake
-- Up-to-date: /home/einstein/Desktop/ros2_control_Slambot/install/slambot_description/share/slambot_description/package.xml
