[0.030s] Invoking command in '/home/wagwan/slambot_ws/build/slambot_firmware': CMAKE_PREFIX_PATH=${CMAKE_PREFIX_PATH}:/opt/ros/jazzy /usr/bin/cmake --build /home/wagwan/slambot_ws/build/slambot_firmware -- -j4 -l4
[0.083s] -- Found ament_cmake: 2.5.2 (/opt/ros/jazzy/share/ament_cmake/cmake)
[0.437s] -- Found rclcpp: 28.1.5 (/opt/ros/jazzy/share/rclcpp/cmake)
[0.472s] -- Found rosidl_generator_c: 4.6.4 (/opt/ros/jazzy/share/rosidl_generator_c/cmake)
[0.486s] -- Found rosidl_generator_cpp: 4.6.4 (/opt/ros/jazzy/share/rosidl_generator_cpp/cmake)
[0.503s] -- Using all available rosidl_typesupport_c: rosidl_typesupport_fastrtps_c;rosidl_typesupport_introspection_c
[0.522s] -- Using all available rosidl_typesupport_cpp: rosidl_typesupport_fastrtps_cpp;rosidl_typesupport_introspection_cpp
[0.612s] -- Found rmw_implementation_cmake: 7.3.1 (/opt/ros/jazzy/share/rmw_implementation_cmake/cmake)
[0.614s] -- Found rmw_cyclonedds_cpp: 2.2.2 (/opt/ros/jazzy/share/rmw_cyclonedds_cpp/cmake)
[0.643s] -- Using RMW implementation 'rmw_cyclonedds_cpp' as default
[0.721s] -- Found rclpy: 7.1.2 (/opt/ros/jazzy/share/rclpy/cmake)
[0.721s] -- Found std_msgs: 5.3.5 (/opt/ros/jazzy/share/std_msgs/cmake)
[0.752s] -- Found rclcpp_lifecycle: 28.1.5 (/opt/ros/jazzy/share/rclcpp_lifecycle/cmake)
[0.805s] -- Found hardware_interface: 4.17.0 (/opt/ros/jazzy/share/hardware_interface/cmake)
[1.035s] -- Found TinyXML2 via Config file: /usr/lib/aarch64-linux-gnu/cmake/tinyxml2
[1.246s] -- Found ament_lint_auto: 0.17.1 (/opt/ros/jazzy/share/ament_lint_auto/cmake)
[1.417s] -- Added test 'copyright' to check source files copyright and LICENSE
[1.419s] -- Added test 'cppcheck' to perform static code analysis on C / C++ code
[1.419s] -- Configured cppcheck include dirs: /home/wagwan/slambot_ws/src/slambot_firmware/include
[1.420s] -- Configured cppcheck exclude dirs and/or files: 
[1.420s] -- Added test 'flake8' to check Python code syntax and style conventions
[1.421s] -- Configured 'flake8' exclude dirs and/or files: 
[1.422s] -- Added test 'lint_cmake' to check CMake code style
[1.422s] -- Added test 'pep257' to check Python code against some of the docstring style conventions in PEP 257
[1.424s] -- Added test 'uncrustify' to check C / C++ code style
[1.425s] -- Configured uncrustify additional arguments: 
[1.425s] -- Added test 'xmllint' to check XML markup files
[1.431s] -- Configuring done (1.4s)
[1.508s] -- Generating done (0.1s)
[1.520s] -- Build files have been written to: /home/wagwan/slambot_ws/build/slambot_firmware
[1.619s] [ 25%] Built target slambot_firmware
[1.621s] [ 25%] Built target ament_cmake_python_copy_slambot_firmware
[1.637s] [ 50%] Built target simple_serial_receiver
[1.642s] [ 75%] Built target simple_serial_transmitter
[1.679s] [100%] Built target simple_lifecycle_node
[1.925s] running egg_info
[1.950s] writing slambot_firmware.egg-info/PKG-INFO
[1.951s] writing dependency_links to slambot_firmware.egg-info/dependency_links.txt
[1.955s] writing top-level names to slambot_firmware.egg-info/top_level.txt
[2.027s] reading manifest file 'slambot_firmware.egg-info/SOURCES.txt'
[2.028s] writing manifest file 'slambot_firmware.egg-info/SOURCES.txt'
[2.096s] [100%] Built target ament_cmake_python_build_slambot_firmware_egg
