[0.051s] Invoking command in '/home/wagwan/slambot_ws/build/slambot_firmware': CMAKE_PREFIX_PATH=${CMAKE_PREFIX_PATH}:/opt/ros/jazzy /usr/bin/cmake --build /home/wagwan/slambot_ws/build/slambot_firmware -- -j4 -l4
[0.168s] [ 50%] Built target simple_serial_transmitter
[0.169s] [ 50%] Built target simple_serial_receiver
[0.169s] [ 75%] Built target slambot_firmware
[0.177s] [ 75%] Built target ament_cmake_python_copy_slambot_firmware
[0.219s] [100%] Built target simple_lifecycle_node
[0.480s] running egg_info
[0.504s] writing slambot_firmware.egg-info/PKG-INFO
[0.504s] writing dependency_links to slambot_firmware.egg-info/dependency_links.txt
[0.507s] writing top-level names to slambot_firmware.egg-info/top_level.txt
[0.576s] reading manifest file 'slambot_firmware.egg-info/SOURCES.txt'
[0.577s] writing manifest file 'slambot_firmware.egg-info/SOURCES.txt'
[0.644s] [100%] Built target ament_cmake_python_build_slambot_firmware_egg
[0.666s] Invoked command in '/home/wagwan/slambot_ws/build/slambot_firmware' returned '0': CMAKE_PREFIX_PATH=${CMAKE_PREFIX_PATH}:/opt/ros/jazzy /usr/bin/cmake --build /home/wagwan/slambot_ws/build/slambot_firmware -- -j4 -l4
[0.722s] Invoking command in '/home/wagwan/slambot_ws/build/slambot_firmware': CMAKE_PREFIX_PATH=${CMAKE_PREFIX_PATH}:/opt/ros/jazzy /usr/bin/cmake --install /home/wagwan/slambot_ws/build/slambot_firmware
[0.739s] -- Install configuration: ""
[0.739s] -- Up-to-date: /home/wagwan/slambot_ws/install/slambot_firmware/share/slambot_firmware/environment/pythonpath.sh
[0.740s] -- Up-to-date: /home/wagwan/slambot_ws/install/slambot_firmware/share/slambot_firmware/environment/pythonpath.dsv
[0.740s] -- Up-to-date: /home/wagwan/slambot_ws/install/slambot_firmware/lib/python3.12/site-packages/slambot_firmware-0.0.0-py3.12.egg-info
[0.740s] -- Installing: /home/wagwan/slambot_ws/install/slambot_firmware/lib/python3.12/site-packages/slambot_firmware-0.0.0-py3.12.egg-info/dependency_links.txt
[0.740s] -- Installing: /home/wagwan/slambot_ws/install/slambot_firmware/lib/python3.12/site-packages/slambot_firmware-0.0.0-py3.12.egg-info/PKG-INFO
[0.740s] -- Installing: /home/wagwan/slambot_ws/install/slambot_firmware/lib/python3.12/site-packages/slambot_firmware-0.0.0-py3.12.egg-info/top_level.txt
[0.740s] -- Installing: /home/wagwan/slambot_ws/install/slambot_firmware/lib/python3.12/site-packages/slambot_firmware-0.0.0-py3.12.egg-info/SOURCES.txt
[0.740s] -- Up-to-date: /home/wagwan/slambot_ws/install/slambot_firmware/lib/python3.12/site-packages/slambot_firmware
[0.740s] -- Up-to-date: /home/wagwan/slambot_ws/install/slambot_firmware/lib/python3.12/site-packages/slambot_firmware/mpu6050_driver.py
[0.740s] -- Up-to-date: /home/wagwan/slambot_ws/install/slambot_firmware/lib/python3.12/site-packages/slambot_firmware/__init__.py
[0.789s] Listing '/home/wagwan/slambot_ws/install/slambot_firmware/lib/python3.12/site-packages/slambot_firmware'...
[0.801s] -- Up-to-date: /home/wagwan/slambot_ws/install/slambot_firmware/share/slambot_firmware/slambot_interface.xml
[0.801s] -- Up-to-date: /home/wagwan/slambot_ws/install/slambot_firmware/lib/libslambot_firmware.so
[0.801s] -- Up-to-date: /home/wagwan/slambot_ws/install/slambot_firmware/include/include
[0.802s] -- Up-to-date: /home/wagwan/slambot_ws/install/slambot_firmware/include/include/slambot_firmware
[0.802s] -- Up-to-date: /home/wagwan/slambot_ws/install/slambot_firmware/include/include/slambot_firmware/slambot_interface.hpp
[0.802s] -- Up-to-date: /home/wagwan/slambot_ws/install/slambot_firmware/lib/slambot_firmware/mpu6050_driver.py
[0.802s] -- Up-to-date: /home/wagwan/slambot_ws/install/slambot_firmware/share/slambot_firmware/launch
[0.802s] -- Up-to-date: /home/wagwan/slambot_ws/install/slambot_firmware/share/slambot_firmware/launch/hardware_interface.launch.py
[0.802s] -- Up-to-date: /home/wagwan/slambot_ws/install/slambot_firmware/lib/slambot_firmware/simple_serial_transmitter
[0.802s] -- Up-to-date: /home/wagwan/slambot_ws/install/slambot_firmware/lib/slambot_firmware/simple_serial_receiver
[0.803s] -- Up-to-date: /home/wagwan/slambot_ws/install/slambot_firmware/lib/slambot_firmware/simple_lifecycle_node
[0.803s] -- Up-to-date: /home/wagwan/slambot_ws/install/slambot_firmware/share/slambot_firmware/environment/library_path.sh
[0.803s] -- Up-to-date: /home/wagwan/slambot_ws/install/slambot_firmware/share/slambot_firmware/environment/library_path.dsv
[0.803s] -- Up-to-date: /home/wagwan/slambot_ws/install/slambot_firmware/share/ament_index/resource_index/package_run_dependencies/slambot_firmware
[0.803s] -- Up-to-date: /home/wagwan/slambot_ws/install/slambot_firmware/share/ament_index/resource_index/parent_prefix_path/slambot_firmware
[0.804s] -- Up-to-date: /home/wagwan/slambot_ws/install/slambot_firmware/share/slambot_firmware/environment/ament_prefix_path.sh
[0.804s] -- Up-to-date: /home/wagwan/slambot_ws/install/slambot_firmware/share/slambot_firmware/environment/ament_prefix_path.dsv
[0.804s] -- Up-to-date: /home/wagwan/slambot_ws/install/slambot_firmware/share/slambot_firmware/environment/path.sh
[0.804s] -- Up-to-date: /home/wagwan/slambot_ws/install/slambot_firmware/share/slambot_firmware/environment/path.dsv
[0.804s] -- Up-to-date: /home/wagwan/slambot_ws/install/slambot_firmware/share/slambot_firmware/local_setup.bash
[0.804s] -- Up-to-date: /home/wagwan/slambot_ws/install/slambot_firmware/share/slambot_firmware/local_setup.sh
[0.804s] -- Up-to-date: /home/wagwan/slambot_ws/install/slambot_firmware/share/slambot_firmware/local_setup.zsh
[0.804s] -- Up-to-date: /home/wagwan/slambot_ws/install/slambot_firmware/share/slambot_firmware/local_setup.dsv
[0.804s] -- Installing: /home/wagwan/slambot_ws/install/slambot_firmware/share/slambot_firmware/package.dsv
[0.805s] -- Up-to-date: /home/wagwan/slambot_ws/install/slambot_firmware/share/ament_index/resource_index/packages/slambot_firmware
[0.805s] -- Up-to-date: /home/wagwan/slambot_ws/install/slambot_firmware/share/ament_index/resource_index/hardware_interface__pluginlib__plugin/slambot_firmware
[0.805s] -- Up-to-date: /home/wagwan/slambot_ws/install/slambot_firmware/share/slambot_firmware/cmake/ament_cmake_export_include_directories-extras.cmake
[0.805s] -- Up-to-date: /home/wagwan/slambot_ws/install/slambot_firmware/share/slambot_firmware/cmake/ament_cmake_export_libraries-extras.cmake
[0.805s] -- Up-to-date: /home/wagwan/slambot_ws/install/slambot_firmware/share/slambot_firmware/cmake/ament_cmake_export_dependencies-extras.cmake
[0.805s] -- Up-to-date: /home/wagwan/slambot_ws/install/slambot_firmware/share/slambot_firmware/cmake/slambot_firmwareConfig.cmake
[0.805s] -- Up-to-date: /home/wagwan/slambot_ws/install/slambot_firmware/share/slambot_firmware/cmake/slambot_firmwareConfig-version.cmake
[0.805s] -- Up-to-date: /home/wagwan/slambot_ws/install/slambot_firmware/share/slambot_firmware/package.xml
[0.809s] Invoked command in '/home/wagwan/slambot_ws/build/slambot_firmware' returned '0': CMAKE_PREFIX_PATH=${CMAKE_PREFIX_PATH}:/opt/ros/jazzy /usr/bin/cmake --install /home/wagwan/slambot_ws/build/slambot_firmware
