[0.112s] Invoking command in '/home/einstein/Desktop/ros2_control_Slambot/build/slambot_firmware': CMAKE_PREFIX_PATH=/opt/ros/humble /usr/bin/cmake --build /home/einstein/Desktop/ros2_control_Slambot/build/slambot_firmware -- -j8 -l8
[0.231s] [ 25%] Built target simple_lifecycle_node
[0.232s] [ 50%] Built target simple_serial_receiver
[0.233s] [ 75%] Built target simple_serial_transmitter
[0.236s] [100%] Built target slambot_firmware
[0.290s] Invoked command in '/home/einstein/Desktop/ros2_control_Slambot/build/slambot_firmware' returned '0': CMAKE_PREFIX_PATH=/opt/ros/humble /usr/bin/cmake --build /home/einstein/Desktop/ros2_control_Slambot/build/slambot_firmware -- -j8 -l8
[0.335s] Invoking command in '/home/einstein/Desktop/ros2_control_Slambot/build/slambot_firmware': CMAKE_PREFIX_PATH=/opt/ros/humble /usr/bin/cmake --install /home/einstein/Desktop/ros2_control_Slambot/build/slambot_firmware
[0.346s] -- Install configuration: ""
[0.346s] -- Up-to-date: /home/einstein/Desktop/ros2_control_Slambot/install/slambot_firmware/share/slambot_firmware/slambot_interface.xml
[0.350s] -- Up-to-date: /home/einstein/Desktop/ros2_control_Slambot/install/slambot_firmware/lib/libslambot_firmware.so
[0.350s] -- Up-to-date: /home/einstein/Desktop/ros2_control_Slambot/install/slambot_firmware/include/include
[0.350s] -- Up-to-date: /home/einstein/Desktop/ros2_control_Slambot/install/slambot_firmware/include/include/slambot_firmware
[0.350s] -- Up-to-date: /home/einstein/Desktop/ros2_control_Slambot/install/slambot_firmware/include/include/slambot_firmware/slambot_interface.hpp
[0.350s] -- Up-to-date: /home/einstein/Desktop/ros2_control_Slambot/install/slambot_firmware/share/slambot_firmware/launch
[0.350s] -- Up-to-date: /home/einstein/Desktop/ros2_control_Slambot/install/slambot_firmware/share/slambot_firmware/launch/hardware_interface.launch.py
[0.352s] -- Up-to-date: /home/einstein/Desktop/ros2_control_Slambot/install/slambot_firmware/lib/slambot_firmware/simple_serial_transmitter
[0.353s] -- Up-to-date: /home/einstein/Desktop/ros2_control_Slambot/install/slambot_firmware/lib/slambot_firmware/simple_serial_receiver
[0.355s] -- Up-to-date: /home/einstein/Desktop/ros2_control_Slambot/install/slambot_firmware/lib/slambot_firmware/simple_lifecycle_node
[0.355s] -- Up-to-date: /home/einstein/Desktop/ros2_control_Slambot/install/slambot_firmware/share/slambot_firmware/environment/library_path.sh
[0.355s] -- Up-to-date: /home/einstein/Desktop/ros2_control_Slambot/install/slambot_firmware/share/slambot_firmware/environment/library_path.dsv
[0.355s] -- Up-to-date: /home/einstein/Desktop/ros2_control_Slambot/install/slambot_firmware/share/ament_index/resource_index/package_run_dependencies/slambot_firmware
[0.356s] -- Up-to-date: /home/einstein/Desktop/ros2_control_Slambot/install/slambot_firmware/share/ament_index/resource_index/parent_prefix_path/slambot_firmware
[0.356s] -- Up-to-date: /home/einstein/Desktop/ros2_control_Slambot/install/slambot_firmware/share/slambot_firmware/environment/ament_prefix_path.sh
[0.356s] -- Up-to-date: /home/einstein/Desktop/ros2_control_Slambot/install/slambot_firmware/share/slambot_firmware/environment/ament_prefix_path.dsv
[0.356s] -- Up-to-date: /home/einstein/Desktop/ros2_control_Slambot/install/slambot_firmware/share/slambot_firmware/environment/path.sh
[0.356s] -- Up-to-date: /home/einstein/Desktop/ros2_control_Slambot/install/slambot_firmware/share/slambot_firmware/environment/path.dsv
[0.356s] -- Up-to-date: /home/einstein/Desktop/ros2_control_Slambot/install/slambot_firmware/share/slambot_firmware/local_setup.bash
[0.356s] -- Up-to-date: /home/einstein/Desktop/ros2_control_Slambot/install/slambot_firmware/share/slambot_firmware/local_setup.sh
[0.356s] -- Up-to-date: /home/einstein/Desktop/ros2_control_Slambot/install/slambot_firmware/share/slambot_firmware/local_setup.zsh
[0.356s] -- Up-to-date: /home/einstein/Desktop/ros2_control_Slambot/install/slambot_firmware/share/slambot_firmware/local_setup.dsv
[0.356s] -- Installing: /home/einstein/Desktop/ros2_control_Slambot/install/slambot_firmware/share/slambot_firmware/package.dsv
[0.356s] -- Up-to-date: /home/einstein/Desktop/ros2_control_Slambot/install/slambot_firmware/share/ament_index/resource_index/packages/slambot_firmware
[0.356s] -- Up-to-date: /home/einstein/Desktop/ros2_control_Slambot/install/slambot_firmware/share/ament_index/resource_index/hardware_interface__pluginlib__plugin/slambot_firmware
[0.356s] -- Up-to-date: /home/einstein/Desktop/ros2_control_Slambot/install/slambot_firmware/share/slambot_firmware/cmake/ament_cmake_export_include_directories-extras.cmake
[0.356s] -- Up-to-date: /home/einstein/Desktop/ros2_control_Slambot/install/slambot_firmware/share/slambot_firmware/cmake/ament_cmake_export_libraries-extras.cmake
[0.357s] -- Up-to-date: /home/einstein/Desktop/ros2_control_Slambot/install/slambot_firmware/share/slambot_firmware/cmake/ament_cmake_export_dependencies-extras.cmake
[0.357s] -- Up-to-date: /home/einstein/Desktop/ros2_control_Slambot/install/slambot_firmware/share/slambot_firmware/cmake/slambot_firmwareConfig.cmake
[0.357s] -- Up-to-date: /home/einstein/Desktop/ros2_control_Slambot/install/slambot_firmware/share/slambot_firmware/cmake/slambot_firmwareConfig-version.cmake
[0.357s] -- Up-to-date: /home/einstein/Desktop/ros2_control_Slambot/install/slambot_firmware/share/slambot_firmware/package.xml
[0.358s] Invoked command in '/home/einstein/Desktop/ros2_control_Slambot/build/slambot_firmware' returned '0': CMAKE_PREFIX_PATH=/opt/ros/humble /usr/bin/cmake --install /home/einstein/Desktop/ros2_control_Slambot/build/slambot_firmware
