[0.015s] Invoking command in '/home/einstein/Desktop/ros2_control_Slambot/build/slambot_description': CMAKE_PREFIX_PATH=/opt/ros/humble /usr/bin/cmake /home/einstein/Desktop/ros2_control_Slambot/src/slambot_description -DCMAKE_INSTALL_PREFIX=/home/einstein/Desktop/ros2_control_Slambot/install/slambot_description
[0.062s] -- The C compiler identification is GNU 11.4.0
[0.111s] -- The CXX compiler identification is GNU 11.4.0
[0.117s] -- Detecting C compiler ABI info
[0.182s] -- Detecting C compiler ABI info - done
[0.191s] -- Check for working C compiler: /usr/bin/cc - skipped
[0.192s] -- Detecting C compile features
[0.192s] -- Detecting C compile features - done
[0.195s] -- Detecting CXX compiler ABI info
[0.257s] -- Detecting CXX compiler ABI info - done
[0.263s] -- Check for working CXX compiler: /usr/bin/c++ - skipped
[0.263s] -- Detecting CXX compile features
[0.264s] -- Detecting CXX compile features - done
[0.266s] -- Found ament_cmake: 1.3.10 (/opt/ros/humble/share/ament_cmake/cmake)
[0.396s] -- Found Python3: /usr/bin/python3 (found version "3.10.12") found components: Interpreter 
[0.501s] -- Found urdf: 2.6.1 (/opt/ros/humble/share/urdf/cmake)
[0.766s] -- Configuring done
[0.768s] -- Generating done
[0.768s] -- Build files have been written to: /home/einstein/Desktop/ros2_control_Slambot/build/slambot_description
[0.773s] Invoked command in '/home/einstein/Desktop/ros2_control_Slambot/build/slambot_description' returned '0': CMAKE_PREFIX_PATH=/opt/ros/humble /usr/bin/cmake /home/einstein/Desktop/ros2_control_Slambot/src/slambot_description -DCMAKE_INSTALL_PREFIX=/home/einstein/Desktop/ros2_control_Slambot/install/slambot_description
[0.774s] Invoking command in '/home/einstein/Desktop/ros2_control_Slambot/build/slambot_description': CMAKE_PREFIX_PATH=/opt/ros/humble /usr/bin/cmake --build /home/einstein/Desktop/ros2_control_Slambot/build/slambot_description -- -j8 -l8
[0.801s] Invoked command in '/home/einstein/Desktop/ros2_control_Slambot/build/slambot_description' returned '0': CMAKE_PREFIX_PATH=/opt/ros/humble /usr/bin/cmake --build /home/einstein/Desktop/ros2_control_Slambot/build/slambot_description -- -j8 -l8
[0.818s] Invoking command in '/home/einstein/Desktop/ros2_control_Slambot/build/slambot_description': CMAKE_PREFIX_PATH=/opt/ros/humble /usr/bin/cmake --install /home/einstein/Desktop/ros2_control_Slambot/build/slambot_description
[0.827s] -- Install configuration: ""
[0.827s] -- Installing: /home/einstein/Desktop/ros2_control_Slambot/install/slambot_description/share/slambot_description/meshes
[0.827s] -- Installing: /home/einstein/Desktop/ros2_control_Slambot/install/slambot_description/share/slambot_description/meshes/Motor_GM25-370_v1_1.stl
[0.848s] -- Installing: /home/einstein/Desktop/ros2_control_Slambot/install/slambot_description/share/slambot_description/meshes/Motor_Bracket_v1_1.stl
[0.851s] -- Installing: /home/einstein/Desktop/ros2_control_Slambot/install/slambot_description/share/slambot_description/meshes/Top2BottomSupport_v1_1.stl
[0.854s] -- Installing: /home/einstein/Desktop/ros2_control_Slambot/install/slambot_description/share/slambot_description/meshes/Caster_40mm_Wheel_30mm_v1_1.stl
[0.861s] -- Installing: /home/einstein/Desktop/ros2_control_Slambot/install/slambot_description/share/slambot_description/meshes/Top2BottomSupport_v1_2.stl
[0.863s] -- Installing: /home/einstein/Desktop/ros2_control_Slambot/install/slambot_description/share/slambot_description/meshes/85mm_Wheel_v1_2.stl
[1.282s] -- Installing: /home/einstein/Desktop/ros2_control_Slambot/install/slambot_description/share/slambot_description/meshes/EYE_BALL_CASTOR_SOCKS_Circular_Aesthetic _2.stl
[1.286s] -- Installing: /home/einstein/Desktop/ros2_control_Slambot/install/slambot_description/share/slambot_description/meshes/Top_v1_1.stl
[1.289s] -- Installing: /home/einstein/Desktop/ros2_control_Slambot/install/slambot_description/share/slambot_description/meshes/Motor_Bracket_v1_2.stl
[1.292s] -- Installing: /home/einstein/Desktop/ros2_control_Slambot/install/slambot_description/share/slambot_description/meshes/Top2BottomSupport_v1_3.stl
[1.295s] -- Installing: /home/einstein/Desktop/ros2_control_Slambot/install/slambot_description/share/slambot_description/meshes/base_link.stl
[1.302s] -- Installing: /home/einstein/Desktop/ros2_control_Slambot/install/slambot_description/share/slambot_description/meshes/LidarTop_v1_1.stl
[1.307s] -- Installing: /home/einstein/Desktop/ros2_control_Slambot/install/slambot_description/share/slambot_description/meshes/RC_coupling_v1_1.stl
[1.344s] -- Installing: /home/einstein/Desktop/ros2_control_Slambot/install/slambot_description/share/slambot_description/meshes/Caster Ball Wheel v1 _2.stl
[1.369s] -- Installing: /home/einstein/Desktop/ros2_control_Slambot/install/slambot_description/share/slambot_description/meshes/Caster_40mm_Wheel_30mm_v1_2.stl
[1.377s] -- Installing: /home/einstein/Desktop/ros2_control_Slambot/install/slambot_description/share/slambot_description/meshes/Caster_40mm_Swivel_plate_v1_2.stl
[1.400s] -- Installing: /home/einstein/Desktop/ros2_control_Slambot/install/slambot_description/share/slambot_description/meshes/Caster_40mm_Wheel_support_v1_1.stl
[1.424s] -- Installing: /home/einstein/Desktop/ros2_control_Slambot/install/slambot_description/share/slambot_description/meshes/20V_Battery_Holder_v1_1.stl
[1.427s] -- Installing: /home/einstein/Desktop/ros2_control_Slambot/install/slambot_description/share/slambot_description/meshes/RC_coupling_v1_2.stl
[1.471s] -- Installing: /home/einstein/Desktop/ros2_control_Slambot/install/slambot_description/share/slambot_description/meshes/Caster_40mm_Swivel_plate_v1_1.stl
[1.495s] -- Installing: /home/einstein/Desktop/ros2_control_Slambot/install/slambot_description/share/slambot_description/meshes/Caster Ball Wheel v1_1.stl
[1.520s] -- Installing: /home/einstein/Desktop/ros2_control_Slambot/install/slambot_description/share/slambot_description/meshes/Motor_GM25-370_v1_2.stl
[1.540s] -- Installing: /home/einstein/Desktop/ros2_control_Slambot/install/slambot_description/share/slambot_description/meshes/Caster_40mm_Wheel_support_v1_2.stl
[1.563s] -- Installing: /home/einstein/Desktop/ros2_control_Slambot/install/slambot_description/share/slambot_description/meshes/CastorWheel_Socks_v3_1.stl
[1.568s] -- Installing: /home/einstein/Desktop/ros2_control_Slambot/install/slambot_description/share/slambot_description/meshes/CastorWheel_Socks_v3_2.stl
[1.572s] -- Installing: /home/einstein/Desktop/ros2_control_Slambot/install/slambot_description/share/slambot_description/meshes/Top2BottomSupport_v1_4.stl
[1.575s] -- Installing: /home/einstein/Desktop/ros2_control_Slambot/install/slambot_description/share/slambot_description/meshes/85mm_Wheel_v1_1.stl
[1.992s] -- Installing: /home/einstein/Desktop/ros2_control_Slambot/install/slambot_description/share/slambot_description/meshes/lidarBase_v2_1.stl
[1.999s] -- Installing: /home/einstein/Desktop/ros2_control_Slambot/install/slambot_description/share/slambot_description/meshes/EYE_BALL_CASTOR_SOCKS_Circular_Aesthetic _1.stl
[2.004s] -- Installing: /home/einstein/Desktop/ros2_control_Slambot/install/slambot_description/share/slambot_description/meshes_version_2
[2.004s] -- Installing: /home/einstein/Desktop/ros2_control_Slambot/install/slambot_description/share/slambot_description/meshes_version_2/85mm_Wheel.stl
[2.022s] -- Installing: /home/einstein/Desktop/ros2_control_Slambot/install/slambot_description/share/slambot_description/meshes_version_2/Base_Link.stl
[2.027s] -- Installing: /home/einstein/Desktop/ros2_control_Slambot/install/slambot_description/share/slambot_description/meshes_version_2/Eye_Ball.stl
[2.027s] -- Installing: /home/einstein/Desktop/ros2_control_Slambot/install/slambot_description/share/slambot_description/meshes_version_2/LidarTop.stl
[2.028s] -- Installing: /home/einstein/Desktop/ros2_control_Slambot/install/slambot_description/share/slambot_description/meshes_version_2/ROBOT_ASSEMBLY.stl
[2.032s] -- Installing: /home/einstein/Desktop/ros2_control_Slambot/install/slambot_description/share/slambot_description/meshes_version_2/MPU60501.stl
[2.033s] -- Installing: /home/einstein/Desktop/ros2_control_Slambot/install/slambot_description/share/slambot_description/meshes_version_2/MPU6050.stl
[2.033s] -- Installing: /home/einstein/Desktop/ros2_control_Slambot/install/slambot_description/share/slambot_description/urdf
[2.033s] -- Installing: /home/einstein/Desktop/ros2_control_Slambot/install/slambot_description/share/slambot_description/urdf/slambot.urdf.xacro
[2.033s] -- Installing: /home/einstein/Desktop/ros2_control_Slambot/install/slambot_description/share/slambot_description/urdf/gazebo_control.xacro
[2.033s] -- Installing: /home/einstein/Desktop/ros2_control_Slambot/install/slambot_description/share/slambot_description/urdf/lidar.xacro
[2.040s] -- Installing: /home/einstein/Desktop/ros2_control_Slambot/install/slambot_description/share/slambot_description/urdf/bot.trans
[2.040s] -- Installing: /home/einstein/Desktop/ros2_control_Slambot/install/slambot_description/share/slambot_description/urdf/pentaslam.urdf.xacro
[2.040s] -- Installing: /home/einstein/Desktop/ros2_control_Slambot/install/slambot_description/share/slambot_description/urdf/materials.xacro
[2.040s] -- Installing: /home/einstein/Desktop/ros2_control_Slambot/install/slambot_description/share/slambot_description/urdf/pentaslam_ros2_control.xacro
[2.040s] -- Installing: /home/einstein/Desktop/ros2_control_Slambot/install/slambot_description/share/slambot_description/urdf/bot_core.xacro
[2.040s] -- Installing: /home/einstein/Desktop/ros2_control_Slambot/install/slambot_description/share/slambot_description/urdf/slambot_ros2_control.xacro
[2.041s] -- Installing: /home/einstein/Desktop/ros2_control_Slambot/install/slambot_description/share/slambot_description/urdf/pentaslam_gazebo.xacro
[2.041s] -- Installing: /home/einstein/Desktop/ros2_control_Slambot/install/slambot_description/share/slambot_description/urdf/slambot_gazebo.xacro
[2.041s] -- Installing: /home/einstein/Desktop/ros2_control_Slambot/install/slambot_description/share/slambot_description/launch
[2.041s] -- Installing: /home/einstein/Desktop/ros2_control_Slambot/install/slambot_description/share/slambot_description/launch/display.launch.py
[2.041s] -- Installing: /home/einstein/Desktop/ros2_control_Slambot/install/slambot_description/share/slambot_description/launch/gazebo.launch.py
[2.042s] -- Up-to-date: /home/einstein/Desktop/ros2_control_Slambot/install/slambot_description/share/slambot_description/urdf
[2.042s] -- Up-to-date: /home/einstein/Desktop/ros2_control_Slambot/install/slambot_description/share/slambot_description/urdf/slambot.urdf.xacro
[2.042s] -- Up-to-date: /home/einstein/Desktop/ros2_control_Slambot/install/slambot_description/share/slambot_description/urdf/gazebo_control.xacro
[2.042s] -- Up-to-date: /home/einstein/Desktop/ros2_control_Slambot/install/slambot_description/share/slambot_description/urdf/lidar.xacro
[2.042s] -- Up-to-date: /home/einstein/Desktop/ros2_control_Slambot/install/slambot_description/share/slambot_description/urdf/bot.trans
[2.042s] -- Up-to-date: /home/einstein/Desktop/ros2_control_Slambot/install/slambot_description/share/slambot_description/urdf/pentaslam.urdf.xacro
[2.042s] -- Up-to-date: /home/einstein/Desktop/ros2_control_Slambot/install/slambot_description/share/slambot_description/urdf/materials.xacro
[2.042s] -- Up-to-date: /home/einstein/Desktop/ros2_control_Slambot/install/slambot_description/share/slambot_description/urdf/pentaslam_ros2_control.xacro
[2.042s] -- Up-to-date: /home/einstein/Desktop/ros2_control_Slambot/install/slambot_description/share/slambot_description/urdf/bot_core.xacro
[2.042s] -- Up-to-date: /home/einstein/Desktop/ros2_control_Slambot/install/slambot_description/share/slambot_description/urdf/slambot_ros2_control.xacro
[2.042s] -- Up-to-date: /home/einstein/Desktop/ros2_control_Slambot/install/slambot_description/share/slambot_description/urdf/pentaslam_gazebo.xacro
[2.042s] -- Up-to-date: /home/einstein/Desktop/ros2_control_Slambot/install/slambot_description/share/slambot_description/urdf/slambot_gazebo.xacro
[2.042s] -- Installing: /home/einstein/Desktop/ros2_control_Slambot/install/slambot_description/share/slambot_description/rviz
[2.042s] -- Installing: /home/einstein/Desktop/ros2_control_Slambot/install/slambot_description/share/slambot_description/rviz/display.rviz
[2.042s] -- Installing: /home/einstein/Desktop/ros2_control_Slambot/install/slambot_description/share/ament_index/resource_index/package_run_dependencies/slambot_description
[2.042s] -- Installing: /home/einstein/Desktop/ros2_control_Slambot/install/slambot_description/share/ament_index/resource_index/parent_prefix_path/slambot_description
[2.042s] -- Installing: /home/einstein/Desktop/ros2_control_Slambot/install/slambot_description/share/slambot_description/environment/ament_prefix_path.sh
[2.042s] -- Installing: /home/einstein/Desktop/ros2_control_Slambot/install/slambot_description/share/slambot_description/environment/ament_prefix_path.dsv
[2.042s] -- Installing: /home/einstein/Desktop/ros2_control_Slambot/install/slambot_description/share/slambot_description/environment/path.sh
[2.043s] -- Installing: /home/einstein/Desktop/ros2_control_Slambot/install/slambot_description/share/slambot_description/environment/path.dsv
[2.043s] -- Installing: /home/einstein/Desktop/ros2_control_Slambot/install/slambot_description/share/slambot_description/local_setup.bash
[2.043s] -- Installing: /home/einstein/Desktop/ros2_control_Slambot/install/slambot_description/share/slambot_description/local_setup.sh
[2.043s] -- Installing: /home/einstein/Desktop/ros2_control_Slambot/install/slambot_description/share/slambot_description/local_setup.zsh
[2.043s] -- Installing: /home/einstein/Desktop/ros2_control_Slambot/install/slambot_description/share/slambot_description/local_setup.dsv
[2.043s] -- Installing: /home/einstein/Desktop/ros2_control_Slambot/install/slambot_description/share/slambot_description/package.dsv
[2.043s] -- Installing: /home/einstein/Desktop/ros2_control_Slambot/install/slambot_description/share/ament_index/resource_index/packages/slambot_description
[2.043s] -- Installing: /home/einstein/Desktop/ros2_control_Slambot/install/slambot_description/share/slambot_description/cmake/slambot_descriptionConfig.cmake
[2.043s] -- Installing: /home/einstein/Desktop/ros2_control_Slambot/install/slambot_description/share/slambot_description/cmake/slambot_descriptionConfig-version.cmake
[2.043s] -- Installing: /home/einstein/Desktop/ros2_control_Slambot/install/slambot_description/share/slambot_description/package.xml
[2.045s] Invoked command in '/home/einstein/Desktop/ros2_control_Slambot/build/slambot_description' returned '0': CMAKE_PREFIX_PATH=/opt/ros/humble /usr/bin/cmake --install /home/einstein/Desktop/ros2_control_Slambot/build/slambot_description
