[0.066s] DEBUG:colcon:Command line arguments: ['/usr/bin/colcon', 'build']
[0.066s] DEBUG:colcon:Parsed command line arguments: Namespace(log_base=None, log_level=None, verb_name='build', build_base='build', install_base='install', merge_install=False, symlink_install=False, test_result_base=None, continue_on_error=False, executor='parallel', parallel_workers=8, event_handlers=None, ignore_user_meta=False, metas=['./colcon.meta'], base_paths=['.'], packages_ignore=None, packages_ignore_regex=None, paths=None, packages_up_to=None, packages_up_to_regex=None, packages_above=None, packages_above_and_dependencies=None, packages_above_depth=None, packages_select_by_dep=None, packages_skip_by_dep=None, packages_skip_up_to=None, packages_select_build_failed=False, packages_skip_build_finished=False, packages_select_test_failures=False, packages_skip_test_passed=False, packages_select=None, packages_skip=None, packages_select_regex=None, packages_skip_regex=None, packages_start=None, packages_end=None, allow_overriding=[], cmake_args=None, cmake_target=None, cmake_target_skip_unavailable=False, cmake_clean_cache=False, cmake_clean_first=False, cmake_force_configure=False, ament_cmake_args=None, catkin_cmake_args=None, catkin_skip_building_tests=False, verb_parser=<colcon_defaults.argument_parser.defaults.DefaultArgumentsDecorator object at 0x7cebd6558b50>, verb_extension=<colcon_core.verb.build.BuildVerb object at 0x7cebd66596f0>, main=<bound method BuildVerb.main of <colcon_core.verb.build.BuildVerb object at 0x7cebd66596f0>>)
[0.173s] Level 1:colcon.colcon_core.package_discovery:discover_packages(colcon_meta) check parameters
[0.173s] Level 1:colcon.colcon_core.package_discovery:discover_packages(recursive) check parameters
[0.173s] Level 1:colcon.colcon_core.package_discovery:discover_packages(ignore) check parameters
[0.173s] Level 1:colcon.colcon_core.package_discovery:discover_packages(path) check parameters
[0.173s] Level 1:colcon.colcon_core.package_discovery:discover_packages(colcon_meta) discover
[0.173s] Level 1:colcon.colcon_core.package_discovery:discover_packages(recursive) discover
[0.173s] INFO:colcon.colcon_core.package_discovery:Crawling recursively for packages in '/home/einstein/Desktop/ros2_control_Slambot'
[0.173s] Level 1:colcon.colcon_core.package_identification:_identify(.) by extensions ['ignore', 'ignore_ament_install']
[0.173s] Level 1:colcon.colcon_core.package_identification:_identify(.) by extension 'ignore'
[0.173s] Level 1:colcon.colcon_core.package_identification:_identify(.) by extension 'ignore_ament_install'
[0.173s] Level 1:colcon.colcon_core.package_identification:_identify(.) by extensions ['colcon_pkg']
[0.173s] Level 1:colcon.colcon_core.package_identification:_identify(.) by extension 'colcon_pkg'
[0.173s] Level 1:colcon.colcon_core.package_identification:_identify(.) by extensions ['colcon_meta']
[0.173s] Level 1:colcon.colcon_core.package_identification:_identify(.) by extension 'colcon_meta'
[0.173s] Level 1:colcon.colcon_core.package_identification:_identify(.) by extensions ['ros']
[0.173s] Level 1:colcon.colcon_core.package_identification:_identify(.) by extension 'ros'
[0.180s] Level 1:colcon.colcon_core.package_identification:_identify(.) by extensions ['cmake', 'python']
[0.181s] Level 1:colcon.colcon_core.package_identification:_identify(.) by extension 'cmake'
[0.181s] Level 1:colcon.colcon_core.package_identification:_identify(.) by extension 'python'
[0.181s] Level 1:colcon.colcon_core.package_identification:_identify(.) by extensions ['python_setup_py']
[0.181s] Level 1:colcon.colcon_core.package_identification:_identify(.) by extension 'python_setup_py'
[0.181s] Level 1:colcon.colcon_core.package_identification:_identify(build) by extensions ['ignore', 'ignore_ament_install']
[0.181s] Level 1:colcon.colcon_core.package_identification:_identify(build) by extension 'ignore'
[0.181s] Level 1:colcon.colcon_core.package_identification:_identify(build) ignored
[0.181s] Level 1:colcon.colcon_core.package_identification:_identify(install) by extensions ['ignore', 'ignore_ament_install']
[0.181s] Level 1:colcon.colcon_core.package_identification:_identify(install) by extension 'ignore'
[0.181s] Level 1:colcon.colcon_core.package_identification:_identify(install) ignored
[0.181s] Level 1:colcon.colcon_core.package_identification:_identify(log) by extensions ['ignore', 'ignore_ament_install']
[0.181s] Level 1:colcon.colcon_core.package_identification:_identify(log) by extension 'ignore'
[0.181s] Level 1:colcon.colcon_core.package_identification:_identify(log) ignored
[0.181s] Level 1:colcon.colcon_core.package_identification:_identify(src) by extensions ['ignore', 'ignore_ament_install']
[0.181s] Level 1:colcon.colcon_core.package_identification:_identify(src) by extension 'ignore'
[0.181s] Level 1:colcon.colcon_core.package_identification:_identify(src) by extension 'ignore_ament_install'
[0.181s] Level 1:colcon.colcon_core.package_identification:_identify(src) by extensions ['colcon_pkg']
[0.181s] Level 1:colcon.colcon_core.package_identification:_identify(src) by extension 'colcon_pkg'
[0.181s] Level 1:colcon.colcon_core.package_identification:_identify(src) by extensions ['colcon_meta']
[0.181s] Level 1:colcon.colcon_core.package_identification:_identify(src) by extension 'colcon_meta'
[0.181s] Level 1:colcon.colcon_core.package_identification:_identify(src) by extensions ['ros']
[0.181s] Level 1:colcon.colcon_core.package_identification:_identify(src) by extension 'ros'
[0.181s] Level 1:colcon.colcon_core.package_identification:_identify(src) by extensions ['cmake', 'python']
[0.181s] Level 1:colcon.colcon_core.package_identification:_identify(src) by extension 'cmake'
[0.181s] Level 1:colcon.colcon_core.package_identification:_identify(src) by extension 'python'
[0.181s] Level 1:colcon.colcon_core.package_identification:_identify(src) by extensions ['python_setup_py']
[0.181s] Level 1:colcon.colcon_core.package_identification:_identify(src) by extension 'python_setup_py'
[0.182s] Level 1:colcon.colcon_core.package_identification:_identify(src/ros2_ctrl_pkg) by extensions ['ignore', 'ignore_ament_install']
[0.182s] Level 1:colcon.colcon_core.package_identification:_identify(src/ros2_ctrl_pkg) by extension 'ignore'
[0.182s] Level 1:colcon.colcon_core.package_identification:_identify(src/ros2_ctrl_pkg) by extension 'ignore_ament_install'
[0.182s] Level 1:colcon.colcon_core.package_identification:_identify(src/ros2_ctrl_pkg) by extensions ['colcon_pkg']
[0.182s] Level 1:colcon.colcon_core.package_identification:_identify(src/ros2_ctrl_pkg) by extension 'colcon_pkg'
[0.182s] Level 1:colcon.colcon_core.package_identification:_identify(src/ros2_ctrl_pkg) by extensions ['colcon_meta']
[0.182s] Level 1:colcon.colcon_core.package_identification:_identify(src/ros2_ctrl_pkg) by extension 'colcon_meta'
[0.182s] Level 1:colcon.colcon_core.package_identification:_identify(src/ros2_ctrl_pkg) by extensions ['ros']
[0.182s] Level 1:colcon.colcon_core.package_identification:_identify(src/ros2_ctrl_pkg) by extension 'ros'
[0.183s] DEBUG:colcon.colcon_core.package_identification:Package 'src/ros2_ctrl_pkg' with type 'ros.ament_cmake' and name 'ros2_ctrl_pkg'
[0.183s] Level 1:colcon.colcon_core.package_identification:_identify(src/slambot_bringup) by extensions ['ignore', 'ignore_ament_install']
[0.183s] Level 1:colcon.colcon_core.package_identification:_identify(src/slambot_bringup) by extension 'ignore'
[0.183s] Level 1:colcon.colcon_core.package_identification:_identify(src/slambot_bringup) by extension 'ignore_ament_install'
[0.183s] Level 1:colcon.colcon_core.package_identification:_identify(src/slambot_bringup) by extensions ['colcon_pkg']
[0.183s] Level 1:colcon.colcon_core.package_identification:_identify(src/slambot_bringup) by extension 'colcon_pkg'
[0.183s] Level 1:colcon.colcon_core.package_identification:_identify(src/slambot_bringup) by extensions ['colcon_meta']
[0.183s] Level 1:colcon.colcon_core.package_identification:_identify(src/slambot_bringup) by extension 'colcon_meta'
[0.184s] Level 1:colcon.colcon_core.package_identification:_identify(src/slambot_bringup) by extensions ['ros']
[0.184s] Level 1:colcon.colcon_core.package_identification:_identify(src/slambot_bringup) by extension 'ros'
[0.184s] DEBUG:colcon.colcon_core.package_identification:Package 'src/slambot_bringup' with type 'ros.ament_cmake' and name 'slambot_bringup'
[0.184s] Level 1:colcon.colcon_core.package_identification:_identify(src/slambot_controller) by extensions ['ignore', 'ignore_ament_install']
[0.184s] Level 1:colcon.colcon_core.package_identification:_identify(src/slambot_controller) by extension 'ignore'
[0.184s] Level 1:colcon.colcon_core.package_identification:_identify(src/slambot_controller) by extension 'ignore_ament_install'
[0.184s] Level 1:colcon.colcon_core.package_identification:_identify(src/slambot_controller) by extensions ['colcon_pkg']
[0.184s] Level 1:colcon.colcon_core.package_identification:_identify(src/slambot_controller) by extension 'colcon_pkg'
[0.184s] Level 1:colcon.colcon_core.package_identification:_identify(src/slambot_controller) by extensions ['colcon_meta']
[0.184s] Level 1:colcon.colcon_core.package_identification:_identify(src/slambot_controller) by extension 'colcon_meta'
[0.184s] Level 1:colcon.colcon_core.package_identification:_identify(src/slambot_controller) by extensions ['ros']
[0.184s] Level 1:colcon.colcon_core.package_identification:_identify(src/slambot_controller) by extension 'ros'
[0.185s] DEBUG:colcon.colcon_core.package_identification:Package 'src/slambot_controller' with type 'ros.ament_cmake' and name 'slambot_controller'
[0.185s] Level 1:colcon.colcon_core.package_identification:_identify(src/slambot_description) by extensions ['ignore', 'ignore_ament_install']
[0.185s] Level 1:colcon.colcon_core.package_identification:_identify(src/slambot_description) by extension 'ignore'
[0.185s] Level 1:colcon.colcon_core.package_identification:_identify(src/slambot_description) by extension 'ignore_ament_install'
[0.185s] Level 1:colcon.colcon_core.package_identification:_identify(src/slambot_description) by extensions ['colcon_pkg']
[0.185s] Level 1:colcon.colcon_core.package_identification:_identify(src/slambot_description) by extension 'colcon_pkg'
[0.185s] Level 1:colcon.colcon_core.package_identification:_identify(src/slambot_description) by extensions ['colcon_meta']
[0.185s] Level 1:colcon.colcon_core.package_identification:_identify(src/slambot_description) by extension 'colcon_meta'
[0.185s] Level 1:colcon.colcon_core.package_identification:_identify(src/slambot_description) by extensions ['ros']
[0.185s] Level 1:colcon.colcon_core.package_identification:_identify(src/slambot_description) by extension 'ros'
[0.185s] DEBUG:colcon.colcon_core.package_identification:Package 'src/slambot_description' with type 'ros.ament_cmake' and name 'slambot_description'
[0.185s] Level 1:colcon.colcon_core.package_identification:_identify(src/slambot_firmware) by extensions ['ignore', 'ignore_ament_install']
[0.186s] Level 1:colcon.colcon_core.package_identification:_identify(src/slambot_firmware) by extension 'ignore'
[0.186s] Level 1:colcon.colcon_core.package_identification:_identify(src/slambot_firmware) by extension 'ignore_ament_install'
[0.186s] Level 1:colcon.colcon_core.package_identification:_identify(src/slambot_firmware) by extensions ['colcon_pkg']
[0.186s] Level 1:colcon.colcon_core.package_identification:_identify(src/slambot_firmware) by extension 'colcon_pkg'
[0.186s] Level 1:colcon.colcon_core.package_identification:_identify(src/slambot_firmware) by extensions ['colcon_meta']
[0.186s] Level 1:colcon.colcon_core.package_identification:_identify(src/slambot_firmware) by extension 'colcon_meta'
[0.186s] Level 1:colcon.colcon_core.package_identification:_identify(src/slambot_firmware) by extensions ['ros']
[0.186s] Level 1:colcon.colcon_core.package_identification:_identify(src/slambot_firmware) by extension 'ros'
[0.186s] DEBUG:colcon.colcon_core.package_identification:Package 'src/slambot_firmware' with type 'ros.ament_cmake' and name 'slambot_firmware'
[0.186s] Level 1:colcon.colcon_core.package_discovery:discover_packages(recursive) using defaults
[0.186s] Level 1:colcon.colcon_core.package_discovery:discover_packages(ignore) discover
[0.186s] Level 1:colcon.colcon_core.package_discovery:discover_packages(ignore) using defaults
[0.186s] Level 1:colcon.colcon_core.package_discovery:discover_packages(path) discover
[0.186s] Level 1:colcon.colcon_core.package_discovery:discover_packages(path) using defaults
[0.200s] Level 1:colcon.colcon_core.package_discovery:discover_packages(prefix_path) check parameters
[0.200s] Level 1:colcon.colcon_core.package_discovery:discover_packages(prefix_path) discover
[0.202s] DEBUG:colcon.colcon_installed_package_information.package_discovery:Found 425 installed packages in /opt/ros/humble
[0.211s] Level 1:colcon.colcon_core.package_discovery:discover_packages(prefix_path) using defaults
[0.243s] Level 5:colcon.colcon_core.verb:set package 'ros2_ctrl_pkg' build argument 'cmake_args' from command line to 'None'
[0.243s] Level 5:colcon.colcon_core.verb:set package 'ros2_ctrl_pkg' build argument 'cmake_target' from command line to 'None'
[0.243s] Level 5:colcon.colcon_core.verb:set package 'ros2_ctrl_pkg' build argument 'cmake_target_skip_unavailable' from command line to 'False'
[0.243s] Level 5:colcon.colcon_core.verb:set package 'ros2_ctrl_pkg' build argument 'cmake_clean_cache' from command line to 'False'
[0.243s] Level 5:colcon.colcon_core.verb:set package 'ros2_ctrl_pkg' build argument 'cmake_clean_first' from command line to 'False'
[0.243s] Level 5:colcon.colcon_core.verb:set package 'ros2_ctrl_pkg' build argument 'cmake_force_configure' from command line to 'False'
[0.243s] Level 5:colcon.colcon_core.verb:set package 'ros2_ctrl_pkg' build argument 'ament_cmake_args' from command line to 'None'
[0.243s] Level 5:colcon.colcon_core.verb:set package 'ros2_ctrl_pkg' build argument 'catkin_cmake_args' from command line to 'None'
[0.243s] Level 5:colcon.colcon_core.verb:set package 'ros2_ctrl_pkg' build argument 'catkin_skip_building_tests' from command line to 'False'
[0.243s] DEBUG:colcon.colcon_core.verb:Building package 'ros2_ctrl_pkg' with the following arguments: {'ament_cmake_args': None, 'build_base': '/home/einstein/Desktop/ros2_control_Slambot/build/ros2_ctrl_pkg', 'catkin_cmake_args': None, 'catkin_skip_building_tests': False, 'cmake_args': None, 'cmake_clean_cache': False, 'cmake_clean_first': False, 'cmake_force_configure': False, 'cmake_target': None, 'cmake_target_skip_unavailable': False, 'install_base': '/home/einstein/Desktop/ros2_control_Slambot/install/ros2_ctrl_pkg', 'merge_install': False, 'path': '/home/einstein/Desktop/ros2_control_Slambot/src/ros2_ctrl_pkg', 'symlink_install': False, 'test_result_base': None}
[0.243s] Level 5:colcon.colcon_core.verb:set package 'slambot_bringup' build argument 'cmake_args' from command line to 'None'
[0.243s] Level 5:colcon.colcon_core.verb:set package 'slambot_bringup' build argument 'cmake_target' from command line to 'None'
[0.243s] Level 5:colcon.colcon_core.verb:set package 'slambot_bringup' build argument 'cmake_target_skip_unavailable' from command line to 'False'
[0.243s] Level 5:colcon.colcon_core.verb:set package 'slambot_bringup' build argument 'cmake_clean_cache' from command line to 'False'
[0.243s] Level 5:colcon.colcon_core.verb:set package 'slambot_bringup' build argument 'cmake_clean_first' from command line to 'False'
[0.243s] Level 5:colcon.colcon_core.verb:set package 'slambot_bringup' build argument 'cmake_force_configure' from command line to 'False'
[0.243s] Level 5:colcon.colcon_core.verb:set package 'slambot_bringup' build argument 'ament_cmake_args' from command line to 'None'
[0.243s] Level 5:colcon.colcon_core.verb:set package 'slambot_bringup' build argument 'catkin_cmake_args' from command line to 'None'
[0.243s] Level 5:colcon.colcon_core.verb:set package 'slambot_bringup' build argument 'catkin_skip_building_tests' from command line to 'False'
[0.243s] DEBUG:colcon.colcon_core.verb:Building package 'slambot_bringup' with the following arguments: {'ament_cmake_args': None, 'build_base': '/home/einstein/Desktop/ros2_control_Slambot/build/slambot_bringup', 'catkin_cmake_args': None, 'catkin_skip_building_tests': False, 'cmake_args': None, 'cmake_clean_cache': False, 'cmake_clean_first': False, 'cmake_force_configure': False, 'cmake_target': None, 'cmake_target_skip_unavailable': False, 'install_base': '/home/einstein/Desktop/ros2_control_Slambot/install/slambot_bringup', 'merge_install': False, 'path': '/home/einstein/Desktop/ros2_control_Slambot/src/slambot_bringup', 'symlink_install': False, 'test_result_base': None}
[0.243s] Level 5:colcon.colcon_core.verb:set package 'slambot_controller' build argument 'cmake_args' from command line to 'None'
[0.243s] Level 5:colcon.colcon_core.verb:set package 'slambot_controller' build argument 'cmake_target' from command line to 'None'
[0.243s] Level 5:colcon.colcon_core.verb:set package 'slambot_controller' build argument 'cmake_target_skip_unavailable' from command line to 'False'
[0.243s] Level 5:colcon.colcon_core.verb:set package 'slambot_controller' build argument 'cmake_clean_cache' from command line to 'False'
[0.243s] Level 5:colcon.colcon_core.verb:set package 'slambot_controller' build argument 'cmake_clean_first' from command line to 'False'
[0.243s] Level 5:colcon.colcon_core.verb:set package 'slambot_controller' build argument 'cmake_force_configure' from command line to 'False'
[0.243s] Level 5:colcon.colcon_core.verb:set package 'slambot_controller' build argument 'ament_cmake_args' from command line to 'None'
[0.243s] Level 5:colcon.colcon_core.verb:set package 'slambot_controller' build argument 'catkin_cmake_args' from command line to 'None'
[0.244s] Level 5:colcon.colcon_core.verb:set package 'slambot_controller' build argument 'catkin_skip_building_tests' from command line to 'False'
[0.244s] DEBUG:colcon.colcon_core.verb:Building package 'slambot_controller' with the following arguments: {'ament_cmake_args': None, 'build_base': '/home/einstein/Desktop/ros2_control_Slambot/build/slambot_controller', 'catkin_cmake_args': None, 'catkin_skip_building_tests': False, 'cmake_args': None, 'cmake_clean_cache': False, 'cmake_clean_first': False, 'cmake_force_configure': False, 'cmake_target': None, 'cmake_target_skip_unavailable': False, 'install_base': '/home/einstein/Desktop/ros2_control_Slambot/install/slambot_controller', 'merge_install': False, 'path': '/home/einstein/Desktop/ros2_control_Slambot/src/slambot_controller', 'symlink_install': False, 'test_result_base': None}
[0.244s] Level 5:colcon.colcon_core.verb:set package 'slambot_description' build argument 'cmake_args' from command line to 'None'
[0.244s] Level 5:colcon.colcon_core.verb:set package 'slambot_description' build argument 'cmake_target' from command line to 'None'
[0.244s] Level 5:colcon.colcon_core.verb:set package 'slambot_description' build argument 'cmake_target_skip_unavailable' from command line to 'False'
[0.244s] Level 5:colcon.colcon_core.verb:set package 'slambot_description' build argument 'cmake_clean_cache' from command line to 'False'
[0.244s] Level 5:colcon.colcon_core.verb:set package 'slambot_description' build argument 'cmake_clean_first' from command line to 'False'
[0.244s] Level 5:colcon.colcon_core.verb:set package 'slambot_description' build argument 'cmake_force_configure' from command line to 'False'
[0.244s] Level 5:colcon.colcon_core.verb:set package 'slambot_description' build argument 'ament_cmake_args' from command line to 'None'
[0.244s] Level 5:colcon.colcon_core.verb:set package 'slambot_description' build argument 'catkin_cmake_args' from command line to 'None'
[0.244s] Level 5:colcon.colcon_core.verb:set package 'slambot_description' build argument 'catkin_skip_building_tests' from command line to 'False'
[0.244s] DEBUG:colcon.colcon_core.verb:Building package 'slambot_description' with the following arguments: {'ament_cmake_args': None, 'build_base': '/home/einstein/Desktop/ros2_control_Slambot/build/slambot_description', 'catkin_cmake_args': None, 'catkin_skip_building_tests': False, 'cmake_args': None, 'cmake_clean_cache': False, 'cmake_clean_first': False, 'cmake_force_configure': False, 'cmake_target': None, 'cmake_target_skip_unavailable': False, 'install_base': '/home/einstein/Desktop/ros2_control_Slambot/install/slambot_description', 'merge_install': False, 'path': '/home/einstein/Desktop/ros2_control_Slambot/src/slambot_description', 'symlink_install': False, 'test_result_base': None}
[0.244s] Level 5:colcon.colcon_core.verb:set package 'slambot_firmware' build argument 'cmake_args' from command line to 'None'
[0.244s] Level 5:colcon.colcon_core.verb:set package 'slambot_firmware' build argument 'cmake_target' from command line to 'None'
[0.244s] Level 5:colcon.colcon_core.verb:set package 'slambot_firmware' build argument 'cmake_target_skip_unavailable' from command line to 'False'
[0.244s] Level 5:colcon.colcon_core.verb:set package 'slambot_firmware' build argument 'cmake_clean_cache' from command line to 'False'
[0.244s] Level 5:colcon.colcon_core.verb:set package 'slambot_firmware' build argument 'cmake_clean_first' from command line to 'False'
[0.244s] Level 5:colcon.colcon_core.verb:set package 'slambot_firmware' build argument 'cmake_force_configure' from command line to 'False'
[0.244s] Level 5:colcon.colcon_core.verb:set package 'slambot_firmware' build argument 'ament_cmake_args' from command line to 'None'
[0.244s] Level 5:colcon.colcon_core.verb:set package 'slambot_firmware' build argument 'catkin_cmake_args' from command line to 'None'
[0.244s] Level 5:colcon.colcon_core.verb:set package 'slambot_firmware' build argument 'catkin_skip_building_tests' from command line to 'False'
[0.244s] DEBUG:colcon.colcon_core.verb:Building package 'slambot_firmware' with the following arguments: {'ament_cmake_args': None, 'build_base': '/home/einstein/Desktop/ros2_control_Slambot/build/slambot_firmware', 'catkin_cmake_args': None, 'catkin_skip_building_tests': False, 'cmake_args': None, 'cmake_clean_cache': False, 'cmake_clean_first': False, 'cmake_force_configure': False, 'cmake_target': None, 'cmake_target_skip_unavailable': False, 'install_base': '/home/einstein/Desktop/ros2_control_Slambot/install/slambot_firmware', 'merge_install': False, 'path': '/home/einstein/Desktop/ros2_control_Slambot/src/slambot_firmware', 'symlink_install': False, 'test_result_base': None}
[0.244s] INFO:colcon.colcon_core.executor:Executing jobs using 'parallel' executor
[0.245s] DEBUG:colcon.colcon_parallel_executor.executor.parallel:run_until_complete
[0.245s] INFO:colcon.colcon_ros.task.ament_cmake.build:Building ROS package in '/home/einstein/Desktop/ros2_control_Slambot/src/ros2_ctrl_pkg' with build type 'ament_cmake'
[0.245s] INFO:colcon.colcon_cmake.task.cmake.build:Building CMake package in '/home/einstein/Desktop/ros2_control_Slambot/src/ros2_ctrl_pkg'
[0.247s] INFO:colcon.colcon_core.plugin_system:Skipping extension 'colcon_core.shell.bat': Not used on non-Windows systems
[0.247s] INFO:colcon.colcon_core.shell:Skip shell extension 'powershell' for command environment: Not usable outside of PowerShell
[0.247s] DEBUG:colcon.colcon_core.shell:Skip shell extension 'dsv' for command environment
[0.249s] INFO:colcon.colcon_ros.task.ament_cmake.build:Building ROS package in '/home/einstein/Desktop/ros2_control_Slambot/src/slambot_bringup' with build type 'ament_cmake'
[0.249s] INFO:colcon.colcon_cmake.task.cmake.build:Building CMake package in '/home/einstein/Desktop/ros2_control_Slambot/src/slambot_bringup'
[0.250s] INFO:colcon.colcon_core.shell:Skip shell extension 'powershell' for command environment: Not usable outside of PowerShell
[0.250s] DEBUG:colcon.colcon_core.shell:Skip shell extension 'dsv' for command environment
[0.252s] INFO:colcon.colcon_ros.task.ament_cmake.build:Building ROS package in '/home/einstein/Desktop/ros2_control_Slambot/src/slambot_controller' with build type 'ament_cmake'
[0.252s] INFO:colcon.colcon_cmake.task.cmake.build:Building CMake package in '/home/einstein/Desktop/ros2_control_Slambot/src/slambot_controller'
[0.252s] INFO:colcon.colcon_core.shell:Skip shell extension 'powershell' for command environment: Not usable outside of PowerShell
[0.252s] DEBUG:colcon.colcon_core.shell:Skip shell extension 'dsv' for command environment
[0.254s] INFO:colcon.colcon_ros.task.ament_cmake.build:Building ROS package in '/home/einstein/Desktop/ros2_control_Slambot/src/slambot_description' with build type 'ament_cmake'
[0.254s] INFO:colcon.colcon_cmake.task.cmake.build:Building CMake package in '/home/einstein/Desktop/ros2_control_Slambot/src/slambot_description'
[0.254s] INFO:colcon.colcon_core.shell:Skip shell extension 'powershell' for command environment: Not usable outside of PowerShell
[0.254s] DEBUG:colcon.colcon_core.shell:Skip shell extension 'dsv' for command environment
[0.256s] INFO:colcon.colcon_ros.task.ament_cmake.build:Building ROS package in '/home/einstein/Desktop/ros2_control_Slambot/src/slambot_firmware' with build type 'ament_cmake'
[0.256s] INFO:colcon.colcon_cmake.task.cmake.build:Building CMake package in '/home/einstein/Desktop/ros2_control_Slambot/src/slambot_firmware'
[0.256s] INFO:colcon.colcon_core.shell:Skip shell extension 'powershell' for command environment: Not usable outside of PowerShell
[0.256s] DEBUG:colcon.colcon_core.shell:Skip shell extension 'dsv' for command environment
[0.261s] DEBUG:colcon.colcon_core.event_handler.log_command:Invoking command in '/home/einstein/Desktop/ros2_control_Slambot/build/ros2_ctrl_pkg': CMAKE_PREFIX_PATH=/opt/ros/humble /usr/bin/cmake /home/einstein/Desktop/ros2_control_Slambot/src/ros2_ctrl_pkg -DCMAKE_INSTALL_PREFIX=/home/einstein/Desktop/ros2_control_Slambot/install/ros2_ctrl_pkg
[0.264s] DEBUG:colcon.colcon_core.event_handler.log_command:Invoking command in '/home/einstein/Desktop/ros2_control_Slambot/build/slambot_bringup': CMAKE_PREFIX_PATH=/opt/ros/humble /usr/bin/cmake /home/einstein/Desktop/ros2_control_Slambot/src/slambot_bringup -DCMAKE_INSTALL_PREFIX=/home/einstein/Desktop/ros2_control_Slambot/install/slambot_bringup
[0.266s] DEBUG:colcon.colcon_core.event_handler.log_command:Invoking command in '/home/einstein/Desktop/ros2_control_Slambot/build/slambot_controller': CMAKE_PREFIX_PATH=/opt/ros/humble /usr/bin/cmake /home/einstein/Desktop/ros2_control_Slambot/src/slambot_controller -DCMAKE_INSTALL_PREFIX=/home/einstein/Desktop/ros2_control_Slambot/install/slambot_controller
[0.269s] DEBUG:colcon.colcon_core.event_handler.log_command:Invoking command in '/home/einstein/Desktop/ros2_control_Slambot/build/slambot_description': CMAKE_PREFIX_PATH=/opt/ros/humble /usr/bin/cmake /home/einstein/Desktop/ros2_control_Slambot/src/slambot_description -DCMAKE_INSTALL_PREFIX=/home/einstein/Desktop/ros2_control_Slambot/install/slambot_description
[0.272s] DEBUG:colcon.colcon_core.event_handler.log_command:Invoking command in '/home/einstein/Desktop/ros2_control_Slambot/build/slambot_firmware': CMAKE_PREFIX_PATH=/opt/ros/humble /usr/bin/cmake /home/einstein/Desktop/ros2_control_Slambot/src/slambot_firmware -DCMAKE_INSTALL_PREFIX=/home/einstein/Desktop/ros2_control_Slambot/install/slambot_firmware
[0.839s] DEBUG:colcon.colcon_core.event_handler.log_command:Invoked command in '/home/einstein/Desktop/ros2_control_Slambot/build/slambot_bringup' returned '0': CMAKE_PREFIX_PATH=/opt/ros/humble /usr/bin/cmake /home/einstein/Desktop/ros2_control_Slambot/src/slambot_bringup -DCMAKE_INSTALL_PREFIX=/home/einstein/Desktop/ros2_control_Slambot/install/slambot_bringup
[0.841s] DEBUG:colcon.colcon_core.event_handler.log_command:Invoking command in '/home/einstein/Desktop/ros2_control_Slambot/build/slambot_bringup': CMAKE_PREFIX_PATH=/opt/ros/humble /usr/bin/cmake --build /home/einstein/Desktop/ros2_control_Slambot/build/slambot_bringup -- -j8 -l8
[0.850s] DEBUG:colcon.colcon_core.event_handler.log_command:Invoked command in '/home/einstein/Desktop/ros2_control_Slambot/build/ros2_ctrl_pkg' returned '0': CMAKE_PREFIX_PATH=/opt/ros/humble /usr/bin/cmake /home/einstein/Desktop/ros2_control_Slambot/src/ros2_ctrl_pkg -DCMAKE_INSTALL_PREFIX=/home/einstein/Desktop/ros2_control_Slambot/install/ros2_ctrl_pkg
[0.851s] DEBUG:colcon.colcon_core.event_handler.log_command:Invoking command in '/home/einstein/Desktop/ros2_control_Slambot/build/ros2_ctrl_pkg': CMAKE_PREFIX_PATH=/opt/ros/humble /usr/bin/cmake --build /home/einstein/Desktop/ros2_control_Slambot/build/ros2_ctrl_pkg -- -j8 -l8
[0.871s] DEBUG:colcon.colcon_core.event_handler.log_command:Invoked command in '/home/einstein/Desktop/ros2_control_Slambot/build/slambot_bringup' returned '0': CMAKE_PREFIX_PATH=/opt/ros/humble /usr/bin/cmake --build /home/einstein/Desktop/ros2_control_Slambot/build/slambot_bringup -- -j8 -l8
[0.879s] DEBUG:colcon.colcon_core.event_handler.log_command:Invoked command in '/home/einstein/Desktop/ros2_control_Slambot/build/ros2_ctrl_pkg' returned '0': CMAKE_PREFIX_PATH=/opt/ros/humble /usr/bin/cmake --build /home/einstein/Desktop/ros2_control_Slambot/build/ros2_ctrl_pkg -- -j8 -l8
[0.893s] DEBUG:colcon.colcon_core.event_handler.log_command:Invoking command in '/home/einstein/Desktop/ros2_control_Slambot/build/slambot_bringup': CMAKE_PREFIX_PATH=/opt/ros/humble /usr/bin/cmake --install /home/einstein/Desktop/ros2_control_Slambot/build/slambot_bringup
[0.895s] DEBUG:colcon.colcon_core.event_handler.log_command:Invoking command in '/home/einstein/Desktop/ros2_control_Slambot/build/ros2_ctrl_pkg': CMAKE_PREFIX_PATH=/opt/ros/humble /usr/bin/cmake --install /home/einstein/Desktop/ros2_control_Slambot/build/ros2_ctrl_pkg
[0.902s] Level 1:colcon.colcon_core.environment:create_environment_scripts_only(slambot_bringup)
[0.902s] DEBUG:colcon.colcon_core.event_handler.log_command:Invoked command in '/home/einstein/Desktop/ros2_control_Slambot/build/slambot_bringup' returned '0': CMAKE_PREFIX_PATH=/opt/ros/humble /usr/bin/cmake --install /home/einstein/Desktop/ros2_control_Slambot/build/slambot_bringup
[0.904s] Level 1:colcon.colcon_core.environment:checking '/home/einstein/Desktop/ros2_control_Slambot/install/slambot_bringup' for CMake module files
[0.904s] Level 1:colcon.colcon_core.environment:checking '/home/einstein/Desktop/ros2_control_Slambot/install/slambot_bringup' for CMake config files
[0.904s] Level 1:colcon.colcon_core.shell:create_environment_hook('slambot_bringup', 'cmake_prefix_path')
[0.904s] INFO:colcon.colcon_core.shell:Creating environment hook '/home/einstein/Desktop/ros2_control_Slambot/install/slambot_bringup/share/slambot_bringup/hook/cmake_prefix_path.ps1'
[0.905s] INFO:colcon.colcon_core.shell:Creating environment descriptor '/home/einstein/Desktop/ros2_control_Slambot/install/slambot_bringup/share/slambot_bringup/hook/cmake_prefix_path.dsv'
[0.905s] INFO:colcon.colcon_core.shell:Creating environment hook '/home/einstein/Desktop/ros2_control_Slambot/install/slambot_bringup/share/slambot_bringup/hook/cmake_prefix_path.sh'
[0.905s] Level 1:colcon.colcon_core.environment:checking '/home/einstein/Desktop/ros2_control_Slambot/install/slambot_bringup/bin'
[0.906s] Level 1:colcon.colcon_core.environment:checking '/home/einstein/Desktop/ros2_control_Slambot/install/slambot_bringup/lib/pkgconfig/slambot_bringup.pc'
[0.906s] Level 1:colcon.colcon_core.environment:checking '/home/einstein/Desktop/ros2_control_Slambot/install/slambot_bringup/lib/python3.10/site-packages'
[0.906s] Level 1:colcon.colcon_core.environment:checking '/home/einstein/Desktop/ros2_control_Slambot/install/slambot_bringup/bin'
[0.906s] INFO:colcon.colcon_core.shell:Creating package script '/home/einstein/Desktop/ros2_control_Slambot/install/slambot_bringup/share/slambot_bringup/package.ps1'
[0.907s] INFO:colcon.colcon_core.shell:Creating package descriptor '/home/einstein/Desktop/ros2_control_Slambot/install/slambot_bringup/share/slambot_bringup/package.dsv'
[0.907s] INFO:colcon.colcon_core.shell:Creating package script '/home/einstein/Desktop/ros2_control_Slambot/install/slambot_bringup/share/slambot_bringup/package.sh'
[0.907s] INFO:colcon.colcon_core.shell:Creating package script '/home/einstein/Desktop/ros2_control_Slambot/install/slambot_bringup/share/slambot_bringup/package.bash'
[0.908s] INFO:colcon.colcon_core.shell:Creating package script '/home/einstein/Desktop/ros2_control_Slambot/install/slambot_bringup/share/slambot_bringup/package.zsh'
[0.908s] Level 1:colcon.colcon_core.environment:create_file_with_runtime_dependencies(/home/einstein/Desktop/ros2_control_Slambot/install/slambot_bringup/share/colcon-core/packages/slambot_bringup)
[0.910s] Level 1:colcon.colcon_core.environment:create_environment_scripts_only(ros2_ctrl_pkg)
[0.910s] Level 1:colcon.colcon_core.environment:checking '/home/einstein/Desktop/ros2_control_Slambot/install/ros2_ctrl_pkg' for CMake module files
[0.911s] DEBUG:colcon.colcon_core.event_handler.log_command:Invoked command in '/home/einstein/Desktop/ros2_control_Slambot/build/ros2_ctrl_pkg' returned '0': CMAKE_PREFIX_PATH=/opt/ros/humble /usr/bin/cmake --install /home/einstein/Desktop/ros2_control_Slambot/build/ros2_ctrl_pkg
[0.911s] Level 1:colcon.colcon_core.environment:checking '/home/einstein/Desktop/ros2_control_Slambot/install/ros2_ctrl_pkg' for CMake config files
[0.911s] Level 1:colcon.colcon_core.shell:create_environment_hook('ros2_ctrl_pkg', 'cmake_prefix_path')
[0.911s] INFO:colcon.colcon_core.shell:Creating environment hook '/home/einstein/Desktop/ros2_control_Slambot/install/ros2_ctrl_pkg/share/ros2_ctrl_pkg/hook/cmake_prefix_path.ps1'
[0.912s] INFO:colcon.colcon_core.shell:Creating environment descriptor '/home/einstein/Desktop/ros2_control_Slambot/install/ros2_ctrl_pkg/share/ros2_ctrl_pkg/hook/cmake_prefix_path.dsv'
[0.912s] INFO:colcon.colcon_core.shell:Creating environment hook '/home/einstein/Desktop/ros2_control_Slambot/install/ros2_ctrl_pkg/share/ros2_ctrl_pkg/hook/cmake_prefix_path.sh'
[0.913s] Level 1:colcon.colcon_core.environment:checking '/home/einstein/Desktop/ros2_control_Slambot/install/ros2_ctrl_pkg/bin'
[0.913s] Level 1:colcon.colcon_core.environment:checking '/home/einstein/Desktop/ros2_control_Slambot/install/ros2_ctrl_pkg/lib/pkgconfig/ros2_ctrl_pkg.pc'
[0.913s] Level 1:colcon.colcon_core.environment:checking '/home/einstein/Desktop/ros2_control_Slambot/install/ros2_ctrl_pkg/lib/python3.10/site-packages'
[0.913s] Level 1:colcon.colcon_core.environment:checking '/home/einstein/Desktop/ros2_control_Slambot/install/ros2_ctrl_pkg/bin'
[0.913s] INFO:colcon.colcon_core.shell:Creating package script '/home/einstein/Desktop/ros2_control_Slambot/install/ros2_ctrl_pkg/share/ros2_ctrl_pkg/package.ps1'
[0.914s] INFO:colcon.colcon_core.shell:Creating package descriptor '/home/einstein/Desktop/ros2_control_Slambot/install/ros2_ctrl_pkg/share/ros2_ctrl_pkg/package.dsv'
[0.914s] INFO:colcon.colcon_core.shell:Creating package script '/home/einstein/Desktop/ros2_control_Slambot/install/ros2_ctrl_pkg/share/ros2_ctrl_pkg/package.sh'
[0.915s] INFO:colcon.colcon_core.shell:Creating package script '/home/einstein/Desktop/ros2_control_Slambot/install/ros2_ctrl_pkg/share/ros2_ctrl_pkg/package.bash'
[0.915s] INFO:colcon.colcon_core.shell:Creating package script '/home/einstein/Desktop/ros2_control_Slambot/install/ros2_ctrl_pkg/share/ros2_ctrl_pkg/package.zsh'
[0.915s] Level 1:colcon.colcon_core.environment:create_file_with_runtime_dependencies(/home/einstein/Desktop/ros2_control_Slambot/install/ros2_ctrl_pkg/share/colcon-core/packages/ros2_ctrl_pkg)
[0.923s] Level 1:colcon.colcon_core.environment:create_environment_scripts_only(slambot_bringup)
[0.923s] Level 1:colcon.colcon_core.environment:checking '/home/einstein/Desktop/ros2_control_Slambot/install/slambot_bringup' for CMake module files
[0.923s] Level 1:colcon.colcon_core.environment:checking '/home/einstein/Desktop/ros2_control_Slambot/install/slambot_bringup' for CMake config files
[0.924s] Level 1:colcon.colcon_core.shell:create_environment_hook('slambot_bringup', 'cmake_prefix_path')
[0.924s] INFO:colcon.colcon_core.shell:Creating environment hook '/home/einstein/Desktop/ros2_control_Slambot/install/slambot_bringup/share/slambot_bringup/hook/cmake_prefix_path.ps1'
[0.924s] INFO:colcon.colcon_core.shell:Creating environment descriptor '/home/einstein/Desktop/ros2_control_Slambot/install/slambot_bringup/share/slambot_bringup/hook/cmake_prefix_path.dsv'
[0.924s] INFO:colcon.colcon_core.shell:Creating environment hook '/home/einstein/Desktop/ros2_control_Slambot/install/slambot_bringup/share/slambot_bringup/hook/cmake_prefix_path.sh'
[0.925s] Level 1:colcon.colcon_core.environment:checking '/home/einstein/Desktop/ros2_control_Slambot/install/slambot_bringup/bin'
[0.925s] Level 1:colcon.colcon_core.environment:checking '/home/einstein/Desktop/ros2_control_Slambot/install/slambot_bringup/lib/pkgconfig/slambot_bringup.pc'
[0.925s] Level 1:colcon.colcon_core.environment:checking '/home/einstein/Desktop/ros2_control_Slambot/install/slambot_bringup/lib/python3.10/site-packages'
[0.925s] Level 1:colcon.colcon_core.environment:checking '/home/einstein/Desktop/ros2_control_Slambot/install/slambot_bringup/bin'
[0.925s] INFO:colcon.colcon_core.shell:Creating package script '/home/einstein/Desktop/ros2_control_Slambot/install/slambot_bringup/share/slambot_bringup/package.ps1'
[0.926s] INFO:colcon.colcon_core.shell:Creating package descriptor '/home/einstein/Desktop/ros2_control_Slambot/install/slambot_bringup/share/slambot_bringup/package.dsv'
[0.926s] INFO:colcon.colcon_core.shell:Creating package script '/home/einstein/Desktop/ros2_control_Slambot/install/slambot_bringup/share/slambot_bringup/package.sh'
[0.926s] INFO:colcon.colcon_core.shell:Creating package script '/home/einstein/Desktop/ros2_control_Slambot/install/slambot_bringup/share/slambot_bringup/package.bash'
[0.935s] INFO:colcon.colcon_core.shell:Creating package script '/home/einstein/Desktop/ros2_control_Slambot/install/slambot_bringup/share/slambot_bringup/package.zsh'
[0.936s] Level 1:colcon.colcon_core.environment:create_file_with_runtime_dependencies(/home/einstein/Desktop/ros2_control_Slambot/install/slambot_bringup/share/colcon-core/packages/slambot_bringup)
[0.936s] Level 1:colcon.colcon_core.environment:create_environment_scripts_only(ros2_ctrl_pkg)
[0.937s] Level 1:colcon.colcon_core.environment:checking '/home/einstein/Desktop/ros2_control_Slambot/install/ros2_ctrl_pkg' for CMake module files
[0.937s] Level 1:colcon.colcon_core.environment:checking '/home/einstein/Desktop/ros2_control_Slambot/install/ros2_ctrl_pkg' for CMake config files
[0.937s] Level 1:colcon.colcon_core.shell:create_environment_hook('ros2_ctrl_pkg', 'cmake_prefix_path')
[0.937s] INFO:colcon.colcon_core.shell:Creating environment hook '/home/einstein/Desktop/ros2_control_Slambot/install/ros2_ctrl_pkg/share/ros2_ctrl_pkg/hook/cmake_prefix_path.ps1'
[0.938s] INFO:colcon.colcon_core.shell:Creating environment descriptor '/home/einstein/Desktop/ros2_control_Slambot/install/ros2_ctrl_pkg/share/ros2_ctrl_pkg/hook/cmake_prefix_path.dsv'
[0.938s] INFO:colcon.colcon_core.shell:Creating environment hook '/home/einstein/Desktop/ros2_control_Slambot/install/ros2_ctrl_pkg/share/ros2_ctrl_pkg/hook/cmake_prefix_path.sh'
[0.938s] Level 1:colcon.colcon_core.environment:checking '/home/einstein/Desktop/ros2_control_Slambot/install/ros2_ctrl_pkg/bin'
[0.939s] Level 1:colcon.colcon_core.environment:checking '/home/einstein/Desktop/ros2_control_Slambot/install/ros2_ctrl_pkg/lib/pkgconfig/ros2_ctrl_pkg.pc'
[0.939s] Level 1:colcon.colcon_core.environment:checking '/home/einstein/Desktop/ros2_control_Slambot/install/ros2_ctrl_pkg/lib/python3.10/site-packages'
[0.939s] Level 1:colcon.colcon_core.environment:checking '/home/einstein/Desktop/ros2_control_Slambot/install/ros2_ctrl_pkg/bin'
[0.939s] INFO:colcon.colcon_core.shell:Creating package script '/home/einstein/Desktop/ros2_control_Slambot/install/ros2_ctrl_pkg/share/ros2_ctrl_pkg/package.ps1'
[0.940s] INFO:colcon.colcon_core.shell:Creating package descriptor '/home/einstein/Desktop/ros2_control_Slambot/install/ros2_ctrl_pkg/share/ros2_ctrl_pkg/package.dsv'
[0.941s] INFO:colcon.colcon_core.shell:Creating package script '/home/einstein/Desktop/ros2_control_Slambot/install/ros2_ctrl_pkg/share/ros2_ctrl_pkg/package.sh'
[0.941s] INFO:colcon.colcon_core.shell:Creating package script '/home/einstein/Desktop/ros2_control_Slambot/install/ros2_ctrl_pkg/share/ros2_ctrl_pkg/package.bash'
[0.941s] INFO:colcon.colcon_core.shell:Creating package script '/home/einstein/Desktop/ros2_control_Slambot/install/ros2_ctrl_pkg/share/ros2_ctrl_pkg/package.zsh'
[0.942s] Level 1:colcon.colcon_core.environment:create_file_with_runtime_dependencies(/home/einstein/Desktop/ros2_control_Slambot/install/ros2_ctrl_pkg/share/colcon-core/packages/ros2_ctrl_pkg)
[1.027s] DEBUG:colcon.colcon_core.event_handler.log_command:Invoked command in '/home/einstein/Desktop/ros2_control_Slambot/build/slambot_description' returned '0': CMAKE_PREFIX_PATH=/opt/ros/humble /usr/bin/cmake /home/einstein/Desktop/ros2_control_Slambot/src/slambot_description -DCMAKE_INSTALL_PREFIX=/home/einstein/Desktop/ros2_control_Slambot/install/slambot_description
[1.028s] DEBUG:colcon.colcon_core.event_handler.log_command:Invoking command in '/home/einstein/Desktop/ros2_control_Slambot/build/slambot_description': CMAKE_PREFIX_PATH=/opt/ros/humble /usr/bin/cmake --build /home/einstein/Desktop/ros2_control_Slambot/build/slambot_description -- -j8 -l8
[1.055s] DEBUG:colcon.colcon_core.event_handler.log_command:Invoked command in '/home/einstein/Desktop/ros2_control_Slambot/build/slambot_description' returned '0': CMAKE_PREFIX_PATH=/opt/ros/humble /usr/bin/cmake --build /home/einstein/Desktop/ros2_control_Slambot/build/slambot_description -- -j8 -l8
[1.072s] DEBUG:colcon.colcon_core.event_handler.log_command:Invoking command in '/home/einstein/Desktop/ros2_control_Slambot/build/slambot_description': CMAKE_PREFIX_PATH=/opt/ros/humble /usr/bin/cmake --install /home/einstein/Desktop/ros2_control_Slambot/build/slambot_description
[2.298s] Level 1:colcon.colcon_core.environment:create_environment_scripts_only(slambot_description)
[2.298s] Level 1:colcon.colcon_core.environment:checking '/home/einstein/Desktop/ros2_control_Slambot/install/slambot_description' for CMake module files
[2.299s] DEBUG:colcon.colcon_core.event_handler.log_command:Invoked command in '/home/einstein/Desktop/ros2_control_Slambot/build/slambot_description' returned '0': CMAKE_PREFIX_PATH=/opt/ros/humble /usr/bin/cmake --install /home/einstein/Desktop/ros2_control_Slambot/build/slambot_description
[2.299s] Level 1:colcon.colcon_core.environment:checking '/home/einstein/Desktop/ros2_control_Slambot/install/slambot_description' for CMake config files
[2.299s] Level 1:colcon.colcon_core.shell:create_environment_hook('slambot_description', 'cmake_prefix_path')
[2.299s] INFO:colcon.colcon_core.shell:Creating environment hook '/home/einstein/Desktop/ros2_control_Slambot/install/slambot_description/share/slambot_description/hook/cmake_prefix_path.ps1'
[2.300s] INFO:colcon.colcon_core.shell:Creating environment descriptor '/home/einstein/Desktop/ros2_control_Slambot/install/slambot_description/share/slambot_description/hook/cmake_prefix_path.dsv'
[2.300s] INFO:colcon.colcon_core.shell:Creating environment hook '/home/einstein/Desktop/ros2_control_Slambot/install/slambot_description/share/slambot_description/hook/cmake_prefix_path.sh'
[2.300s] Level 1:colcon.colcon_core.environment:checking '/home/einstein/Desktop/ros2_control_Slambot/install/slambot_description/bin'
[2.300s] Level 1:colcon.colcon_core.environment:checking '/home/einstein/Desktop/ros2_control_Slambot/install/slambot_description/lib/pkgconfig/slambot_description.pc'
[2.300s] Level 1:colcon.colcon_core.environment:checking '/home/einstein/Desktop/ros2_control_Slambot/install/slambot_description/lib/python3.10/site-packages'
[2.300s] Level 1:colcon.colcon_core.environment:checking '/home/einstein/Desktop/ros2_control_Slambot/install/slambot_description/bin'
[2.301s] INFO:colcon.colcon_core.shell:Creating package script '/home/einstein/Desktop/ros2_control_Slambot/install/slambot_description/share/slambot_description/package.ps1'
[2.301s] INFO:colcon.colcon_core.shell:Creating package descriptor '/home/einstein/Desktop/ros2_control_Slambot/install/slambot_description/share/slambot_description/package.dsv'
[2.301s] INFO:colcon.colcon_core.shell:Creating package script '/home/einstein/Desktop/ros2_control_Slambot/install/slambot_description/share/slambot_description/package.sh'
[2.301s] INFO:colcon.colcon_core.shell:Creating package script '/home/einstein/Desktop/ros2_control_Slambot/install/slambot_description/share/slambot_description/package.bash'
[2.302s] INFO:colcon.colcon_core.shell:Creating package script '/home/einstein/Desktop/ros2_control_Slambot/install/slambot_description/share/slambot_description/package.zsh'
[2.302s] Level 1:colcon.colcon_core.environment:create_file_with_runtime_dependencies(/home/einstein/Desktop/ros2_control_Slambot/install/slambot_description/share/colcon-core/packages/slambot_description)
[2.315s] Level 1:colcon.colcon_core.environment:create_environment_scripts_only(slambot_description)
[2.316s] Level 1:colcon.colcon_core.environment:checking '/home/einstein/Desktop/ros2_control_Slambot/install/slambot_description' for CMake module files
[2.316s] Level 1:colcon.colcon_core.environment:checking '/home/einstein/Desktop/ros2_control_Slambot/install/slambot_description' for CMake config files
[2.316s] Level 1:colcon.colcon_core.shell:create_environment_hook('slambot_description', 'cmake_prefix_path')
[2.316s] INFO:colcon.colcon_core.shell:Creating environment hook '/home/einstein/Desktop/ros2_control_Slambot/install/slambot_description/share/slambot_description/hook/cmake_prefix_path.ps1'
[2.317s] INFO:colcon.colcon_core.shell:Creating environment descriptor '/home/einstein/Desktop/ros2_control_Slambot/install/slambot_description/share/slambot_description/hook/cmake_prefix_path.dsv'
[2.317s] INFO:colcon.colcon_core.shell:Creating environment hook '/home/einstein/Desktop/ros2_control_Slambot/install/slambot_description/share/slambot_description/hook/cmake_prefix_path.sh'
[2.317s] Level 1:colcon.colcon_core.environment:checking '/home/einstein/Desktop/ros2_control_Slambot/install/slambot_description/bin'
[2.317s] Level 1:colcon.colcon_core.environment:checking '/home/einstein/Desktop/ros2_control_Slambot/install/slambot_description/lib/pkgconfig/slambot_description.pc'
[2.317s] Level 1:colcon.colcon_core.environment:checking '/home/einstein/Desktop/ros2_control_Slambot/install/slambot_description/lib/python3.10/site-packages'
[2.318s] Level 1:colcon.colcon_core.environment:checking '/home/einstein/Desktop/ros2_control_Slambot/install/slambot_description/bin'
[2.318s] INFO:colcon.colcon_core.shell:Creating package script '/home/einstein/Desktop/ros2_control_Slambot/install/slambot_description/share/slambot_description/package.ps1'
[2.318s] INFO:colcon.colcon_core.shell:Creating package descriptor '/home/einstein/Desktop/ros2_control_Slambot/install/slambot_description/share/slambot_description/package.dsv'
[2.328s] INFO:colcon.colcon_core.shell:Creating package script '/home/einstein/Desktop/ros2_control_Slambot/install/slambot_description/share/slambot_description/package.sh'
[2.329s] INFO:colcon.colcon_core.shell:Creating package script '/home/einstein/Desktop/ros2_control_Slambot/install/slambot_description/share/slambot_description/package.bash'
[2.329s] INFO:colcon.colcon_core.shell:Creating package script '/home/einstein/Desktop/ros2_control_Slambot/install/slambot_description/share/slambot_description/package.zsh'
[2.329s] Level 1:colcon.colcon_core.environment:create_file_with_runtime_dependencies(/home/einstein/Desktop/ros2_control_Slambot/install/slambot_description/share/colcon-core/packages/slambot_description)
[3.615s] DEBUG:colcon.colcon_core.event_handler.log_command:Invoked command in '/home/einstein/Desktop/ros2_control_Slambot/build/slambot_controller' returned '0': CMAKE_PREFIX_PATH=/opt/ros/humble /usr/bin/cmake /home/einstein/Desktop/ros2_control_Slambot/src/slambot_controller -DCMAKE_INSTALL_PREFIX=/home/einstein/Desktop/ros2_control_Slambot/install/slambot_controller
[3.616s] DEBUG:colcon.colcon_core.event_handler.log_command:Invoking command in '/home/einstein/Desktop/ros2_control_Slambot/build/slambot_controller': CMAKE_PREFIX_PATH=/opt/ros/humble /usr/bin/cmake --build /home/einstein/Desktop/ros2_control_Slambot/build/slambot_controller -- -j8 -l8
[4.293s] DEBUG:colcon.colcon_core.event_handler.log_command:Invoked command in '/home/einstein/Desktop/ros2_control_Slambot/build/slambot_firmware' returned '0': CMAKE_PREFIX_PATH=/opt/ros/humble /usr/bin/cmake /home/einstein/Desktop/ros2_control_Slambot/src/slambot_firmware -DCMAKE_INSTALL_PREFIX=/home/einstein/Desktop/ros2_control_Slambot/install/slambot_firmware
[4.295s] DEBUG:colcon.colcon_core.event_handler.log_command:Invoking command in '/home/einstein/Desktop/ros2_control_Slambot/build/slambot_firmware': CMAKE_PREFIX_PATH=/opt/ros/humble /usr/bin/cmake --build /home/einstein/Desktop/ros2_control_Slambot/build/slambot_firmware -- -j8 -l8
[13.287s] DEBUG:colcon.colcon_core.event_handler.log_command:Invoked command in '/home/einstein/Desktop/ros2_control_Slambot/build/slambot_controller' returned '0': CMAKE_PREFIX_PATH=/opt/ros/humble /usr/bin/cmake --build /home/einstein/Desktop/ros2_control_Slambot/build/slambot_controller -- -j8 -l8
[13.304s] DEBUG:colcon.colcon_core.event_handler.log_command:Invoking command in '/home/einstein/Desktop/ros2_control_Slambot/build/slambot_controller': CMAKE_PREFIX_PATH=/opt/ros/humble /usr/bin/cmake --install /home/einstein/Desktop/ros2_control_Slambot/build/slambot_controller
[13.414s] DEBUG:colcon.colcon_core.event_handler.log_command:Invoked command in '/home/einstein/Desktop/ros2_control_Slambot/build/slambot_firmware' returned '0': CMAKE_PREFIX_PATH=/opt/ros/humble /usr/bin/cmake --build /home/einstein/Desktop/ros2_control_Slambot/build/slambot_firmware -- -j8 -l8
[13.460s] Level 1:colcon.colcon_core.environment:create_environment_scripts_only(slambot_controller)
[13.461s] Level 1:colcon.colcon_core.environment:checking '/home/einstein/Desktop/ros2_control_Slambot/install/slambot_controller' for CMake module files
[13.462s] DEBUG:colcon.colcon_core.event_handler.log_command:Invoked command in '/home/einstein/Desktop/ros2_control_Slambot/build/slambot_controller' returned '0': CMAKE_PREFIX_PATH=/opt/ros/humble /usr/bin/cmake --install /home/einstein/Desktop/ros2_control_Slambot/build/slambot_controller
[13.462s] Level 1:colcon.colcon_core.environment:checking '/home/einstein/Desktop/ros2_control_Slambot/install/slambot_controller' for CMake config files
[13.463s] Level 1:colcon.colcon_core.shell:create_environment_hook('slambot_controller', 'cmake_prefix_path')
[13.463s] INFO:colcon.colcon_core.shell:Creating environment hook '/home/einstein/Desktop/ros2_control_Slambot/install/slambot_controller/share/slambot_controller/hook/cmake_prefix_path.ps1'
[13.464s] INFO:colcon.colcon_core.shell:Creating environment descriptor '/home/einstein/Desktop/ros2_control_Slambot/install/slambot_controller/share/slambot_controller/hook/cmake_prefix_path.dsv'
[13.464s] INFO:colcon.colcon_core.shell:Creating environment hook '/home/einstein/Desktop/ros2_control_Slambot/install/slambot_controller/share/slambot_controller/hook/cmake_prefix_path.sh'
[13.465s] Level 1:colcon.colcon_core.environment:checking '/home/einstein/Desktop/ros2_control_Slambot/install/slambot_controller/lib'
[13.465s] Level 1:colcon.colcon_core.environment:checking '/home/einstein/Desktop/ros2_control_Slambot/install/slambot_controller/bin'
[13.466s] Level 1:colcon.colcon_core.environment:checking '/home/einstein/Desktop/ros2_control_Slambot/install/slambot_controller/lib/pkgconfig/slambot_controller.pc'
[13.466s] Level 1:colcon.colcon_core.environment:checking '/home/einstein/Desktop/ros2_control_Slambot/install/slambot_controller/lib/python3.10/site-packages'
[13.466s] Level 1:colcon.colcon_core.environment:checking '/home/einstein/Desktop/ros2_control_Slambot/install/slambot_controller/bin'
[13.467s] INFO:colcon.colcon_core.shell:Creating package script '/home/einstein/Desktop/ros2_control_Slambot/install/slambot_controller/share/slambot_controller/package.ps1'
[13.468s] INFO:colcon.colcon_core.shell:Creating package descriptor '/home/einstein/Desktop/ros2_control_Slambot/install/slambot_controller/share/slambot_controller/package.dsv'
[13.479s] INFO:colcon.colcon_core.shell:Creating package script '/home/einstein/Desktop/ros2_control_Slambot/install/slambot_controller/share/slambot_controller/package.sh'
[13.480s] INFO:colcon.colcon_core.shell:Creating package script '/home/einstein/Desktop/ros2_control_Slambot/install/slambot_controller/share/slambot_controller/package.bash'
[13.481s] INFO:colcon.colcon_core.shell:Creating package script '/home/einstein/Desktop/ros2_control_Slambot/install/slambot_controller/share/slambot_controller/package.zsh'
[13.482s] Level 1:colcon.colcon_core.environment:create_file_with_runtime_dependencies(/home/einstein/Desktop/ros2_control_Slambot/install/slambot_controller/share/colcon-core/packages/slambot_controller)
[13.487s] DEBUG:colcon.colcon_core.event_handler.log_command:Invoking command in '/home/einstein/Desktop/ros2_control_Slambot/build/slambot_firmware': CMAKE_PREFIX_PATH=/opt/ros/humble /usr/bin/cmake --install /home/einstein/Desktop/ros2_control_Slambot/build/slambot_firmware
[13.513s] Level 1:colcon.colcon_core.environment:create_environment_scripts_only(slambot_controller)
[13.514s] Level 1:colcon.colcon_core.environment:checking '/home/einstein/Desktop/ros2_control_Slambot/install/slambot_controller' for CMake module files
[13.515s] Level 1:colcon.colcon_core.environment:checking '/home/einstein/Desktop/ros2_control_Slambot/install/slambot_controller' for CMake config files
[13.515s] Level 1:colcon.colcon_core.shell:create_environment_hook('slambot_controller', 'cmake_prefix_path')
[13.515s] INFO:colcon.colcon_core.shell:Creating environment hook '/home/einstein/Desktop/ros2_control_Slambot/install/slambot_controller/share/slambot_controller/hook/cmake_prefix_path.ps1'
[13.516s] INFO:colcon.colcon_core.shell:Creating environment descriptor '/home/einstein/Desktop/ros2_control_Slambot/install/slambot_controller/share/slambot_controller/hook/cmake_prefix_path.dsv'
[13.516s] INFO:colcon.colcon_core.shell:Creating environment hook '/home/einstein/Desktop/ros2_control_Slambot/install/slambot_controller/share/slambot_controller/hook/cmake_prefix_path.sh'
[13.527s] Level 1:colcon.colcon_core.environment:checking '/home/einstein/Desktop/ros2_control_Slambot/install/slambot_controller/lib'
[13.527s] Level 1:colcon.colcon_core.environment:checking '/home/einstein/Desktop/ros2_control_Slambot/install/slambot_controller/bin'
[13.527s] Level 1:colcon.colcon_core.environment:checking '/home/einstein/Desktop/ros2_control_Slambot/install/slambot_controller/lib/pkgconfig/slambot_controller.pc'
[13.527s] Level 1:colcon.colcon_core.environment:checking '/home/einstein/Desktop/ros2_control_Slambot/install/slambot_controller/lib/python3.10/site-packages'
[13.527s] Level 1:colcon.colcon_core.environment:checking '/home/einstein/Desktop/ros2_control_Slambot/install/slambot_controller/bin'
[13.528s] INFO:colcon.colcon_core.shell:Creating package script '/home/einstein/Desktop/ros2_control_Slambot/install/slambot_controller/share/slambot_controller/package.ps1'
[13.528s] INFO:colcon.colcon_core.shell:Creating package descriptor '/home/einstein/Desktop/ros2_control_Slambot/install/slambot_controller/share/slambot_controller/package.dsv'
[13.529s] INFO:colcon.colcon_core.shell:Creating package script '/home/einstein/Desktop/ros2_control_Slambot/install/slambot_controller/share/slambot_controller/package.sh'
[13.539s] INFO:colcon.colcon_core.shell:Creating package script '/home/einstein/Desktop/ros2_control_Slambot/install/slambot_controller/share/slambot_controller/package.bash'
[13.540s] INFO:colcon.colcon_core.shell:Creating package script '/home/einstein/Desktop/ros2_control_Slambot/install/slambot_controller/share/slambot_controller/package.zsh'
[13.541s] Level 1:colcon.colcon_core.environment:create_file_with_runtime_dependencies(/home/einstein/Desktop/ros2_control_Slambot/install/slambot_controller/share/colcon-core/packages/slambot_controller)
[13.552s] Level 1:colcon.colcon_core.environment:create_environment_scripts_only(slambot_firmware)
[13.553s] Level 1:colcon.colcon_core.environment:checking '/home/einstein/Desktop/ros2_control_Slambot/install/slambot_firmware' for CMake module files
[13.554s] DEBUG:colcon.colcon_core.event_handler.log_command:Invoked command in '/home/einstein/Desktop/ros2_control_Slambot/build/slambot_firmware' returned '0': CMAKE_PREFIX_PATH=/opt/ros/humble /usr/bin/cmake --install /home/einstein/Desktop/ros2_control_Slambot/build/slambot_firmware
[13.555s] Level 1:colcon.colcon_core.environment:checking '/home/einstein/Desktop/ros2_control_Slambot/install/slambot_firmware' for CMake config files
[13.555s] Level 1:colcon.colcon_core.shell:create_environment_hook('slambot_firmware', 'cmake_prefix_path')
[13.556s] INFO:colcon.colcon_core.shell:Creating environment hook '/home/einstein/Desktop/ros2_control_Slambot/install/slambot_firmware/share/slambot_firmware/hook/cmake_prefix_path.ps1'
[13.557s] INFO:colcon.colcon_core.shell:Creating environment descriptor '/home/einstein/Desktop/ros2_control_Slambot/install/slambot_firmware/share/slambot_firmware/hook/cmake_prefix_path.dsv'
[13.557s] INFO:colcon.colcon_core.shell:Creating environment hook '/home/einstein/Desktop/ros2_control_Slambot/install/slambot_firmware/share/slambot_firmware/hook/cmake_prefix_path.sh'
[13.558s] Level 1:colcon.colcon_core.environment:checking '/home/einstein/Desktop/ros2_control_Slambot/install/slambot_firmware/lib'
[13.558s] Level 1:colcon.colcon_core.shell:create_environment_hook('slambot_firmware', 'ld_library_path_lib')
[13.559s] INFO:colcon.colcon_core.shell:Creating environment hook '/home/einstein/Desktop/ros2_control_Slambot/install/slambot_firmware/share/slambot_firmware/hook/ld_library_path_lib.ps1'
[13.559s] INFO:colcon.colcon_core.shell:Creating environment descriptor '/home/einstein/Desktop/ros2_control_Slambot/install/slambot_firmware/share/slambot_firmware/hook/ld_library_path_lib.dsv'
[13.560s] INFO:colcon.colcon_core.shell:Creating environment hook '/home/einstein/Desktop/ros2_control_Slambot/install/slambot_firmware/share/slambot_firmware/hook/ld_library_path_lib.sh'
[13.560s] Level 1:colcon.colcon_core.environment:checking '/home/einstein/Desktop/ros2_control_Slambot/install/slambot_firmware/bin'
[13.560s] Level 1:colcon.colcon_core.environment:checking '/home/einstein/Desktop/ros2_control_Slambot/install/slambot_firmware/lib/pkgconfig/slambot_firmware.pc'
[13.561s] Level 1:colcon.colcon_core.environment:checking '/home/einstein/Desktop/ros2_control_Slambot/install/slambot_firmware/lib/python3.10/site-packages'
[13.561s] Level 1:colcon.colcon_core.environment:checking '/home/einstein/Desktop/ros2_control_Slambot/install/slambot_firmware/bin'
[13.561s] INFO:colcon.colcon_core.shell:Creating package script '/home/einstein/Desktop/ros2_control_Slambot/install/slambot_firmware/share/slambot_firmware/package.ps1'
[13.562s] INFO:colcon.colcon_core.shell:Creating package descriptor '/home/einstein/Desktop/ros2_control_Slambot/install/slambot_firmware/share/slambot_firmware/package.dsv'
[13.563s] INFO:colcon.colcon_core.shell:Creating package script '/home/einstein/Desktop/ros2_control_Slambot/install/slambot_firmware/share/slambot_firmware/package.sh'
[13.563s] INFO:colcon.colcon_core.shell:Creating package script '/home/einstein/Desktop/ros2_control_Slambot/install/slambot_firmware/share/slambot_firmware/package.bash'
[13.563s] INFO:colcon.colcon_core.shell:Creating package script '/home/einstein/Desktop/ros2_control_Slambot/install/slambot_firmware/share/slambot_firmware/package.zsh'
[13.564s] Level 1:colcon.colcon_core.environment:create_file_with_runtime_dependencies(/home/einstein/Desktop/ros2_control_Slambot/install/slambot_firmware/share/colcon-core/packages/slambot_firmware)
[13.613s] Level 1:colcon.colcon_core.environment:create_environment_scripts_only(slambot_firmware)
[13.614s] Level 1:colcon.colcon_core.environment:checking '/home/einstein/Desktop/ros2_control_Slambot/install/slambot_firmware' for CMake module files
[13.615s] Level 1:colcon.colcon_core.environment:checking '/home/einstein/Desktop/ros2_control_Slambot/install/slambot_firmware' for CMake config files
[13.615s] Level 1:colcon.colcon_core.shell:create_environment_hook('slambot_firmware', 'cmake_prefix_path')
[13.616s] INFO:colcon.colcon_core.shell:Creating environment hook '/home/einstein/Desktop/ros2_control_Slambot/install/slambot_firmware/share/slambot_firmware/hook/cmake_prefix_path.ps1'
[13.616s] INFO:colcon.colcon_core.shell:Creating environment descriptor '/home/einstein/Desktop/ros2_control_Slambot/install/slambot_firmware/share/slambot_firmware/hook/cmake_prefix_path.dsv'
[13.617s] INFO:colcon.colcon_core.shell:Creating environment hook '/home/einstein/Desktop/ros2_control_Slambot/install/slambot_firmware/share/slambot_firmware/hook/cmake_prefix_path.sh'
[13.627s] Level 1:colcon.colcon_core.environment:checking '/home/einstein/Desktop/ros2_control_Slambot/install/slambot_firmware/lib'
[13.627s] Level 1:colcon.colcon_core.shell:create_environment_hook('slambot_firmware', 'ld_library_path_lib')
[13.628s] INFO:colcon.colcon_core.shell:Creating environment hook '/home/einstein/Desktop/ros2_control_Slambot/install/slambot_firmware/share/slambot_firmware/hook/ld_library_path_lib.ps1'
[13.629s] INFO:colcon.colcon_core.shell:Creating environment descriptor '/home/einstein/Desktop/ros2_control_Slambot/install/slambot_firmware/share/slambot_firmware/hook/ld_library_path_lib.dsv'
[13.629s] INFO:colcon.colcon_core.shell:Creating environment hook '/home/einstein/Desktop/ros2_control_Slambot/install/slambot_firmware/share/slambot_firmware/hook/ld_library_path_lib.sh'
[13.639s] Level 1:colcon.colcon_core.environment:checking '/home/einstein/Desktop/ros2_control_Slambot/install/slambot_firmware/bin'
[13.640s] Level 1:colcon.colcon_core.environment:checking '/home/einstein/Desktop/ros2_control_Slambot/install/slambot_firmware/lib/pkgconfig/slambot_firmware.pc'
[13.640s] Level 1:colcon.colcon_core.environment:checking '/home/einstein/Desktop/ros2_control_Slambot/install/slambot_firmware/lib/python3.10/site-packages'
[13.640s] Level 1:colcon.colcon_core.environment:checking '/home/einstein/Desktop/ros2_control_Slambot/install/slambot_firmware/bin'
[13.641s] INFO:colcon.colcon_core.shell:Creating package script '/home/einstein/Desktop/ros2_control_Slambot/install/slambot_firmware/share/slambot_firmware/package.ps1'
[13.642s] INFO:colcon.colcon_core.shell:Creating package descriptor '/home/einstein/Desktop/ros2_control_Slambot/install/slambot_firmware/share/slambot_firmware/package.dsv'
[13.643s] INFO:colcon.colcon_core.shell:Creating package script '/home/einstein/Desktop/ros2_control_Slambot/install/slambot_firmware/share/slambot_firmware/package.sh'
[13.645s] INFO:colcon.colcon_core.shell:Creating package script '/home/einstein/Desktop/ros2_control_Slambot/install/slambot_firmware/share/slambot_firmware/package.bash'
[13.646s] INFO:colcon.colcon_core.shell:Creating package script '/home/einstein/Desktop/ros2_control_Slambot/install/slambot_firmware/share/slambot_firmware/package.zsh'
[13.653s] Level 1:colcon.colcon_core.environment:create_file_with_runtime_dependencies(/home/einstein/Desktop/ros2_control_Slambot/install/slambot_firmware/share/colcon-core/packages/slambot_firmware)
[13.654s] DEBUG:colcon.colcon_parallel_executor.executor.parallel:closing loop
[13.654s] DEBUG:colcon.colcon_parallel_executor.executor.parallel:loop closed
[13.654s] DEBUG:colcon.colcon_parallel_executor.executor.parallel:run_until_complete finished with '0'
[13.654s] DEBUG:colcon.colcon_core.event_reactor:joining thread
[13.664s] INFO:colcon.colcon_core.plugin_system:Skipping extension 'colcon_notification.desktop_notification.terminal_notifier': Not used on non-Darwin systems
[13.664s] INFO:colcon.colcon_core.plugin_system:Skipping extension 'colcon_notification.desktop_notification.win32': Not used on non-Windows systems
[13.664s] INFO:colcon.colcon_notification.desktop_notification:Sending desktop notification using 'notify2'
[13.686s] DEBUG:colcon.colcon_core.event_reactor:joined thread
[13.687s] INFO:colcon.colcon_core.shell:Creating prefix script '/home/einstein/Desktop/ros2_control_Slambot/install/local_setup.ps1'
[13.689s] INFO:colcon.colcon_core.shell:Creating prefix util module '/home/einstein/Desktop/ros2_control_Slambot/install/_local_setup_util_ps1.py'
[13.691s] INFO:colcon.colcon_core.shell:Creating prefix chain script '/home/einstein/Desktop/ros2_control_Slambot/install/setup.ps1'
[13.692s] INFO:colcon.colcon_core.shell:Creating prefix script '/home/einstein/Desktop/ros2_control_Slambot/install/local_setup.sh'
[13.693s] INFO:colcon.colcon_core.shell:Creating prefix util module '/home/einstein/Desktop/ros2_control_Slambot/install/_local_setup_util_sh.py'
[13.693s] INFO:colcon.colcon_core.shell:Creating prefix chain script '/home/einstein/Desktop/ros2_control_Slambot/install/setup.sh'
[13.694s] INFO:colcon.colcon_core.shell:Creating prefix script '/home/einstein/Desktop/ros2_control_Slambot/install/local_setup.bash'
[13.695s] INFO:colcon.colcon_core.shell:Creating prefix chain script '/home/einstein/Desktop/ros2_control_Slambot/install/setup.bash'
[13.695s] INFO:colcon.colcon_core.shell:Creating prefix script '/home/einstein/Desktop/ros2_control_Slambot/install/local_setup.zsh'
[13.696s] INFO:colcon.colcon_core.shell:Creating prefix chain script '/home/einstein/Desktop/ros2_control_Slambot/install/setup.zsh'
