[0.020s] Invoking command in '/home/einstein/Desktop/ros2_control_Slambot/build/slambot_controller': CMAKE_PREFIX_PATH=${CMAKE_PREFIX_PATH}:/opt/ros/humble /usr/bin/cmake --build /home/einstein/Desktop/ros2_control_Slambot/build/slambot_controller -- -j8 -l8
[0.086s] [100%] Built target simple_controller
[0.121s] Invoked command in '/home/einstein/Desktop/ros2_control_Slambot/build/slambot_controller' returned '0': CMAKE_PREFIX_PATH=${CMAKE_PREFIX_PATH}:/opt/ros/humble /usr/bin/cmake --build /home/einstein/Desktop/ros2_control_Slambot/build/slambot_controller -- -j8 -l8
[0.158s] Invoking command in '/home/einstein/Desktop/ros2_control_Slambot/build/slambot_controller': CMAKE_PREFIX_PATH=${CMAKE_PREFIX_PATH}:/opt/ros/humble /usr/bin/cmake --install /home/einstein/Desktop/ros2_control_Slambot/build/slambot_controller
[0.163s] -- Install configuration: ""
[0.164s] -- Up-to-date: /home/einstein/Desktop/ros2_control_Slambot/install/slambot_controller/include/include
[0.164s] -- Up-to-date: /home/einstein/Desktop/ros2_control_Slambot/install/slambot_controller/include/include/slambot_controller
[0.164s] -- Up-to-date: /home/einstein/Desktop/ros2_control_Slambot/install/slambot_controller/include/include/slambot_controller/simple_controller.hpp
[0.164s] -- Up-to-date: /home/einstein/Desktop/ros2_control_Slambot/install/slambot_controller/lib/slambot_controller/simple_controller
[0.164s] -- Up-to-date: /home/einstein/Desktop/ros2_control_Slambot/install/slambot_controller/share/slambot_controller/config
[0.164s] -- Up-to-date: /home/einstein/Desktop/ros2_control_Slambot/install/slambot_controller/share/slambot_controller/config/slambot_controllers.yaml
[0.164s] -- Up-to-date: /home/einstein/Desktop/ros2_control_Slambot/install/slambot_controller/share/slambot_controller/config/joystick_config.yaml
[0.164s] -- Up-to-date: /home/einstein/Desktop/ros2_control_Slambot/install/slambot_controller/share/slambot_controller/config/joystick_teleop.yaml
[0.164s] -- Up-to-date: /home/einstein/Desktop/ros2_control_Slambot/install/slambot_controller/share/slambot_controller/launch
[0.164s] -- Up-to-date: /home/einstein/Desktop/ros2_control_Slambot/install/slambot_controller/share/slambot_controller/launch/joystick_teleop.launch.py
[0.164s] -- Up-to-date: /home/einstein/Desktop/ros2_control_Slambot/install/slambot_controller/share/slambot_controller/launch/controller.launch.py
[0.165s] -- Up-to-date: /home/einstein/Desktop/ros2_control_Slambot/install/slambot_controller/share/ament_index/resource_index/package_run_dependencies/slambot_controller
[0.165s] -- Up-to-date: /home/einstein/Desktop/ros2_control_Slambot/install/slambot_controller/share/ament_index/resource_index/parent_prefix_path/slambot_controller
[0.165s] -- Up-to-date: /home/einstein/Desktop/ros2_control_Slambot/install/slambot_controller/share/slambot_controller/environment/ament_prefix_path.sh
[0.165s] -- Up-to-date: /home/einstein/Desktop/ros2_control_Slambot/install/slambot_controller/share/slambot_controller/environment/ament_prefix_path.dsv
[0.165s] -- Up-to-date: /home/einstein/Desktop/ros2_control_Slambot/install/slambot_controller/share/slambot_controller/environment/path.sh
[0.165s] -- Up-to-date: /home/einstein/Desktop/ros2_control_Slambot/install/slambot_controller/share/slambot_controller/environment/path.dsv
[0.165s] -- Up-to-date: /home/einstein/Desktop/ros2_control_Slambot/install/slambot_controller/share/slambot_controller/local_setup.bash
[0.165s] -- Up-to-date: /home/einstein/Desktop/ros2_control_Slambot/install/slambot_controller/share/slambot_controller/local_setup.sh
[0.165s] -- Up-to-date: /home/einstein/Desktop/ros2_control_Slambot/install/slambot_controller/share/slambot_controller/local_setup.zsh
[0.165s] -- Up-to-date: /home/einstein/Desktop/ros2_control_Slambot/install/slambot_controller/share/slambot_controller/local_setup.dsv
[0.165s] -- Installing: /home/einstein/Desktop/ros2_control_Slambot/install/slambot_controller/share/slambot_controller/package.dsv
[0.165s] -- Up-to-date: /home/einstein/Desktop/ros2_control_Slambot/install/slambot_controller/share/ament_index/resource_index/packages/slambot_controller
[0.165s] -- Up-to-date: /home/einstein/Desktop/ros2_control_Slambot/install/slambot_controller/share/slambot_controller/cmake/slambot_controllerConfig.cmake
[0.165s] -- Up-to-date: /home/einstein/Desktop/ros2_control_Slambot/install/slambot_controller/share/slambot_controller/cmake/slambot_controllerConfig-version.cmake
[0.165s] -- Up-to-date: /home/einstein/Desktop/ros2_control_Slambot/install/slambot_controller/share/slambot_controller/package.xml
[0.180s] Invoked command in '/home/einstein/Desktop/ros2_control_Slambot/build/slambot_controller' returned '0': CMAKE_PREFIX_PATH=${CMAKE_PREFIX_PATH}:/opt/ros/humble /usr/bin/cmake --install /home/einstein/Desktop/ros2_control_Slambot/build/slambot_controller
