[0.246s] DEBUG:colcon:Command line arguments: ['/usr/bin/colcon', 'build']
[0.246s] DEBUG:colcon:Parsed command line arguments: Namespace(log_base=None, log_level=None, verb_name='build', build_base='build', install_base='install', merge_install=False, symlink_install=False, test_result_base=None, continue_on_error=False, executor='parallel', parallel_workers=4, event_handlers=None, ignore_user_meta=False, metas=['./colcon.meta'], base_paths=['.'], packages_ignore=None, packages_ignore_regex=None, paths=None, packages_up_to=None, packages_up_to_regex=None, packages_above=None, packages_above_and_dependencies=None, packages_above_depth=None, packages_select_by_dep=None, packages_skip_by_dep=None, packages_skip_up_to=None, packages_select_build_failed=False, packages_skip_build_finished=False, packages_select_test_failures=False, packages_skip_test_passed=False, packages_select=None, packages_skip=None, packages_select_regex=None, packages_skip_regex=None, packages_start=None, packages_end=None, allow_overriding=[], cmake_args=None, cmake_target=None, cmake_target_skip_unavailable=False, cmake_clean_cache=False, cmake_clean_first=False, cmake_force_configure=False, ament_cmake_args=None, catkin_cmake_args=None, catkin_skip_building_tests=False, mixin_files=None, mixin=None, verb_parser=<colcon_mixin.mixin.mixin_argument.MixinArgumentDecorator object at 0xffffb9538860>, verb_extension=<colcon_core.verb.build.BuildVerb object at 0xffffb9683740>, main=<bound method BuildVerb.main of <colcon_core.verb.build.BuildVerb object at 0xffffb9683740>>, mixin_verb=('build',))
[0.348s] Level 1:colcon.colcon_core.package_discovery:discover_packages(colcon_meta) check parameters
[0.348s] Level 1:colcon.colcon_core.package_discovery:discover_packages(recursive) check parameters
[0.348s] Level 1:colcon.colcon_core.package_discovery:discover_packages(ignore) check parameters
[0.348s] Level 1:colcon.colcon_core.package_discovery:discover_packages(path) check parameters
[0.348s] Level 1:colcon.colcon_core.package_discovery:discover_packages(colcon_meta) discover
[0.348s] Level 1:colcon.colcon_core.package_discovery:discover_packages(recursive) discover
[0.348s] INFO:colcon.colcon_core.package_discovery:Crawling recursively for packages in '/home/wagwan/slambot_ws'
[0.349s] Level 1:colcon.colcon_core.package_identification:_identify(.) by extensions ['ignore', 'ignore_ament_install']
[0.349s] Level 1:colcon.colcon_core.package_identification:_identify(.) by extension 'ignore'
[0.349s] Level 1:colcon.colcon_core.package_identification:_identify(.) by extension 'ignore_ament_install'
[0.349s] Level 1:colcon.colcon_core.package_identification:_identify(.) by extensions ['colcon_pkg']
[0.349s] Level 1:colcon.colcon_core.package_identification:_identify(.) by extension 'colcon_pkg'
[0.349s] Level 1:colcon.colcon_core.package_identification:_identify(.) by extensions ['colcon_meta']
[0.349s] Level 1:colcon.colcon_core.package_identification:_identify(.) by extension 'colcon_meta'
[0.349s] Level 1:colcon.colcon_core.package_identification:_identify(.) by extensions ['ros']
[0.349s] Level 1:colcon.colcon_core.package_identification:_identify(.) by extension 'ros'
[0.406s] Level 1:colcon.colcon_core.package_identification:_identify(.) by extensions ['cmake', 'python']
[0.406s] Level 1:colcon.colcon_core.package_identification:_identify(.) by extension 'cmake'
[0.406s] Level 1:colcon.colcon_core.package_identification:_identify(.) by extension 'python'
[0.406s] Level 1:colcon.colcon_core.package_identification:_identify(.) by extensions ['python_setup_py']
[0.406s] Level 1:colcon.colcon_core.package_identification:_identify(.) by extension 'python_setup_py'
[0.406s] Level 1:colcon.colcon_core.package_identification:_identify(build) by extensions ['ignore', 'ignore_ament_install']
[0.407s] Level 1:colcon.colcon_core.package_identification:_identify(build) by extension 'ignore'
[0.407s] Level 1:colcon.colcon_core.package_identification:_identify(build) ignored
[0.407s] Level 1:colcon.colcon_core.package_identification:_identify(install) by extensions ['ignore', 'ignore_ament_install']
[0.407s] Level 1:colcon.colcon_core.package_identification:_identify(install) by extension 'ignore'
[0.407s] Level 1:colcon.colcon_core.package_identification:_identify(install) ignored
[0.407s] Level 1:colcon.colcon_core.package_identification:_identify(log) by extensions ['ignore', 'ignore_ament_install']
[0.407s] Level 1:colcon.colcon_core.package_identification:_identify(log) by extension 'ignore'
[0.407s] Level 1:colcon.colcon_core.package_identification:_identify(log) ignored
[0.407s] Level 1:colcon.colcon_core.package_identification:_identify(src) by extensions ['ignore', 'ignore_ament_install']
[0.408s] Level 1:colcon.colcon_core.package_identification:_identify(src) by extension 'ignore'
[0.408s] Level 1:colcon.colcon_core.package_identification:_identify(src) by extension 'ignore_ament_install'
[0.408s] Level 1:colcon.colcon_core.package_identification:_identify(src) by extensions ['colcon_pkg']
[0.408s] Level 1:colcon.colcon_core.package_identification:_identify(src) by extension 'colcon_pkg'
[0.408s] Level 1:colcon.colcon_core.package_identification:_identify(src) by extensions ['colcon_meta']
[0.408s] Level 1:colcon.colcon_core.package_identification:_identify(src) by extension 'colcon_meta'
[0.408s] Level 1:colcon.colcon_core.package_identification:_identify(src) by extensions ['ros']
[0.408s] Level 1:colcon.colcon_core.package_identification:_identify(src) by extension 'ros'
[0.408s] Level 1:colcon.colcon_core.package_identification:_identify(src) by extensions ['cmake', 'python']
[0.408s] Level 1:colcon.colcon_core.package_identification:_identify(src) by extension 'cmake'
[0.408s] Level 1:colcon.colcon_core.package_identification:_identify(src) by extension 'python'
[0.408s] Level 1:colcon.colcon_core.package_identification:_identify(src) by extensions ['python_setup_py']
[0.408s] Level 1:colcon.colcon_core.package_identification:_identify(src) by extension 'python_setup_py'
[0.408s] Level 1:colcon.colcon_core.package_identification:_identify(src/ros2_ctrl_pkg) by extensions ['ignore', 'ignore_ament_install']
[0.408s] Level 1:colcon.colcon_core.package_identification:_identify(src/ros2_ctrl_pkg) by extension 'ignore'
[0.408s] Level 1:colcon.colcon_core.package_identification:_identify(src/ros2_ctrl_pkg) by extension 'ignore_ament_install'
[0.409s] Level 1:colcon.colcon_core.package_identification:_identify(src/ros2_ctrl_pkg) by extensions ['colcon_pkg']
[0.409s] Level 1:colcon.colcon_core.package_identification:_identify(src/ros2_ctrl_pkg) by extension 'colcon_pkg'
[0.409s] Level 1:colcon.colcon_core.package_identification:_identify(src/ros2_ctrl_pkg) by extensions ['colcon_meta']
[0.409s] Level 1:colcon.colcon_core.package_identification:_identify(src/ros2_ctrl_pkg) by extension 'colcon_meta'
[0.409s] Level 1:colcon.colcon_core.package_identification:_identify(src/ros2_ctrl_pkg) by extensions ['ros']
[0.409s] Level 1:colcon.colcon_core.package_identification:_identify(src/ros2_ctrl_pkg) by extension 'ros'
[0.413s] DEBUG:colcon.colcon_core.package_identification:Package 'src/ros2_ctrl_pkg' with type 'ros.ament_cmake' and name 'ros2_ctrl_pkg'
[0.413s] Level 1:colcon.colcon_core.package_identification:_identify(src/slambot_bringup) by extensions ['ignore', 'ignore_ament_install']
[0.414s] Level 1:colcon.colcon_core.package_identification:_identify(src/slambot_bringup) by extension 'ignore'
[0.414s] Level 1:colcon.colcon_core.package_identification:_identify(src/slambot_bringup) by extension 'ignore_ament_install'
[0.414s] Level 1:colcon.colcon_core.package_identification:_identify(src/slambot_bringup) by extensions ['colcon_pkg']
[0.414s] Level 1:colcon.colcon_core.package_identification:_identify(src/slambot_bringup) by extension 'colcon_pkg'
[0.414s] Level 1:colcon.colcon_core.package_identification:_identify(src/slambot_bringup) by extensions ['colcon_meta']
[0.414s] Level 1:colcon.colcon_core.package_identification:_identify(src/slambot_bringup) by extension 'colcon_meta'
[0.414s] Level 1:colcon.colcon_core.package_identification:_identify(src/slambot_bringup) by extensions ['ros']
[0.414s] Level 1:colcon.colcon_core.package_identification:_identify(src/slambot_bringup) by extension 'ros'
[0.415s] DEBUG:colcon.colcon_core.package_identification:Package 'src/slambot_bringup' with type 'ros.ament_cmake' and name 'slambot_bringup'
[0.415s] Level 1:colcon.colcon_core.package_identification:_identify(src/slambot_controller) by extensions ['ignore', 'ignore_ament_install']
[0.415s] Level 1:colcon.colcon_core.package_identification:_identify(src/slambot_controller) by extension 'ignore'
[0.415s] Level 1:colcon.colcon_core.package_identification:_identify(src/slambot_controller) by extension 'ignore_ament_install'
[0.415s] Level 1:colcon.colcon_core.package_identification:_identify(src/slambot_controller) by extensions ['colcon_pkg']
[0.415s] Level 1:colcon.colcon_core.package_identification:_identify(src/slambot_controller) by extension 'colcon_pkg'
[0.415s] Level 1:colcon.colcon_core.package_identification:_identify(src/slambot_controller) by extensions ['colcon_meta']
[0.415s] Level 1:colcon.colcon_core.package_identification:_identify(src/slambot_controller) by extension 'colcon_meta'
[0.415s] Level 1:colcon.colcon_core.package_identification:_identify(src/slambot_controller) by extensions ['ros']
[0.415s] Level 1:colcon.colcon_core.package_identification:_identify(src/slambot_controller) by extension 'ros'
[0.417s] DEBUG:colcon.colcon_core.package_identification:Package 'src/slambot_controller' with type 'ros.ament_cmake' and name 'slambot_controller'
[0.417s] Level 1:colcon.colcon_core.package_identification:_identify(src/slambot_description) by extensions ['ignore', 'ignore_ament_install']
[0.417s] Level 1:colcon.colcon_core.package_identification:_identify(src/slambot_description) by extension 'ignore'
[0.417s] Level 1:colcon.colcon_core.package_identification:_identify(src/slambot_description) by extension 'ignore_ament_install'
[0.417s] Level 1:colcon.colcon_core.package_identification:_identify(src/slambot_description) by extensions ['colcon_pkg']
[0.417s] Level 1:colcon.colcon_core.package_identification:_identify(src/slambot_description) by extension 'colcon_pkg'
[0.417s] Level 1:colcon.colcon_core.package_identification:_identify(src/slambot_description) by extensions ['colcon_meta']
[0.417s] Level 1:colcon.colcon_core.package_identification:_identify(src/slambot_description) by extension 'colcon_meta'
[0.417s] Level 1:colcon.colcon_core.package_identification:_identify(src/slambot_description) by extensions ['ros']
[0.417s] Level 1:colcon.colcon_core.package_identification:_identify(src/slambot_description) by extension 'ros'
[0.418s] DEBUG:colcon.colcon_core.package_identification:Package 'src/slambot_description' with type 'ros.ament_cmake' and name 'slambot_description'
[0.418s] Level 1:colcon.colcon_core.package_identification:_identify(src/slambot_firmware) by extensions ['ignore', 'ignore_ament_install']
[0.419s] Level 1:colcon.colcon_core.package_identification:_identify(src/slambot_firmware) by extension 'ignore'
[0.419s] Level 1:colcon.colcon_core.package_identification:_identify(src/slambot_firmware) by extension 'ignore_ament_install'
[0.419s] Level 1:colcon.colcon_core.package_identification:_identify(src/slambot_firmware) by extensions ['colcon_pkg']
[0.419s] Level 1:colcon.colcon_core.package_identification:_identify(src/slambot_firmware) by extension 'colcon_pkg'
[0.419s] Level 1:colcon.colcon_core.package_identification:_identify(src/slambot_firmware) by extensions ['colcon_meta']
[0.419s] Level 1:colcon.colcon_core.package_identification:_identify(src/slambot_firmware) by extension 'colcon_meta'
[0.419s] Level 1:colcon.colcon_core.package_identification:_identify(src/slambot_firmware) by extensions ['ros']
[0.419s] Level 1:colcon.colcon_core.package_identification:_identify(src/slambot_firmware) by extension 'ros'
[0.420s] DEBUG:colcon.colcon_core.package_identification:Package 'src/slambot_firmware' with type 'ros.ament_cmake' and name 'slambot_firmware'
[0.420s] Level 1:colcon.colcon_core.package_discovery:discover_packages(recursive) using defaults
[0.420s] Level 1:colcon.colcon_core.package_discovery:discover_packages(ignore) discover
[0.420s] Level 1:colcon.colcon_core.package_discovery:discover_packages(ignore) using defaults
[0.420s] Level 1:colcon.colcon_core.package_discovery:discover_packages(path) discover
[0.420s] Level 1:colcon.colcon_core.package_discovery:discover_packages(path) using defaults
[0.461s] Level 1:colcon.colcon_core.package_discovery:discover_packages(prefix_path) check parameters
[0.461s] Level 1:colcon.colcon_core.package_discovery:discover_packages(prefix_path) discover
[0.467s] DEBUG:colcon.colcon_installed_package_information.package_discovery:Found 340 installed packages in /opt/ros/jazzy
[0.470s] Level 1:colcon.colcon_core.package_discovery:discover_packages(prefix_path) using defaults
[0.534s] Level 5:colcon.colcon_core.verb:set package 'ros2_ctrl_pkg' build argument 'cmake_args' from command line to 'None'
[0.534s] Level 5:colcon.colcon_core.verb:set package 'ros2_ctrl_pkg' build argument 'cmake_target' from command line to 'None'
[0.534s] Level 5:colcon.colcon_core.verb:set package 'ros2_ctrl_pkg' build argument 'cmake_target_skip_unavailable' from command line to 'False'
[0.534s] Level 5:colcon.colcon_core.verb:set package 'ros2_ctrl_pkg' build argument 'cmake_clean_cache' from command line to 'False'
[0.534s] Level 5:colcon.colcon_core.verb:set package 'ros2_ctrl_pkg' build argument 'cmake_clean_first' from command line to 'False'
[0.534s] Level 5:colcon.colcon_core.verb:set package 'ros2_ctrl_pkg' build argument 'cmake_force_configure' from command line to 'False'
[0.534s] Level 5:colcon.colcon_core.verb:set package 'ros2_ctrl_pkg' build argument 'ament_cmake_args' from command line to 'None'
[0.534s] Level 5:colcon.colcon_core.verb:set package 'ros2_ctrl_pkg' build argument 'catkin_cmake_args' from command line to 'None'
[0.534s] Level 5:colcon.colcon_core.verb:set package 'ros2_ctrl_pkg' build argument 'catkin_skip_building_tests' from command line to 'False'
[0.534s] DEBUG:colcon.colcon_core.verb:Building package 'ros2_ctrl_pkg' with the following arguments: {'ament_cmake_args': None, 'build_base': '/home/wagwan/slambot_ws/build/ros2_ctrl_pkg', 'catkin_cmake_args': None, 'catkin_skip_building_tests': False, 'cmake_args': None, 'cmake_clean_cache': False, 'cmake_clean_first': False, 'cmake_force_configure': False, 'cmake_target': None, 'cmake_target_skip_unavailable': False, 'install_base': '/home/wagwan/slambot_ws/install/ros2_ctrl_pkg', 'merge_install': False, 'path': '/home/wagwan/slambot_ws/src/ros2_ctrl_pkg', 'symlink_install': False, 'test_result_base': None}
[0.535s] Level 5:colcon.colcon_core.verb:set package 'slambot_bringup' build argument 'cmake_args' from command line to 'None'
[0.535s] Level 5:colcon.colcon_core.verb:set package 'slambot_bringup' build argument 'cmake_target' from command line to 'None'
[0.535s] Level 5:colcon.colcon_core.verb:set package 'slambot_bringup' build argument 'cmake_target_skip_unavailable' from command line to 'False'
[0.535s] Level 5:colcon.colcon_core.verb:set package 'slambot_bringup' build argument 'cmake_clean_cache' from command line to 'False'
[0.535s] Level 5:colcon.colcon_core.verb:set package 'slambot_bringup' build argument 'cmake_clean_first' from command line to 'False'
[0.535s] Level 5:colcon.colcon_core.verb:set package 'slambot_bringup' build argument 'cmake_force_configure' from command line to 'False'
[0.535s] Level 5:colcon.colcon_core.verb:set package 'slambot_bringup' build argument 'ament_cmake_args' from command line to 'None'
[0.535s] Level 5:colcon.colcon_core.verb:set package 'slambot_bringup' build argument 'catkin_cmake_args' from command line to 'None'
[0.535s] Level 5:colcon.colcon_core.verb:set package 'slambot_bringup' build argument 'catkin_skip_building_tests' from command line to 'False'
[0.535s] DEBUG:colcon.colcon_core.verb:Building package 'slambot_bringup' with the following arguments: {'ament_cmake_args': None, 'build_base': '/home/wagwan/slambot_ws/build/slambot_bringup', 'catkin_cmake_args': None, 'catkin_skip_building_tests': False, 'cmake_args': None, 'cmake_clean_cache': False, 'cmake_clean_first': False, 'cmake_force_configure': False, 'cmake_target': None, 'cmake_target_skip_unavailable': False, 'install_base': '/home/wagwan/slambot_ws/install/slambot_bringup', 'merge_install': False, 'path': '/home/wagwan/slambot_ws/src/slambot_bringup', 'symlink_install': False, 'test_result_base': None}
[0.535s] Level 5:colcon.colcon_core.verb:set package 'slambot_controller' build argument 'cmake_args' from command line to 'None'
[0.535s] Level 5:colcon.colcon_core.verb:set package 'slambot_controller' build argument 'cmake_target' from command line to 'None'
[0.535s] Level 5:colcon.colcon_core.verb:set package 'slambot_controller' build argument 'cmake_target_skip_unavailable' from command line to 'False'
[0.535s] Level 5:colcon.colcon_core.verb:set package 'slambot_controller' build argument 'cmake_clean_cache' from command line to 'False'
[0.535s] Level 5:colcon.colcon_core.verb:set package 'slambot_controller' build argument 'cmake_clean_first' from command line to 'False'
[0.536s] Level 5:colcon.colcon_core.verb:set package 'slambot_controller' build argument 'cmake_force_configure' from command line to 'False'
[0.536s] Level 5:colcon.colcon_core.verb:set package 'slambot_controller' build argument 'ament_cmake_args' from command line to 'None'
[0.536s] Level 5:colcon.colcon_core.verb:set package 'slambot_controller' build argument 'catkin_cmake_args' from command line to 'None'
[0.536s] Level 5:colcon.colcon_core.verb:set package 'slambot_controller' build argument 'catkin_skip_building_tests' from command line to 'False'
[0.536s] DEBUG:colcon.colcon_core.verb:Building package 'slambot_controller' with the following arguments: {'ament_cmake_args': None, 'build_base': '/home/wagwan/slambot_ws/build/slambot_controller', 'catkin_cmake_args': None, 'catkin_skip_building_tests': False, 'cmake_args': None, 'cmake_clean_cache': False, 'cmake_clean_first': False, 'cmake_force_configure': False, 'cmake_target': None, 'cmake_target_skip_unavailable': False, 'install_base': '/home/wagwan/slambot_ws/install/slambot_controller', 'merge_install': False, 'path': '/home/wagwan/slambot_ws/src/slambot_controller', 'symlink_install': False, 'test_result_base': None}
[0.536s] Level 5:colcon.colcon_core.verb:set package 'slambot_description' build argument 'cmake_args' from command line to 'None'
[0.536s] Level 5:colcon.colcon_core.verb:set package 'slambot_description' build argument 'cmake_target' from command line to 'None'
[0.536s] Level 5:colcon.colcon_core.verb:set package 'slambot_description' build argument 'cmake_target_skip_unavailable' from command line to 'False'
[0.536s] Level 5:colcon.colcon_core.verb:set package 'slambot_description' build argument 'cmake_clean_cache' from command line to 'False'
[0.536s] Level 5:colcon.colcon_core.verb:set package 'slambot_description' build argument 'cmake_clean_first' from command line to 'False'
[0.536s] Level 5:colcon.colcon_core.verb:set package 'slambot_description' build argument 'cmake_force_configure' from command line to 'False'
[0.536s] Level 5:colcon.colcon_core.verb:set package 'slambot_description' build argument 'ament_cmake_args' from command line to 'None'
[0.536s] Level 5:colcon.colcon_core.verb:set package 'slambot_description' build argument 'catkin_cmake_args' from command line to 'None'
[0.536s] Level 5:colcon.colcon_core.verb:set package 'slambot_description' build argument 'catkin_skip_building_tests' from command line to 'False'
[0.536s] DEBUG:colcon.colcon_core.verb:Building package 'slambot_description' with the following arguments: {'ament_cmake_args': None, 'build_base': '/home/wagwan/slambot_ws/build/slambot_description', 'catkin_cmake_args': None, 'catkin_skip_building_tests': False, 'cmake_args': None, 'cmake_clean_cache': False, 'cmake_clean_first': False, 'cmake_force_configure': False, 'cmake_target': None, 'cmake_target_skip_unavailable': False, 'install_base': '/home/wagwan/slambot_ws/install/slambot_description', 'merge_install': False, 'path': '/home/wagwan/slambot_ws/src/slambot_description', 'symlink_install': False, 'test_result_base': None}
[0.536s] Level 5:colcon.colcon_core.verb:set package 'slambot_firmware' build argument 'cmake_args' from command line to 'None'
[0.537s] Level 5:colcon.colcon_core.verb:set package 'slambot_firmware' build argument 'cmake_target' from command line to 'None'
[0.537s] Level 5:colcon.colcon_core.verb:set package 'slambot_firmware' build argument 'cmake_target_skip_unavailable' from command line to 'False'
[0.537s] Level 5:colcon.colcon_core.verb:set package 'slambot_firmware' build argument 'cmake_clean_cache' from command line to 'False'
[0.537s] Level 5:colcon.colcon_core.verb:set package 'slambot_firmware' build argument 'cmake_clean_first' from command line to 'False'
[0.537s] Level 5:colcon.colcon_core.verb:set package 'slambot_firmware' build argument 'cmake_force_configure' from command line to 'False'
[0.537s] Level 5:colcon.colcon_core.verb:set package 'slambot_firmware' build argument 'ament_cmake_args' from command line to 'None'
[0.537s] Level 5:colcon.colcon_core.verb:set package 'slambot_firmware' build argument 'catkin_cmake_args' from command line to 'None'
[0.537s] Level 5:colcon.colcon_core.verb:set package 'slambot_firmware' build argument 'catkin_skip_building_tests' from command line to 'False'
[0.537s] DEBUG:colcon.colcon_core.verb:Building package 'slambot_firmware' with the following arguments: {'ament_cmake_args': None, 'build_base': '/home/wagwan/slambot_ws/build/slambot_firmware', 'catkin_cmake_args': None, 'catkin_skip_building_tests': False, 'cmake_args': None, 'cmake_clean_cache': False, 'cmake_clean_first': False, 'cmake_force_configure': False, 'cmake_target': None, 'cmake_target_skip_unavailable': False, 'install_base': '/home/wagwan/slambot_ws/install/slambot_firmware', 'merge_install': False, 'path': '/home/wagwan/slambot_ws/src/slambot_firmware', 'symlink_install': False, 'test_result_base': None}
[0.537s] INFO:colcon.colcon_core.executor:Executing jobs using 'parallel' executor
[0.538s] DEBUG:colcon.colcon_parallel_executor.executor.parallel:run_until_complete
[0.538s] INFO:colcon.colcon_ros.task.ament_cmake.build:Building ROS package in '/home/wagwan/slambot_ws/src/ros2_ctrl_pkg' with build type 'ament_cmake'
[0.539s] INFO:colcon.colcon_cmake.task.cmake.build:Building CMake package in '/home/wagwan/slambot_ws/src/ros2_ctrl_pkg'
[0.546s] INFO:colcon.colcon_core.plugin_system:Skipping extension 'colcon_core.shell.bat': Not used on non-Windows systems
[0.546s] INFO:colcon.colcon_core.shell:Skip shell extension 'powershell' for command environment: Not usable outside of PowerShell
[0.546s] DEBUG:colcon.colcon_core.shell:Skip shell extension 'dsv' for command environment
[0.551s] INFO:colcon.colcon_ros.task.ament_cmake.build:Building ROS package in '/home/wagwan/slambot_ws/src/slambot_bringup' with build type 'ament_cmake'
[0.551s] INFO:colcon.colcon_cmake.task.cmake.build:Building CMake package in '/home/wagwan/slambot_ws/src/slambot_bringup'
[0.552s] INFO:colcon.colcon_core.shell:Skip shell extension 'powershell' for command environment: Not usable outside of PowerShell
[0.552s] DEBUG:colcon.colcon_core.shell:Skip shell extension 'dsv' for command environment
[0.557s] INFO:colcon.colcon_ros.task.ament_cmake.build:Building ROS package in '/home/wagwan/slambot_ws/src/slambot_controller' with build type 'ament_cmake'
[0.557s] INFO:colcon.colcon_cmake.task.cmake.build:Building CMake package in '/home/wagwan/slambot_ws/src/slambot_controller'
[0.557s] INFO:colcon.colcon_core.shell:Skip shell extension 'powershell' for command environment: Not usable outside of PowerShell
[0.557s] DEBUG:colcon.colcon_core.shell:Skip shell extension 'dsv' for command environment
[0.563s] INFO:colcon.colcon_ros.task.ament_cmake.build:Building ROS package in '/home/wagwan/slambot_ws/src/slambot_description' with build type 'ament_cmake'
[0.563s] INFO:colcon.colcon_cmake.task.cmake.build:Building CMake package in '/home/wagwan/slambot_ws/src/slambot_description'
[0.563s] INFO:colcon.colcon_core.shell:Skip shell extension 'powershell' for command environment: Not usable outside of PowerShell
[0.563s] DEBUG:colcon.colcon_core.shell:Skip shell extension 'dsv' for command environment
[0.575s] DEBUG:colcon.colcon_core.event_handler.log_command:Invoking command in '/home/wagwan/slambot_ws/build/ros2_ctrl_pkg': CMAKE_PREFIX_PATH=${CMAKE_PREFIX_PATH}:/opt/ros/jazzy /usr/bin/cmake --build /home/wagwan/slambot_ws/build/ros2_ctrl_pkg -- -j4 -l4
[0.582s] DEBUG:colcon.colcon_core.event_handler.log_command:Invoking command in '/home/wagwan/slambot_ws/build/slambot_bringup': CMAKE_PREFIX_PATH=${CMAKE_PREFIX_PATH}:/opt/ros/jazzy /usr/bin/cmake --build /home/wagwan/slambot_ws/build/slambot_bringup -- -j4 -l4
[0.592s] DEBUG:colcon.colcon_core.event_handler.log_command:Invoking command in '/home/wagwan/slambot_ws/build/slambot_controller': CMAKE_PREFIX_PATH=${CMAKE_PREFIX_PATH}:/opt/ros/jazzy /usr/bin/cmake --build /home/wagwan/slambot_ws/build/slambot_controller -- -j4 -l4
[0.605s] DEBUG:colcon.colcon_core.event_handler.log_command:Invoking command in '/home/wagwan/slambot_ws/build/slambot_description': CMAKE_PREFIX_PATH=${CMAKE_PREFIX_PATH}:/opt/ros/jazzy /usr/bin/cmake --build /home/wagwan/slambot_ws/build/slambot_description -- -j4 -l4
[0.685s] DEBUG:colcon.colcon_core.event_handler.log_command:Invoked command in '/home/wagwan/slambot_ws/build/slambot_bringup' returned '0': CMAKE_PREFIX_PATH=${CMAKE_PREFIX_PATH}:/opt/ros/jazzy /usr/bin/cmake --build /home/wagwan/slambot_ws/build/slambot_bringup -- -j4 -l4
[0.689s] DEBUG:colcon.colcon_core.event_handler.log_command:Invoked command in '/home/wagwan/slambot_ws/build/ros2_ctrl_pkg' returned '0': CMAKE_PREFIX_PATH=${CMAKE_PREFIX_PATH}:/opt/ros/jazzy /usr/bin/cmake --build /home/wagwan/slambot_ws/build/ros2_ctrl_pkg -- -j4 -l4
[0.700s] DEBUG:colcon.colcon_core.event_handler.log_command:Invoked command in '/home/wagwan/slambot_ws/build/slambot_description' returned '0': CMAKE_PREFIX_PATH=${CMAKE_PREFIX_PATH}:/opt/ros/jazzy /usr/bin/cmake --build /home/wagwan/slambot_ws/build/slambot_description -- -j4 -l4
[0.757s] DEBUG:colcon.colcon_core.event_handler.log_command:Invoking command in '/home/wagwan/slambot_ws/build/slambot_bringup': CMAKE_PREFIX_PATH=${CMAKE_PREFIX_PATH}:/opt/ros/jazzy /usr/bin/cmake --install /home/wagwan/slambot_ws/build/slambot_bringup
[0.762s] DEBUG:colcon.colcon_core.event_handler.log_command:Invoking command in '/home/wagwan/slambot_ws/build/ros2_ctrl_pkg': CMAKE_PREFIX_PATH=${CMAKE_PREFIX_PATH}:/opt/ros/jazzy /usr/bin/cmake --install /home/wagwan/slambot_ws/build/ros2_ctrl_pkg
[0.766s] DEBUG:colcon.colcon_core.event_handler.log_command:Invoking command in '/home/wagwan/slambot_ws/build/slambot_description': CMAKE_PREFIX_PATH=${CMAKE_PREFIX_PATH}:/opt/ros/jazzy /usr/bin/cmake --install /home/wagwan/slambot_ws/build/slambot_description
[0.790s] Level 1:colcon.colcon_core.environment:create_environment_scripts_only(slambot_bringup)
[0.799s] DEBUG:colcon.colcon_core.event_handler.log_command:Invoked command in '/home/wagwan/slambot_ws/build/slambot_bringup' returned '0': CMAKE_PREFIX_PATH=${CMAKE_PREFIX_PATH}:/opt/ros/jazzy /usr/bin/cmake --install /home/wagwan/slambot_ws/build/slambot_bringup
[0.816s] Level 1:colcon.colcon_core.environment:checking '/home/wagwan/slambot_ws/install/slambot_bringup' for CMake module files
[0.817s] Level 1:colcon.colcon_core.environment:checking '/home/wagwan/slambot_ws/install/slambot_bringup' for CMake config files
[0.817s] Level 1:colcon.colcon_core.shell:create_environment_hook('slambot_bringup', 'cmake_prefix_path')
[0.817s] INFO:colcon.colcon_core.shell:Creating environment hook '/home/wagwan/slambot_ws/install/slambot_bringup/share/slambot_bringup/hook/cmake_prefix_path.ps1'
[0.819s] INFO:colcon.colcon_core.shell:Creating environment descriptor '/home/wagwan/slambot_ws/install/slambot_bringup/share/slambot_bringup/hook/cmake_prefix_path.dsv'
[0.821s] INFO:colcon.colcon_core.shell:Creating environment hook '/home/wagwan/slambot_ws/install/slambot_bringup/share/slambot_bringup/hook/cmake_prefix_path.sh'
[0.823s] Level 1:colcon.colcon_core.environment:checking '/home/wagwan/slambot_ws/install/slambot_bringup/bin'
[0.823s] Level 1:colcon.colcon_core.environment:checking '/home/wagwan/slambot_ws/install/slambot_bringup/lib/pkgconfig/slambot_bringup.pc'
[0.823s] Level 1:colcon.colcon_core.environment:checking '/home/wagwan/slambot_ws/install/slambot_bringup/lib/python3.12/site-packages'
[0.824s] Level 1:colcon.colcon_core.environment:checking '/home/wagwan/slambot_ws/install/slambot_bringup/bin'
[0.824s] INFO:colcon.colcon_core.shell:Creating package script '/home/wagwan/slambot_ws/install/slambot_bringup/share/slambot_bringup/package.ps1'
[0.826s] INFO:colcon.colcon_core.shell:Creating package descriptor '/home/wagwan/slambot_ws/install/slambot_bringup/share/slambot_bringup/package.dsv'
[0.827s] INFO:colcon.colcon_core.shell:Creating package script '/home/wagwan/slambot_ws/install/slambot_bringup/share/slambot_bringup/package.sh'
[0.829s] INFO:colcon.colcon_core.shell:Creating package script '/home/wagwan/slambot_ws/install/slambot_bringup/share/slambot_bringup/package.bash'
[0.831s] INFO:colcon.colcon_core.shell:Creating package script '/home/wagwan/slambot_ws/install/slambot_bringup/share/slambot_bringup/package.zsh'
[0.833s] Level 1:colcon.colcon_core.environment:create_file_with_runtime_dependencies(/home/wagwan/slambot_ws/install/slambot_bringup/share/colcon-core/packages/slambot_bringup)
[0.836s] Level 1:colcon.colcon_core.environment:create_environment_scripts_only(slambot_description)
[0.837s] Level 1:colcon.colcon_core.environment:checking '/home/wagwan/slambot_ws/install/slambot_description' for CMake module files
[0.837s] DEBUG:colcon.colcon_core.event_handler.log_command:Invoked command in '/home/wagwan/slambot_ws/build/slambot_description' returned '0': CMAKE_PREFIX_PATH=${CMAKE_PREFIX_PATH}:/opt/ros/jazzy /usr/bin/cmake --install /home/wagwan/slambot_ws/build/slambot_description
[0.838s] Level 1:colcon.colcon_core.environment:checking '/home/wagwan/slambot_ws/install/slambot_description' for CMake config files
[0.839s] Level 1:colcon.colcon_core.shell:create_environment_hook('slambot_description', 'cmake_prefix_path')
[0.841s] INFO:colcon.colcon_core.shell:Creating environment hook '/home/wagwan/slambot_ws/install/slambot_description/share/slambot_description/hook/cmake_prefix_path.ps1'
[0.842s] INFO:colcon.colcon_core.shell:Creating environment descriptor '/home/wagwan/slambot_ws/install/slambot_description/share/slambot_description/hook/cmake_prefix_path.dsv'
[0.843s] INFO:colcon.colcon_core.shell:Creating environment hook '/home/wagwan/slambot_ws/install/slambot_description/share/slambot_description/hook/cmake_prefix_path.sh'
[0.845s] Level 1:colcon.colcon_core.environment:checking '/home/wagwan/slambot_ws/install/slambot_description/bin'
[0.845s] Level 1:colcon.colcon_core.environment:checking '/home/wagwan/slambot_ws/install/slambot_description/lib/pkgconfig/slambot_description.pc'
[0.846s] Level 1:colcon.colcon_core.environment:checking '/home/wagwan/slambot_ws/install/slambot_description/lib/python3.12/site-packages'
[0.846s] Level 1:colcon.colcon_core.environment:checking '/home/wagwan/slambot_ws/install/slambot_description/bin'
[0.847s] INFO:colcon.colcon_core.shell:Creating package script '/home/wagwan/slambot_ws/install/slambot_description/share/slambot_description/package.ps1'
[0.848s] INFO:colcon.colcon_core.shell:Creating package descriptor '/home/wagwan/slambot_ws/install/slambot_description/share/slambot_description/package.dsv'
[0.849s] INFO:colcon.colcon_core.shell:Creating package script '/home/wagwan/slambot_ws/install/slambot_description/share/slambot_description/package.sh'
[0.849s] INFO:colcon.colcon_core.shell:Creating package script '/home/wagwan/slambot_ws/install/slambot_description/share/slambot_description/package.bash'
[0.850s] INFO:colcon.colcon_core.shell:Creating package script '/home/wagwan/slambot_ws/install/slambot_description/share/slambot_description/package.zsh'
[0.851s] Level 1:colcon.colcon_core.environment:create_file_with_runtime_dependencies(/home/wagwan/slambot_ws/install/slambot_description/share/colcon-core/packages/slambot_description)
[0.852s] Level 1:colcon.colcon_core.environment:create_environment_scripts_only(ros2_ctrl_pkg)
[0.853s] Level 1:colcon.colcon_core.environment:checking '/home/wagwan/slambot_ws/install/ros2_ctrl_pkg' for CMake module files
[0.853s] DEBUG:colcon.colcon_core.event_handler.log_command:Invoked command in '/home/wagwan/slambot_ws/build/ros2_ctrl_pkg' returned '0': CMAKE_PREFIX_PATH=${CMAKE_PREFIX_PATH}:/opt/ros/jazzy /usr/bin/cmake --install /home/wagwan/slambot_ws/build/ros2_ctrl_pkg
[0.855s] Level 1:colcon.colcon_core.environment:checking '/home/wagwan/slambot_ws/install/ros2_ctrl_pkg' for CMake config files
[0.855s] Level 1:colcon.colcon_core.shell:create_environment_hook('ros2_ctrl_pkg', 'cmake_prefix_path')
[0.856s] INFO:colcon.colcon_core.shell:Creating environment hook '/home/wagwan/slambot_ws/install/ros2_ctrl_pkg/share/ros2_ctrl_pkg/hook/cmake_prefix_path.ps1'
[0.857s] INFO:colcon.colcon_core.shell:Creating environment descriptor '/home/wagwan/slambot_ws/install/ros2_ctrl_pkg/share/ros2_ctrl_pkg/hook/cmake_prefix_path.dsv'
[0.858s] INFO:colcon.colcon_core.shell:Creating environment hook '/home/wagwan/slambot_ws/install/ros2_ctrl_pkg/share/ros2_ctrl_pkg/hook/cmake_prefix_path.sh'
[0.860s] Level 1:colcon.colcon_core.environment:checking '/home/wagwan/slambot_ws/install/ros2_ctrl_pkg/bin'
[0.860s] Level 1:colcon.colcon_core.environment:checking '/home/wagwan/slambot_ws/install/ros2_ctrl_pkg/lib/pkgconfig/ros2_ctrl_pkg.pc'
[0.861s] Level 1:colcon.colcon_core.environment:checking '/home/wagwan/slambot_ws/install/ros2_ctrl_pkg/lib/python3.12/site-packages'
[0.861s] Level 1:colcon.colcon_core.environment:checking '/home/wagwan/slambot_ws/install/ros2_ctrl_pkg/bin'
[0.862s] INFO:colcon.colcon_core.shell:Creating package script '/home/wagwan/slambot_ws/install/ros2_ctrl_pkg/share/ros2_ctrl_pkg/package.ps1'
[0.863s] INFO:colcon.colcon_core.shell:Creating package descriptor '/home/wagwan/slambot_ws/install/ros2_ctrl_pkg/share/ros2_ctrl_pkg/package.dsv'
[0.867s] INFO:colcon.colcon_core.shell:Creating package script '/home/wagwan/slambot_ws/install/ros2_ctrl_pkg/share/ros2_ctrl_pkg/package.sh'
[0.869s] INFO:colcon.colcon_core.shell:Creating package script '/home/wagwan/slambot_ws/install/ros2_ctrl_pkg/share/ros2_ctrl_pkg/package.bash'
[0.870s] INFO:colcon.colcon_core.shell:Creating package script '/home/wagwan/slambot_ws/install/ros2_ctrl_pkg/share/ros2_ctrl_pkg/package.zsh'
[0.871s] Level 1:colcon.colcon_core.environment:create_file_with_runtime_dependencies(/home/wagwan/slambot_ws/install/ros2_ctrl_pkg/share/colcon-core/packages/ros2_ctrl_pkg)
[0.876s] DEBUG:colcon.colcon_core.event_handler.log_command:Invoked command in '/home/wagwan/slambot_ws/build/slambot_controller' returned '0': CMAKE_PREFIX_PATH=${CMAKE_PREFIX_PATH}:/opt/ros/jazzy /usr/bin/cmake --build /home/wagwan/slambot_ws/build/slambot_controller -- -j4 -l4
[0.877s] Level 1:colcon.colcon_core.environment:create_environment_scripts_only(slambot_bringup)
[0.878s] Level 1:colcon.colcon_core.environment:checking '/home/wagwan/slambot_ws/install/slambot_bringup' for CMake module files
[0.879s] Level 1:colcon.colcon_core.environment:checking '/home/wagwan/slambot_ws/install/slambot_bringup' for CMake config files
[0.879s] Level 1:colcon.colcon_core.shell:create_environment_hook('slambot_bringup', 'cmake_prefix_path')
[0.880s] INFO:colcon.colcon_core.shell:Creating environment hook '/home/wagwan/slambot_ws/install/slambot_bringup/share/slambot_bringup/hook/cmake_prefix_path.ps1'
[0.881s] INFO:colcon.colcon_core.shell:Creating environment descriptor '/home/wagwan/slambot_ws/install/slambot_bringup/share/slambot_bringup/hook/cmake_prefix_path.dsv'
[0.883s] INFO:colcon.colcon_core.shell:Creating environment hook '/home/wagwan/slambot_ws/install/slambot_bringup/share/slambot_bringup/hook/cmake_prefix_path.sh'
[0.885s] Level 1:colcon.colcon_core.environment:checking '/home/wagwan/slambot_ws/install/slambot_bringup/bin'
[0.885s] Level 1:colcon.colcon_core.environment:checking '/home/wagwan/slambot_ws/install/slambot_bringup/lib/pkgconfig/slambot_bringup.pc'
[0.886s] Level 1:colcon.colcon_core.environment:checking '/home/wagwan/slambot_ws/install/slambot_bringup/lib/python3.12/site-packages'
[0.886s] Level 1:colcon.colcon_core.environment:checking '/home/wagwan/slambot_ws/install/slambot_bringup/bin'
[0.887s] INFO:colcon.colcon_core.shell:Creating package script '/home/wagwan/slambot_ws/install/slambot_bringup/share/slambot_bringup/package.ps1'
[0.889s] INFO:colcon.colcon_core.shell:Creating package descriptor '/home/wagwan/slambot_ws/install/slambot_bringup/share/slambot_bringup/package.dsv'
[0.891s] INFO:colcon.colcon_core.shell:Creating package script '/home/wagwan/slambot_ws/install/slambot_bringup/share/slambot_bringup/package.sh'
[0.893s] INFO:colcon.colcon_core.shell:Creating package script '/home/wagwan/slambot_ws/install/slambot_bringup/share/slambot_bringup/package.bash'
[0.894s] INFO:colcon.colcon_core.shell:Creating package script '/home/wagwan/slambot_ws/install/slambot_bringup/share/slambot_bringup/package.zsh'
[0.896s] Level 1:colcon.colcon_core.environment:create_file_with_runtime_dependencies(/home/wagwan/slambot_ws/install/slambot_bringup/share/colcon-core/packages/slambot_bringup)
[0.899s] INFO:colcon.colcon_ros.task.ament_cmake.build:Building ROS package in '/home/wagwan/slambot_ws/src/slambot_firmware' with build type 'ament_cmake'
[0.899s] INFO:colcon.colcon_cmake.task.cmake.build:Building CMake package in '/home/wagwan/slambot_ws/src/slambot_firmware'
[0.899s] INFO:colcon.colcon_core.shell:Skip shell extension 'powershell' for command environment: Not usable outside of PowerShell
[0.900s] DEBUG:colcon.colcon_core.shell:Skip shell extension 'dsv' for command environment
[0.907s] Level 1:colcon.colcon_core.environment:create_environment_scripts_only(slambot_description)
[0.907s] Level 1:colcon.colcon_core.environment:checking '/home/wagwan/slambot_ws/install/slambot_description' for CMake module files
[0.908s] Level 1:colcon.colcon_core.environment:checking '/home/wagwan/slambot_ws/install/slambot_description' for CMake config files
[0.909s] Level 1:colcon.colcon_core.shell:create_environment_hook('slambot_description', 'cmake_prefix_path')
[0.909s] INFO:colcon.colcon_core.shell:Creating environment hook '/home/wagwan/slambot_ws/install/slambot_description/share/slambot_description/hook/cmake_prefix_path.ps1'
[0.910s] INFO:colcon.colcon_core.shell:Creating environment descriptor '/home/wagwan/slambot_ws/install/slambot_description/share/slambot_description/hook/cmake_prefix_path.dsv'
[0.911s] INFO:colcon.colcon_core.shell:Creating environment hook '/home/wagwan/slambot_ws/install/slambot_description/share/slambot_description/hook/cmake_prefix_path.sh'
[0.912s] Level 1:colcon.colcon_core.environment:checking '/home/wagwan/slambot_ws/install/slambot_description/bin'
[0.912s] Level 1:colcon.colcon_core.environment:checking '/home/wagwan/slambot_ws/install/slambot_description/lib/pkgconfig/slambot_description.pc'
[0.913s] Level 1:colcon.colcon_core.environment:checking '/home/wagwan/slambot_ws/install/slambot_description/lib/python3.12/site-packages'
[0.913s] Level 1:colcon.colcon_core.environment:checking '/home/wagwan/slambot_ws/install/slambot_description/bin'
[0.914s] INFO:colcon.colcon_core.shell:Creating package script '/home/wagwan/slambot_ws/install/slambot_description/share/slambot_description/package.ps1'
[0.915s] INFO:colcon.colcon_core.shell:Creating package descriptor '/home/wagwan/slambot_ws/install/slambot_description/share/slambot_description/package.dsv'
[0.915s] INFO:colcon.colcon_core.shell:Creating package script '/home/wagwan/slambot_ws/install/slambot_description/share/slambot_description/package.sh'
[0.916s] INFO:colcon.colcon_core.shell:Creating package script '/home/wagwan/slambot_ws/install/slambot_description/share/slambot_description/package.bash'
[0.917s] INFO:colcon.colcon_core.shell:Creating package script '/home/wagwan/slambot_ws/install/slambot_description/share/slambot_description/package.zsh'
[0.918s] Level 1:colcon.colcon_core.environment:create_file_with_runtime_dependencies(/home/wagwan/slambot_ws/install/slambot_description/share/colcon-core/packages/slambot_description)
[0.920s] Level 1:colcon.colcon_core.environment:create_environment_scripts_only(ros2_ctrl_pkg)
[0.921s] Level 1:colcon.colcon_core.environment:checking '/home/wagwan/slambot_ws/install/ros2_ctrl_pkg' for CMake module files
[0.922s] Level 1:colcon.colcon_core.environment:checking '/home/wagwan/slambot_ws/install/ros2_ctrl_pkg' for CMake config files
[0.922s] Level 1:colcon.colcon_core.shell:create_environment_hook('ros2_ctrl_pkg', 'cmake_prefix_path')
[0.922s] INFO:colcon.colcon_core.shell:Creating environment hook '/home/wagwan/slambot_ws/install/ros2_ctrl_pkg/share/ros2_ctrl_pkg/hook/cmake_prefix_path.ps1'
[0.924s] INFO:colcon.colcon_core.shell:Creating environment descriptor '/home/wagwan/slambot_ws/install/ros2_ctrl_pkg/share/ros2_ctrl_pkg/hook/cmake_prefix_path.dsv'
[0.924s] INFO:colcon.colcon_core.shell:Creating environment hook '/home/wagwan/slambot_ws/install/ros2_ctrl_pkg/share/ros2_ctrl_pkg/hook/cmake_prefix_path.sh'
[0.925s] Level 1:colcon.colcon_core.environment:checking '/home/wagwan/slambot_ws/install/ros2_ctrl_pkg/bin'
[0.925s] Level 1:colcon.colcon_core.environment:checking '/home/wagwan/slambot_ws/install/ros2_ctrl_pkg/lib/pkgconfig/ros2_ctrl_pkg.pc'
[0.926s] Level 1:colcon.colcon_core.environment:checking '/home/wagwan/slambot_ws/install/ros2_ctrl_pkg/lib/python3.12/site-packages'
[0.926s] Level 1:colcon.colcon_core.environment:checking '/home/wagwan/slambot_ws/install/ros2_ctrl_pkg/bin'
[0.926s] INFO:colcon.colcon_core.shell:Creating package script '/home/wagwan/slambot_ws/install/ros2_ctrl_pkg/share/ros2_ctrl_pkg/package.ps1'
[0.927s] INFO:colcon.colcon_core.shell:Creating package descriptor '/home/wagwan/slambot_ws/install/ros2_ctrl_pkg/share/ros2_ctrl_pkg/package.dsv'
[0.928s] INFO:colcon.colcon_core.shell:Creating package script '/home/wagwan/slambot_ws/install/ros2_ctrl_pkg/share/ros2_ctrl_pkg/package.sh'
[0.929s] INFO:colcon.colcon_core.shell:Creating package script '/home/wagwan/slambot_ws/install/ros2_ctrl_pkg/share/ros2_ctrl_pkg/package.bash'
[0.930s] INFO:colcon.colcon_core.shell:Creating package script '/home/wagwan/slambot_ws/install/ros2_ctrl_pkg/share/ros2_ctrl_pkg/package.zsh'
[0.930s] Level 1:colcon.colcon_core.environment:create_file_with_runtime_dependencies(/home/wagwan/slambot_ws/install/ros2_ctrl_pkg/share/colcon-core/packages/ros2_ctrl_pkg)
[0.936s] DEBUG:colcon.colcon_core.event_handler.log_command:Invoking command in '/home/wagwan/slambot_ws/build/slambot_firmware': CMAKE_PREFIX_PATH=${CMAKE_PREFIX_PATH}:/opt/ros/jazzy /usr/bin/cmake --build /home/wagwan/slambot_ws/build/slambot_firmware -- -j4 -l4
[0.939s] DEBUG:colcon.colcon_core.event_handler.log_command:Invoking command in '/home/wagwan/slambot_ws/build/slambot_controller': CMAKE_PREFIX_PATH=${CMAKE_PREFIX_PATH}:/opt/ros/jazzy /usr/bin/cmake --install /home/wagwan/slambot_ws/build/slambot_controller
[0.967s] Level 1:colcon.colcon_core.environment:create_environment_scripts_only(slambot_controller)
[0.968s] Level 1:colcon.colcon_core.environment:checking '/home/wagwan/slambot_ws/install/slambot_controller' for CMake module files
[0.969s] Level 1:colcon.colcon_core.environment:checking '/home/wagwan/slambot_ws/install/slambot_controller' for CMake config files
[0.970s] Level 1:colcon.colcon_core.shell:create_environment_hook('slambot_controller', 'cmake_prefix_path')
[0.970s] INFO:colcon.colcon_core.shell:Creating environment hook '/home/wagwan/slambot_ws/install/slambot_controller/share/slambot_controller/hook/cmake_prefix_path.ps1'
[0.971s] INFO:colcon.colcon_core.shell:Creating environment descriptor '/home/wagwan/slambot_ws/install/slambot_controller/share/slambot_controller/hook/cmake_prefix_path.dsv'
[0.972s] DEBUG:colcon.colcon_core.event_handler.log_command:Invoked command in '/home/wagwan/slambot_ws/build/slambot_controller' returned '0': CMAKE_PREFIX_PATH=${CMAKE_PREFIX_PATH}:/opt/ros/jazzy /usr/bin/cmake --install /home/wagwan/slambot_ws/build/slambot_controller
[0.972s] INFO:colcon.colcon_core.shell:Creating environment hook '/home/wagwan/slambot_ws/install/slambot_controller/share/slambot_controller/hook/cmake_prefix_path.sh'
[0.973s] Level 1:colcon.colcon_core.environment:checking '/home/wagwan/slambot_ws/install/slambot_controller/lib'
[0.973s] Level 1:colcon.colcon_core.environment:checking '/home/wagwan/slambot_ws/install/slambot_controller/bin'
[0.973s] Level 1:colcon.colcon_core.environment:checking '/home/wagwan/slambot_ws/install/slambot_controller/lib/pkgconfig/slambot_controller.pc'
[0.974s] Level 1:colcon.colcon_core.environment:checking '/home/wagwan/slambot_ws/install/slambot_controller/lib/python3.12/site-packages'
[0.974s] Level 1:colcon.colcon_core.environment:checking '/home/wagwan/slambot_ws/install/slambot_controller/bin'
[0.974s] INFO:colcon.colcon_core.shell:Creating package script '/home/wagwan/slambot_ws/install/slambot_controller/share/slambot_controller/package.ps1'
[0.975s] INFO:colcon.colcon_core.shell:Creating package descriptor '/home/wagwan/slambot_ws/install/slambot_controller/share/slambot_controller/package.dsv'
[0.976s] INFO:colcon.colcon_core.shell:Creating package script '/home/wagwan/slambot_ws/install/slambot_controller/share/slambot_controller/package.sh'
[0.977s] INFO:colcon.colcon_core.shell:Creating package script '/home/wagwan/slambot_ws/install/slambot_controller/share/slambot_controller/package.bash'
[0.977s] INFO:colcon.colcon_core.shell:Creating package script '/home/wagwan/slambot_ws/install/slambot_controller/share/slambot_controller/package.zsh'
[0.978s] Level 1:colcon.colcon_core.environment:create_file_with_runtime_dependencies(/home/wagwan/slambot_ws/install/slambot_controller/share/colcon-core/packages/slambot_controller)
[1.038s] Level 1:colcon.colcon_core.environment:create_environment_scripts_only(slambot_controller)
[1.038s] Level 1:colcon.colcon_core.environment:checking '/home/wagwan/slambot_ws/install/slambot_controller' for CMake module files
[1.039s] Level 1:colcon.colcon_core.environment:checking '/home/wagwan/slambot_ws/install/slambot_controller' for CMake config files
[1.040s] Level 1:colcon.colcon_core.shell:create_environment_hook('slambot_controller', 'cmake_prefix_path')
[1.040s] INFO:colcon.colcon_core.shell:Creating environment hook '/home/wagwan/slambot_ws/install/slambot_controller/share/slambot_controller/hook/cmake_prefix_path.ps1'
[1.042s] INFO:colcon.colcon_core.shell:Creating environment descriptor '/home/wagwan/slambot_ws/install/slambot_controller/share/slambot_controller/hook/cmake_prefix_path.dsv'
[1.043s] INFO:colcon.colcon_core.shell:Creating environment hook '/home/wagwan/slambot_ws/install/slambot_controller/share/slambot_controller/hook/cmake_prefix_path.sh'
[1.045s] Level 1:colcon.colcon_core.environment:checking '/home/wagwan/slambot_ws/install/slambot_controller/lib'
[1.045s] Level 1:colcon.colcon_core.environment:checking '/home/wagwan/slambot_ws/install/slambot_controller/bin'
[1.046s] Level 1:colcon.colcon_core.environment:checking '/home/wagwan/slambot_ws/install/slambot_controller/lib/pkgconfig/slambot_controller.pc'
[1.046s] Level 1:colcon.colcon_core.environment:checking '/home/wagwan/slambot_ws/install/slambot_controller/lib/python3.12/site-packages'
[1.046s] Level 1:colcon.colcon_core.environment:checking '/home/wagwan/slambot_ws/install/slambot_controller/bin'
[1.047s] INFO:colcon.colcon_core.shell:Creating package script '/home/wagwan/slambot_ws/install/slambot_controller/share/slambot_controller/package.ps1'
[1.048s] INFO:colcon.colcon_core.shell:Creating package descriptor '/home/wagwan/slambot_ws/install/slambot_controller/share/slambot_controller/package.dsv'
[1.050s] INFO:colcon.colcon_core.shell:Creating package script '/home/wagwan/slambot_ws/install/slambot_controller/share/slambot_controller/package.sh'
[1.051s] INFO:colcon.colcon_core.shell:Creating package script '/home/wagwan/slambot_ws/install/slambot_controller/share/slambot_controller/package.bash'
[1.052s] INFO:colcon.colcon_core.shell:Creating package script '/home/wagwan/slambot_ws/install/slambot_controller/share/slambot_controller/package.zsh'
[1.052s] Level 1:colcon.colcon_core.environment:create_file_with_runtime_dependencies(/home/wagwan/slambot_ws/install/slambot_controller/share/colcon-core/packages/slambot_controller)
[1.583s] DEBUG:colcon.colcon_core.event_handler.log_command:Invoked command in '/home/wagwan/slambot_ws/build/slambot_firmware' returned '0': CMAKE_PREFIX_PATH=${CMAKE_PREFIX_PATH}:/opt/ros/jazzy /usr/bin/cmake --build /home/wagwan/slambot_ws/build/slambot_firmware -- -j4 -l4
[1.639s] DEBUG:colcon.colcon_core.event_handler.log_command:Invoking command in '/home/wagwan/slambot_ws/build/slambot_firmware': CMAKE_PREFIX_PATH=${CMAKE_PREFIX_PATH}:/opt/ros/jazzy /usr/bin/cmake --install /home/wagwan/slambot_ws/build/slambot_firmware
[1.733s] Level 1:colcon.colcon_core.environment:create_environment_scripts_only(slambot_firmware)
[1.734s] Level 1:colcon.colcon_core.environment:checking '/home/wagwan/slambot_ws/install/slambot_firmware' for CMake module files
[1.734s] DEBUG:colcon.colcon_core.event_handler.log_command:Invoked command in '/home/wagwan/slambot_ws/build/slambot_firmware' returned '0': CMAKE_PREFIX_PATH=${CMAKE_PREFIX_PATH}:/opt/ros/jazzy /usr/bin/cmake --install /home/wagwan/slambot_ws/build/slambot_firmware
[1.735s] Level 1:colcon.colcon_core.environment:checking '/home/wagwan/slambot_ws/install/slambot_firmware' for CMake config files
[1.735s] Level 1:colcon.colcon_core.shell:create_environment_hook('slambot_firmware', 'cmake_prefix_path')
[1.736s] INFO:colcon.colcon_core.shell:Creating environment hook '/home/wagwan/slambot_ws/install/slambot_firmware/share/slambot_firmware/hook/cmake_prefix_path.ps1'
[1.736s] INFO:colcon.colcon_core.shell:Creating environment descriptor '/home/wagwan/slambot_ws/install/slambot_firmware/share/slambot_firmware/hook/cmake_prefix_path.dsv'
[1.740s] INFO:colcon.colcon_core.shell:Creating environment hook '/home/wagwan/slambot_ws/install/slambot_firmware/share/slambot_firmware/hook/cmake_prefix_path.sh'
[1.741s] Level 1:colcon.colcon_core.environment:checking '/home/wagwan/slambot_ws/install/slambot_firmware/lib'
[1.741s] Level 1:colcon.colcon_core.shell:create_environment_hook('slambot_firmware', 'ld_library_path_lib')
[1.741s] INFO:colcon.colcon_core.shell:Creating environment hook '/home/wagwan/slambot_ws/install/slambot_firmware/share/slambot_firmware/hook/ld_library_path_lib.ps1'
[1.742s] INFO:colcon.colcon_core.shell:Creating environment descriptor '/home/wagwan/slambot_ws/install/slambot_firmware/share/slambot_firmware/hook/ld_library_path_lib.dsv'
[1.743s] INFO:colcon.colcon_core.shell:Creating environment hook '/home/wagwan/slambot_ws/install/slambot_firmware/share/slambot_firmware/hook/ld_library_path_lib.sh'
[1.743s] Level 1:colcon.colcon_core.environment:checking '/home/wagwan/slambot_ws/install/slambot_firmware/bin'
[1.743s] Level 1:colcon.colcon_core.environment:checking '/home/wagwan/slambot_ws/install/slambot_firmware/lib/pkgconfig/slambot_firmware.pc'
[1.744s] Level 1:colcon.colcon_core.environment:checking '/home/wagwan/slambot_ws/install/slambot_firmware/lib/python3.12/site-packages'
[1.744s] Level 1:colcon.colcon_core.shell:create_environment_hook('slambot_firmware', 'pythonpath')
[1.744s] INFO:colcon.colcon_core.shell:Creating environment hook '/home/wagwan/slambot_ws/install/slambot_firmware/share/slambot_firmware/hook/pythonpath.ps1'
[1.745s] INFO:colcon.colcon_core.shell:Creating environment descriptor '/home/wagwan/slambot_ws/install/slambot_firmware/share/slambot_firmware/hook/pythonpath.dsv'
[1.745s] INFO:colcon.colcon_core.shell:Creating environment hook '/home/wagwan/slambot_ws/install/slambot_firmware/share/slambot_firmware/hook/pythonpath.sh'
[1.746s] Level 1:colcon.colcon_core.environment:checking '/home/wagwan/slambot_ws/install/slambot_firmware/bin'
[1.746s] INFO:colcon.colcon_core.shell:Creating package script '/home/wagwan/slambot_ws/install/slambot_firmware/share/slambot_firmware/package.ps1'
[1.747s] INFO:colcon.colcon_core.shell:Creating package descriptor '/home/wagwan/slambot_ws/install/slambot_firmware/share/slambot_firmware/package.dsv'
[1.751s] INFO:colcon.colcon_core.shell:Creating package script '/home/wagwan/slambot_ws/install/slambot_firmware/share/slambot_firmware/package.sh'
[1.751s] INFO:colcon.colcon_core.shell:Creating package script '/home/wagwan/slambot_ws/install/slambot_firmware/share/slambot_firmware/package.bash'
[1.752s] INFO:colcon.colcon_core.shell:Creating package script '/home/wagwan/slambot_ws/install/slambot_firmware/share/slambot_firmware/package.zsh'
[1.753s] Level 1:colcon.colcon_core.environment:create_file_with_runtime_dependencies(/home/wagwan/slambot_ws/install/slambot_firmware/share/colcon-core/packages/slambot_firmware)
[1.807s] Level 1:colcon.colcon_core.environment:create_environment_scripts_only(slambot_firmware)
[1.808s] Level 1:colcon.colcon_core.environment:checking '/home/wagwan/slambot_ws/install/slambot_firmware' for CMake module files
[1.809s] Level 1:colcon.colcon_core.environment:checking '/home/wagwan/slambot_ws/install/slambot_firmware' for CMake config files
[1.809s] Level 1:colcon.colcon_core.shell:create_environment_hook('slambot_firmware', 'cmake_prefix_path')
[1.810s] INFO:colcon.colcon_core.shell:Creating environment hook '/home/wagwan/slambot_ws/install/slambot_firmware/share/slambot_firmware/hook/cmake_prefix_path.ps1'
[1.810s] INFO:colcon.colcon_core.shell:Creating environment descriptor '/home/wagwan/slambot_ws/install/slambot_firmware/share/slambot_firmware/hook/cmake_prefix_path.dsv'
[1.811s] INFO:colcon.colcon_core.shell:Creating environment hook '/home/wagwan/slambot_ws/install/slambot_firmware/share/slambot_firmware/hook/cmake_prefix_path.sh'
[1.812s] Level 1:colcon.colcon_core.environment:checking '/home/wagwan/slambot_ws/install/slambot_firmware/lib'
[1.812s] Level 1:colcon.colcon_core.shell:create_environment_hook('slambot_firmware', 'ld_library_path_lib')
[1.813s] INFO:colcon.colcon_core.shell:Creating environment hook '/home/wagwan/slambot_ws/install/slambot_firmware/share/slambot_firmware/hook/ld_library_path_lib.ps1'
[1.813s] INFO:colcon.colcon_core.shell:Creating environment descriptor '/home/wagwan/slambot_ws/install/slambot_firmware/share/slambot_firmware/hook/ld_library_path_lib.dsv'
[1.814s] INFO:colcon.colcon_core.shell:Creating environment hook '/home/wagwan/slambot_ws/install/slambot_firmware/share/slambot_firmware/hook/ld_library_path_lib.sh'
[1.814s] Level 1:colcon.colcon_core.environment:checking '/home/wagwan/slambot_ws/install/slambot_firmware/bin'
[1.815s] Level 1:colcon.colcon_core.environment:checking '/home/wagwan/slambot_ws/install/slambot_firmware/lib/pkgconfig/slambot_firmware.pc'
[1.815s] Level 1:colcon.colcon_core.environment:checking '/home/wagwan/slambot_ws/install/slambot_firmware/lib/python3.12/site-packages'
[1.815s] Level 1:colcon.colcon_core.shell:create_environment_hook('slambot_firmware', 'pythonpath')
[1.815s] INFO:colcon.colcon_core.shell:Creating environment hook '/home/wagwan/slambot_ws/install/slambot_firmware/share/slambot_firmware/hook/pythonpath.ps1'
[1.816s] INFO:colcon.colcon_core.shell:Creating environment descriptor '/home/wagwan/slambot_ws/install/slambot_firmware/share/slambot_firmware/hook/pythonpath.dsv'
[1.817s] INFO:colcon.colcon_core.shell:Creating environment hook '/home/wagwan/slambot_ws/install/slambot_firmware/share/slambot_firmware/hook/pythonpath.sh'
[1.820s] Level 1:colcon.colcon_core.environment:checking '/home/wagwan/slambot_ws/install/slambot_firmware/bin'
[1.821s] INFO:colcon.colcon_core.shell:Creating package script '/home/wagwan/slambot_ws/install/slambot_firmware/share/slambot_firmware/package.ps1'
[1.822s] INFO:colcon.colcon_core.shell:Creating package descriptor '/home/wagwan/slambot_ws/install/slambot_firmware/share/slambot_firmware/package.dsv'
[1.822s] INFO:colcon.colcon_core.shell:Creating package script '/home/wagwan/slambot_ws/install/slambot_firmware/share/slambot_firmware/package.sh'
[1.823s] INFO:colcon.colcon_core.shell:Creating package script '/home/wagwan/slambot_ws/install/slambot_firmware/share/slambot_firmware/package.bash'
[1.824s] INFO:colcon.colcon_core.shell:Creating package script '/home/wagwan/slambot_ws/install/slambot_firmware/share/slambot_firmware/package.zsh'
[1.825s] Level 1:colcon.colcon_core.environment:create_file_with_runtime_dependencies(/home/wagwan/slambot_ws/install/slambot_firmware/share/colcon-core/packages/slambot_firmware)
[1.825s] DEBUG:colcon.colcon_parallel_executor.executor.parallel:closing loop
[1.826s] DEBUG:colcon.colcon_parallel_executor.executor.parallel:loop closed
[1.826s] DEBUG:colcon.colcon_parallel_executor.executor.parallel:run_until_complete finished with '0'
[1.826s] DEBUG:colcon.colcon_core.event_reactor:joining thread
[1.838s] INFO:colcon.colcon_core.plugin_system:Skipping extension 'colcon_notification.desktop_notification.notify_send': Could not find 'notify-send'
[1.838s] INFO:colcon.colcon_core.plugin_system:Skipping extension 'colcon_notification.desktop_notification.terminal_notifier': Not used on non-Darwin systems
[1.838s] INFO:colcon.colcon_core.plugin_system:Skipping extension 'colcon_notification.desktop_notification.win32': Not used on non-Windows systems
[1.838s] INFO:colcon.colcon_notification.desktop_notification:Sending desktop notification using 'notify2'
[1.839s] DEBUG:colcon.colcon_notification.desktop_notification.notify2:Failed to initialize notify2: org.freedesktop.DBus.Error.ServiceUnknown: The name org.freedesktop.Notifications was not provided by any .service files
[1.839s] DEBUG:colcon.colcon_core.event_reactor:joined thread
[1.840s] INFO:colcon.colcon_core.shell:Creating prefix script '/home/wagwan/slambot_ws/install/local_setup.ps1'
[1.843s] INFO:colcon.colcon_core.shell:Creating prefix util module '/home/wagwan/slambot_ws/install/_local_setup_util_ps1.py'
[1.846s] INFO:colcon.colcon_core.shell:Creating prefix chain script '/home/wagwan/slambot_ws/install/setup.ps1'
[1.848s] INFO:colcon.colcon_core.shell:Creating prefix script '/home/wagwan/slambot_ws/install/local_setup.sh'
[1.853s] INFO:colcon.colcon_core.shell:Creating prefix util module '/home/wagwan/slambot_ws/install/_local_setup_util_sh.py'
[1.854s] INFO:colcon.colcon_core.shell:Creating prefix chain script '/home/wagwan/slambot_ws/install/setup.sh'
[1.856s] INFO:colcon.colcon_core.shell:Creating prefix script '/home/wagwan/slambot_ws/install/local_setup.bash'
[1.857s] INFO:colcon.colcon_core.shell:Creating prefix chain script '/home/wagwan/slambot_ws/install/setup.bash'
[1.859s] INFO:colcon.colcon_core.shell:Creating prefix script '/home/wagwan/slambot_ws/install/local_setup.zsh'
[1.861s] INFO:colcon.colcon_core.shell:Creating prefix chain script '/home/wagwan/slambot_ws/install/setup.zsh'
