[0.050s] Invoking command in '/home/wagwan/slambot_ws/build/slambot_firmware': CMAKE_PREFIX_PATH=${CMAKE_PREFIX_PATH}:/opt/ros/jazzy /usr/bin/cmake --build /home/wagwan/slambot_ws/build/slambot_firmware -- -j4 -l4
[0.214s] [ 25%] Built target simple_serial_transmitter
[0.214s] [ 50%] Built target simple_serial_receiver
[0.217s] [100%] Built target slambot_firmware
[0.217s] [100%] Built target simple_lifecycle_node
[0.239s] Invoked command in '/home/wagwan/slambot_ws/build/slambot_firmware' returned '0': CMAKE_PREFIX_PATH=${CMAKE_PREFIX_PATH}:/opt/ros/jazzy /usr/bin/cmake --build /home/wagwan/slambot_ws/build/slambot_firmware -- -j4 -l4
[0.293s] Invoking command in '/home/wagwan/slambot_ws/build/slambot_firmware': CMAKE_PREFIX_PATH=${CMAKE_PREFIX_PATH}:/opt/ros/jazzy /usr/bin/cmake --install /home/wagwan/slambot_ws/build/slambot_firmware
[0.312s] -- Install configuration: ""
[0.312s] -- Up-to-date: /home/wagwan/slambot_ws/install/slambot_firmware/share/slambot_firmware/slambot_interface.xml
[0.313s] -- Up-to-date: /home/wagwan/slambot_ws/install/slambot_firmware/lib/libslambot_firmware.so
[0.313s] -- Up-to-date: /home/wagwan/slambot_ws/install/slambot_firmware/include/include
[0.313s] -- Up-to-date: /home/wagwan/slambot_ws/install/slambot_firmware/include/include/slambot_firmware
[0.313s] -- Up-to-date: /home/wagwan/slambot_ws/install/slambot_firmware/include/include/slambot_firmware/slambot_interface.hpp
[0.314s] -- Up-to-date: /home/wagwan/slambot_ws/install/slambot_firmware/share/slambot_firmware/launch
[0.314s] -- Up-to-date: /home/wagwan/slambot_ws/install/slambot_firmware/share/slambot_firmware/launch/hardware_interface.launch.py
[0.315s] -- Up-to-date: /home/wagwan/slambot_ws/install/slambot_firmware/lib/slambot_firmware/simple_serial_transmitter
[0.317s] -- Up-to-date: /home/wagwan/slambot_ws/install/slambot_firmware/lib/slambot_firmware/simple_serial_receiver
[0.318s] -- Up-to-date: /home/wagwan/slambot_ws/install/slambot_firmware/lib/slambot_firmware/simple_lifecycle_node
[0.319s] -- Up-to-date: /home/wagwan/slambot_ws/install/slambot_firmware/share/slambot_firmware/environment/library_path.sh
[0.319s] -- Up-to-date: /home/wagwan/slambot_ws/install/slambot_firmware/share/slambot_firmware/environment/library_path.dsv
[0.319s] -- Up-to-date: /home/wagwan/slambot_ws/install/slambot_firmware/share/ament_index/resource_index/package_run_dependencies/slambot_firmware
[0.319s] -- Up-to-date: /home/wagwan/slambot_ws/install/slambot_firmware/share/ament_index/resource_index/parent_prefix_path/slambot_firmware
[0.319s] -- Up-to-date: /home/wagwan/slambot_ws/install/slambot_firmware/share/slambot_firmware/environment/ament_prefix_path.sh
[0.319s] -- Up-to-date: /home/wagwan/slambot_ws/install/slambot_firmware/share/slambot_firmware/environment/ament_prefix_path.dsv
[0.319s] -- Up-to-date: /home/wagwan/slambot_ws/install/slambot_firmware/share/slambot_firmware/environment/path.sh
[0.320s] -- Up-to-date: /home/wagwan/slambot_ws/install/slambot_firmware/share/slambot_firmware/environment/path.dsv
[0.320s] -- Up-to-date: /home/wagwan/slambot_ws/install/slambot_firmware/share/slambot_firmware/local_setup.bash
[0.320s] -- Up-to-date: /home/wagwan/slambot_ws/install/slambot_firmware/share/slambot_firmware/local_setup.sh
[0.320s] -- Up-to-date: /home/wagwan/slambot_ws/install/slambot_firmware/share/slambot_firmware/local_setup.zsh
[0.320s] -- Up-to-date: /home/wagwan/slambot_ws/install/slambot_firmware/share/slambot_firmware/local_setup.dsv
[0.320s] -- Installing: /home/wagwan/slambot_ws/install/slambot_firmware/share/slambot_firmware/package.dsv
[0.320s] -- Up-to-date: /home/wagwan/slambot_ws/install/slambot_firmware/share/ament_index/resource_index/packages/slambot_firmware
[0.320s] -- Up-to-date: /home/wagwan/slambot_ws/install/slambot_firmware/share/ament_index/resource_index/hardware_interface__pluginlib__plugin/slambot_firmware
[0.320s] -- Up-to-date: /home/wagwan/slambot_ws/install/slambot_firmware/share/slambot_firmware/cmake/ament_cmake_export_include_directories-extras.cmake
[0.320s] -- Up-to-date: /home/wagwan/slambot_ws/install/slambot_firmware/share/slambot_firmware/cmake/ament_cmake_export_libraries-extras.cmake
[0.321s] -- Up-to-date: /home/wagwan/slambot_ws/install/slambot_firmware/share/slambot_firmware/cmake/ament_cmake_export_dependencies-extras.cmake
[0.321s] -- Up-to-date: /home/wagwan/slambot_ws/install/slambot_firmware/share/slambot_firmware/cmake/slambot_firmwareConfig.cmake
[0.321s] -- Up-to-date: /home/wagwan/slambot_ws/install/slambot_firmware/share/slambot_firmware/cmake/slambot_firmwareConfig-version.cmake
[0.321s] -- Up-to-date: /home/wagwan/slambot_ws/install/slambot_firmware/share/slambot_firmware/package.xml
[0.324s] Invoked command in '/home/wagwan/slambot_ws/build/slambot_firmware' returned '0': CMAKE_PREFIX_PATH=${CMAKE_PREFIX_PATH}:/opt/ros/jazzy /usr/bin/cmake --install /home/wagwan/slambot_ws/build/slambot_firmware
