[0.017s] Invoking command in '/home/einstein/Desktop/ros2_control_Slambot/build/slambot_bringup': CMAKE_PREFIX_PATH=${CMAKE_PREFIX_PATH}:/opt/ros/humble /usr/bin/cmake --build /home/einstein/Desktop/ros2_control_Slambot/build/slambot_bringup -- -j8 -l8
[0.050s] Invoked command in '/home/einstein/Desktop/ros2_control_Slambot/build/slambot_bringup' returned '0': CMAKE_PREFIX_PATH=${CMAKE_PREFIX_PATH}:/opt/ros/humble /usr/bin/cmake --build /home/einstein/Desktop/ros2_control_Slambot/build/slambot_bringup -- -j8 -l8
[0.083s] Invoking command in '/home/einstein/Desktop/ros2_control_Slambot/build/slambot_bringup': CMAKE_PREFIX_PATH=${CMAKE_PREFIX_PATH}:/opt/ros/humble /usr/bin/cmake --install /home/einstein/Desktop/ros2_control_Slambot/build/slambot_bringup
[0.090s] -- Install configuration: ""
[0.090s] -- Up-to-date: /home/einstein/Desktop/ros2_control_Slambot/install/slambot_bringup/share/slambot_bringup/launch
[0.090s] -- Up-to-date: /home/einstein/Desktop/ros2_control_Slambot/install/slambot_bringup/share/slambot_bringup/launch/simulated_robot.launch.py
[0.090s] -- Up-to-date: /home/einstein/Desktop/ros2_control_Slambot/install/slambot_bringup/share/slambot_bringup/launch/real_robot.launch.py
[0.091s] -- Up-to-date: /home/einstein/Desktop/ros2_control_Slambot/install/slambot_bringup/share/ament_index/resource_index/package_run_dependencies/slambot_bringup
[0.091s] -- Up-to-date: /home/einstein/Desktop/ros2_control_Slambot/install/slambot_bringup/share/ament_index/resource_index/parent_prefix_path/slambot_bringup
[0.091s] -- Up-to-date: /home/einstein/Desktop/ros2_control_Slambot/install/slambot_bringup/share/slambot_bringup/environment/ament_prefix_path.sh
[0.091s] -- Up-to-date: /home/einstein/Desktop/ros2_control_Slambot/install/slambot_bringup/share/slambot_bringup/environment/ament_prefix_path.dsv
[0.091s] -- Up-to-date: /home/einstein/Desktop/ros2_control_Slambot/install/slambot_bringup/share/slambot_bringup/environment/path.sh
[0.091s] -- Up-to-date: /home/einstein/Desktop/ros2_control_Slambot/install/slambot_bringup/share/slambot_bringup/environment/path.dsv
[0.091s] -- Up-to-date: /home/einstein/Desktop/ros2_control_Slambot/install/slambot_bringup/share/slambot_bringup/local_setup.bash
[0.091s] -- Up-to-date: /home/einstein/Desktop/ros2_control_Slambot/install/slambot_bringup/share/slambot_bringup/local_setup.sh
[0.091s] -- Up-to-date: /home/einstein/Desktop/ros2_control_Slambot/install/slambot_bringup/share/slambot_bringup/local_setup.zsh
[0.091s] -- Up-to-date: /home/einstein/Desktop/ros2_control_Slambot/install/slambot_bringup/share/slambot_bringup/local_setup.dsv
[0.091s] -- Installing: /home/einstein/Desktop/ros2_control_Slambot/install/slambot_bringup/share/slambot_bringup/package.dsv
[0.091s] -- Up-to-date: /home/einstein/Desktop/ros2_control_Slambot/install/slambot_bringup/share/ament_index/resource_index/packages/slambot_bringup
[0.092s] -- Up-to-date: /home/einstein/Desktop/ros2_control_Slambot/install/slambot_bringup/share/slambot_bringup/cmake/slambot_bringupConfig.cmake
[0.092s] -- Up-to-date: /home/einstein/Desktop/ros2_control_Slambot/install/slambot_bringup/share/slambot_bringup/cmake/slambot_bringupConfig-version.cmake
[0.092s] -- Up-to-date: /home/einstein/Desktop/ros2_control_Slambot/install/slambot_bringup/share/slambot_bringup/package.xml
[0.107s] Invoked command in '/home/einstein/Desktop/ros2_control_Slambot/build/slambot_bringup' returned '0': CMAKE_PREFIX_PATH=${CMAKE_PREFIX_PATH}:/opt/ros/humble /usr/bin/cmake --install /home/einstein/Desktop/ros2_control_Slambot/build/slambot_bringup
