[0.029s] Invoking command in '/home/wagwan/slambot_ws/build/slambot_controller': CMAKE_PREFIX_PATH=${CMAKE_PREFIX_PATH}:/opt/ros/jazzy /usr/bin/cmake --build /home/wagwan/slambot_ws/build/slambot_controller -- -j4 -l4
[0.091s] -- Found ament_cmake: 2.5.2 (/opt/ros/jazzy/share/ament_cmake/cmake)
[0.512s] -- Found std_msgs: 5.3.5 (/opt/ros/jazzy/share/std_msgs/cmake)
[0.548s] -- Found rosidl_generator_c: 4.6.4 (/opt/ros/jazzy/share/rosidl_generator_c/cmake)
[0.564s] -- Found rosidl_generator_cpp: 4.6.4 (/opt/ros/jazzy/share/rosidl_generator_cpp/cmake)
[0.583s] -- Using all available rosidl_typesupport_c: rosidl_typesupport_fastrtps_c;rosidl_typesupport_introspection_c
[0.603s] -- Using all available rosidl_typesupport_cpp: rosidl_typesupport_fastrtps_cpp;rosidl_typesupport_introspection_cpp
[0.641s] -- Found geometry_msgs: 5.3.5 (/opt/ros/jazzy/share/geometry_msgs/cmake)
[0.661s] -- Found rclcpp: 28.1.5 (/opt/ros/jazzy/share/rclcpp/cmake)
[0.736s] -- Found rmw_implementation_cmake: 7.3.1 (/opt/ros/jazzy/share/rmw_implementation_cmake/cmake)
[0.739s] -- Found rmw_cyclonedds_cpp: 2.2.2 (/opt/ros/jazzy/share/rmw_cyclonedds_cpp/cmake)
[0.769s] -- Using RMW implementation 'rmw_cyclonedds_cpp' as default
[0.845s] [31mCMake Error at /opt/ros/jazzy/share/ament_cmake_target_dependencies/cmake/ament_target_dependencies.cmake:77 (message):
[0.845s]   ament_target_dependencies() the passed package name 'nav_msgs' was not
[0.845s]   found before
[0.845s] Call Stack (most recent call first):
[0.845s]   CMakeLists.txt:21 (ament_target_dependencies)
[0.846s] 
[0.846s] [0m
[0.846s] -- Configuring incomplete, errors occurred!
[0.858s] gmake: *** [Makefile:267: cmake_check_build_system] Error 1
[0.859s] Invoked command in '/home/wagwan/slambot_ws/build/slambot_controller' returned '2': CMAKE_PREFIX_PATH=${CMAKE_PREFIX_PATH}:/opt/ros/jazzy /usr/bin/cmake --build /home/wagwan/slambot_ws/build/slambot_controller -- -j4 -l4
