[0.029s] Invoking command in '/home/wagwan/slambot_ws/build/slambot_bringup': CMAKE_PREFIX_PATH=${CMAKE_PREFIX_PATH}:/opt/ros/jazzy /usr/bin/cmake --build /home/wagwan/slambot_ws/build/slambot_bringup -- -j4 -l4
[0.129s] Invoked command in '/home/wagwan/slambot_ws/build/slambot_bringup' returned '0': CMAKE_PREFIX_PATH=${CMAKE_PREFIX_PATH}:/opt/ros/jazzy /usr/bin/cmake --build /home/wagwan/slambot_ws/build/slambot_bringup -- -j4 -l4
[0.195s] Invoking command in '/home/wagwan/slambot_ws/build/slambot_bringup': CMAKE_PREFIX_PATH=${CMAKE_PREFIX_PATH}:/opt/ros/jazzy /usr/bin/cmake --install /home/wagwan/slambot_ws/build/slambot_bringup
[0.232s] -- Install configuration: ""
[0.232s] -- Up-to-date: /home/wagwan/slambot_ws/install/slambot_bringup/share/slambot_bringup/launch
[0.232s] -- Up-to-date: /home/wagwan/slambot_ws/install/slambot_bringup/share/slambot_bringup/launch/simulated_robot.launch.py
[0.233s] -- Up-to-date: /home/wagwan/slambot_ws/install/slambot_bringup/share/slambot_bringup/launch/real_robot.launch.py
[0.233s] -- Up-to-date: /home/wagwan/slambot_ws/install/slambot_bringup/share/ament_index/resource_index/package_run_dependencies/slambot_bringup
[0.233s] -- Up-to-date: /home/wagwan/slambot_ws/install/slambot_bringup/share/ament_index/resource_index/parent_prefix_path/slambot_bringup
[0.233s] -- Up-to-date: /home/wagwan/slambot_ws/install/slambot_bringup/share/slambot_bringup/environment/ament_prefix_path.sh
[0.233s] -- Up-to-date: /home/wagwan/slambot_ws/install/slambot_bringup/share/slambot_bringup/environment/ament_prefix_path.dsv
[0.233s] -- Up-to-date: /home/wagwan/slambot_ws/install/slambot_bringup/share/slambot_bringup/environment/path.sh
[0.233s] -- Up-to-date: /home/wagwan/slambot_ws/install/slambot_bringup/share/slambot_bringup/environment/path.dsv
[0.233s] -- Up-to-date: /home/wagwan/slambot_ws/install/slambot_bringup/share/slambot_bringup/local_setup.bash
[0.234s] -- Up-to-date: /home/wagwan/slambot_ws/install/slambot_bringup/share/slambot_bringup/local_setup.sh
[0.234s] -- Up-to-date: /home/wagwan/slambot_ws/install/slambot_bringup/share/slambot_bringup/local_setup.zsh
[0.234s] -- Up-to-date: /home/wagwan/slambot_ws/install/slambot_bringup/share/slambot_bringup/local_setup.dsv
[0.234s] -- Installing: /home/wagwan/slambot_ws/install/slambot_bringup/share/slambot_bringup/package.dsv
[0.234s] -- Up-to-date: /home/wagwan/slambot_ws/install/slambot_bringup/share/ament_index/resource_index/packages/slambot_bringup
[0.234s] -- Up-to-date: /home/wagwan/slambot_ws/install/slambot_bringup/share/slambot_bringup/cmake/slambot_bringupConfig.cmake
[0.234s] -- Up-to-date: /home/wagwan/slambot_ws/install/slambot_bringup/share/slambot_bringup/cmake/slambot_bringupConfig-version.cmake
[0.234s] -- Up-to-date: /home/wagwan/slambot_ws/install/slambot_bringup/share/slambot_bringup/package.xml
[0.257s] Invoked command in '/home/wagwan/slambot_ws/build/slambot_bringup' returned '0': CMAKE_PREFIX_PATH=${CMAKE_PREFIX_PATH}:/opt/ros/jazzy /usr/bin/cmake --install /home/wagwan/slambot_ws/build/slambot_bringup
