[0.034s] Invoking command in '/home/wagwan/slambot_ws/build/slambot_controller': CMAKE_PREFIX_PATH=${CMAKE_PREFIX_PATH}:/opt/ros/jazzy /usr/bin/cmake --build /home/wagwan/slambot_ws/build/slambot_controller -- -j4 -l4
[0.186s] [ 50%] Built target simple_controller
[0.192s] [100%] Built target odom_republisher
[0.249s] Invoked command in '/home/wagwan/slambot_ws/build/slambot_controller' returned '0': CMAKE_PREFIX_PATH=${CMAKE_PREFIX_PATH}:/opt/ros/jazzy /usr/bin/cmake --build /home/wagwan/slambot_ws/build/slambot_controller -- -j4 -l4
[0.315s] Invoking command in '/home/wagwan/slambot_ws/build/slambot_controller': CMAKE_PREFIX_PATH=${CMAKE_PREFIX_PATH}:/opt/ros/jazzy /usr/bin/cmake --install /home/wagwan/slambot_ws/build/slambot_controller
[0.332s] -- Install configuration: ""
[0.333s] -- Up-to-date: /home/wagwan/slambot_ws/install/slambot_controller/include/include
[0.334s] -- Up-to-date: /home/wagwan/slambot_ws/install/slambot_controller/include/include/slambot_controller
[0.334s] -- Up-to-date: /home/wagwan/slambot_ws/install/slambot_controller/include/include/slambot_controller/simple_controller.hpp
[0.334s] -- Up-to-date: /home/wagwan/slambot_ws/install/slambot_controller/lib/slambot_controller/simple_controller
[0.334s] -- Up-to-date: /home/wagwan/slambot_ws/install/slambot_controller/lib/slambot_controller/odom_republisher
[0.334s] -- Up-to-date: /home/wagwan/slambot_ws/install/slambot_controller/share/slambot_controller/config
[0.335s] -- Up-to-date: /home/wagwan/slambot_ws/install/slambot_controller/share/slambot_controller/config/joystick_teleop.yaml
[0.335s] -- Up-to-date: /home/wagwan/slambot_ws/install/slambot_controller/share/slambot_controller/config/joystick_config.yaml
[0.335s] -- Up-to-date: /home/wagwan/slambot_ws/install/slambot_controller/share/slambot_controller/config/pentaslam_controllers.yaml
[0.335s] -- Up-to-date: /home/wagwan/slambot_ws/install/slambot_controller/share/slambot_controller/config/slambot_controllers.yaml
[0.335s] -- Up-to-date: /home/wagwan/slambot_ws/install/slambot_controller/share/slambot_controller/launch
[0.335s] -- Up-to-date: /home/wagwan/slambot_ws/install/slambot_controller/share/slambot_controller/launch/controller.launch.py
[0.335s] -- Up-to-date: /home/wagwan/slambot_ws/install/slambot_controller/share/slambot_controller/launch/joystick_teleop.launch.py
[0.335s] -- Up-to-date: /home/wagwan/slambot_ws/install/slambot_controller/share/ament_index/resource_index/package_run_dependencies/slambot_controller
[0.336s] -- Up-to-date: /home/wagwan/slambot_ws/install/slambot_controller/share/ament_index/resource_index/parent_prefix_path/slambot_controller
[0.336s] -- Up-to-date: /home/wagwan/slambot_ws/install/slambot_controller/share/slambot_controller/environment/ament_prefix_path.sh
[0.336s] -- Up-to-date: /home/wagwan/slambot_ws/install/slambot_controller/share/slambot_controller/environment/ament_prefix_path.dsv
[0.336s] -- Up-to-date: /home/wagwan/slambot_ws/install/slambot_controller/share/slambot_controller/environment/path.sh
[0.336s] -- Up-to-date: /home/wagwan/slambot_ws/install/slambot_controller/share/slambot_controller/environment/path.dsv
[0.337s] -- Up-to-date: /home/wagwan/slambot_ws/install/slambot_controller/share/slambot_controller/local_setup.bash
[0.337s] -- Up-to-date: /home/wagwan/slambot_ws/install/slambot_controller/share/slambot_controller/local_setup.sh
[0.338s] -- Up-to-date: /home/wagwan/slambot_ws/install/slambot_controller/share/slambot_controller/local_setup.zsh
[0.338s] -- Up-to-date: /home/wagwan/slambot_ws/install/slambot_controller/share/slambot_controller/local_setup.dsv
[0.338s] -- Installing: /home/wagwan/slambot_ws/install/slambot_controller/share/slambot_controller/package.dsv
[0.338s] -- Up-to-date: /home/wagwan/slambot_ws/install/slambot_controller/share/ament_index/resource_index/packages/slambot_controller
[0.339s] -- Up-to-date: /home/wagwan/slambot_ws/install/slambot_controller/share/slambot_controller/cmake/slambot_controllerConfig.cmake
[0.339s] -- Up-to-date: /home/wagwan/slambot_ws/install/slambot_controller/share/slambot_controller/cmake/slambot_controllerConfig-version.cmake
[0.339s] -- Up-to-date: /home/wagwan/slambot_ws/install/slambot_controller/share/slambot_controller/package.xml
[0.348s] Invoked command in '/home/wagwan/slambot_ws/build/slambot_controller' returned '0': CMAKE_PREFIX_PATH=${CMAKE_PREFIX_PATH}:/opt/ros/jazzy /usr/bin/cmake --install /home/wagwan/slambot_ws/build/slambot_controller
