[0.015s] Invoking command in '/home/einstein/Desktop/ros2_control_Slambot/build/slambot_controller': CMAKE_PREFIX_PATH=/opt/ros/humble /usr/bin/cmake /home/einstein/Desktop/ros2_control_Slambot/src/slambot_controller -DCMAKE_INSTALL_PREFIX=/home/einstein/Desktop/ros2_control_Slambot/install/slambot_controller
[0.059s] -- The C compiler identification is GNU 11.4.0
[0.106s] -- The CXX compiler identification is GNU 11.4.0
[0.112s] -- Detecting C compiler ABI info
[0.168s] -- Detecting C compiler ABI info - done
[0.178s] -- Check for working C compiler: /usr/bin/cc - skipped
[0.178s] -- Detecting C compile features
[0.178s] -- Detecting C compile features - done
[0.182s] -- Detecting CXX compiler ABI info
[0.247s] -- Detecting CXX compiler ABI info - done
[0.253s] -- Check for working CXX compiler: /usr/bin/c++ - skipped
[0.253s] -- Detecting CXX compile features
[0.254s] -- Detecting CXX compile features - done
[0.256s] -- Found ament_cmake: 1.3.10 (/opt/ros/humble/share/ament_cmake/cmake)
[0.391s] -- Found Python3: /usr/bin/python3 (found version "3.10.12") found components: Interpreter 
[0.476s] -- Found std_msgs: 4.2.4 (/opt/ros/humble/share/std_msgs/cmake)
[0.514s] -- Found rosidl_generator_c: 3.1.5 (/opt/ros/humble/share/rosidl_generator_c/cmake)
[0.518s] -- Found rosidl_adapter: 3.1.5 (/opt/ros/humble/share/rosidl_adapter/cmake)
[0.525s] -- Found rosidl_generator_cpp: 3.1.5 (/opt/ros/humble/share/rosidl_generator_cpp/cmake)
[0.534s] -- Using all available rosidl_typesupport_c: rosidl_typesupport_fastrtps_c;rosidl_typesupport_introspection_c
[0.546s] -- Using all available rosidl_typesupport_cpp: rosidl_typesupport_fastrtps_cpp;rosidl_typesupport_introspection_cpp
[0.571s] -- Found geometry_msgs: 4.2.4 (/opt/ros/humble/share/geometry_msgs/cmake)
[0.594s] -- Found rclcpp: 16.0.10 (/opt/ros/humble/share/rclcpp/cmake)
[0.628s] -- Found rmw_implementation_cmake: 6.1.2 (/opt/ros/humble/share/rmw_implementation_cmake/cmake)
[0.629s] -- Found rmw_fastrtps_cpp: 6.2.7 (/opt/ros/humble/share/rmw_fastrtps_cpp/cmake)
[0.706s] -- Found OpenSSL: /usr/lib/x86_64-linux-gnu/libcrypto.so (found version "3.0.2")  
[0.734s] -- Found FastRTPS: /opt/ros/humble/include  
[0.766s] -- Using RMW implementation 'rmw_fastrtps_cpp' as default
[0.772s] -- Looking for pthread.h
[0.831s] -- Looking for pthread.h - found
[0.831s] -- Performing Test CMAKE_HAVE_LIBC_PTHREAD
[0.899s] -- Performing Test CMAKE_HAVE_LIBC_PTHREAD - Success
[0.900s] -- Found Threads: TRUE  
[0.937s] -- Found ament_lint_auto: 0.12.11 (/opt/ros/humble/share/ament_lint_auto/cmake)
[0.992s] -- Added test 'cppcheck' to perform static code analysis on C / C++ code
[0.993s] -- Configured cppcheck include dirs: /home/einstein/Desktop/ros2_control_Slambot/src/slambot_controller/include
[0.993s] -- Configured cppcheck exclude dirs and/or files: 
[0.993s] -- Added test 'flake8' to check Python code syntax and style conventions
[0.993s] -- Added test 'lint_cmake' to check CMake code style
[0.994s] -- Added test 'pep257' to check Python code against some of the docstring style conventions in PEP 257
[0.994s] -- Added test 'uncrustify' to check C / C++ code style
[0.994s] -- Configured uncrustify additional arguments: 
[0.995s] -- Added test 'xmllint' to check XML markup files
[0.995s] -- Configuring done
[1.001s] -- Generating done
[1.002s] -- Build files have been written to: /home/einstein/Desktop/ros2_control_Slambot/build/slambot_controller
[1.009s] Invoked command in '/home/einstein/Desktop/ros2_control_Slambot/build/slambot_controller' returned '0': CMAKE_PREFIX_PATH=/opt/ros/humble /usr/bin/cmake /home/einstein/Desktop/ros2_control_Slambot/src/slambot_controller -DCMAKE_INSTALL_PREFIX=/home/einstein/Desktop/ros2_control_Slambot/install/slambot_controller
[1.010s] Invoking command in '/home/einstein/Desktop/ros2_control_Slambot/build/slambot_controller': CMAKE_PREFIX_PATH=/opt/ros/humble /usr/bin/cmake --build /home/einstein/Desktop/ros2_control_Slambot/build/slambot_controller -- -j8 -l8
[1.044s] [ 50%] [32mBuilding CXX object CMakeFiles/simple_controller.dir/src/simple_controller.cpp.o[0m
[9.297s] [100%] [32m[1mLinking CXX executable simple_controller[0m
[9.627s] [100%] Built target simple_controller
[9.639s] Invoked command in '/home/einstein/Desktop/ros2_control_Slambot/build/slambot_controller' returned '0': CMAKE_PREFIX_PATH=/opt/ros/humble /usr/bin/cmake --build /home/einstein/Desktop/ros2_control_Slambot/build/slambot_controller -- -j8 -l8
[9.656s] Invoking command in '/home/einstein/Desktop/ros2_control_Slambot/build/slambot_controller': CMAKE_PREFIX_PATH=/opt/ros/humble /usr/bin/cmake --install /home/einstein/Desktop/ros2_control_Slambot/build/slambot_controller
[9.662s] -- Install configuration: ""
[9.662s] -- Installing: /home/einstein/Desktop/ros2_control_Slambot/install/slambot_controller/include/include
[9.662s] -- Installing: /home/einstein/Desktop/ros2_control_Slambot/install/slambot_controller/include/include/slambot_controller
[9.662s] -- Installing: /home/einstein/Desktop/ros2_control_Slambot/install/slambot_controller/include/include/slambot_controller/simple_controller.hpp
[9.662s] -- Installing: /home/einstein/Desktop/ros2_control_Slambot/install/slambot_controller/lib/slambot_controller/simple_controller
[9.664s] -- Set runtime path of "/home/einstein/Desktop/ros2_control_Slambot/install/slambot_controller/lib/slambot_controller/simple_controller" to ""
[9.664s] -- Installing: /home/einstein/Desktop/ros2_control_Slambot/install/slambot_controller/share/slambot_controller/config
[9.664s] -- Installing: /home/einstein/Desktop/ros2_control_Slambot/install/slambot_controller/share/slambot_controller/config/slambot_controllers.yaml
[9.664s] -- Installing: /home/einstein/Desktop/ros2_control_Slambot/install/slambot_controller/share/slambot_controller/config/joystick_config.yaml
[9.664s] -- Installing: /home/einstein/Desktop/ros2_control_Slambot/install/slambot_controller/share/slambot_controller/config/joystick_teleop.yaml
[9.664s] -- Installing: /home/einstein/Desktop/ros2_control_Slambot/install/slambot_controller/share/slambot_controller/config/pentaslam_controllers.yaml
[9.664s] -- Installing: /home/einstein/Desktop/ros2_control_Slambot/install/slambot_controller/share/slambot_controller/launch
[9.664s] -- Installing: /home/einstein/Desktop/ros2_control_Slambot/install/slambot_controller/share/slambot_controller/launch/joystick_teleop.launch.py
[9.664s] -- Installing: /home/einstein/Desktop/ros2_control_Slambot/install/slambot_controller/share/slambot_controller/launch/controller.launch.py
[9.664s] -- Installing: /home/einstein/Desktop/ros2_control_Slambot/install/slambot_controller/share/ament_index/resource_index/package_run_dependencies/slambot_controller
[9.664s] -- Installing: /home/einstein/Desktop/ros2_control_Slambot/install/slambot_controller/share/ament_index/resource_index/parent_prefix_path/slambot_controller
[9.664s] -- Installing: /home/einstein/Desktop/ros2_control_Slambot/install/slambot_controller/share/slambot_controller/environment/ament_prefix_path.sh
[9.664s] -- Installing: /home/einstein/Desktop/ros2_control_Slambot/install/slambot_controller/share/slambot_controller/environment/ament_prefix_path.dsv
[9.664s] -- Installing: /home/einstein/Desktop/ros2_control_Slambot/install/slambot_controller/share/slambot_controller/environment/path.sh
[9.665s] -- Installing: /home/einstein/Desktop/ros2_control_Slambot/install/slambot_controller/share/slambot_controller/environment/path.dsv
[9.665s] -- Installing: /home/einstein/Desktop/ros2_control_Slambot/install/slambot_controller/share/slambot_controller/local_setup.bash
[9.665s] -- Installing: /home/einstein/Desktop/ros2_control_Slambot/install/slambot_controller/share/slambot_controller/local_setup.sh
[9.665s] -- Installing: /home/einstein/Desktop/ros2_control_Slambot/install/slambot_controller/share/slambot_controller/local_setup.zsh
[9.665s] -- Installing: /home/einstein/Desktop/ros2_control_Slambot/install/slambot_controller/share/slambot_controller/local_setup.dsv
[9.665s] -- Installing: /home/einstein/Desktop/ros2_control_Slambot/install/slambot_controller/share/slambot_controller/package.dsv
[9.665s] -- Installing: /home/einstein/Desktop/ros2_control_Slambot/install/slambot_controller/share/ament_index/resource_index/packages/slambot_controller
[9.665s] -- Installing: /home/einstein/Desktop/ros2_control_Slambot/install/slambot_controller/share/slambot_controller/cmake/slambot_controllerConfig.cmake
[9.665s] -- Installing: /home/einstein/Desktop/ros2_control_Slambot/install/slambot_controller/share/slambot_controller/cmake/slambot_controllerConfig-version.cmake
[9.665s] -- Installing: /home/einstein/Desktop/ros2_control_Slambot/install/slambot_controller/share/slambot_controller/package.xml
[9.667s] Invoked command in '/home/einstein/Desktop/ros2_control_Slambot/build/slambot_controller' returned '0': CMAKE_PREFIX_PATH=/opt/ros/humble /usr/bin/cmake --install /home/einstein/Desktop/ros2_control_Slambot/build/slambot_controller
