-- The C compiler identification is GNU 13.2.0
-- The CXX compiler identification is GNU 13.2.0
-- Detecting C compiler ABI info
-- Detecting C compiler ABI info - done
-- Check for working C compiler: /usr/bin/cc - skipped
-- Detecting C compile features
-- Detecting C compile features - done
-- Detecting CXX compiler ABI info
-- Detecting CXX compiler ABI info - done
-- Check for working CXX compiler: /usr/bin/c++ - skipped
-- Detecting CXX compile features
-- Detecting CXX compile features - done
-- Found ament_cmake: 2.5.2 (/opt/ros/jazzy/share/ament_cmake/cmake)
-- Found Python3: /usr/bin/python3 (found version "3.12.3") found components: Interpreter 
-- Found ament_lint_auto: 0.17.1 (/opt/ros/jazzy/share/ament_lint_auto/cmake)
-- Added test 'cppcheck' to perform static code analysis on C / C++ code
-- Configured cppcheck include dirs: 
-- Configured cppcheck exclude dirs and/or files: 
-- Added test 'lint_cmake' to check CMake code style
-- Added test 'uncrustify' to check C / C++ code style
-- Configured uncrustify additional arguments: 
-- Added test 'xmllint' to check XML markup files
-- Configuring done (3.0s)
-- Generating done (0.0s)
-- Build files have been written to: /home/wagwan/slambot_ws/build/ros2_ctrl_pkg
-- Install configuration: ""
-- Installing: /home/wagwan/slambot_ws/install/ros2_ctrl_pkg/share/ament_index/resource_index/package_run_dependencies/ros2_ctrl_pkg
-- Installing: /home/wagwan/slambot_ws/install/ros2_ctrl_pkg/share/ament_index/resource_index/parent_prefix_path/ros2_ctrl_pkg
-- Installing: /home/wagwan/slambot_ws/install/ros2_ctrl_pkg/share/ros2_ctrl_pkg/environment/ament_prefix_path.sh
-- Installing: /home/wagwan/slambot_ws/install/ros2_ctrl_pkg/share/ros2_ctrl_pkg/environment/ament_prefix_path.dsv
-- Installing: /home/wagwan/slambot_ws/install/ros2_ctrl_pkg/share/ros2_ctrl_pkg/environment/path.sh
-- Installing: /home/wagwan/slambot_ws/install/ros2_ctrl_pkg/share/ros2_ctrl_pkg/environment/path.dsv
-- Installing: /home/wagwan/slambot_ws/install/ros2_ctrl_pkg/share/ros2_ctrl_pkg/local_setup.bash
-- Installing: /home/wagwan/slambot_ws/install/ros2_ctrl_pkg/share/ros2_ctrl_pkg/local_setup.sh
-- Installing: /home/wagwan/slambot_ws/install/ros2_ctrl_pkg/share/ros2_ctrl_pkg/local_setup.zsh
-- Installing: /home/wagwan/slambot_ws/install/ros2_ctrl_pkg/share/ros2_ctrl_pkg/local_setup.dsv
-- Installing: /home/wagwan/slambot_ws/install/ros2_ctrl_pkg/share/ros2_ctrl_pkg/package.dsv
-- Installing: /home/wagwan/slambot_ws/install/ros2_ctrl_pkg/share/ament_index/resource_index/packages/ros2_ctrl_pkg
-- Installing: /home/wagwan/slambot_ws/install/ros2_ctrl_pkg/share/ros2_ctrl_pkg/cmake/ros2_ctrl_pkgConfig.cmake
-- Installing: /home/wagwan/slambot_ws/install/ros2_ctrl_pkg/share/ros2_ctrl_pkg/cmake/ros2_ctrl_pkgConfig-version.cmake
-- Installing: /home/wagwan/slambot_ws/install/ros2_ctrl_pkg/share/ros2_ctrl_pkg/package.xml
