[0.017s] Invoking command in '/home/einstein/Desktop/ros2_control_Slambot/build/ros2_ctrl_pkg': CMAKE_PREFIX_PATH=/opt/ros/humble /usr/bin/cmake /home/einstein/Desktop/ros2_control_Slambot/src/ros2_ctrl_pkg -DCMAKE_INSTALL_PREFIX=/home/einstein/Desktop/ros2_control_Slambot/install/ros2_ctrl_pkg
[0.059s] -- The C compiler identification is GNU 11.4.0
[0.106s] -- The CXX compiler identification is GNU 11.4.0
[0.114s] -- Detecting C compiler ABI info
[0.172s] -- Detecting C compiler ABI info - done
[0.178s] -- Check for working C compiler: /usr/bin/cc - skipped
[0.178s] -- Detecting C compile features
[0.179s] -- Detecting C compile features - done
[0.181s] -- Detecting CXX compiler ABI info
[0.251s] -- Detecting CXX compiler ABI info - done
[0.258s] -- Check for working CXX compiler: /usr/bin/c++ - skipped
[0.258s] -- Detecting CXX compile features
[0.258s] -- Detecting CXX compile features - done
[0.260s] -- Found ament_cmake: 1.3.10 (/opt/ros/humble/share/ament_cmake/cmake)
[0.395s] -- Found Python3: /usr/bin/python3 (found version "3.10.12") found components: Interpreter 
[0.473s] -- Found ament_lint_auto: 0.12.11 (/opt/ros/humble/share/ament_lint_auto/cmake)
[0.549s] -- Added test 'cppcheck' to perform static code analysis on C / C++ code
[0.549s] -- Configured cppcheck include dirs: 
[0.549s] -- Configured cppcheck exclude dirs and/or files: 
[0.549s] -- Added test 'lint_cmake' to check CMake code style
[0.550s] -- Added test 'uncrustify' to check C / C++ code style
[0.550s] -- Configured uncrustify additional arguments: 
[0.551s] -- Added test 'xmllint' to check XML markup files
[0.552s] -- Configuring done
[0.555s] -- Generating done
[0.556s] -- Build files have been written to: /home/einstein/Desktop/ros2_control_Slambot/build/ros2_ctrl_pkg
[0.560s] Invoked command in '/home/einstein/Desktop/ros2_control_Slambot/build/ros2_ctrl_pkg' returned '0': CMAKE_PREFIX_PATH=/opt/ros/humble /usr/bin/cmake /home/einstein/Desktop/ros2_control_Slambot/src/ros2_ctrl_pkg -DCMAKE_INSTALL_PREFIX=/home/einstein/Desktop/ros2_control_Slambot/install/ros2_ctrl_pkg
[0.563s] Invoking command in '/home/einstein/Desktop/ros2_control_Slambot/build/ros2_ctrl_pkg': CMAKE_PREFIX_PATH=/opt/ros/humble /usr/bin/cmake --build /home/einstein/Desktop/ros2_control_Slambot/build/ros2_ctrl_pkg -- -j8 -l8
[0.592s] Invoked command in '/home/einstein/Desktop/ros2_control_Slambot/build/ros2_ctrl_pkg' returned '0': CMAKE_PREFIX_PATH=/opt/ros/humble /usr/bin/cmake --build /home/einstein/Desktop/ros2_control_Slambot/build/ros2_ctrl_pkg -- -j8 -l8
[0.619s] Invoking command in '/home/einstein/Desktop/ros2_control_Slambot/build/ros2_ctrl_pkg': CMAKE_PREFIX_PATH=/opt/ros/humble /usr/bin/cmake --install /home/einstein/Desktop/ros2_control_Slambot/build/ros2_ctrl_pkg
[0.625s] -- Install configuration: ""
[0.625s] -- Installing: /home/einstein/Desktop/ros2_control_Slambot/install/ros2_ctrl_pkg/share/ament_index/resource_index/package_run_dependencies/ros2_ctrl_pkg
[0.625s] -- Installing: /home/einstein/Desktop/ros2_control_Slambot/install/ros2_ctrl_pkg/share/ament_index/resource_index/parent_prefix_path/ros2_ctrl_pkg
[0.625s] -- Installing: /home/einstein/Desktop/ros2_control_Slambot/install/ros2_ctrl_pkg/share/ros2_ctrl_pkg/environment/ament_prefix_path.sh
[0.625s] -- Installing: /home/einstein/Desktop/ros2_control_Slambot/install/ros2_ctrl_pkg/share/ros2_ctrl_pkg/environment/ament_prefix_path.dsv
[0.625s] -- Installing: /home/einstein/Desktop/ros2_control_Slambot/install/ros2_ctrl_pkg/share/ros2_ctrl_pkg/environment/path.sh
[0.625s] -- Installing: /home/einstein/Desktop/ros2_control_Slambot/install/ros2_ctrl_pkg/share/ros2_ctrl_pkg/environment/path.dsv
[0.625s] -- Installing: /home/einstein/Desktop/ros2_control_Slambot/install/ros2_ctrl_pkg/share/ros2_ctrl_pkg/local_setup.bash
[0.625s] -- Installing: /home/einstein/Desktop/ros2_control_Slambot/install/ros2_ctrl_pkg/share/ros2_ctrl_pkg/local_setup.sh
[0.626s] -- Installing: /home/einstein/Desktop/ros2_control_Slambot/install/ros2_ctrl_pkg/share/ros2_ctrl_pkg/local_setup.zsh
[0.626s] -- Installing: /home/einstein/Desktop/ros2_control_Slambot/install/ros2_ctrl_pkg/share/ros2_ctrl_pkg/local_setup.dsv
[0.626s] -- Installing: /home/einstein/Desktop/ros2_control_Slambot/install/ros2_ctrl_pkg/share/ros2_ctrl_pkg/package.dsv
[0.626s] -- Installing: /home/einstein/Desktop/ros2_control_Slambot/install/ros2_ctrl_pkg/share/ament_index/resource_index/packages/ros2_ctrl_pkg
[0.626s] -- Installing: /home/einstein/Desktop/ros2_control_Slambot/install/ros2_ctrl_pkg/share/ros2_ctrl_pkg/cmake/ros2_ctrl_pkgConfig.cmake
[0.626s] -- Installing: /home/einstein/Desktop/ros2_control_Slambot/install/ros2_ctrl_pkg/share/ros2_ctrl_pkg/cmake/ros2_ctrl_pkgConfig-version.cmake
[0.626s] -- Installing: /home/einstein/Desktop/ros2_control_Slambot/install/ros2_ctrl_pkg/share/ros2_ctrl_pkg/package.xml
[0.628s] Invoked command in '/home/einstein/Desktop/ros2_control_Slambot/build/ros2_ctrl_pkg' returned '0': CMAKE_PREFIX_PATH=/opt/ros/humble /usr/bin/cmake --install /home/einstein/Desktop/ros2_control_Slambot/build/ros2_ctrl_pkg
