[0.036s] Invoking command in '/home/wagwan/slambot_ws/build/ros2_ctrl_pkg': CMAKE_PREFIX_PATH=${CMAKE_PREFIX_PATH}:/opt/ros/jazzy /usr/bin/cmake --build /home/wagwan/slambot_ws/build/ros2_ctrl_pkg -- -j4 -l4
[0.330s] Invoked command in '/home/wagwan/slambot_ws/build/ros2_ctrl_pkg' returned '0': CMAKE_PREFIX_PATH=${CMAKE_PREFIX_PATH}:/opt/ros/jazzy /usr/bin/cmake --build /home/wagwan/slambot_ws/build/ros2_ctrl_pkg -- -j4 -l4
[0.404s] Invoking command in '/home/wagwan/slambot_ws/build/ros2_ctrl_pkg': CMAKE_PREFIX_PATH=${CMAKE_PREFIX_PATH}:/opt/ros/jazzy /usr/bin/cmake --install /home/wagwan/slambot_ws/build/ros2_ctrl_pkg
[0.443s] -- Install configuration: ""
[0.443s] -- Up-to-date: /home/wagwan/slambot_ws/install/ros2_ctrl_pkg/share/ament_index/resource_index/package_run_dependencies/ros2_ctrl_pkg
[0.443s] -- Up-to-date: /home/wagwan/slambot_ws/install/ros2_ctrl_pkg/share/ament_index/resource_index/parent_prefix_path/ros2_ctrl_pkg
[0.443s] -- Up-to-date: /home/wagwan/slambot_ws/install/ros2_ctrl_pkg/share/ros2_ctrl_pkg/environment/ament_prefix_path.sh
[0.444s] -- Up-to-date: /home/wagwan/slambot_ws/install/ros2_ctrl_pkg/share/ros2_ctrl_pkg/environment/ament_prefix_path.dsv
[0.444s] -- Up-to-date: /home/wagwan/slambot_ws/install/ros2_ctrl_pkg/share/ros2_ctrl_pkg/environment/path.sh
[0.444s] -- Up-to-date: /home/wagwan/slambot_ws/install/ros2_ctrl_pkg/share/ros2_ctrl_pkg/environment/path.dsv
[0.444s] -- Up-to-date: /home/wagwan/slambot_ws/install/ros2_ctrl_pkg/share/ros2_ctrl_pkg/local_setup.bash
[0.444s] -- Up-to-date: /home/wagwan/slambot_ws/install/ros2_ctrl_pkg/share/ros2_ctrl_pkg/local_setup.sh
[0.444s] -- Up-to-date: /home/wagwan/slambot_ws/install/ros2_ctrl_pkg/share/ros2_ctrl_pkg/local_setup.zsh
[0.444s] -- Up-to-date: /home/wagwan/slambot_ws/install/ros2_ctrl_pkg/share/ros2_ctrl_pkg/local_setup.dsv
[0.444s] -- Installing: /home/wagwan/slambot_ws/install/ros2_ctrl_pkg/share/ros2_ctrl_pkg/package.dsv
[0.445s] -- Up-to-date: /home/wagwan/slambot_ws/install/ros2_ctrl_pkg/share/ament_index/resource_index/packages/ros2_ctrl_pkg
[0.445s] -- Up-to-date: /home/wagwan/slambot_ws/install/ros2_ctrl_pkg/share/ros2_ctrl_pkg/cmake/ros2_ctrl_pkgConfig.cmake
[0.445s] -- Up-to-date: /home/wagwan/slambot_ws/install/ros2_ctrl_pkg/share/ros2_ctrl_pkg/cmake/ros2_ctrl_pkgConfig-version.cmake
[0.445s] -- Up-to-date: /home/wagwan/slambot_ws/install/ros2_ctrl_pkg/share/ros2_ctrl_pkg/package.xml
[0.494s] Invoked command in '/home/wagwan/slambot_ws/build/ros2_ctrl_pkg' returned '0': CMAKE_PREFIX_PATH=${CMAKE_PREFIX_PATH}:/opt/ros/jazzy /usr/bin/cmake --install /home/wagwan/slambot_ws/build/ros2_ctrl_pkg
