[0.015s] Invoking command in '/home/einstein/Desktop/ros2_control_Slambot/build/slambot_bringup': CMAKE_PREFIX_PATH=/opt/ros/humble /usr/bin/cmake /home/einstein/Desktop/ros2_control_Slambot/src/slambot_bringup -DCMAKE_INSTALL_PREFIX=/home/einstein/Desktop/ros2_control_Slambot/install/slambot_bringup
[0.063s] -- The C compiler identification is GNU 11.4.0
[0.110s] -- The CXX compiler identification is GNU 11.4.0
[0.115s] -- Detecting C compiler ABI info
[0.182s] -- Detecting C compiler ABI info - done
[0.188s] -- Check for working C compiler: /usr/bin/cc - skipped
[0.188s] -- Detecting C compile features
[0.188s] -- Detecting C compile features - done
[0.190s] -- Detecting CXX compiler ABI info
[0.259s] -- Detecting CXX compiler ABI info - done
[0.264s] -- Check for working CXX compiler: /usr/bin/c++ - skipped
[0.264s] -- Detecting CXX compile features
[0.265s] -- Detecting CXX compile features - done
[0.267s] -- Found ament_cmake: 1.3.10 (/opt/ros/humble/share/ament_cmake/cmake)
[0.414s] -- Found Python3: /usr/bin/python3 (found version "3.10.12") found components: Interpreter 
[0.513s] -- Found ament_lint_auto: 0.12.11 (/opt/ros/humble/share/ament_lint_auto/cmake)
[0.581s] -- Added test 'flake8' to check Python code syntax and style conventions
[0.582s] -- Added test 'lint_cmake' to check CMake code style
[0.582s] -- Added test 'pep257' to check Python code against some of the docstring style conventions in PEP 257
[0.583s] -- Added test 'xmllint' to check XML markup files
[0.585s] -- Configuring done
[0.588s] -- Generating done
[0.589s] -- Build files have been written to: /home/einstein/Desktop/ros2_control_Slambot/build/slambot_bringup
[0.593s] Invoked command in '/home/einstein/Desktop/ros2_control_Slambot/build/slambot_bringup' returned '0': CMAKE_PREFIX_PATH=/opt/ros/humble /usr/bin/cmake /home/einstein/Desktop/ros2_control_Slambot/src/slambot_bringup -DCMAKE_INSTALL_PREFIX=/home/einstein/Desktop/ros2_control_Slambot/install/slambot_bringup
[0.595s] Invoking command in '/home/einstein/Desktop/ros2_control_Slambot/build/slambot_bringup': CMAKE_PREFIX_PATH=/opt/ros/humble /usr/bin/cmake --build /home/einstein/Desktop/ros2_control_Slambot/build/slambot_bringup -- -j8 -l8
[0.636s] Invoked command in '/home/einstein/Desktop/ros2_control_Slambot/build/slambot_bringup' returned '0': CMAKE_PREFIX_PATH=/opt/ros/humble /usr/bin/cmake --build /home/einstein/Desktop/ros2_control_Slambot/build/slambot_bringup -- -j8 -l8
[0.657s] Invoking command in '/home/einstein/Desktop/ros2_control_Slambot/build/slambot_bringup': CMAKE_PREFIX_PATH=/opt/ros/humble /usr/bin/cmake --install /home/einstein/Desktop/ros2_control_Slambot/build/slambot_bringup
[0.662s] -- Install configuration: ""
[0.662s] -- Installing: /home/einstein/Desktop/ros2_control_Slambot/install/slambot_bringup/share/slambot_bringup/launch
[0.662s] -- Installing: /home/einstein/Desktop/ros2_control_Slambot/install/slambot_bringup/share/slambot_bringup/launch/simulated_robot.launch.py
[0.662s] -- Installing: /home/einstein/Desktop/ros2_control_Slambot/install/slambot_bringup/share/slambot_bringup/launch/real_robot.launch.py
[0.663s] -- Installing: /home/einstein/Desktop/ros2_control_Slambot/install/slambot_bringup/share/ament_index/resource_index/package_run_dependencies/slambot_bringup
[0.663s] -- Installing: /home/einstein/Desktop/ros2_control_Slambot/install/slambot_bringup/share/ament_index/resource_index/parent_prefix_path/slambot_bringup
[0.663s] -- Installing: /home/einstein/Desktop/ros2_control_Slambot/install/slambot_bringup/share/slambot_bringup/environment/ament_prefix_path.sh
[0.663s] -- Installing: /home/einstein/Desktop/ros2_control_Slambot/install/slambot_bringup/share/slambot_bringup/environment/ament_prefix_path.dsv
[0.663s] -- Installing: /home/einstein/Desktop/ros2_control_Slambot/install/slambot_bringup/share/slambot_bringup/environment/path.sh
[0.663s] -- Installing: /home/einstein/Desktop/ros2_control_Slambot/install/slambot_bringup/share/slambot_bringup/environment/path.dsv
[0.663s] -- Installing: /home/einstein/Desktop/ros2_control_Slambot/install/slambot_bringup/share/slambot_bringup/local_setup.bash
[0.663s] -- Installing: /home/einstein/Desktop/ros2_control_Slambot/install/slambot_bringup/share/slambot_bringup/local_setup.sh
[0.663s] -- Installing: /home/einstein/Desktop/ros2_control_Slambot/install/slambot_bringup/share/slambot_bringup/local_setup.zsh
[0.663s] -- Installing: /home/einstein/Desktop/ros2_control_Slambot/install/slambot_bringup/share/slambot_bringup/local_setup.dsv
[0.663s] -- Installing: /home/einstein/Desktop/ros2_control_Slambot/install/slambot_bringup/share/slambot_bringup/package.dsv
[0.664s] -- Installing: /home/einstein/Desktop/ros2_control_Slambot/install/slambot_bringup/share/ament_index/resource_index/packages/slambot_bringup
[0.664s] -- Installing: /home/einstein/Desktop/ros2_control_Slambot/install/slambot_bringup/share/slambot_bringup/cmake/slambot_bringupConfig.cmake
[0.664s] -- Installing: /home/einstein/Desktop/ros2_control_Slambot/install/slambot_bringup/share/slambot_bringup/cmake/slambot_bringupConfig-version.cmake
[0.664s] -- Installing: /home/einstein/Desktop/ros2_control_Slambot/install/slambot_bringup/share/slambot_bringup/package.xml
[0.667s] Invoked command in '/home/einstein/Desktop/ros2_control_Slambot/build/slambot_bringup' returned '0': CMAKE_PREFIX_PATH=/opt/ros/humble /usr/bin/cmake --install /home/einstein/Desktop/ros2_control_Slambot/build/slambot_bringup
